[0.058s] Invoking command in '/home/yzh/桌面/project-ros/ros-study/chapt3/ws_topic/build/demo_cpp_topic': CMAKE_PREFIX_PATH=${CMAKE_PREFIX_PATH}:/opt/ros/humble /usr/bin/cmake --build /home/yzh/桌面/project-ros/ros-study/chapt3/ws_topic/build/demo_cpp_topic -- -j16 -l16
[0.179s] -- Found ament_cmake: 1.3.12 (/opt/ros/humble/share/ament_cmake/cmake)
[0.744s] -- Found rclcpp: 16.0.16 (/opt/ros/humble/share/rclcpp/cmake)
[0.869s] -- Found rosidl_generator_c: 3.1.7 (/opt/ros/humble/share/rosidl_generator_c/cmake)
[0.883s] -- Found rosidl_adapter: 3.1.7 (/opt/ros/humble/share/rosidl_adapter/cmake)
[0.910s] -- Found rosidl_generator_cpp: 3.1.7 (/opt/ros/humble/share/rosidl_generator_cpp/cmake)
[0.951s] -- Using all available rosidl_typesupport_c: rosidl_typesupport_fastrtps_c;rosidl_typesupport_introspection_c
[1.010s] -- Using all available rosidl_typesupport_cpp: rosidl_typesupport_fastrtps_cpp;rosidl_typesupport_introspection_cpp
[1.128s] -- Found rmw_implementation_cmake: 6.1.2 (/opt/ros/humble/share/rmw_implementation_cmake/cmake)
[1.132s] -- Found rmw_fastrtps_cpp: 6.2.9 (/opt/ros/humble/share/rmw_fastrtps_cpp/cmake)
[1.577s] -- Using RMW implementation 'rmw_fastrtps_cpp' as default
[1.787s] -- Found geometry_msgs: 4.9.0 (/opt/ros/humble/share/geometry_msgs/cmake)
[1.843s] -- Found turtlesim: 1.4.3 (/opt/ros/humble/share/turtlesim/cmake)
[1.997s] -- Found ament_lint_auto: 0.12.14 (/opt/ros/humble/share/ament_lint_auto/cmake)
[2.331s] -- Added test 'cppcheck' to perform static code analysis on C / C++ code
[2.331s] -- Configured cppcheck include dirs: 
[2.332s] -- Configured cppcheck exclude dirs and/or files: 
[2.334s] -- Added test 'lint_cmake' to check CMake code style
[2.338s] -- Added test 'uncrustify' to check C / C++ code style
[2.339s] -- Configured uncrustify additional arguments: 
[2.339s] -- Added test 'xmllint' to check XML markup files
[2.341s] -- Configuring done
[2.413s] -- Generating done
[2.446s] -- Build files have been written to: /home/yzh/桌面/project-ros/ros-study/chapt3/ws_topic/build/demo_cpp_topic
[2.590s] [35m[1mConsolidate compiler generated dependencies of target turtle_circle[0m
[2.591s] [35m[1mConsolidate compiler generated dependencies of target learn_timer[0m
[2.646s] [ 16%] [32mBuilding CXX object CMakeFiles/turtle_description.dir/src/turtle_description.cpp.o[0m
[2.675s] [ 50%] Built target turtle_circle
[2.676s] [ 83%] Built target learn_timer
[21.304s] [01m[K/home/yzh/桌面/project-ros/ros-study/chapt3/ws_topic/src/demo_cpp_topic/src/turtle_description.cpp:16:30:[m[K [01;31m[Kerror: [m[K‘[01m[Kturtlesim[m[K’ was not declared in this scope
[21.305s]    16 |         rclcpp::Subscription<[01;31m[Kturtlesim[m[K::msg::Pose>::SharedPtr Subscription_; //创建定时器，创建发布者的智能指针
[21.305s]       |                              [01;31m[K^~~~~~~~~[m[K
[21.305s] [01m[K/home/yzh/桌面/project-ros/ros-study/chapt3/ws_topic/src/demo_cpp_topic/src/turtle_description.cpp:16:50:[m[K [01;31m[Kerror: [m[Ktemplate argument 1 is invalid
[21.306s]    16 |         rclcpp::Subscription<turtlesim::msg::Pose[01;31m[K>[m[K::SharedPtr Subscription_; //创建定时器，创建发布者的智能指针
[21.306s]       |                                                  [01;31m[K^[m[K
[21.306s] [01m[K/home/yzh/桌面/project-ros/ros-study/chapt3/ws_topic/src/demo_cpp_topic/src/turtle_description.cpp:16:50:[m[K [01;31m[Kerror: [m[Ktemplate argument 3 is invalid
[21.306s] [01m[K/home/yzh/桌面/project-ros/ros-study/chapt3/ws_topic/src/demo_cpp_topic/src/turtle_description.cpp:16:50:[m[K [01;31m[Kerror: [m[Ktemplate argument 4 is invalid
[21.307s] [01m[K/home/yzh/桌面/project-ros/ros-study/chapt3/ws_topic/src/demo_cpp_topic/src/turtle_description.cpp:16:50:[m[K [01;31m[Kerror: [m[Ktemplate argument 5 is invalid
[21.307s] [01m[K/home/yzh/桌面/project-ros/ros-study/chapt3/ws_topic/src/demo_cpp_topic/src/turtle_description.cpp:16:53:[m[K [01;31m[Kerror: [m[Kexpected ‘[01m[K;[m[K’ at end of member declaration
[21.307s]    16 |         rclcpp::Subscription<turtlesim::msg::Pose>::[01;31m[KSharedPtr[m[K Subscription_; //创建定时器，创建发布者的智能指针
[21.307s]       |                                                     [01;31m[K^~~~~~~~~[m[K
[21.308s]       |                                                              [32m[K;[m[K
[21.311s] [01m[K/home/yzh/桌面/project-ros/ros-study/chapt3/ws_topic/src/demo_cpp_topic/src/turtle_description.cpp:16:63:[m[K [01;31m[Kerror: [m[K‘[01m[KSubscription_[m[K’ does not name a type; did you mean ‘[01m[Krmw_subscription_t[m[K’?
[21.311s]    16 |         rclcpp::Subscription<turtlesim::msg::Pose>::SharedPtr [01;31m[KSubscription_[m[K; //创建定时器，创建发布者的智能指针
[21.312s]       |                                                               [01;31m[K^~~~~~~~~~~~~[m[K
[21.312s]       |                                                               [32m[Krmw_subscription_t[m[K
[21.317s] [01m[K/home/yzh/桌面/project-ros/ros-study/chapt3/ws_topic/src/demo_cpp_topic/src/turtle_description.cpp:27:37:[m[K [01;31m[Kerror: [m[K‘[01m[Kturtlesim[m[K’ does not name a type
[21.318s]    27 |         void on_pose_received(const [01;31m[Kturtlesim[m[K::msg::Pose::SharedPtr pose)
[21.318s]       |                                     [01;31m[K^~~~~~~~~[m[K
[21.318s] [01m[K/home/yzh/桌面/project-ros/ros-study/chapt3/ws_topic/src/demo_cpp_topic/src/turtle_description.cpp:27:51:[m[K [01;31m[Kerror: [m[Kexpected unqualified-id before ‘[01m[K::[m[K’ token
[21.318s]    27 |         void on_pose_received(const turtlesim::msg[01;31m[K::[m[KPose::SharedPtr pose)
[21.319s]       |                                                   [01;31m[K^~[m[K
[21.319s] [01m[K/home/yzh/桌面/project-ros/ros-study/chapt3/ws_topic/src/demo_cpp_topic/src/turtle_description.cpp:27:51:[m[K [01;31m[Kerror: [m[Kexpected ‘[01m[K)[m[K’ before ‘[01m[K::[m[K’ token
[21.319s]    27 |         void on_pose_received[34m[K([m[Kconst turtlesim::msg[01;31m[K:[m[K[32m[K:[m[KPose::SharedPtr pose)
[21.319s]       |                              [34m[K~[m[K                    [01;31m[K^[m[K[32m[K~[m[K
[21.320s]       |                                                   [32m[K)[m[K
[21.320s] [01m[K/home/yzh/桌面/project-ros/ros-study/chapt3/ws_topic/src/demo_cpp_topic/src/turtle_description.cpp:27:48:[m[K [01;31m[Kerror: [m[Kexpected ‘[01m[K;[m[K’ at end of member declaration
[21.320s]    27 |         void on_pose_received(const turtlesim::[01;31m[Kmsg[m[K::Pose::SharedPtr pose)
[21.320s]       |                                                [01;31m[K^~~[m[K
[21.320s]       |                                                   [32m[K;[m[K
[21.324s] [01m[K/home/yzh/桌面/project-ros/ros-study/chapt3/ws_topic/src/demo_cpp_topic/src/turtle_description.cpp:27:53:[m[K [01;31m[Kerror: [m[K‘[01m[KPose[m[K’ in namespace ‘[01m[K::[m[K’ does not name a type
[21.325s]    27 |         void on_pose_received(const turtlesim::msg::[01;31m[KPose[m[K::SharedPtr pose)
[21.325s]       |                                                     [01;31m[K^~~~[m[K
[21.328s] [01m[K/home/yzh/桌面/project-ros/ros-study/chapt3/ws_topic/src/demo_cpp_topic/src/turtle_description.cpp:33:10:[m[K [01;35m[Kwarning: [m[Kextra ‘[01m[K;[m[K’ [[01;35m[K]8;;https://gcc.gnu.org/onlinedocs/gcc/Warning-Options.html#index-Wpedantic-Wpedantic]8;;[m[K]
[21.330s]    33 |         }[01;35m[K;[m[K
[21.330s]       |          [01;35m[K^[m[K
[21.330s]       |          [31m[K-[m[K
[21.373s] [01m[K/home/yzh/桌面/project-ros/ros-study/chapt3/ws_topic/src/demo_cpp_topic/src/turtle_description.cpp:[m[K In constructor ‘[01m[KTurtleCircleNode::TurtleCircleNode(const string&)[m[K’:
[21.373s] [01m[K/home/yzh/桌面/project-ros/ros-study/chapt3/ws_topic/src/demo_cpp_topic/src/turtle_description.cpp:22:13:[m[K [01;31m[Kerror: [m[K‘[01m[KSubscription_[m[K’ was not declared in this scope; did you mean ‘[01m[Krmw_subscription_t[m[K’?
[21.374s]    22 |             [01;31m[KSubscription_[m[K = this->create_subscription<geometry_msgs::msg::Pose>("/turtle1/Pose",10,std::bind(&
[21.374s]       |             [01;31m[K^~~~~~~~~~~~~[m[K
[21.374s]       |             [32m[Krmw_subscription_t[m[K
[24.368s] In file included from [01m[K/opt/ros/humble/include/rclcpp/rclcpp/client.hpp:39[m[K,
[24.369s]                  from [01m[K/opt/ros/humble/include/rclcpp/rclcpp/callback_group.hpp:24[m[K,
[24.370s]                  from [01m[K/opt/ros/humble/include/rclcpp/rclcpp/any_executable.hpp:20[m[K,
[24.370s]                  from [01m[K/opt/ros/humble/include/rclcpp/rclcpp/memory_strategy.hpp:25[m[K,
[24.371s]                  from [01m[K/opt/ros/humble/include/rclcpp/rclcpp/memory_strategies.hpp:18[m[K,
[24.371s]                  from [01m[K/opt/ros/humble/include/rclcpp/rclcpp/executor_options.hpp:20[m[K,
[24.371s]                  from [01m[K/opt/ros/humble/include/rclcpp/rclcpp/executor.hpp:37[m[K,
[24.371s]                  from [01m[K/opt/ros/humble/include/rclcpp/rclcpp/executors/multi_threaded_executor.hpp:25[m[K,
[24.372s]                  from [01m[K/opt/ros/humble/include/rclcpp/rclcpp/executors.hpp:21[m[K,
[24.372s]                  from [01m[K/opt/ros/humble/include/rclcpp/rclcpp/rclcpp.hpp:155[m[K,
[24.372s]                  from [01m[K/home/yzh/桌面/project-ros/ros-study/chapt3/ws_topic/src/demo_cpp_topic/src/turtle_description.cpp:2[m[K:
[24.373s] /opt/ros/humble/include/rclcpp/rclcpp/function_traits.hpp: In instantiation of ‘[01m[Kstruct rclcpp::function_traits::function_traits<std::_Bind<void (TurtleCircleNode::*(TurtleCircleNode*, std::_Placeholder<1>))(...)> >[m[K’:
[24.373s] [01m[K/opt/ros/humble/include/rclcpp/rclcpp/any_subscription_callback.hpp:380:10:[m[K   recursively required by substitution of ‘[01m[Ktemplate<class MessageT, class CallbackT> struct rclcpp::detail::SubscriptionCallbackTypeHelper<MessageT, CallbackT, typename std::enable_if<rclcpp::function_traits::same_arguments<CallbackT, std::function<void(std::shared_ptr<_Tp>, const rclcpp::MessageInfo&)> >::value, void>::type> [with MessageT = geometry_msgs::msg::Pose_<std::allocator<void> >; CallbackT = std::_Bind<void (TurtleCircleNode::*(TurtleCircleNode*, std::_Placeholder<1>))(...)>][m[K’
[24.373s] [01m[K/opt/ros/humble/include/rclcpp/rclcpp/any_subscription_callback.hpp:380:10:[m[K   required from ‘[01m[Krclcpp::AnySubscriptionCallback<MessageT, AllocatorT> rclcpp::AnySubscriptionCallback<MessageT, AllocatorT>::set(CallbackT) [with CallbackT = std::_Bind<void (TurtleCircleNode::*(TurtleCircleNode*, std::_Placeholder<1>))(...)>; MessageT = geometry_msgs::msg::Pose_<std::allocator<void> >; AllocatorT = std::allocator<void>][m[K’
[24.374s] [01m[K/opt/ros/humble/include/rclcpp/rclcpp/subscription_factory.hpp:94:32:[m[K   required from ‘[01m[Krclcpp::SubscriptionFactory rclcpp::create_subscription_factory(CallbackT&&, const rclcpp::SubscriptionOptionsWithAllocator<AllocatorT>&, typename MessageMemoryStrategyT::SharedPtr, std::shared_ptr<rclcpp::topic_statistics::SubscriptionTopicStatistics<ROSMessageType> >) [with MessageT = geometry_msgs::msg::Pose_<std::allocator<void> >; CallbackT = std::_Bind<void (TurtleCircleNode::*(TurtleCircleNode*, std::_Placeholder<1>))(...)>; AllocatorT = std::allocator<void>; SubscriptionT = rclcpp::Subscription<geometry_msgs::msg::Pose_<std::allocator<void> >, std::allocator<void>, geometry_msgs::msg::Pose_<std::allocator<void> >, geometry_msgs::msg::Pose_<std::allocator<void> >, rclcpp::message_memory_strategy::MessageMemoryStrategy<geometry_msgs::msg::Pose_<std::allocator<void> >, std::allocator<void> > >; MessageMemoryStrategyT = rclcpp::message_memory_strategy::MessageMemoryStrategy<geometry_msgs::msg::Pose_<std::allocator<void> >, std::allocator<void> >; ROSMessageType = geometry_msgs::msg::Pose_<std::allocator<void> >; typename MessageMemoryStrategyT::SharedPtr = std::shared_ptr<rclcpp::message_memory_strategy::MessageMemoryStrategy<geometry_msgs::msg::Pose_<std::allocator<void> >, std::allocator<void> > >][m[K’
[24.374s] [01m[K/opt/ros/humble/include/rclcpp/rclcpp/create_subscription.hpp:122:63:[m[K   required from ‘[01m[Kstd::shared_ptr<ROSMessageT> rclcpp::detail::create_subscription(NodeParametersT&, NodeTopicsT&, const string&, const rclcpp::QoS&, CallbackT&&, const rclcpp::SubscriptionOptionsWithAllocator<AllocatorT>&, typename MessageMemoryStrategyT::SharedPtr) [with MessageT = geometry_msgs::msg::Pose_<std::allocator<void> >; CallbackT = std::_Bind<void (TurtleCircleNode::*(TurtleCircleNode*, std::_Placeholder<1>))(...)>; AllocatorT = std::allocator<void>; SubscriptionT = rclcpp::Subscription<geometry_msgs::msg::Pose_<std::allocator<void> >, std::allocator<void>, geometry_msgs::msg::Pose_<std::allocator<void> >, geometry_msgs::msg::Pose_<std::allocator<void> >, rclcpp::message_memory_strategy::MessageMemoryStrategy<geometry_msgs::msg::Pose_<std::allocator<void> >, std::allocator<void> > >; MessageMemoryStrategyT = rclcpp::message_memory_strategy::MessageMemoryStrategy<geometry_msgs::msg::Pose_<std::allocator<void> >, std::allocator<void> >; NodeParametersT = rclcpp::Node; NodeTopicsT = rclcpp::Node; ROSMessageType = geometry_msgs::msg::Pose_<std::allocator<void> >; std::string = std::__cxx11::basic_string<char>; typename MessageMemoryStrategyT::SharedPtr = std::shared_ptr<rclcpp::message_memory_strategy::MessageMemoryStrategy<geometry_msgs::msg::Pose_<std::allocator<void> >, std::allocator<void> > >][m[K’
[24.374s] [01m[K/opt/ros/humble/include/rclcpp/rclcpp/create_subscription.hpp:191:76:[m[K   required from ‘[01m[Kstd::shared_ptr<ROSMessageT> rclcpp::create_subscription(NodeT&, const string&, const rclcpp::QoS&, CallbackT&&, const rclcpp::SubscriptionOptionsWithAllocator<AllocatorT>&, typename MessageMemoryStrategyT::SharedPtr) [with MessageT = geometry_msgs::msg::Pose_<std::allocator<void> >; CallbackT = std::_Bind<void (TurtleCircleNode::*(TurtleCircleNode*, std::_Placeholder<1>))(...)>; AllocatorT = std::allocator<void>; SubscriptionT = rclcpp::Subscription<geometry_msgs::msg::Pose_<std::allocator<void> >, std::allocator<void>, geometry_msgs::msg::Pose_<std::allocator<void> >, geometry_msgs::msg::Pose_<std::allocator<void> >, rclcpp::message_memory_strategy::MessageMemoryStrategy<geometry_msgs::msg::Pose_<std::allocator<void> >, std::allocator<void> > >; MessageMemoryStrategyT = rclcpp::message_memory_strategy::MessageMemoryStrategy<geometry_msgs::msg::Pose_<std::allocator<void> >, std::allocator<void> >; NodeT = rclcpp::Node; std::string = std::__cxx11::basic_string<char>; typename MessageMemoryStrategyT::SharedPtr = std::shared_ptr<rclcpp::message_memory_strategy::MessageMemoryStrategy<geometry_msgs::msg::Pose_<std::allocator<void> >, std::allocator<void> > >][m[K’
[24.375s] [01m[K/opt/ros/humble/include/rclcpp/rclcpp/node_impl.hpp:99:47:[m[K   required from ‘[01m[Kstd::shared_ptr<ROSMessageT> rclcpp::Node::create_subscription(const string&, const rclcpp::QoS&, CallbackT&&, const rclcpp::SubscriptionOptionsWithAllocator<AllocatorT>&, typename MessageMemoryStrategyT::SharedPtr) [with MessageT = geometry_msgs::msg::Pose_<std::allocator<void> >; CallbackT = std::_Bind<void (TurtleCircleNode::*(TurtleCircleNode*, std::_Placeholder<1>))(...)>; AllocatorT = std::allocator<void>; SubscriptionT = rclcpp::Subscription<geometry_msgs::msg::Pose_<std::allocator<void> >, std::allocator<void>, geometry_msgs::msg::Pose_<std::allocator<void> >, geometry_msgs::msg::Pose_<std::allocator<void> >, rclcpp::message_memory_strategy::MessageMemoryStrategy<geometry_msgs::msg::Pose_<std::allocator<void> >, std::allocator<void> > >; MessageMemoryStrategyT = rclcpp::message_memory_strategy::MessageMemoryStrategy<geometry_msgs::msg::Pose_<std::allocator<void> >, std::allocator<void> >; std::string = std::__cxx11::basic_string<char>; typename MessageMemoryStrategyT::SharedPtr = std::shared_ptr<rclcpp::message_memory_strategy::MessageMemoryStrategy<geometry_msgs::msg::Pose_<std::allocator<void> >, std::allocator<void> > >][m[K’
[24.376s] [01m[K/home/yzh/桌面/project-ros/ros-study/chapt3/ws_topic/src/demo_cpp_topic/src/turtle_description.cpp:22:80:[m[K   required from here
[24.376s] [01m[K/opt/ros/humble/include/rclcpp/rclcpp/function_traits.hpp:51:9:[m[K [01;31m[Kerror: [m[K‘[01m[Kdecltype[m[K’ cannot resolve address of overloaded function
[24.376s]    51 |   using [01;31m[Karguments[m[K = typename tuple_tail<
[24.376s]       |         [01;31m[K^~~~~~~~~[m[K
[24.377s] [01m[K/opt/ros/humble/include/rclcpp/rclcpp/function_traits.hpp:57:9:[m[K [01;31m[Kerror: [m[K‘[01m[Kdecltype[m[K’ cannot resolve address of overloaded function
[24.377s]    57 |   using [01;31m[Kargument_type[m[K = typename std::tuple_element<N, arguments>::type;
[24.377s]       |         [01;31m[K^~~~~~~~~~~~~[m[K
[24.377s] [01m[K/opt/ros/humble/include/rclcpp/rclcpp/function_traits.hpp:59:9:[m[K [01;31m[Kerror: [m[K‘[01m[Kdecltype[m[K’ cannot resolve address of overloaded function
[24.378s]    59 |   using [01;31m[Kreturn_type[m[K = typename function_traits<decltype( &FunctionT::operator())>::return_type;
[24.378s]       |         [01;31m[K^~~~~~~~~~~[m[K
[36.227s] gmake[2]: *** [CMakeFiles/turtle_description.dir/build.make:76：CMakeFiles/turtle_description.dir/src/turtle_description.cpp.o] 错误 1
[36.228s] gmake[1]: *** [CMakeFiles/Makefile2:193：CMakeFiles/turtle_description.dir/all] 错误 2
[36.229s] gmake: *** [Makefile:146：all] 错误 2
[36.239s] Invoked command in '/home/yzh/桌面/project-ros/ros-study/chapt3/ws_topic/build/demo_cpp_topic' returned '2': CMAKE_PREFIX_PATH=${CMAKE_PREFIX_PATH}:/opt/ros/humble /usr/bin/cmake --build /home/yzh/桌面/project-ros/ros-study/chapt3/ws_topic/build/demo_cpp_topic -- -j16 -l16
