[35m[1mConsolidate compiler generated dependencies of target learn_shared[0m
[ 25%] Built target learn_cpp
[ 50%] Built target helloworld
[ 75%] Built target person_node
[ 87%] [32mBuilding CXX object CMakeFiles/learn_shared.dir/src/learn_shared.cpp.o[0m
[100%] [32m[1mLinking CXX executable learn_shared[0m
[100%] Built target learn_shared
-- Install configuration: ""
-- Up-to-date: /home/yzh/桌面/project-ros/ros-study/chapt2/ws_ros/install/pkg01_helloworld_cpp/lib/pkg01_helloworld_cpp/helloworld
-- Up-to-date: /home/yzh/桌面/project-ros/ros-study/chapt2/ws_ros/install/pkg01_helloworld_cpp/lib/pkg01_helloworld_cpp/person_node
-- Up-to-date: /home/yzh/桌面/project-ros/ros-study/chapt2/ws_ros/install/pkg01_helloworld_cpp/lib/pkg01_helloworld_cpp/learn_cpp
-- Installing: /home/yzh/桌面/project-ros/ros-study/chapt2/ws_ros/install/pkg01_helloworld_cpp/lib/pkg01_helloworld_cpp/learn_shared
-- Up-to-date: /home/yzh/桌面/project-ros/ros-study/chapt2/ws_ros/install/pkg01_helloworld_cpp/share/ament_index/resource_index/package_run_dependencies/pkg01_helloworld_cpp
-- Up-to-date: /home/yzh/桌面/project-ros/ros-study/chapt2/ws_ros/install/pkg01_helloworld_cpp/share/ament_index/resource_index/parent_prefix_path/pkg01_helloworld_cpp
-- Up-to-date: /home/yzh/桌面/project-ros/ros-study/chapt2/ws_ros/install/pkg01_helloworld_cpp/share/pkg01_helloworld_cpp/environment/ament_prefix_path.sh
-- Up-to-date: /home/yzh/桌面/project-ros/ros-study/chapt2/ws_ros/install/pkg01_helloworld_cpp/share/pkg01_helloworld_cpp/environment/ament_prefix_path.dsv
-- Up-to-date: /home/yzh/桌面/project-ros/ros-study/chapt2/ws_ros/install/pkg01_helloworld_cpp/share/pkg01_helloworld_cpp/environment/path.sh
-- Up-to-date: /home/yzh/桌面/project-ros/ros-study/chapt2/ws_ros/install/pkg01_helloworld_cpp/share/pkg01_helloworld_cpp/environment/path.dsv
-- Up-to-date: /home/yzh/桌面/project-ros/ros-study/chapt2/ws_ros/install/pkg01_helloworld_cpp/share/pkg01_helloworld_cpp/local_setup.bash
-- Up-to-date: /home/yzh/桌面/project-ros/ros-study/chapt2/ws_ros/install/pkg01_helloworld_cpp/share/pkg01_helloworld_cpp/local_setup.sh
-- Up-to-date: /home/yzh/桌面/project-ros/ros-study/chapt2/ws_ros/install/pkg01_helloworld_cpp/share/pkg01_helloworld_cpp/local_setup.zsh
-- Up-to-date: /home/yzh/桌面/project-ros/ros-study/chapt2/ws_ros/install/pkg01_helloworld_cpp/share/pkg01_helloworld_cpp/local_setup.dsv
-- Up-to-date: /home/yzh/桌面/project-ros/ros-study/chapt2/ws_ros/install/pkg01_helloworld_cpp/share/pkg01_helloworld_cpp/package.dsv
-- Up-to-date: /home/yzh/桌面/project-ros/ros-study/chapt2/ws_ros/install/pkg01_helloworld_cpp/share/ament_index/resource_index/packages/pkg01_helloworld_cpp
-- Up-to-date: /home/yzh/桌面/project-ros/ros-study/chapt2/ws_ros/install/pkg01_helloworld_cpp/share/pkg01_helloworld_cpp/cmake/pkg01_helloworld_cppConfig.cmake
-- Up-to-date: /home/yzh/桌面/project-ros/ros-study/chapt2/ws_ros/install/pkg01_helloworld_cpp/share/pkg01_helloworld_cpp/cmake/pkg01_helloworld_cppConfig-version.cmake
-- Up-to-date: /home/yzh/桌面/project-ros/ros-study/chapt2/ws_ros/install/pkg01_helloworld_cpp/share/pkg01_helloworld_cpp/package.xml
