[0.066s] DEBUG:colcon:Command line arguments: ['/usr/bin/colcon', 'build']
[0.066s] DEBUG:colcon:Parsed command line arguments: Namespace(log_base=None, log_level=None, verb_name='build', build_base='build', install_base='install', merge_install=False, symlink_install=False, test_result_base=None, continue_on_error=False, executor='parallel', parallel_workers=16, event_handlers=None, ignore_user_meta=False, metas=['./colcon.meta'], base_paths=['.'], packages_ignore=None, packages_ignore_regex=None, paths=None, packages_up_to=None, packages_up_to_regex=None, packages_above=None, packages_above_and_dependencies=None, packages_above_depth=None, packages_select_by_dep=None, packages_skip_by_dep=None, packages_skip_up_to=None, packages_select_build_failed=False, packages_skip_build_finished=False, packages_select_test_failures=False, packages_skip_test_passed=False, packages_select=None, packages_skip=None, packages_select_regex=None, packages_skip_regex=None, packages_start=None, packages_end=None, allow_overriding=[], cmake_args=None, cmake_target=None, cmake_target_skip_unavailable=False, cmake_clean_cache=False, cmake_clean_first=False, cmake_force_configure=False, ament_cmake_args=None, catkin_cmake_args=None, catkin_skip_building_tests=False, verb_parser=<colcon_defaults.argument_parser.defaults.DefaultArgumentsDecorator object at 0x7e505932fdf0>, verb_extension=<colcon_core.verb.build.BuildVerb object at 0x7e505947d360>, main=<bound method BuildVerb.main of <colcon_core.verb.build.BuildVerb object at 0x7e505947d360>>)
[0.160s] Level 1:colcon.colcon_core.package_discovery:discover_packages(colcon_meta) check parameters
[0.161s] Level 1:colcon.colcon_core.package_discovery:discover_packages(recursive) check parameters
[0.161s] Level 1:colcon.colcon_core.package_discovery:discover_packages(ignore) check parameters
[0.161s] Level 1:colcon.colcon_core.package_discovery:discover_packages(path) check parameters
[0.161s] Level 1:colcon.colcon_core.package_discovery:discover_packages(colcon_meta) discover
[0.161s] Level 1:colcon.colcon_core.package_discovery:discover_packages(recursive) discover
[0.161s] INFO:colcon.colcon_core.package_discovery:Crawling recursively for packages in '/home/yzh/桌面/project-ros/ros-study/chapt2/ws_ros'
[0.161s] Level 1:colcon.colcon_core.package_identification:_identify(.) by extensions ['ignore', 'ignore_ament_install']
[0.161s] Level 1:colcon.colcon_core.package_identification:_identify(.) by extension 'ignore'
[0.161s] Level 1:colcon.colcon_core.package_identification:_identify(.) by extension 'ignore_ament_install'
[0.161s] Level 1:colcon.colcon_core.package_identification:_identify(.) by extensions ['colcon_pkg']
[0.161s] Level 1:colcon.colcon_core.package_identification:_identify(.) by extension 'colcon_pkg'
[0.161s] Level 1:colcon.colcon_core.package_identification:_identify(.) by extensions ['colcon_meta']
[0.161s] Level 1:colcon.colcon_core.package_identification:_identify(.) by extension 'colcon_meta'
[0.161s] Level 1:colcon.colcon_core.package_identification:_identify(.) by extensions ['ros']
[0.161s] Level 1:colcon.colcon_core.package_identification:_identify(.) by extension 'ros'
[0.168s] Level 1:colcon.colcon_core.package_identification:_identify(.) by extensions ['cmake', 'python']
[0.168s] Level 1:colcon.colcon_core.package_identification:_identify(.) by extension 'cmake'
[0.168s] Level 1:colcon.colcon_core.package_identification:_identify(.) by extension 'python'
[0.168s] Level 1:colcon.colcon_core.package_identification:_identify(.) by extensions ['python_setup_py']
[0.168s] Level 1:colcon.colcon_core.package_identification:_identify(.) by extension 'python_setup_py'
[0.168s] Level 1:colcon.colcon_core.package_identification:_identify(build) by extensions ['ignore', 'ignore_ament_install']
[0.168s] Level 1:colcon.colcon_core.package_identification:_identify(build) by extension 'ignore'
[0.168s] Level 1:colcon.colcon_core.package_identification:_identify(build) ignored
[0.168s] Level 1:colcon.colcon_core.package_identification:_identify(install) by extensions ['ignore', 'ignore_ament_install']
[0.168s] Level 1:colcon.colcon_core.package_identification:_identify(install) by extension 'ignore'
[0.168s] Level 1:colcon.colcon_core.package_identification:_identify(install) ignored
[0.168s] Level 1:colcon.colcon_core.package_identification:_identify(log) by extensions ['ignore', 'ignore_ament_install']
[0.168s] Level 1:colcon.colcon_core.package_identification:_identify(log) by extension 'ignore'
[0.168s] Level 1:colcon.colcon_core.package_identification:_identify(log) ignored
[0.168s] Level 1:colcon.colcon_core.package_identification:_identify(src) by extensions ['ignore', 'ignore_ament_install']
[0.168s] Level 1:colcon.colcon_core.package_identification:_identify(src) by extension 'ignore'
[0.169s] Level 1:colcon.colcon_core.package_identification:_identify(src) by extension 'ignore_ament_install'
[0.169s] Level 1:colcon.colcon_core.package_identification:_identify(src) by extensions ['colcon_pkg']
[0.169s] Level 1:colcon.colcon_core.package_identification:_identify(src) by extension 'colcon_pkg'
[0.169s] Level 1:colcon.colcon_core.package_identification:_identify(src) by extensions ['colcon_meta']
[0.169s] Level 1:colcon.colcon_core.package_identification:_identify(src) by extension 'colcon_meta'
[0.169s] Level 1:colcon.colcon_core.package_identification:_identify(src) by extensions ['ros']
[0.169s] Level 1:colcon.colcon_core.package_identification:_identify(src) by extension 'ros'
[0.169s] Level 1:colcon.colcon_core.package_identification:_identify(src) by extensions ['cmake', 'python']
[0.169s] Level 1:colcon.colcon_core.package_identification:_identify(src) by extension 'cmake'
[0.169s] Level 1:colcon.colcon_core.package_identification:_identify(src) by extension 'python'
[0.169s] Level 1:colcon.colcon_core.package_identification:_identify(src) by extensions ['python_setup_py']
[0.169s] Level 1:colcon.colcon_core.package_identification:_identify(src) by extension 'python_setup_py'
[0.169s] Level 1:colcon.colcon_core.package_identification:_identify(src/pkg01_helloworld_cpp) by extensions ['ignore', 'ignore_ament_install']
[0.169s] Level 1:colcon.colcon_core.package_identification:_identify(src/pkg01_helloworld_cpp) by extension 'ignore'
[0.169s] Level 1:colcon.colcon_core.package_identification:_identify(src/pkg01_helloworld_cpp) by extension 'ignore_ament_install'
[0.169s] Level 1:colcon.colcon_core.package_identification:_identify(src/pkg01_helloworld_cpp) by extensions ['colcon_pkg']
[0.169s] Level 1:colcon.colcon_core.package_identification:_identify(src/pkg01_helloworld_cpp) by extension 'colcon_pkg'
[0.169s] Level 1:colcon.colcon_core.package_identification:_identify(src/pkg01_helloworld_cpp) by extensions ['colcon_meta']
[0.169s] Level 1:colcon.colcon_core.package_identification:_identify(src/pkg01_helloworld_cpp) by extension 'colcon_meta'
[0.169s] Level 1:colcon.colcon_core.package_identification:_identify(src/pkg01_helloworld_cpp) by extensions ['ros']
[0.169s] Level 1:colcon.colcon_core.package_identification:_identify(src/pkg01_helloworld_cpp) by extension 'ros'
[0.171s] DEBUG:colcon.colcon_core.package_identification:Package 'src/pkg01_helloworld_cpp' with type 'ros.ament_cmake' and name 'pkg01_helloworld_cpp'
[0.171s] Level 1:colcon.colcon_core.package_discovery:discover_packages(recursive) using defaults
[0.171s] Level 1:colcon.colcon_core.package_discovery:discover_packages(ignore) discover
[0.171s] Level 1:colcon.colcon_core.package_discovery:discover_packages(ignore) using defaults
[0.171s] Level 1:colcon.colcon_core.package_discovery:discover_packages(path) discover
[0.171s] Level 1:colcon.colcon_core.package_discovery:discover_packages(path) using defaults
[0.183s] Level 1:colcon.colcon_core.package_discovery:discover_packages(prefix_path) check parameters
[0.183s] Level 1:colcon.colcon_core.package_discovery:discover_packages(prefix_path) discover
[0.184s] DEBUG:colcon.colcon_installed_package_information.package_discovery:Found 271 installed packages in /opt/ros/humble
[0.191s] Level 1:colcon.colcon_core.package_discovery:discover_packages(prefix_path) using defaults
[0.212s] Level 5:colcon.colcon_core.verb:set package 'pkg01_helloworld_cpp' build argument 'cmake_args' from command line to 'None'
[0.212s] Level 5:colcon.colcon_core.verb:set package 'pkg01_helloworld_cpp' build argument 'cmake_target' from command line to 'None'
[0.212s] Level 5:colcon.colcon_core.verb:set package 'pkg01_helloworld_cpp' build argument 'cmake_target_skip_unavailable' from command line to 'False'
[0.212s] Level 5:colcon.colcon_core.verb:set package 'pkg01_helloworld_cpp' build argument 'cmake_clean_cache' from command line to 'False'
[0.212s] Level 5:colcon.colcon_core.verb:set package 'pkg01_helloworld_cpp' build argument 'cmake_clean_first' from command line to 'False'
[0.212s] Level 5:colcon.colcon_core.verb:set package 'pkg01_helloworld_cpp' build argument 'cmake_force_configure' from command line to 'False'
[0.212s] Level 5:colcon.colcon_core.verb:set package 'pkg01_helloworld_cpp' build argument 'ament_cmake_args' from command line to 'None'
[0.212s] Level 5:colcon.colcon_core.verb:set package 'pkg01_helloworld_cpp' build argument 'catkin_cmake_args' from command line to 'None'
[0.212s] Level 5:colcon.colcon_core.verb:set package 'pkg01_helloworld_cpp' build argument 'catkin_skip_building_tests' from command line to 'False'
[0.212s] DEBUG:colcon.colcon_core.verb:Building package 'pkg01_helloworld_cpp' with the following arguments: {'ament_cmake_args': None, 'build_base': '/home/yzh/桌面/project-ros/ros-study/chapt2/ws_ros/build/pkg01_helloworld_cpp', 'catkin_cmake_args': None, 'catkin_skip_building_tests': False, 'cmake_args': None, 'cmake_clean_cache': False, 'cmake_clean_first': False, 'cmake_force_configure': False, 'cmake_target': None, 'cmake_target_skip_unavailable': False, 'install_base': '/home/yzh/桌面/project-ros/ros-study/chapt2/ws_ros/install/pkg01_helloworld_cpp', 'merge_install': False, 'path': '/home/yzh/桌面/project-ros/ros-study/chapt2/ws_ros/src/pkg01_helloworld_cpp', 'symlink_install': False, 'test_result_base': None}
[0.212s] INFO:colcon.colcon_core.executor:Executing jobs using 'parallel' executor
[0.213s] DEBUG:colcon.colcon_parallel_executor.executor.parallel:run_until_complete
[0.214s] INFO:colcon.colcon_ros.task.ament_cmake.build:Building ROS package in '/home/yzh/桌面/project-ros/ros-study/chapt2/ws_ros/src/pkg01_helloworld_cpp' with build type 'ament_cmake'
[0.214s] INFO:colcon.colcon_cmake.task.cmake.build:Building CMake package in '/home/yzh/桌面/project-ros/ros-study/chapt2/ws_ros/src/pkg01_helloworld_cpp'
[0.215s] INFO:colcon.colcon_core.plugin_system:Skipping extension 'colcon_core.shell.bat': Not used on non-Windows systems
[0.215s] INFO:colcon.colcon_core.shell:Skip shell extension 'powershell' for command environment: Not usable outside of PowerShell
[0.215s] DEBUG:colcon.colcon_core.shell:Skip shell extension 'dsv' for command environment
[0.221s] DEBUG:colcon.colcon_core.event_handler.log_command:Invoking command in '/home/yzh/桌面/project-ros/ros-study/chapt2/ws_ros/build/pkg01_helloworld_cpp': CMAKE_PREFIX_PATH=/opt/ros/humble /usr/bin/cmake --build /home/yzh/桌面/project-ros/ros-study/chapt2/ws_ros/build/pkg01_helloworld_cpp -- -j16 -l16
[3.881s] DEBUG:colcon.colcon_core.event_handler.log_command:Invoked command in '/home/yzh/桌面/project-ros/ros-study/chapt2/ws_ros/build/pkg01_helloworld_cpp' returned '0': CMAKE_PREFIX_PATH=/opt/ros/humble /usr/bin/cmake --build /home/yzh/桌面/project-ros/ros-study/chapt2/ws_ros/build/pkg01_helloworld_cpp -- -j16 -l16
[3.890s] DEBUG:colcon.colcon_core.event_handler.log_command:Invoking command in '/home/yzh/桌面/project-ros/ros-study/chapt2/ws_ros/build/pkg01_helloworld_cpp': CMAKE_PREFIX_PATH=/opt/ros/humble /usr/bin/cmake --install /home/yzh/桌面/project-ros/ros-study/chapt2/ws_ros/build/pkg01_helloworld_cpp
[3.900s] Level 1:colcon.colcon_core.environment:create_environment_scripts_only(pkg01_helloworld_cpp)
[3.900s] DEBUG:colcon.colcon_core.event_handler.log_command:Invoked command in '/home/yzh/桌面/project-ros/ros-study/chapt2/ws_ros/build/pkg01_helloworld_cpp' returned '0': CMAKE_PREFIX_PATH=/opt/ros/humble /usr/bin/cmake --install /home/yzh/桌面/project-ros/ros-study/chapt2/ws_ros/build/pkg01_helloworld_cpp
[3.902s] Level 1:colcon.colcon_core.environment:checking '/home/yzh/桌面/project-ros/ros-study/chapt2/ws_ros/install/pkg01_helloworld_cpp' for CMake module files
[3.902s] Level 1:colcon.colcon_core.environment:checking '/home/yzh/桌面/project-ros/ros-study/chapt2/ws_ros/install/pkg01_helloworld_cpp' for CMake config files
[3.902s] Level 1:colcon.colcon_core.shell:create_environment_hook('pkg01_helloworld_cpp', 'cmake_prefix_path')
[3.902s] INFO:colcon.colcon_core.shell:Creating environment hook '/home/yzh/桌面/project-ros/ros-study/chapt2/ws_ros/install/pkg01_helloworld_cpp/share/pkg01_helloworld_cpp/hook/cmake_prefix_path.ps1'
[3.903s] INFO:colcon.colcon_core.shell:Creating environment descriptor '/home/yzh/桌面/project-ros/ros-study/chapt2/ws_ros/install/pkg01_helloworld_cpp/share/pkg01_helloworld_cpp/hook/cmake_prefix_path.dsv'
[3.903s] INFO:colcon.colcon_core.shell:Creating environment hook '/home/yzh/桌面/project-ros/ros-study/chapt2/ws_ros/install/pkg01_helloworld_cpp/share/pkg01_helloworld_cpp/hook/cmake_prefix_path.sh'
[3.904s] Level 1:colcon.colcon_core.environment:checking '/home/yzh/桌面/project-ros/ros-study/chapt2/ws_ros/install/pkg01_helloworld_cpp/lib'
[3.904s] Level 1:colcon.colcon_core.environment:checking '/home/yzh/桌面/project-ros/ros-study/chapt2/ws_ros/install/pkg01_helloworld_cpp/bin'
[3.904s] Level 1:colcon.colcon_core.environment:checking '/home/yzh/桌面/project-ros/ros-study/chapt2/ws_ros/install/pkg01_helloworld_cpp/lib/pkgconfig/pkg01_helloworld_cpp.pc'
[3.904s] Level 1:colcon.colcon_core.environment:checking '/home/yzh/桌面/project-ros/ros-study/chapt2/ws_ros/install/pkg01_helloworld_cpp/lib/python3.10/site-packages'
[3.905s] Level 1:colcon.colcon_core.environment:checking '/home/yzh/桌面/project-ros/ros-study/chapt2/ws_ros/install/pkg01_helloworld_cpp/bin'
[3.905s] INFO:colcon.colcon_core.shell:Creating package script '/home/yzh/桌面/project-ros/ros-study/chapt2/ws_ros/install/pkg01_helloworld_cpp/share/pkg01_helloworld_cpp/package.ps1'
[3.905s] INFO:colcon.colcon_core.shell:Creating package descriptor '/home/yzh/桌面/project-ros/ros-study/chapt2/ws_ros/install/pkg01_helloworld_cpp/share/pkg01_helloworld_cpp/package.dsv'
[3.906s] INFO:colcon.colcon_core.shell:Creating package script '/home/yzh/桌面/project-ros/ros-study/chapt2/ws_ros/install/pkg01_helloworld_cpp/share/pkg01_helloworld_cpp/package.sh'
[3.906s] INFO:colcon.colcon_core.shell:Creating package script '/home/yzh/桌面/project-ros/ros-study/chapt2/ws_ros/install/pkg01_helloworld_cpp/share/pkg01_helloworld_cpp/package.bash'
[3.907s] INFO:colcon.colcon_core.shell:Creating package script '/home/yzh/桌面/project-ros/ros-study/chapt2/ws_ros/install/pkg01_helloworld_cpp/share/pkg01_helloworld_cpp/package.zsh'
[3.907s] Level 1:colcon.colcon_core.environment:create_file_with_runtime_dependencies(/home/yzh/桌面/project-ros/ros-study/chapt2/ws_ros/install/pkg01_helloworld_cpp/share/colcon-core/packages/pkg01_helloworld_cpp)
[3.908s] Level 1:colcon.colcon_core.environment:create_environment_scripts_only(pkg01_helloworld_cpp)
[3.908s] Level 1:colcon.colcon_core.environment:checking '/home/yzh/桌面/project-ros/ros-study/chapt2/ws_ros/install/pkg01_helloworld_cpp' for CMake module files
[3.908s] Level 1:colcon.colcon_core.environment:checking '/home/yzh/桌面/project-ros/ros-study/chapt2/ws_ros/install/pkg01_helloworld_cpp' for CMake config files
[3.908s] Level 1:colcon.colcon_core.shell:create_environment_hook('pkg01_helloworld_cpp', 'cmake_prefix_path')
[3.908s] INFO:colcon.colcon_core.shell:Creating environment hook '/home/yzh/桌面/project-ros/ros-study/chapt2/ws_ros/install/pkg01_helloworld_cpp/share/pkg01_helloworld_cpp/hook/cmake_prefix_path.ps1'
[3.909s] INFO:colcon.colcon_core.shell:Creating environment descriptor '/home/yzh/桌面/project-ros/ros-study/chapt2/ws_ros/install/pkg01_helloworld_cpp/share/pkg01_helloworld_cpp/hook/cmake_prefix_path.dsv'
[3.909s] INFO:colcon.colcon_core.shell:Creating environment hook '/home/yzh/桌面/project-ros/ros-study/chapt2/ws_ros/install/pkg01_helloworld_cpp/share/pkg01_helloworld_cpp/hook/cmake_prefix_path.sh'
[3.909s] Level 1:colcon.colcon_core.environment:checking '/home/yzh/桌面/project-ros/ros-study/chapt2/ws_ros/install/pkg01_helloworld_cpp/lib'
[3.910s] Level 1:colcon.colcon_core.environment:checking '/home/yzh/桌面/project-ros/ros-study/chapt2/ws_ros/install/pkg01_helloworld_cpp/bin'
[3.910s] Level 1:colcon.colcon_core.environment:checking '/home/yzh/桌面/project-ros/ros-study/chapt2/ws_ros/install/pkg01_helloworld_cpp/lib/pkgconfig/pkg01_helloworld_cpp.pc'
[3.910s] Level 1:colcon.colcon_core.environment:checking '/home/yzh/桌面/project-ros/ros-study/chapt2/ws_ros/install/pkg01_helloworld_cpp/lib/python3.10/site-packages'
[3.910s] Level 1:colcon.colcon_core.environment:checking '/home/yzh/桌面/project-ros/ros-study/chapt2/ws_ros/install/pkg01_helloworld_cpp/bin'
[3.910s] INFO:colcon.colcon_core.shell:Creating package script '/home/yzh/桌面/project-ros/ros-study/chapt2/ws_ros/install/pkg01_helloworld_cpp/share/pkg01_helloworld_cpp/package.ps1'
[3.911s] INFO:colcon.colcon_core.shell:Creating package descriptor '/home/yzh/桌面/project-ros/ros-study/chapt2/ws_ros/install/pkg01_helloworld_cpp/share/pkg01_helloworld_cpp/package.dsv'
[3.911s] INFO:colcon.colcon_core.shell:Creating package script '/home/yzh/桌面/project-ros/ros-study/chapt2/ws_ros/install/pkg01_helloworld_cpp/share/pkg01_helloworld_cpp/package.sh'
[3.911s] INFO:colcon.colcon_core.shell:Creating package script '/home/yzh/桌面/project-ros/ros-study/chapt2/ws_ros/install/pkg01_helloworld_cpp/share/pkg01_helloworld_cpp/package.bash'
[3.912s] INFO:colcon.colcon_core.shell:Creating package script '/home/yzh/桌面/project-ros/ros-study/chapt2/ws_ros/install/pkg01_helloworld_cpp/share/pkg01_helloworld_cpp/package.zsh'
[3.912s] Level 1:colcon.colcon_core.environment:create_file_with_runtime_dependencies(/home/yzh/桌面/project-ros/ros-study/chapt2/ws_ros/install/pkg01_helloworld_cpp/share/colcon-core/packages/pkg01_helloworld_cpp)
[3.912s] DEBUG:colcon.colcon_parallel_executor.executor.parallel:closing loop
[3.913s] DEBUG:colcon.colcon_parallel_executor.executor.parallel:loop closed
[3.913s] DEBUG:colcon.colcon_parallel_executor.executor.parallel:run_until_complete finished with '0'
[3.913s] DEBUG:colcon.colcon_core.event_reactor:joining thread
[3.916s] INFO:colcon.colcon_core.plugin_system:Skipping extension 'colcon_notification.desktop_notification.terminal_notifier': Not used on non-Darwin systems
[3.916s] INFO:colcon.colcon_core.plugin_system:Skipping extension 'colcon_notification.desktop_notification.win32': Not used on non-Windows systems
[3.916s] INFO:colcon.colcon_notification.desktop_notification:Sending desktop notification using 'notify2'
[3.926s] DEBUG:colcon.colcon_core.event_reactor:joined thread
[3.926s] INFO:colcon.colcon_core.shell:Creating prefix script '/home/yzh/桌面/project-ros/ros-study/chapt2/ws_ros/install/local_setup.ps1'
[3.927s] INFO:colcon.colcon_core.shell:Creating prefix util module '/home/yzh/桌面/project-ros/ros-study/chapt2/ws_ros/install/_local_setup_util_ps1.py'
[3.928s] INFO:colcon.colcon_core.shell:Creating prefix chain script '/home/yzh/桌面/project-ros/ros-study/chapt2/ws_ros/install/setup.ps1'
[3.928s] INFO:colcon.colcon_core.shell:Creating prefix script '/home/yzh/桌面/project-ros/ros-study/chapt2/ws_ros/install/local_setup.sh'
[3.929s] INFO:colcon.colcon_core.shell:Creating prefix util module '/home/yzh/桌面/project-ros/ros-study/chapt2/ws_ros/install/_local_setup_util_sh.py'
[3.929s] INFO:colcon.colcon_core.shell:Creating prefix chain script '/home/yzh/桌面/project-ros/ros-study/chapt2/ws_ros/install/setup.sh'
[3.930s] INFO:colcon.colcon_core.shell:Creating prefix script '/home/yzh/桌面/project-ros/ros-study/chapt2/ws_ros/install/local_setup.bash'
[3.930s] INFO:colcon.colcon_core.shell:Creating prefix chain script '/home/yzh/桌面/project-ros/ros-study/chapt2/ws_ros/install/setup.bash'
[3.931s] INFO:colcon.colcon_core.shell:Creating prefix script '/home/yzh/桌面/project-ros/ros-study/chapt2/ws_ros/install/local_setup.zsh'
[3.931s] INFO:colcon.colcon_core.shell:Creating prefix chain script '/home/yzh/桌面/project-ros/ros-study/chapt2/ws_ros/install/setup.zsh'
