[0.449s] DEBUG:colcon:Command line arguments: ['/usr/bin/colcon', 'build']
[0.449s] DEBUG:colcon:Parsed command line arguments: Namespace(log_base=None, log_level=None, verb_name='build', build_base='build', install_base='install', merge_install=False, symlink_install=False, test_result_base=None, continue_on_error=False, executor='parallel', parallel_workers=16, event_handlers=None, ignore_user_meta=False, metas=['./colcon.meta'], base_paths=['.'], packages_ignore=None, packages_ignore_regex=None, paths=None, packages_up_to=None, packages_up_to_regex=None, packages_above=None, packages_above_and_dependencies=None, packages_above_depth=None, packages_select_by_dep=None, packages_skip_by_dep=None, packages_skip_up_to=None, packages_select_build_failed=False, packages_skip_build_finished=False, packages_select_test_failures=False, packages_skip_test_passed=False, packages_select=None, packages_skip=None, packages_select_regex=None, packages_skip_regex=None, packages_start=None, packages_end=None, allow_overriding=[], cmake_args=None, cmake_target=None, cmake_target_skip_unavailable=False, cmake_clean_cache=False, cmake_clean_first=False, cmake_force_configure=False, ament_cmake_args=None, catkin_cmake_args=None, catkin_skip_building_tests=False, verb_parser=<colcon_defaults.argument_parser.defaults.DefaultArgumentsDecorator object at 0x7971971377c0>, verb_extension=<colcon_core.verb.build.BuildVerb object at 0x797197284d30>, main=<bound method BuildVerb.main of <colcon_core.verb.build.BuildVerb object at 0x797197284d30>>)
[1.138s] Level 1:colcon.colcon_core.package_discovery:discover_packages(colcon_meta) check parameters
[1.139s] Level 1:colcon.colcon_core.package_discovery:discover_packages(recursive) check parameters
[1.139s] Level 1:colcon.colcon_core.package_discovery:discover_packages(ignore) check parameters
[1.139s] Level 1:colcon.colcon_core.package_discovery:discover_packages(path) check parameters
[1.139s] Level 1:colcon.colcon_core.package_discovery:discover_packages(colcon_meta) discover
[1.139s] Level 1:colcon.colcon_core.package_discovery:discover_packages(recursive) discover
[1.139s] INFO:colcon.colcon_core.package_discovery:Crawling recursively for packages in '/home/yzh/桌面/project-ros/ros-study/chapt3/ws_topic'
[1.140s] Level 1:colcon.colcon_core.package_identification:_identify(.) by extensions ['ignore', 'ignore_ament_install']
[1.140s] Level 1:colcon.colcon_core.package_identification:_identify(.) by extension 'ignore'
[1.140s] Level 1:colcon.colcon_core.package_identification:_identify(.) by extension 'ignore_ament_install'
[1.141s] Level 1:colcon.colcon_core.package_identification:_identify(.) by extensions ['colcon_pkg']
[1.141s] Level 1:colcon.colcon_core.package_identification:_identify(.) by extension 'colcon_pkg'
[1.141s] Level 1:colcon.colcon_core.package_identification:_identify(.) by extensions ['colcon_meta']
[1.141s] Level 1:colcon.colcon_core.package_identification:_identify(.) by extension 'colcon_meta'
[1.142s] Level 1:colcon.colcon_core.package_identification:_identify(.) by extensions ['ros']
[1.142s] Level 1:colcon.colcon_core.package_identification:_identify(.) by extension 'ros'
[1.198s] Level 1:colcon.colcon_core.package_identification:_identify(.) by extensions ['cmake', 'python']
[1.198s] Level 1:colcon.colcon_core.package_identification:_identify(.) by extension 'cmake'
[1.199s] Level 1:colcon.colcon_core.package_identification:_identify(.) by extension 'python'
[1.200s] Level 1:colcon.colcon_core.package_identification:_identify(.) by extensions ['python_setup_py']
[1.200s] Level 1:colcon.colcon_core.package_identification:_identify(.) by extension 'python_setup_py'
[1.200s] Level 1:colcon.colcon_core.package_identification:_identify(build) by extensions ['ignore', 'ignore_ament_install']
[1.201s] Level 1:colcon.colcon_core.package_identification:_identify(build) by extension 'ignore'
[1.201s] Level 1:colcon.colcon_core.package_identification:_identify(build) ignored
[1.201s] Level 1:colcon.colcon_core.package_identification:_identify(install) by extensions ['ignore', 'ignore_ament_install']
[1.202s] Level 1:colcon.colcon_core.package_identification:_identify(install) by extension 'ignore'
[1.202s] Level 1:colcon.colcon_core.package_identification:_identify(install) ignored
[1.203s] Level 1:colcon.colcon_core.package_identification:_identify(log) by extensions ['ignore', 'ignore_ament_install']
[1.203s] Level 1:colcon.colcon_core.package_identification:_identify(log) by extension 'ignore'
[1.203s] Level 1:colcon.colcon_core.package_identification:_identify(log) ignored
[1.203s] Level 1:colcon.colcon_core.package_identification:_identify(src) by extensions ['ignore', 'ignore_ament_install']
[1.204s] Level 1:colcon.colcon_core.package_identification:_identify(src) by extension 'ignore'
[1.204s] Level 1:colcon.colcon_core.package_identification:_identify(src) by extension 'ignore_ament_install'
[1.205s] Level 1:colcon.colcon_core.package_identification:_identify(src) by extensions ['colcon_pkg']
[1.205s] Level 1:colcon.colcon_core.package_identification:_identify(src) by extension 'colcon_pkg'
[1.205s] Level 1:colcon.colcon_core.package_identification:_identify(src) by extensions ['colcon_meta']
[1.205s] Level 1:colcon.colcon_core.package_identification:_identify(src) by extension 'colcon_meta'
[1.205s] Level 1:colcon.colcon_core.package_identification:_identify(src) by extensions ['ros']
[1.205s] Level 1:colcon.colcon_core.package_identification:_identify(src) by extension 'ros'
[1.206s] Level 1:colcon.colcon_core.package_identification:_identify(src) by extensions ['cmake', 'python']
[1.206s] Level 1:colcon.colcon_core.package_identification:_identify(src) by extension 'cmake'
[1.206s] Level 1:colcon.colcon_core.package_identification:_identify(src) by extension 'python'
[1.206s] Level 1:colcon.colcon_core.package_identification:_identify(src) by extensions ['python_setup_py']
[1.206s] Level 1:colcon.colcon_core.package_identification:_identify(src) by extension 'python_setup_py'
[1.207s] Level 1:colcon.colcon_core.package_identification:_identify(src/demo_cpp_topic) by extensions ['ignore', 'ignore_ament_install']
[1.207s] Level 1:colcon.colcon_core.package_identification:_identify(src/demo_cpp_topic) by extension 'ignore'
[1.207s] Level 1:colcon.colcon_core.package_identification:_identify(src/demo_cpp_topic) by extension 'ignore_ament_install'
[1.207s] Level 1:colcon.colcon_core.package_identification:_identify(src/demo_cpp_topic) by extensions ['colcon_pkg']
[1.208s] Level 1:colcon.colcon_core.package_identification:_identify(src/demo_cpp_topic) by extension 'colcon_pkg'
[1.208s] Level 1:colcon.colcon_core.package_identification:_identify(src/demo_cpp_topic) by extensions ['colcon_meta']
[1.208s] Level 1:colcon.colcon_core.package_identification:_identify(src/demo_cpp_topic) by extension 'colcon_meta'
[1.208s] Level 1:colcon.colcon_core.package_identification:_identify(src/demo_cpp_topic) by extensions ['ros']
[1.208s] Level 1:colcon.colcon_core.package_identification:_identify(src/demo_cpp_topic) by extension 'ros'
[1.218s] DEBUG:colcon.colcon_core.package_identification:Package 'src/demo_cpp_topic' with type 'ros.ament_cmake' and name 'demo_cpp_topic'
[1.219s] Level 1:colcon.colcon_core.package_discovery:discover_packages(recursive) using defaults
[1.219s] Level 1:colcon.colcon_core.package_discovery:discover_packages(ignore) discover
[1.219s] Level 1:colcon.colcon_core.package_discovery:discover_packages(ignore) using defaults
[1.219s] Level 1:colcon.colcon_core.package_discovery:discover_packages(path) discover
[1.219s] Level 1:colcon.colcon_core.package_discovery:discover_packages(path) using defaults
[1.298s] Level 1:colcon.colcon_core.package_discovery:discover_packages(prefix_path) check parameters
[1.298s] Level 1:colcon.colcon_core.package_discovery:discover_packages(prefix_path) discover
[1.305s] DEBUG:colcon.colcon_installed_package_information.package_discovery:Found 1 installed packages in /home/yzh/桌面/project-ros/ros-study/chapt3/ws_topic/install
[1.310s] DEBUG:colcon.colcon_installed_package_information.package_discovery:Found 271 installed packages in /opt/ros/humble
[1.343s] Level 1:colcon.colcon_core.package_discovery:discover_packages(prefix_path) using defaults
[1.544s] Level 5:colcon.colcon_core.verb:set package 'demo_cpp_topic' build argument 'cmake_args' from command line to 'None'
[1.544s] Level 5:colcon.colcon_core.verb:set package 'demo_cpp_topic' build argument 'cmake_target' from command line to 'None'
[1.545s] Level 5:colcon.colcon_core.verb:set package 'demo_cpp_topic' build argument 'cmake_target_skip_unavailable' from command line to 'False'
[1.545s] Level 5:colcon.colcon_core.verb:set package 'demo_cpp_topic' build argument 'cmake_clean_cache' from command line to 'False'
[1.545s] Level 5:colcon.colcon_core.verb:set package 'demo_cpp_topic' build argument 'cmake_clean_first' from command line to 'False'
[1.545s] Level 5:colcon.colcon_core.verb:set package 'demo_cpp_topic' build argument 'cmake_force_configure' from command line to 'False'
[1.545s] Level 5:colcon.colcon_core.verb:set package 'demo_cpp_topic' build argument 'ament_cmake_args' from command line to 'None'
[1.545s] Level 5:colcon.colcon_core.verb:set package 'demo_cpp_topic' build argument 'catkin_cmake_args' from command line to 'None'
[1.545s] Level 5:colcon.colcon_core.verb:set package 'demo_cpp_topic' build argument 'catkin_skip_building_tests' from command line to 'False'
[1.545s] DEBUG:colcon.colcon_core.verb:Building package 'demo_cpp_topic' with the following arguments: {'ament_cmake_args': None, 'build_base': '/home/yzh/桌面/project-ros/ros-study/chapt3/ws_topic/build/demo_cpp_topic', 'catkin_cmake_args': None, 'catkin_skip_building_tests': False, 'cmake_args': None, 'cmake_clean_cache': False, 'cmake_clean_first': False, 'cmake_force_configure': False, 'cmake_target': None, 'cmake_target_skip_unavailable': False, 'install_base': '/home/yzh/桌面/project-ros/ros-study/chapt3/ws_topic/install/demo_cpp_topic', 'merge_install': False, 'path': '/home/yzh/桌面/project-ros/ros-study/chapt3/ws_topic/src/demo_cpp_topic', 'symlink_install': False, 'test_result_base': None}
[1.546s] INFO:colcon.colcon_core.executor:Executing jobs using 'parallel' executor
[1.551s] DEBUG:colcon.colcon_parallel_executor.executor.parallel:run_until_complete
[1.552s] INFO:colcon.colcon_ros.task.ament_cmake.build:Building ROS package in '/home/yzh/桌面/project-ros/ros-study/chapt3/ws_topic/src/demo_cpp_topic' with build type 'ament_cmake'
[1.554s] INFO:colcon.colcon_cmake.task.cmake.build:Building CMake package in '/home/yzh/桌面/project-ros/ros-study/chapt3/ws_topic/src/demo_cpp_topic'
[1.565s] INFO:colcon.colcon_core.plugin_system:Skipping extension 'colcon_core.shell.bat': Not used on non-Windows systems
[1.567s] INFO:colcon.colcon_core.shell:Skip shell extension 'powershell' for command environment: Not usable outside of PowerShell
[1.567s] DEBUG:colcon.colcon_core.shell:Skip shell extension 'dsv' for command environment
[1.620s] DEBUG:colcon.colcon_core.event_handler.log_command:Invoking command in '/home/yzh/桌面/project-ros/ros-study/chapt3/ws_topic/build/demo_cpp_topic': CMAKE_PREFIX_PATH=${CMAKE_PREFIX_PATH}:/opt/ros/humble /usr/bin/cmake --build /home/yzh/桌面/project-ros/ros-study/chapt3/ws_topic/build/demo_cpp_topic -- -j16 -l16
[55.144s] DEBUG:colcon.colcon_core.event_handler.log_command:Invoked command in '/home/yzh/桌面/project-ros/ros-study/chapt3/ws_topic/build/demo_cpp_topic' returned '0': CMAKE_PREFIX_PATH=${CMAKE_PREFIX_PATH}:/opt/ros/humble /usr/bin/cmake --build /home/yzh/桌面/project-ros/ros-study/chapt3/ws_topic/build/demo_cpp_topic -- -j16 -l16
[55.201s] DEBUG:colcon.colcon_core.event_handler.log_command:Invoking command in '/home/yzh/桌面/project-ros/ros-study/chapt3/ws_topic/build/demo_cpp_topic': CMAKE_PREFIX_PATH=${CMAKE_PREFIX_PATH}:/opt/ros/humble /usr/bin/cmake --install /home/yzh/桌面/project-ros/ros-study/chapt3/ws_topic/build/demo_cpp_topic
[55.277s] Level 1:colcon.colcon_core.environment:create_environment_scripts_only(demo_cpp_topic)
[55.283s] DEBUG:colcon.colcon_core.event_handler.log_command:Invoked command in '/home/yzh/桌面/project-ros/ros-study/chapt3/ws_topic/build/demo_cpp_topic' returned '0': CMAKE_PREFIX_PATH=${CMAKE_PREFIX_PATH}:/opt/ros/humble /usr/bin/cmake --install /home/yzh/桌面/project-ros/ros-study/chapt3/ws_topic/build/demo_cpp_topic
[55.292s] Level 1:colcon.colcon_core.environment:checking '/home/yzh/桌面/project-ros/ros-study/chapt3/ws_topic/install/demo_cpp_topic' for CMake module files
[55.294s] Level 1:colcon.colcon_core.environment:checking '/home/yzh/桌面/project-ros/ros-study/chapt3/ws_topic/install/demo_cpp_topic' for CMake config files
[55.296s] Level 1:colcon.colcon_core.shell:create_environment_hook('demo_cpp_topic', 'cmake_prefix_path')
[55.297s] INFO:colcon.colcon_core.shell:Creating environment hook '/home/yzh/桌面/project-ros/ros-study/chapt3/ws_topic/install/demo_cpp_topic/share/demo_cpp_topic/hook/cmake_prefix_path.ps1'
[55.301s] INFO:colcon.colcon_core.shell:Creating environment descriptor '/home/yzh/桌面/project-ros/ros-study/chapt3/ws_topic/install/demo_cpp_topic/share/demo_cpp_topic/hook/cmake_prefix_path.dsv'
[55.303s] INFO:colcon.colcon_core.shell:Creating environment hook '/home/yzh/桌面/project-ros/ros-study/chapt3/ws_topic/install/demo_cpp_topic/share/demo_cpp_topic/hook/cmake_prefix_path.sh'
[55.306s] Level 1:colcon.colcon_core.environment:checking '/home/yzh/桌面/project-ros/ros-study/chapt3/ws_topic/install/demo_cpp_topic/lib'
[55.307s] Level 1:colcon.colcon_core.environment:checking '/home/yzh/桌面/project-ros/ros-study/chapt3/ws_topic/install/demo_cpp_topic/bin'
[55.308s] Level 1:colcon.colcon_core.environment:checking '/home/yzh/桌面/project-ros/ros-study/chapt3/ws_topic/install/demo_cpp_topic/lib/pkgconfig/demo_cpp_topic.pc'
[55.309s] Level 1:colcon.colcon_core.environment:checking '/home/yzh/桌面/project-ros/ros-study/chapt3/ws_topic/install/demo_cpp_topic/lib/python3.10/site-packages'
[55.310s] Level 1:colcon.colcon_core.environment:checking '/home/yzh/桌面/project-ros/ros-study/chapt3/ws_topic/install/demo_cpp_topic/bin'
[55.312s] INFO:colcon.colcon_core.shell:Creating package script '/home/yzh/桌面/project-ros/ros-study/chapt3/ws_topic/install/demo_cpp_topic/share/demo_cpp_topic/package.ps1'
[55.315s] INFO:colcon.colcon_core.shell:Creating package descriptor '/home/yzh/桌面/project-ros/ros-study/chapt3/ws_topic/install/demo_cpp_topic/share/demo_cpp_topic/package.dsv'
[55.320s] INFO:colcon.colcon_core.shell:Creating package script '/home/yzh/桌面/project-ros/ros-study/chapt3/ws_topic/install/demo_cpp_topic/share/demo_cpp_topic/package.sh'
[55.323s] INFO:colcon.colcon_core.shell:Creating package script '/home/yzh/桌面/project-ros/ros-study/chapt3/ws_topic/install/demo_cpp_topic/share/demo_cpp_topic/package.bash'
[55.328s] INFO:colcon.colcon_core.shell:Creating package script '/home/yzh/桌面/project-ros/ros-study/chapt3/ws_topic/install/demo_cpp_topic/share/demo_cpp_topic/package.zsh'
[55.334s] Level 1:colcon.colcon_core.environment:create_file_with_runtime_dependencies(/home/yzh/桌面/project-ros/ros-study/chapt3/ws_topic/install/demo_cpp_topic/share/colcon-core/packages/demo_cpp_topic)
[55.337s] Level 1:colcon.colcon_core.environment:create_environment_scripts_only(demo_cpp_topic)
[55.339s] Level 1:colcon.colcon_core.environment:checking '/home/yzh/桌面/project-ros/ros-study/chapt3/ws_topic/install/demo_cpp_topic' for CMake module files
[55.341s] Level 1:colcon.colcon_core.environment:checking '/home/yzh/桌面/project-ros/ros-study/chapt3/ws_topic/install/demo_cpp_topic' for CMake config files
[55.343s] Level 1:colcon.colcon_core.shell:create_environment_hook('demo_cpp_topic', 'cmake_prefix_path')
[55.344s] INFO:colcon.colcon_core.shell:Creating environment hook '/home/yzh/桌面/project-ros/ros-study/chapt3/ws_topic/install/demo_cpp_topic/share/demo_cpp_topic/hook/cmake_prefix_path.ps1'
[55.346s] INFO:colcon.colcon_core.shell:Creating environment descriptor '/home/yzh/桌面/project-ros/ros-study/chapt3/ws_topic/install/demo_cpp_topic/share/demo_cpp_topic/hook/cmake_prefix_path.dsv'
[55.348s] INFO:colcon.colcon_core.shell:Creating environment hook '/home/yzh/桌面/project-ros/ros-study/chapt3/ws_topic/install/demo_cpp_topic/share/demo_cpp_topic/hook/cmake_prefix_path.sh'
[55.351s] Level 1:colcon.colcon_core.environment:checking '/home/yzh/桌面/project-ros/ros-study/chapt3/ws_topic/install/demo_cpp_topic/lib'
[55.351s] Level 1:colcon.colcon_core.environment:checking '/home/yzh/桌面/project-ros/ros-study/chapt3/ws_topic/install/demo_cpp_topic/bin'
[55.352s] Level 1:colcon.colcon_core.environment:checking '/home/yzh/桌面/project-ros/ros-study/chapt3/ws_topic/install/demo_cpp_topic/lib/pkgconfig/demo_cpp_topic.pc'
[55.353s] Level 1:colcon.colcon_core.environment:checking '/home/yzh/桌面/project-ros/ros-study/chapt3/ws_topic/install/demo_cpp_topic/lib/python3.10/site-packages'
[55.355s] Level 1:colcon.colcon_core.environment:checking '/home/yzh/桌面/project-ros/ros-study/chapt3/ws_topic/install/demo_cpp_topic/bin'
[55.357s] INFO:colcon.colcon_core.shell:Creating package script '/home/yzh/桌面/project-ros/ros-study/chapt3/ws_topic/install/demo_cpp_topic/share/demo_cpp_topic/package.ps1'
[55.360s] INFO:colcon.colcon_core.shell:Creating package descriptor '/home/yzh/桌面/project-ros/ros-study/chapt3/ws_topic/install/demo_cpp_topic/share/demo_cpp_topic/package.dsv'
[55.362s] INFO:colcon.colcon_core.shell:Creating package script '/home/yzh/桌面/project-ros/ros-study/chapt3/ws_topic/install/demo_cpp_topic/share/demo_cpp_topic/package.sh'
[55.365s] INFO:colcon.colcon_core.shell:Creating package script '/home/yzh/桌面/project-ros/ros-study/chapt3/ws_topic/install/demo_cpp_topic/share/demo_cpp_topic/package.bash'
[55.368s] INFO:colcon.colcon_core.shell:Creating package script '/home/yzh/桌面/project-ros/ros-study/chapt3/ws_topic/install/demo_cpp_topic/share/demo_cpp_topic/package.zsh'
[55.370s] Level 1:colcon.colcon_core.environment:create_file_with_runtime_dependencies(/home/yzh/桌面/project-ros/ros-study/chapt3/ws_topic/install/demo_cpp_topic/share/colcon-core/packages/demo_cpp_topic)
[55.372s] DEBUG:colcon.colcon_parallel_executor.executor.parallel:closing loop
[55.374s] DEBUG:colcon.colcon_parallel_executor.executor.parallel:loop closed
[55.375s] DEBUG:colcon.colcon_parallel_executor.executor.parallel:run_until_complete finished with '0'
[55.375s] DEBUG:colcon.colcon_core.event_reactor:joining thread
[55.399s] INFO:colcon.colcon_core.plugin_system:Skipping extension 'colcon_notification.desktop_notification.terminal_notifier': Not used on non-Darwin systems
[55.399s] INFO:colcon.colcon_core.plugin_system:Skipping extension 'colcon_notification.desktop_notification.win32': Not used on non-Windows systems
[55.399s] INFO:colcon.colcon_notification.desktop_notification:Sending desktop notification using 'notify2'
[55.463s] DEBUG:colcon.colcon_core.event_reactor:joined thread
[55.464s] INFO:colcon.colcon_core.shell:Creating prefix script '/home/yzh/桌面/project-ros/ros-study/chapt3/ws_topic/install/local_setup.ps1'
[55.468s] INFO:colcon.colcon_core.shell:Creating prefix util module '/home/yzh/桌面/project-ros/ros-study/chapt3/ws_topic/install/_local_setup_util_ps1.py'
[55.474s] INFO:colcon.colcon_core.shell:Creating prefix chain script '/home/yzh/桌面/project-ros/ros-study/chapt3/ws_topic/install/setup.ps1'
[55.480s] INFO:colcon.colcon_core.shell:Creating prefix script '/home/yzh/桌面/project-ros/ros-study/chapt3/ws_topic/install/local_setup.sh'
[55.483s] INFO:colcon.colcon_core.shell:Creating prefix util module '/home/yzh/桌面/project-ros/ros-study/chapt3/ws_topic/install/_local_setup_util_sh.py'
[55.486s] INFO:colcon.colcon_core.shell:Creating prefix chain script '/home/yzh/桌面/project-ros/ros-study/chapt3/ws_topic/install/setup.sh'
[55.491s] INFO:colcon.colcon_core.shell:Creating prefix script '/home/yzh/桌面/project-ros/ros-study/chapt3/ws_topic/install/local_setup.bash'
[55.494s] INFO:colcon.colcon_core.shell:Creating prefix chain script '/home/yzh/桌面/project-ros/ros-study/chapt3/ws_topic/install/setup.bash'
[55.499s] INFO:colcon.colcon_core.shell:Creating prefix script '/home/yzh/桌面/project-ros/ros-study/chapt3/ws_topic/install/local_setup.zsh'
[55.503s] INFO:colcon.colcon_core.shell:Creating prefix chain script '/home/yzh/桌面/project-ros/ros-study/chapt3/ws_topic/install/setup.zsh'
