[0.047s] Invoking command in '/home/yzh/chapt4/build/demo_cpp_service': CMAKE_PREFIX_PATH=/home/yzh/chapt4/install/chapt4_interfaces:/home/yzh/chapt4/install/demo_cpp_service:/opt/ros/humble /usr/bin/cmake --build /home/yzh/chapt4/build/demo_cpp_service -- -j16 -l16
[0.206s] [35m[1mConsolidate compiler generated dependencies of target turtle_control[0m
[0.257s] [ 50%] Built target patrol_client
[0.270s] [ 75%] [32mBuilding CXX object CMakeFiles/turtle_control.dir/src/TurtleController.cpp.o[0m
[40.408s] [100%] [32m[1mLinking CXX executable turtle_control[0m
[42.306s] [100%] Built target turtle_control
[42.366s] Invoked command in '/home/yzh/chapt4/build/demo_cpp_service' returned '0': CMAKE_PREFIX_PATH=/home/yzh/chapt4/install/chapt4_interfaces:/home/yzh/chapt4/install/demo_cpp_service:/opt/ros/humble /usr/bin/cmake --build /home/yzh/chapt4/build/demo_cpp_service -- -j16 -l16
[42.416s] Invoking command in '/home/yzh/chapt4/build/demo_cpp_service': CMAKE_PREFIX_PATH=/home/yzh/chapt4/install/chapt4_interfaces:/home/yzh/chapt4/install/demo_cpp_service:/opt/ros/humble /usr/bin/cmake --install /home/yzh/chapt4/build/demo_cpp_service
[42.465s] -- Install configuration: ""
[42.465s] -- Installing: /home/yzh/chapt4/install/demo_cpp_service/lib/demo_cpp_service/turtle_control
[42.482s] -- Set runtime path of "/home/yzh/chapt4/install/demo_cpp_service/lib/demo_cpp_service/turtle_control" to ""
[42.483s] -- Up-to-date: /home/yzh/chapt4/install/demo_cpp_service/lib/demo_cpp_service/patrol_client
[42.485s] -- Up-to-date: /home/yzh/chapt4/install/demo_cpp_service/share/ament_index/resource_index/package_run_dependencies/demo_cpp_service
[42.486s] -- Up-to-date: /home/yzh/chapt4/install/demo_cpp_service/share/ament_index/resource_index/parent_prefix_path/demo_cpp_service
[42.486s] -- Up-to-date: /home/yzh/chapt4/install/demo_cpp_service/share/demo_cpp_service/environment/ament_prefix_path.sh
[42.487s] -- Up-to-date: /home/yzh/chapt4/install/demo_cpp_service/share/demo_cpp_service/environment/ament_prefix_path.dsv
[42.487s] -- Up-to-date: /home/yzh/chapt4/install/demo_cpp_service/share/demo_cpp_service/environment/path.sh
[42.488s] -- Up-to-date: /home/yzh/chapt4/install/demo_cpp_service/share/demo_cpp_service/environment/path.dsv
[42.488s] -- Up-to-date: /home/yzh/chapt4/install/demo_cpp_service/share/demo_cpp_service/local_setup.bash
[42.489s] -- Up-to-date: /home/yzh/chapt4/install/demo_cpp_service/share/demo_cpp_service/local_setup.sh
[42.489s] -- Up-to-date: /home/yzh/chapt4/install/demo_cpp_service/share/demo_cpp_service/local_setup.zsh
[42.489s] -- Up-to-date: /home/yzh/chapt4/install/demo_cpp_service/share/demo_cpp_service/local_setup.dsv
[42.489s] -- Installing: /home/yzh/chapt4/install/demo_cpp_service/share/demo_cpp_service/package.dsv
[42.491s] -- Up-to-date: /home/yzh/chapt4/install/demo_cpp_service/share/ament_index/resource_index/packages/demo_cpp_service
[42.491s] -- Up-to-date: /home/yzh/chapt4/install/demo_cpp_service/share/demo_cpp_service/cmake/demo_cpp_serviceConfig.cmake
[42.491s] -- Up-to-date: /home/yzh/chapt4/install/demo_cpp_service/share/demo_cpp_service/cmake/demo_cpp_serviceConfig-version.cmake
[42.492s] -- Up-to-date: /home/yzh/chapt4/install/demo_cpp_service/share/demo_cpp_service/package.xml
[42.501s] Invoked command in '/home/yzh/chapt4/build/demo_cpp_service' returned '0': CMAKE_PREFIX_PATH=/home/yzh/chapt4/install/chapt4_interfaces:/home/yzh/chapt4/install/demo_cpp_service:/opt/ros/humble /usr/bin/cmake --install /home/yzh/chapt4/build/demo_cpp_service
