[0.009s] Invoking command in '/home/yzh/桌面/project-ros/ros-study/chapt2/ws_ros/build/pkg01_helloworld_cpp': CMAKE_PREFIX_PATH=${CMAKE_PREFIX_PATH}:/opt/ros/humble /usr/bin/cmake --build /home/yzh/桌面/project-ros/ros-study/chapt2/ws_ros/build/pkg01_helloworld_cpp -- -j16 -l16
[0.027s] -- Found ament_cmake: 1.3.12 (/opt/ros/humble/share/ament_cmake/cmake)
[0.104s] -- Found rclcpp: 16.0.16 (/opt/ros/humble/share/rclcpp/cmake)
[0.122s] -- Found rosidl_generator_c: 3.1.7 (/opt/ros/humble/share/rosidl_generator_c/cmake)
[0.123s] -- Found rosidl_adapter: 3.1.7 (/opt/ros/humble/share/rosidl_adapter/cmake)
[0.127s] -- Found rosidl_generator_cpp: 3.1.7 (/opt/ros/humble/share/rosidl_generator_cpp/cmake)
[0.133s] -- Using all available rosidl_typesupport_c: rosidl_typesupport_fastrtps_c;rosidl_typesupport_introspection_c
[0.140s] -- Using all available rosidl_typesupport_cpp: rosidl_typesupport_fastrtps_cpp;rosidl_typesupport_introspection_cpp
[0.158s] -- Found rmw_implementation_cmake: 6.1.2 (/opt/ros/humble/share/rmw_implementation_cmake/cmake)
[0.159s] -- Found rmw_fastrtps_cpp: 6.2.9 (/opt/ros/humble/share/rmw_fastrtps_cpp/cmake)
[0.217s] -- Using RMW implementation 'rmw_fastrtps_cpp' as default
[0.246s] -- Found ament_lint_auto: 0.12.14 (/opt/ros/humble/share/ament_lint_auto/cmake)
[0.287s] -- Added test 'cppcheck' to perform static code analysis on C / C++ code
[0.287s] -- Configured cppcheck include dirs: $<BUILD_INTERFACE:/home/yzh/桌面/project-ros/ros-study/chapt2/ws_ros/src/pkg01_helloworld_cpp/include>
[0.287s] -- Configured cppcheck exclude dirs and/or files: 
[0.288s] -- Added test 'lint_cmake' to check CMake code style
[0.290s] -- Added test 'uncrustify' to check C / C++ code style
[0.290s] -- Configured uncrustify additional arguments: 
[0.291s] -- Added test 'xmllint' to check XML markup files
[0.291s] -- Configuring done
[0.301s] -- Generating done
[0.304s] -- Build files have been written to: /home/yzh/桌面/project-ros/ros-study/chapt2/ws_ros/build/pkg01_helloworld_cpp
[0.326s] [35m[1mConsolidate compiler generated dependencies of target learn_cpp[0m
[0.326s] [35m[1mConsolidate compiler generated dependencies of target person_node[0m
[0.326s] [35m[1mConsolidate compiler generated dependencies of target helloworld[0m
[0.335s] [ 12%] [32mBuilding CXX object CMakeFiles/learn_shared.dir/src/learn_shared.cpp.o[0m
[0.335s] [ 37%] Built target learn_cpp
[0.339s] [ 75%] Built target person_node
[0.340s] [ 87%] Built target helloworld
[0.479s] [01m[K/home/yzh/桌面/project-ros/ros-study/chapt2/ws_ros/src/pkg01_helloworld_cpp/src/learn_shared.cpp:[m[K In function ‘[01m[Kint main(int, char**)[m[K’:
[0.479s] [01m[K/home/yzh/桌面/project-ros/ros-study/chapt2/ws_ros/src/pkg01_helloworld_cpp/src/learn_shared.cpp:3:14:[m[K [01;35m[Kwarning: [m[Kunused parameter ‘[01m[Kargc[m[K’ [[01;35m[K]8;;https://gcc.gnu.org/onlinedocs/gcc/Warning-Options.html#index-Wunused-parameter-Wunused-parameter]8;;[m[K]
[0.479s]     3 | int main([01;35m[Kint argc[m[K, char **argv)
[0.479s]       |          [01;35m[K~~~~^~~~[m[K
[0.479s] [01m[K/home/yzh/桌面/project-ros/ros-study/chapt2/ws_ros/src/pkg01_helloworld_cpp/src/learn_shared.cpp:3:27:[m[K [01;35m[Kwarning: [m[Kunused parameter ‘[01m[Kargv[m[K’ [[01;35m[K]8;;https://gcc.gnu.org/onlinedocs/gcc/Warning-Options.html#index-Wunused-parameter-Wunused-parameter]8;;[m[K]
[0.479s]     3 | int main(int argc, [01;35m[Kchar **argv[m[K)
[0.479s]       |                    [01;35m[K~~~~~~~^~~~[m[K
[0.541s] [100%] [32m[1mLinking CXX executable learn_shared[0m
[0.605s] [100%] Built target learn_shared
[0.615s] Invoked command in '/home/yzh/桌面/project-ros/ros-study/chapt2/ws_ros/build/pkg01_helloworld_cpp' returned '0': CMAKE_PREFIX_PATH=${CMAKE_PREFIX_PATH}:/opt/ros/humble /usr/bin/cmake --build /home/yzh/桌面/project-ros/ros-study/chapt2/ws_ros/build/pkg01_helloworld_cpp -- -j16 -l16
[0.627s] Invoking command in '/home/yzh/桌面/project-ros/ros-study/chapt2/ws_ros/build/pkg01_helloworld_cpp': CMAKE_PREFIX_PATH=${CMAKE_PREFIX_PATH}:/opt/ros/humble /usr/bin/cmake --install /home/yzh/桌面/project-ros/ros-study/chapt2/ws_ros/build/pkg01_helloworld_cpp
[0.633s] -- Install configuration: ""
[0.633s] -- Up-to-date: /home/yzh/桌面/project-ros/ros-study/chapt2/ws_ros/install/pkg01_helloworld_cpp/lib/pkg01_helloworld_cpp/helloworld
[0.633s] -- Up-to-date: /home/yzh/桌面/project-ros/ros-study/chapt2/ws_ros/install/pkg01_helloworld_cpp/lib/pkg01_helloworld_cpp/person_node
[0.634s] -- Up-to-date: /home/yzh/桌面/project-ros/ros-study/chapt2/ws_ros/install/pkg01_helloworld_cpp/lib/pkg01_helloworld_cpp/learn_cpp
[0.634s] -- Installing: /home/yzh/桌面/project-ros/ros-study/chapt2/ws_ros/install/pkg01_helloworld_cpp/lib/pkg01_helloworld_cpp/learn_shared
[0.635s] -- Up-to-date: /home/yzh/桌面/project-ros/ros-study/chapt2/ws_ros/install/pkg01_helloworld_cpp/share/ament_index/resource_index/package_run_dependencies/pkg01_helloworld_cpp
[0.635s] -- Installing: /home/yzh/桌面/project-ros/ros-study/chapt2/ws_ros/install/pkg01_helloworld_cpp/share/ament_index/resource_index/parent_prefix_path/pkg01_helloworld_cpp
[0.635s] -- Up-to-date: /home/yzh/桌面/project-ros/ros-study/chapt2/ws_ros/install/pkg01_helloworld_cpp/share/pkg01_helloworld_cpp/environment/ament_prefix_path.sh
[0.635s] -- Installing: /home/yzh/桌面/project-ros/ros-study/chapt2/ws_ros/install/pkg01_helloworld_cpp/share/pkg01_helloworld_cpp/environment/ament_prefix_path.dsv
[0.635s] -- Up-to-date: /home/yzh/桌面/project-ros/ros-study/chapt2/ws_ros/install/pkg01_helloworld_cpp/share/pkg01_helloworld_cpp/environment/path.sh
[0.635s] -- Installing: /home/yzh/桌面/project-ros/ros-study/chapt2/ws_ros/install/pkg01_helloworld_cpp/share/pkg01_helloworld_cpp/environment/path.dsv
[0.635s] -- Up-to-date: /home/yzh/桌面/project-ros/ros-study/chapt2/ws_ros/install/pkg01_helloworld_cpp/share/pkg01_helloworld_cpp/local_setup.bash
[0.635s] -- Up-to-date: /home/yzh/桌面/project-ros/ros-study/chapt2/ws_ros/install/pkg01_helloworld_cpp/share/pkg01_helloworld_cpp/local_setup.sh
[0.635s] -- Up-to-date: /home/yzh/桌面/project-ros/ros-study/chapt2/ws_ros/install/pkg01_helloworld_cpp/share/pkg01_helloworld_cpp/local_setup.zsh
[0.635s] -- Installing: /home/yzh/桌面/project-ros/ros-study/chapt2/ws_ros/install/pkg01_helloworld_cpp/share/pkg01_helloworld_cpp/local_setup.dsv
[0.635s] -- Installing: /home/yzh/桌面/project-ros/ros-study/chapt2/ws_ros/install/pkg01_helloworld_cpp/share/pkg01_helloworld_cpp/package.dsv
[0.636s] -- Up-to-date: /home/yzh/桌面/project-ros/ros-study/chapt2/ws_ros/install/pkg01_helloworld_cpp/share/ament_index/resource_index/packages/pkg01_helloworld_cpp
[0.636s] -- Up-to-date: /home/yzh/桌面/project-ros/ros-study/chapt2/ws_ros/install/pkg01_helloworld_cpp/share/pkg01_helloworld_cpp/cmake/pkg01_helloworld_cppConfig.cmake
[0.636s] -- Up-to-date: /home/yzh/桌面/project-ros/ros-study/chapt2/ws_ros/install/pkg01_helloworld_cpp/share/pkg01_helloworld_cpp/cmake/pkg01_helloworld_cppConfig-version.cmake
[0.636s] -- Up-to-date: /home/yzh/桌面/project-ros/ros-study/chapt2/ws_ros/install/pkg01_helloworld_cpp/share/pkg01_helloworld_cpp/package.xml
[0.637s] Invoked command in '/home/yzh/桌面/project-ros/ros-study/chapt2/ws_ros/build/pkg01_helloworld_cpp' returned '0': CMAKE_PREFIX_PATH=${CMAKE_PREFIX_PATH}:/opt/ros/humble /usr/bin/cmake --install /home/yzh/桌面/project-ros/ros-study/chapt2/ws_ros/build/pkg01_helloworld_cpp
