running egg_info
writing ../../build/pkg02_helloworld_py/pkg02_helloworld_py.egg-info/PKG-INFO
writing dependency_links to ../../build/pkg02_helloworld_py/pkg02_helloworld_py.egg-info/dependency_links.txt
writing entry points to ../../build/pkg02_helloworld_py/pkg02_helloworld_py.egg-info/entry_points.txt
writing requirements to ../../build/pkg02_helloworld_py/pkg02_helloworld_py.egg-info/requires.txt
writing top-level names to ../../build/pkg02_helloworld_py/pkg02_helloworld_py.egg-info/top_level.txt
reading manifest file '../../build/pkg02_helloworld_py/pkg02_helloworld_py.egg-info/SOURCES.txt'
adding license file 'LICENSE'
writing manifest file '../../build/pkg02_helloworld_py/pkg02_helloworld_py.egg-info/SOURCES.txt'
running build
running build_py
running install
running install_lib
running install_data
running install_egg_info
removing '/home/yzh/桌面/project-ros/ros-study/chapt2/ws_ros/install/pkg02_helloworld_py/lib/python3.10/site-packages/pkg02_helloworld_py-0.0.0-py3.10.egg-info' (and everything under it)
Copying ../../build/pkg02_helloworld_py/pkg02_helloworld_py.egg-info to /home/yzh/桌面/project-ros/ros-study/chapt2/ws_ros/install/pkg02_helloworld_py/lib/python3.10/site-packages/pkg02_helloworld_py-0.0.0-py3.10.egg-info
running install_scripts
Installing python_node script to /home/yzh/桌面/project-ros/ros-study/chapt2/ws_ros/install/pkg02_helloworld_py/lib/pkg02_helloworld_py
writing list of installed files to '/home/yzh/桌面/project-ros/ros-study/chapt2/ws_ros/build/pkg02_helloworld_py/install.log'
