[0.067s] Invoking command in '/home/yzh/桌面/project-ros/ros-study/chapt6/build/fishbot_description': CMAKE_PREFIX_PATH=${CMAKE_PREFIX_PATH}:/opt/ros/humble /usr/bin/cmake --build /home/yzh/桌面/project-ros/ros-study/chapt6/build/fishbot_description -- -j16 -l16
[0.167s] -- Found ament_cmake: 1.3.12 (/opt/ros/humble/share/ament_cmake/cmake)
[0.796s] -- Found ament_lint_auto: 0.12.14 (/opt/ros/humble/share/ament_lint_auto/cmake)
[1.069s] -- Added test 'flake8' to check Python code syntax and style conventions
[1.070s] -- Added test 'lint_cmake' to check CMake code style
[1.072s] -- Added test 'pep257' to check Python code against some of the docstring style conventions in PEP 257
[1.076s] -- Added test 'xmllint' to check XML markup files
[1.078s] -- Configuring done
[1.091s] -- Generating done
[1.104s] -- Build files have been written to: /home/yzh/桌面/project-ros/ros-study/chapt6/build/fishbot_description
[1.203s] Invoked command in '/home/yzh/桌面/project-ros/ros-study/chapt6/build/fishbot_description' returned '0': CMAKE_PREFIX_PATH=${CMAKE_PREFIX_PATH}:/opt/ros/humble /usr/bin/cmake --build /home/yzh/桌面/project-ros/ros-study/chapt6/build/fishbot_description -- -j16 -l16
[1.264s] Invoking command in '/home/yzh/桌面/project-ros/ros-study/chapt6/build/fishbot_description': CMAKE_PREFIX_PATH=${CMAKE_PREFIX_PATH}:/opt/ros/humble /usr/bin/cmake --install /home/yzh/桌面/project-ros/ros-study/chapt6/build/fishbot_description
[1.311s] -- Install configuration: ""
[1.312s] -- Up-to-date: /home/yzh/桌面/project-ros/ros-study/chapt6/install/fishbot_description/share/fishbot_description/launch
[1.314s] -- Up-to-date: /home/yzh/桌面/project-ros/ros-study/chapt6/install/fishbot_description/share/fishbot_description/launch/disptay_robot.taunch.py
[1.315s] -- Up-to-date: /home/yzh/桌面/project-ros/ros-study/chapt6/install/fishbot_description/share/fishbot_description/urdf
[1.315s] -- Up-to-date: /home/yzh/桌面/project-ros/ros-study/chapt6/install/fishbot_description/share/fishbot_description/urdf/first_robot.gv
[1.317s] -- Up-to-date: /home/yzh/桌面/project-ros/ros-study/chapt6/install/fishbot_description/share/fishbot_description/urdf/first_robot.pdf
[1.317s] -- Up-to-date: /home/yzh/桌面/project-ros/ros-study/chapt6/install/fishbot_description/share/fishbot_description/urdf/first_robot.urdf
[1.318s] -- Up-to-date: /home/yzh/桌面/project-ros/ros-study/chapt6/install/fishbot_description/share/ament_index/resource_index/package_run_dependencies/fishbot_description
[1.319s] -- Installing: /home/yzh/桌面/project-ros/ros-study/chapt6/install/fishbot_description/share/ament_index/resource_index/parent_prefix_path/fishbot_description
[1.319s] -- Up-to-date: /home/yzh/桌面/project-ros/ros-study/chapt6/install/fishbot_description/share/fishbot_description/environment/ament_prefix_path.sh
[1.319s] -- Installing: /home/yzh/桌面/project-ros/ros-study/chapt6/install/fishbot_description/share/fishbot_description/environment/ament_prefix_path.dsv
[1.319s] -- Up-to-date: /home/yzh/桌面/project-ros/ros-study/chapt6/install/fishbot_description/share/fishbot_description/environment/path.sh
[1.320s] -- Installing: /home/yzh/桌面/project-ros/ros-study/chapt6/install/fishbot_description/share/fishbot_description/environment/path.dsv
[1.320s] -- Up-to-date: /home/yzh/桌面/project-ros/ros-study/chapt6/install/fishbot_description/share/fishbot_description/local_setup.bash
[1.320s] -- Up-to-date: /home/yzh/桌面/project-ros/ros-study/chapt6/install/fishbot_description/share/fishbot_description/local_setup.sh
[1.320s] -- Up-to-date: /home/yzh/桌面/project-ros/ros-study/chapt6/install/fishbot_description/share/fishbot_description/local_setup.zsh
[1.321s] -- Installing: /home/yzh/桌面/project-ros/ros-study/chapt6/install/fishbot_description/share/fishbot_description/local_setup.dsv
[1.321s] -- Installing: /home/yzh/桌面/project-ros/ros-study/chapt6/install/fishbot_description/share/fishbot_description/package.dsv
[1.322s] -- Up-to-date: /home/yzh/桌面/project-ros/ros-study/chapt6/install/fishbot_description/share/ament_index/resource_index/packages/fishbot_description
[1.322s] -- Up-to-date: /home/yzh/桌面/project-ros/ros-study/chapt6/install/fishbot_description/share/fishbot_description/cmake/fishbot_descriptionConfig.cmake
[1.323s] -- Up-to-date: /home/yzh/桌面/project-ros/ros-study/chapt6/install/fishbot_description/share/fishbot_description/cmake/fishbot_descriptionConfig-version.cmake
[1.323s] -- Up-to-date: /home/yzh/桌面/project-ros/ros-study/chapt6/install/fishbot_description/share/fishbot_description/package.xml
[1.327s] Invoked command in '/home/yzh/桌面/project-ros/ros-study/chapt6/build/fishbot_description' returned '0': CMAKE_PREFIX_PATH=${CMAKE_PREFIX_PATH}:/opt/ros/humble /usr/bin/cmake --install /home/yzh/桌面/project-ros/ros-study/chapt6/build/fishbot_description
