[0.057s] Invoking command in '/home/yzh/桌面/project-ros/ros-study/topic_practice_ws/build/status_interfaces': CMAKE_PREFIX_PATH=/opt/ros/humble /usr/bin/cmake /home/yzh/桌面/project-ros/ros-study/topic_practice_ws/src/status_interfaces -DCMAKE_INSTALL_PREFIX=/home/yzh/桌面/project-ros/ros-study/topic_practice_ws/install/status_interfaces
[0.108s] -- Found ament_cmake: 1.3.12 (/opt/ros/humble/share/ament_cmake/cmake)
[0.718s] -- Found rosidl_default_generators: 1.2.0 (/opt/ros/humble/share/rosidl_default_generators/cmake)
[0.728s] -- Using all available rosidl_typesupport_c: rosidl_typesupport_fastrtps_c;rosidl_typesupport_introspection_c
[0.745s] -- Found rosidl_adapter: 3.1.7 (/opt/ros/humble/share/rosidl_adapter/cmake)
[0.880s] -- Using all available rosidl_typesupport_cpp: rosidl_typesupport_fastrtps_cpp;rosidl_typesupport_introspection_cpp
[0.999s] -- Found builtin_interfaces: 1.2.2 (/opt/ros/humble/share/builtin_interfaces/cmake)
[1.890s] [31mCMake Error at /opt/ros/humble/share/rosidl_cmake/cmake/rosidl_generate_interfaces.cmake:240 (list):
[1.890s]   list index: 1 out of range (-1, 0)
[1.891s] Call Stack (most recent call first):
[1.891s]   CMakeLists.txt:14 (rosidl_generate_interfaces)
[1.891s] 
[1.891s] [0m
[1.902s] [31mCMake Error at /opt/ros/humble/share/rosidl_generator_c/cmake/rosidl_generator_c_generate_interfaces.cmake:69 (message):
[1.903s]   Target dependency
[1.903s]   '/project-ros/ros-study/topic_practice_ws/build/status_interfaces/rosidl_adapter/status_interfaces/msg/SystemStatus.idl'
[1.904s]   does not exist
[1.904s] Call Stack (most recent call first):
[1.905s]   /opt/ros/humble/share/ament_cmake_core/cmake/core/ament_execute_extensions.cmake:48 (include)
[1.905s]   /opt/ros/humble/share/rosidl_cmake/cmake/rosidl_generate_interfaces.cmake:286 (ament_execute_extensions)
[1.906s]   CMakeLists.txt:14 (rosidl_generate_interfaces)
[1.906s] 
[1.906s] [0m
[1.906s] -- Configuring incomplete, errors occurred!
[1.907s] See also "/home/yzh/桌面/project-ros/ros-study/topic_practice_ws/build/status_interfaces/CMakeFiles/CMakeOutput.log".
[1.932s] Invoked command in '/home/yzh/桌面/project-ros/ros-study/topic_practice_ws/build/status_interfaces' returned '1': CMAKE_PREFIX_PATH=/opt/ros/humble /usr/bin/cmake /home/yzh/桌面/project-ros/ros-study/topic_practice_ws/src/status_interfaces -DCMAKE_INSTALL_PREFIX=/home/yzh/桌面/project-ros/ros-study/topic_practice_ws/install/status_interfaces
