[0.591s] DEBUG:colcon:Command line arguments: ['/usr/bin/colcon', 'build']
[0.592s] DEBUG:colcon:Parsed command line arguments: Namespace(log_base=None, log_level=None, verb_name='build', build_base='build', install_base='install', merge_install=False, symlink_install=False, test_result_base=None, continue_on_error=False, executor='parallel', parallel_workers=16, event_handlers=None, ignore_user_meta=False, metas=['./colcon.meta'], base_paths=['.'], packages_ignore=None, packages_ignore_regex=None, paths=None, packages_up_to=None, packages_up_to_regex=None, packages_above=None, packages_above_and_dependencies=None, packages_above_depth=None, packages_select_by_dep=None, packages_skip_by_dep=None, packages_skip_up_to=None, packages_select_build_failed=False, packages_skip_build_finished=False, packages_select_test_failures=False, packages_skip_test_passed=False, packages_select=None, packages_skip=None, packages_select_regex=None, packages_skip_regex=None, packages_start=None, packages_end=None, allow_overriding=[], cmake_args=None, cmake_target=None, cmake_target_skip_unavailable=False, cmake_clean_cache=False, cmake_clean_first=False, cmake_force_configure=False, ament_cmake_args=None, catkin_cmake_args=None, catkin_skip_building_tests=False, verb_parser=<colcon_defaults.argument_parser.defaults.DefaultArgumentsDecorator object at 0x76a5acd2b7c0>, verb_extension=<colcon_core.verb.build.BuildVerb object at 0x76a5ace7cd30>, main=<bound method BuildVerb.main of <colcon_core.verb.build.BuildVerb object at 0x76a5ace7cd30>>)
[1.500s] Level 1:colcon.colcon_core.package_discovery:discover_packages(colcon_meta) check parameters
[1.500s] Level 1:colcon.colcon_core.package_discovery:discover_packages(recursive) check parameters
[1.501s] Level 1:colcon.colcon_core.package_discovery:discover_packages(ignore) check parameters
[1.501s] Level 1:colcon.colcon_core.package_discovery:discover_packages(path) check parameters
[1.501s] Level 1:colcon.colcon_core.package_discovery:discover_packages(colcon_meta) discover
[1.501s] Level 1:colcon.colcon_core.package_discovery:discover_packages(recursive) discover
[1.502s] INFO:colcon.colcon_core.package_discovery:Crawling recursively for packages in '/home/yzh/桌面/project-ros/ros-study/chapt3/ws_topic'
[1.502s] Level 1:colcon.colcon_core.package_identification:_identify(.) by extensions ['ignore', 'ignore_ament_install']
[1.502s] Level 1:colcon.colcon_core.package_identification:_identify(.) by extension 'ignore'
[1.503s] Level 1:colcon.colcon_core.package_identification:_identify(.) by extension 'ignore_ament_install'
[1.503s] Level 1:colcon.colcon_core.package_identification:_identify(.) by extensions ['colcon_pkg']
[1.503s] Level 1:colcon.colcon_core.package_identification:_identify(.) by extension 'colcon_pkg'
[1.503s] Level 1:colcon.colcon_core.package_identification:_identify(.) by extensions ['colcon_meta']
[1.503s] Level 1:colcon.colcon_core.package_identification:_identify(.) by extension 'colcon_meta'
[1.503s] Level 1:colcon.colcon_core.package_identification:_identify(.) by extensions ['ros']
[1.504s] Level 1:colcon.colcon_core.package_identification:_identify(.) by extension 'ros'
[1.573s] Level 1:colcon.colcon_core.package_identification:_identify(.) by extensions ['cmake', 'python']
[1.573s] Level 1:colcon.colcon_core.package_identification:_identify(.) by extension 'cmake'
[1.573s] Level 1:colcon.colcon_core.package_identification:_identify(.) by extension 'python'
[1.574s] Level 1:colcon.colcon_core.package_identification:_identify(.) by extensions ['python_setup_py']
[1.574s] Level 1:colcon.colcon_core.package_identification:_identify(.) by extension 'python_setup_py'
[1.574s] Level 1:colcon.colcon_core.package_identification:_identify(build) by extensions ['ignore', 'ignore_ament_install']
[1.575s] Level 1:colcon.colcon_core.package_identification:_identify(build) by extension 'ignore'
[1.575s] Level 1:colcon.colcon_core.package_identification:_identify(build) ignored
[1.575s] Level 1:colcon.colcon_core.package_identification:_identify(install) by extensions ['ignore', 'ignore_ament_install']
[1.576s] Level 1:colcon.colcon_core.package_identification:_identify(install) by extension 'ignore'
[1.576s] Level 1:colcon.colcon_core.package_identification:_identify(install) ignored
[1.577s] Level 1:colcon.colcon_core.package_identification:_identify(log) by extensions ['ignore', 'ignore_ament_install']
[1.577s] Level 1:colcon.colcon_core.package_identification:_identify(log) by extension 'ignore'
[1.577s] Level 1:colcon.colcon_core.package_identification:_identify(log) ignored
[1.577s] Level 1:colcon.colcon_core.package_identification:_identify(src) by extensions ['ignore', 'ignore_ament_install']
[1.578s] Level 1:colcon.colcon_core.package_identification:_identify(src) by extension 'ignore'
[1.578s] Level 1:colcon.colcon_core.package_identification:_identify(src) by extension 'ignore_ament_install'
[1.578s] Level 1:colcon.colcon_core.package_identification:_identify(src) by extensions ['colcon_pkg']
[1.578s] Level 1:colcon.colcon_core.package_identification:_identify(src) by extension 'colcon_pkg'
[1.579s] Level 1:colcon.colcon_core.package_identification:_identify(src) by extensions ['colcon_meta']
[1.579s] Level 1:colcon.colcon_core.package_identification:_identify(src) by extension 'colcon_meta'
[1.579s] Level 1:colcon.colcon_core.package_identification:_identify(src) by extensions ['ros']
[1.580s] Level 1:colcon.colcon_core.package_identification:_identify(src) by extension 'ros'
[1.580s] Level 1:colcon.colcon_core.package_identification:_identify(src) by extensions ['cmake', 'python']
[1.580s] Level 1:colcon.colcon_core.package_identification:_identify(src) by extension 'cmake'
[1.580s] Level 1:colcon.colcon_core.package_identification:_identify(src) by extension 'python'
[1.580s] Level 1:colcon.colcon_core.package_identification:_identify(src) by extensions ['python_setup_py']
[1.581s] Level 1:colcon.colcon_core.package_identification:_identify(src) by extension 'python_setup_py'
[1.581s] Level 1:colcon.colcon_core.package_identification:_identify(src/demo_cpp_topic) by extensions ['ignore', 'ignore_ament_install']
[1.581s] Level 1:colcon.colcon_core.package_identification:_identify(src/demo_cpp_topic) by extension 'ignore'
[1.582s] Level 1:colcon.colcon_core.package_identification:_identify(src/demo_cpp_topic) by extension 'ignore_ament_install'
[1.582s] Level 1:colcon.colcon_core.package_identification:_identify(src/demo_cpp_topic) by extensions ['colcon_pkg']
[1.582s] Level 1:colcon.colcon_core.package_identification:_identify(src/demo_cpp_topic) by extension 'colcon_pkg'
[1.582s] Level 1:colcon.colcon_core.package_identification:_identify(src/demo_cpp_topic) by extensions ['colcon_meta']
[1.583s] Level 1:colcon.colcon_core.package_identification:_identify(src/demo_cpp_topic) by extension 'colcon_meta'
[1.583s] Level 1:colcon.colcon_core.package_identification:_identify(src/demo_cpp_topic) by extensions ['ros']
[1.583s] Level 1:colcon.colcon_core.package_identification:_identify(src/demo_cpp_topic) by extension 'ros'
[1.594s] DEBUG:colcon.colcon_core.package_identification:Package 'src/demo_cpp_topic' with type 'ros.ament_cmake' and name 'demo_cpp_topic'
[1.595s] Level 1:colcon.colcon_core.package_discovery:discover_packages(recursive) using defaults
[1.596s] Level 1:colcon.colcon_core.package_discovery:discover_packages(ignore) discover
[1.596s] Level 1:colcon.colcon_core.package_discovery:discover_packages(ignore) using defaults
[1.596s] Level 1:colcon.colcon_core.package_discovery:discover_packages(path) discover
[1.596s] Level 1:colcon.colcon_core.package_discovery:discover_packages(path) using defaults
[1.704s] Level 1:colcon.colcon_core.package_discovery:discover_packages(prefix_path) check parameters
[1.705s] Level 1:colcon.colcon_core.package_discovery:discover_packages(prefix_path) discover
[1.713s] DEBUG:colcon.colcon_installed_package_information.package_discovery:Found 1 installed packages in /home/yzh/桌面/project-ros/ros-study/chapt3/ws_topic/install
[1.718s] DEBUG:colcon.colcon_installed_package_information.package_discovery:Found 271 installed packages in /opt/ros/humble
[1.760s] Level 1:colcon.colcon_core.package_discovery:discover_packages(prefix_path) using defaults
[1.970s] Level 5:colcon.colcon_core.verb:set package 'demo_cpp_topic' build argument 'cmake_args' from command line to 'None'
[1.972s] Level 5:colcon.colcon_core.verb:set package 'demo_cpp_topic' build argument 'cmake_target' from command line to 'None'
[1.972s] Level 5:colcon.colcon_core.verb:set package 'demo_cpp_topic' build argument 'cmake_target_skip_unavailable' from command line to 'False'
[1.972s] Level 5:colcon.colcon_core.verb:set package 'demo_cpp_topic' build argument 'cmake_clean_cache' from command line to 'False'
[1.972s] Level 5:colcon.colcon_core.verb:set package 'demo_cpp_topic' build argument 'cmake_clean_first' from command line to 'False'
[1.972s] Level 5:colcon.colcon_core.verb:set package 'demo_cpp_topic' build argument 'cmake_force_configure' from command line to 'False'
[1.972s] Level 5:colcon.colcon_core.verb:set package 'demo_cpp_topic' build argument 'ament_cmake_args' from command line to 'None'
[1.972s] Level 5:colcon.colcon_core.verb:set package 'demo_cpp_topic' build argument 'catkin_cmake_args' from command line to 'None'
[1.973s] Level 5:colcon.colcon_core.verb:set package 'demo_cpp_topic' build argument 'catkin_skip_building_tests' from command line to 'False'
[1.973s] DEBUG:colcon.colcon_core.verb:Building package 'demo_cpp_topic' with the following arguments: {'ament_cmake_args': None, 'build_base': '/home/yzh/桌面/project-ros/ros-study/chapt3/ws_topic/build/demo_cpp_topic', 'catkin_cmake_args': None, 'catkin_skip_building_tests': False, 'cmake_args': None, 'cmake_clean_cache': False, 'cmake_clean_first': False, 'cmake_force_configure': False, 'cmake_target': None, 'cmake_target_skip_unavailable': False, 'install_base': '/home/yzh/桌面/project-ros/ros-study/chapt3/ws_topic/install/demo_cpp_topic', 'merge_install': False, 'path': '/home/yzh/桌面/project-ros/ros-study/chapt3/ws_topic/src/demo_cpp_topic', 'symlink_install': False, 'test_result_base': None}
[1.973s] INFO:colcon.colcon_core.executor:Executing jobs using 'parallel' executor
[1.978s] DEBUG:colcon.colcon_parallel_executor.executor.parallel:run_until_complete
[1.979s] INFO:colcon.colcon_ros.task.ament_cmake.build:Building ROS package in '/home/yzh/桌面/project-ros/ros-study/chapt3/ws_topic/src/demo_cpp_topic' with build type 'ament_cmake'
[1.980s] INFO:colcon.colcon_cmake.task.cmake.build:Building CMake package in '/home/yzh/桌面/project-ros/ros-study/chapt3/ws_topic/src/demo_cpp_topic'
[1.992s] INFO:colcon.colcon_core.plugin_system:Skipping extension 'colcon_core.shell.bat': Not used on non-Windows systems
[1.994s] INFO:colcon.colcon_core.shell:Skip shell extension 'powershell' for command environment: Not usable outside of PowerShell
[1.994s] DEBUG:colcon.colcon_core.shell:Skip shell extension 'dsv' for command environment
[2.054s] DEBUG:colcon.colcon_core.event_handler.log_command:Invoking command in '/home/yzh/桌面/project-ros/ros-study/chapt3/ws_topic/build/demo_cpp_topic': CMAKE_PREFIX_PATH=${CMAKE_PREFIX_PATH}:/opt/ros/humble /usr/bin/cmake --build /home/yzh/桌面/project-ros/ros-study/chapt3/ws_topic/build/demo_cpp_topic -- -j16 -l16
[5.330s] DEBUG:colcon.colcon_core.event_handler.log_command:Invoked command in '/home/yzh/桌面/project-ros/ros-study/chapt3/ws_topic/build/demo_cpp_topic' returned '2': CMAKE_PREFIX_PATH=${CMAKE_PREFIX_PATH}:/opt/ros/humble /usr/bin/cmake --build /home/yzh/桌面/project-ros/ros-study/chapt3/ws_topic/build/demo_cpp_topic -- -j16 -l16
[5.331s] Level 1:colcon.colcon_core.environment:create_environment_scripts_only(demo_cpp_topic)
[5.340s] Level 1:colcon.colcon_core.environment:checking '/home/yzh/桌面/project-ros/ros-study/chapt3/ws_topic/install/demo_cpp_topic' for CMake module files
[5.343s] Level 1:colcon.colcon_core.environment:checking '/home/yzh/桌面/project-ros/ros-study/chapt3/ws_topic/install/demo_cpp_topic' for CMake config files
[5.344s] Level 1:colcon.colcon_core.shell:create_environment_hook('demo_cpp_topic', 'cmake_prefix_path')
[5.345s] INFO:colcon.colcon_core.shell:Creating environment hook '/home/yzh/桌面/project-ros/ros-study/chapt3/ws_topic/install/demo_cpp_topic/share/demo_cpp_topic/hook/cmake_prefix_path.ps1'
[5.348s] INFO:colcon.colcon_core.shell:Creating environment descriptor '/home/yzh/桌面/project-ros/ros-study/chapt3/ws_topic/install/demo_cpp_topic/share/demo_cpp_topic/hook/cmake_prefix_path.dsv'
[5.351s] INFO:colcon.colcon_core.shell:Creating environment hook '/home/yzh/桌面/project-ros/ros-study/chapt3/ws_topic/install/demo_cpp_topic/share/demo_cpp_topic/hook/cmake_prefix_path.sh'
[5.355s] Level 1:colcon.colcon_core.environment:checking '/home/yzh/桌面/project-ros/ros-study/chapt3/ws_topic/install/demo_cpp_topic/lib'
[5.356s] Level 1:colcon.colcon_core.environment:checking '/home/yzh/桌面/project-ros/ros-study/chapt3/ws_topic/install/demo_cpp_topic/bin'
[5.356s] Level 1:colcon.colcon_core.environment:checking '/home/yzh/桌面/project-ros/ros-study/chapt3/ws_topic/install/demo_cpp_topic/lib/pkgconfig/demo_cpp_topic.pc'
[5.357s] Level 1:colcon.colcon_core.environment:checking '/home/yzh/桌面/project-ros/ros-study/chapt3/ws_topic/install/demo_cpp_topic/lib/python3.10/site-packages'
[5.358s] Level 1:colcon.colcon_core.environment:checking '/home/yzh/桌面/project-ros/ros-study/chapt3/ws_topic/install/demo_cpp_topic/bin'
[5.359s] INFO:colcon.colcon_core.shell:Creating package script '/home/yzh/桌面/project-ros/ros-study/chapt3/ws_topic/install/demo_cpp_topic/share/demo_cpp_topic/package.ps1'
[5.361s] INFO:colcon.colcon_core.shell:Creating package descriptor '/home/yzh/桌面/project-ros/ros-study/chapt3/ws_topic/install/demo_cpp_topic/share/demo_cpp_topic/package.dsv'
[5.364s] INFO:colcon.colcon_core.shell:Creating package script '/home/yzh/桌面/project-ros/ros-study/chapt3/ws_topic/install/demo_cpp_topic/share/demo_cpp_topic/package.sh'
[5.368s] INFO:colcon.colcon_core.shell:Creating package script '/home/yzh/桌面/project-ros/ros-study/chapt3/ws_topic/install/demo_cpp_topic/share/demo_cpp_topic/package.bash'
[5.371s] INFO:colcon.colcon_core.shell:Creating package script '/home/yzh/桌面/project-ros/ros-study/chapt3/ws_topic/install/demo_cpp_topic/share/demo_cpp_topic/package.zsh'
[5.374s] Level 1:colcon.colcon_core.environment:create_file_with_runtime_dependencies(/home/yzh/桌面/project-ros/ros-study/chapt3/ws_topic/install/demo_cpp_topic/share/colcon-core/packages/demo_cpp_topic)
[5.386s] DEBUG:colcon.colcon_parallel_executor.executor.parallel:closing loop
[5.386s] DEBUG:colcon.colcon_parallel_executor.executor.parallel:loop closed
[5.387s] DEBUG:colcon.colcon_parallel_executor.executor.parallel:run_until_complete finished with '2'
[5.387s] DEBUG:colcon.colcon_core.event_reactor:joining thread
[5.410s] INFO:colcon.colcon_core.plugin_system:Skipping extension 'colcon_notification.desktop_notification.terminal_notifier': Not used on non-Darwin systems
[5.411s] INFO:colcon.colcon_core.plugin_system:Skipping extension 'colcon_notification.desktop_notification.win32': Not used on non-Windows systems
[5.411s] INFO:colcon.colcon_notification.desktop_notification:Sending desktop notification using 'notify2'
[5.471s] DEBUG:colcon.colcon_core.event_reactor:joined thread
[5.473s] INFO:colcon.colcon_core.shell:Creating prefix script '/home/yzh/桌面/project-ros/ros-study/chapt3/ws_topic/install/local_setup.ps1'
[5.476s] INFO:colcon.colcon_core.shell:Creating prefix util module '/home/yzh/桌面/project-ros/ros-study/chapt3/ws_topic/install/_local_setup_util_ps1.py'
[5.481s] INFO:colcon.colcon_core.shell:Creating prefix chain script '/home/yzh/桌面/project-ros/ros-study/chapt3/ws_topic/install/setup.ps1'
[5.484s] INFO:colcon.colcon_core.shell:Creating prefix script '/home/yzh/桌面/project-ros/ros-study/chapt3/ws_topic/install/local_setup.sh'
[5.487s] INFO:colcon.colcon_core.shell:Creating prefix util module '/home/yzh/桌面/project-ros/ros-study/chapt3/ws_topic/install/_local_setup_util_sh.py'
[5.489s] INFO:colcon.colcon_core.shell:Creating prefix chain script '/home/yzh/桌面/project-ros/ros-study/chapt3/ws_topic/install/setup.sh'
[5.493s] INFO:colcon.colcon_core.shell:Creating prefix script '/home/yzh/桌面/project-ros/ros-study/chapt3/ws_topic/install/local_setup.bash'
[5.495s] INFO:colcon.colcon_core.shell:Creating prefix chain script '/home/yzh/桌面/project-ros/ros-study/chapt3/ws_topic/install/setup.bash'
[5.499s] INFO:colcon.colcon_core.shell:Creating prefix script '/home/yzh/桌面/project-ros/ros-study/chapt3/ws_topic/install/local_setup.zsh'
[5.501s] INFO:colcon.colcon_core.shell:Creating prefix chain script '/home/yzh/桌面/project-ros/ros-study/chapt3/ws_topic/install/setup.zsh'
