[0.074s] Invoking command in '/home/yzh/桌面/project-ros/ros-study/chapt3/ws_msg/build/status_interfaces': CMAKE_PREFIX_PATH=/opt/ros/humble /usr/bin/cmake /home/yzh/桌面/project-ros/ros-study/chapt3/ws_msg/src/status_interfaces -DCMAKE_INSTALL_PREFIX=/home/yzh/桌面/project-ros/ros-study/chapt3/ws_msg/install/status_interfaces
[0.399s] -- The C compiler identification is GNU 11.4.0
[0.729s] -- The CXX compiler identification is GNU 11.4.0
[0.770s] -- Detecting C compiler ABI info
[1.199s] -- Detecting C compiler ABI info - done
[1.222s] -- Check for working C compiler: /usr/bin/cc - skipped
[1.222s] -- Detecting C compile features
[1.223s] -- Detecting C compile features - done
[1.232s] -- Detecting CXX compiler ABI info
[1.722s] -- Detecting CXX compiler ABI info - done
[1.744s] -- Check for working CXX compiler: /usr/bin/c++ - skipped
[1.745s] -- Detecting CXX compile features
[1.746s] -- Detecting CXX compile features - done
[1.760s] -- Found ament_cmake: 1.3.12 (/opt/ros/humble/share/ament_cmake/cmake)
[2.389s] -- Found Python3: /usr/bin/python3 (found version "3.10.12") found components: Interpreter 
[2.727s] -- Found rosidl_default_generators: 1.2.0 (/opt/ros/humble/share/rosidl_default_generators/cmake)
[2.737s] -- Using all available rosidl_typesupport_c: rosidl_typesupport_fastrtps_c;rosidl_typesupport_introspection_c
[2.763s] -- Found rosidl_adapter: 3.1.7 (/opt/ros/humble/share/rosidl_adapter/cmake)
[2.929s] -- Using all available rosidl_typesupport_cpp: rosidl_typesupport_fastrtps_cpp;rosidl_typesupport_introspection_cpp
[3.082s] -- Found builtin_interfaces: 1.2.2 (/opt/ros/humble/share/builtin_interfaces/cmake)
[3.825s] [31mCMake Error at /opt/ros/humble/share/rosidl_cmake/cmake/rosidl_generate_interfaces.cmake:240 (list):
[3.826s]   list index: 1 out of range (-1, 0)
[3.826s] Call Stack (most recent call first):
[3.827s]   CMakeLists.txt:12 (rosidl_generate_interfaces)
[3.827s] 
[3.827s] [0m
[3.842s] [31mCMake Error at /opt/ros/humble/share/rosidl_generator_c/cmake/rosidl_generator_c_generate_interfaces.cmake:69 (message):
[3.842s]   Target dependency
[3.842s]   '/project-ros/ros-study/chapt3/ws_msg/build/status_interfaces/rosidl_adapter/status_interfaces/msg/SystemStatus.idl'
[3.848s]   does not exist
[3.848s] Call Stack (most recent call first):
[3.849s]   /opt/ros/humble/share/ament_cmake_core/cmake/core/ament_execute_extensions.cmake:48 (include)
[3.849s]   /opt/ros/humble/share/rosidl_cmake/cmake/rosidl_generate_interfaces.cmake:286 (ament_execute_extensions)
[3.850s]   CMakeLists.txt:12 (rosidl_generate_interfaces)
[3.851s] 
[3.851s] [0m
[3.851s] -- Configuring incomplete, errors occurred!
[3.852s] See also "/home/yzh/桌面/project-ros/ros-study/chapt3/ws_msg/build/status_interfaces/CMakeFiles/CMakeOutput.log".
[3.881s] Invoked command in '/home/yzh/桌面/project-ros/ros-study/chapt3/ws_msg/build/status_interfaces' returned '1': CMAKE_PREFIX_PATH=/opt/ros/humble /usr/bin/cmake /home/yzh/桌面/project-ros/ros-study/chapt3/ws_msg/src/status_interfaces -DCMAKE_INSTALL_PREFIX=/home/yzh/桌面/project-ros/ros-study/chapt3/ws_msg/install/status_interfaces
