[0.605s] DEBUG:colcon:Command line arguments: ['/usr/bin/colcon', 'build', '--packages-select', 'status_interfaces']
[0.606s] DEBUG:colcon:Parsed command line arguments: Namespace(log_base=None, log_level=None, verb_name='build', build_base='build', install_base='install', merge_install=False, symlink_install=False, test_result_base=None, continue_on_error=False, executor='parallel', parallel_workers=16, event_handlers=None, ignore_user_meta=False, metas=['./colcon.meta'], base_paths=['.'], packages_ignore=None, packages_ignore_regex=None, paths=None, packages_up_to=None, packages_up_to_regex=None, packages_above=None, packages_above_and_dependencies=None, packages_above_depth=None, packages_select_by_dep=None, packages_skip_by_dep=None, packages_skip_up_to=None, packages_select_build_failed=False, packages_skip_build_finished=False, packages_select_test_failures=False, packages_skip_test_passed=False, packages_select=['status_interfaces'], packages_skip=None, packages_select_regex=None, packages_skip_regex=None, packages_start=None, packages_end=None, allow_overriding=[], cmake_args=None, cmake_target=None, cmake_target_skip_unavailable=False, cmake_clean_cache=False, cmake_clean_first=False, cmake_force_configure=False, ament_cmake_args=None, catkin_cmake_args=None, catkin_skip_building_tests=False, verb_parser=<colcon_defaults.argument_parser.defaults.DefaultArgumentsDecorator object at 0x78b2a15277f0>, verb_extension=<colcon_core.verb.build.BuildVerb object at 0x78b2a1678d60>, main=<bound method BuildVerb.main of <colcon_core.verb.build.BuildVerb object at 0x78b2a1678d60>>)
[1.463s] Level 1:colcon.colcon_core.package_discovery:discover_packages(colcon_meta) check parameters
[1.463s] Level 1:colcon.colcon_core.package_discovery:discover_packages(recursive) check parameters
[1.463s] Level 1:colcon.colcon_core.package_discovery:discover_packages(ignore) check parameters
[1.464s] Level 1:colcon.colcon_core.package_discovery:discover_packages(path) check parameters
[1.465s] Level 1:colcon.colcon_core.package_discovery:discover_packages(colcon_meta) discover
[1.465s] Level 1:colcon.colcon_core.package_discovery:discover_packages(recursive) discover
[1.465s] INFO:colcon.colcon_core.package_discovery:Crawling recursively for packages in '/home/yzh/桌面/project-ros/ros-study/topic_practice_ws'
[1.466s] Level 1:colcon.colcon_core.package_identification:_identify(.) by extensions ['ignore', 'ignore_ament_install']
[1.466s] Level 1:colcon.colcon_core.package_identification:_identify(.) by extension 'ignore'
[1.466s] Level 1:colcon.colcon_core.package_identification:_identify(.) by extension 'ignore_ament_install'
[1.467s] Level 1:colcon.colcon_core.package_identification:_identify(.) by extensions ['colcon_pkg']
[1.467s] Level 1:colcon.colcon_core.package_identification:_identify(.) by extension 'colcon_pkg'
[1.467s] Level 1:colcon.colcon_core.package_identification:_identify(.) by extensions ['colcon_meta']
[1.467s] Level 1:colcon.colcon_core.package_identification:_identify(.) by extension 'colcon_meta'
[1.467s] Level 1:colcon.colcon_core.package_identification:_identify(.) by extensions ['ros']
[1.467s] Level 1:colcon.colcon_core.package_identification:_identify(.) by extension 'ros'
[1.525s] Level 1:colcon.colcon_core.package_identification:_identify(.) by extensions ['cmake', 'python']
[1.526s] Level 1:colcon.colcon_core.package_identification:_identify(.) by extension 'cmake'
[1.526s] Level 1:colcon.colcon_core.package_identification:_identify(.) by extension 'python'
[1.526s] Level 1:colcon.colcon_core.package_identification:_identify(.) by extensions ['python_setup_py']
[1.526s] Level 1:colcon.colcon_core.package_identification:_identify(.) by extension 'python_setup_py'
[1.527s] Level 1:colcon.colcon_core.package_identification:_identify(build) by extensions ['ignore', 'ignore_ament_install']
[1.528s] Level 1:colcon.colcon_core.package_identification:_identify(build) by extension 'ignore'
[1.528s] Level 1:colcon.colcon_core.package_identification:_identify(build) ignored
[1.529s] Level 1:colcon.colcon_core.package_identification:_identify(install) by extensions ['ignore', 'ignore_ament_install']
[1.529s] Level 1:colcon.colcon_core.package_identification:_identify(install) by extension 'ignore'
[1.529s] Level 1:colcon.colcon_core.package_identification:_identify(install) ignored
[1.530s] Level 1:colcon.colcon_core.package_identification:_identify(log) by extensions ['ignore', 'ignore_ament_install']
[1.530s] Level 1:colcon.colcon_core.package_identification:_identify(log) by extension 'ignore'
[1.530s] Level 1:colcon.colcon_core.package_identification:_identify(log) ignored
[1.531s] Level 1:colcon.colcon_core.package_identification:_identify(src) by extensions ['ignore', 'ignore_ament_install']
[1.532s] Level 1:colcon.colcon_core.package_identification:_identify(src) by extension 'ignore'
[1.532s] Level 1:colcon.colcon_core.package_identification:_identify(src) by extension 'ignore_ament_install'
[1.533s] Level 1:colcon.colcon_core.package_identification:_identify(src) by extensions ['colcon_pkg']
[1.533s] Level 1:colcon.colcon_core.package_identification:_identify(src) by extension 'colcon_pkg'
[1.533s] Level 1:colcon.colcon_core.package_identification:_identify(src) by extensions ['colcon_meta']
[1.534s] Level 1:colcon.colcon_core.package_identification:_identify(src) by extension 'colcon_meta'
[1.534s] Level 1:colcon.colcon_core.package_identification:_identify(src) by extensions ['ros']
[1.534s] Level 1:colcon.colcon_core.package_identification:_identify(src) by extension 'ros'
[1.535s] Level 1:colcon.colcon_core.package_identification:_identify(src) by extensions ['cmake', 'python']
[1.535s] Level 1:colcon.colcon_core.package_identification:_identify(src) by extension 'cmake'
[1.536s] Level 1:colcon.colcon_core.package_identification:_identify(src) by extension 'python'
[1.536s] Level 1:colcon.colcon_core.package_identification:_identify(src) by extensions ['python_setup_py']
[1.536s] Level 1:colcon.colcon_core.package_identification:_identify(src) by extension 'python_setup_py'
[1.537s] Level 1:colcon.colcon_core.package_identification:_identify(src/status_interfaces) by extensions ['ignore', 'ignore_ament_install']
[1.537s] Level 1:colcon.colcon_core.package_identification:_identify(src/status_interfaces) by extension 'ignore'
[1.537s] Level 1:colcon.colcon_core.package_identification:_identify(src/status_interfaces) by extension 'ignore_ament_install'
[1.537s] Level 1:colcon.colcon_core.package_identification:_identify(src/status_interfaces) by extensions ['colcon_pkg']
[1.538s] Level 1:colcon.colcon_core.package_identification:_identify(src/status_interfaces) by extension 'colcon_pkg'
[1.538s] Level 1:colcon.colcon_core.package_identification:_identify(src/status_interfaces) by extensions ['colcon_meta']
[1.538s] Level 1:colcon.colcon_core.package_identification:_identify(src/status_interfaces) by extension 'colcon_meta'
[1.538s] Level 1:colcon.colcon_core.package_identification:_identify(src/status_interfaces) by extensions ['ros']
[1.538s] Level 1:colcon.colcon_core.package_identification:_identify(src/status_interfaces) by extension 'ros'
[1.550s] DEBUG:colcon.colcon_core.package_identification:Package 'src/status_interfaces' with type 'ros.ament_cmake' and name 'status_interfaces'
[1.550s] Level 1:colcon.colcon_core.package_discovery:discover_packages(recursive) using defaults
[1.550s] Level 1:colcon.colcon_core.package_discovery:discover_packages(ignore) discover
[1.551s] Level 1:colcon.colcon_core.package_discovery:discover_packages(ignore) using defaults
[1.551s] Level 1:colcon.colcon_core.package_discovery:discover_packages(path) discover
[1.551s] Level 1:colcon.colcon_core.package_discovery:discover_packages(path) using defaults
[1.659s] Level 1:colcon.colcon_core.package_discovery:discover_packages(prefix_path) check parameters
[1.659s] Level 1:colcon.colcon_core.package_discovery:discover_packages(prefix_path) discover
[1.671s] DEBUG:colcon.colcon_installed_package_information.package_discovery:Found 271 installed packages in /opt/ros/humble
[1.719s] Level 1:colcon.colcon_core.package_discovery:discover_packages(prefix_path) using defaults
[1.929s] Level 5:colcon.colcon_core.verb:set package 'status_interfaces' build argument 'cmake_args' from command line to 'None'
[1.930s] Level 5:colcon.colcon_core.verb:set package 'status_interfaces' build argument 'cmake_target' from command line to 'None'
[1.930s] Level 5:colcon.colcon_core.verb:set package 'status_interfaces' build argument 'cmake_target_skip_unavailable' from command line to 'False'
[1.930s] Level 5:colcon.colcon_core.verb:set package 'status_interfaces' build argument 'cmake_clean_cache' from command line to 'False'
[1.930s] Level 5:colcon.colcon_core.verb:set package 'status_interfaces' build argument 'cmake_clean_first' from command line to 'False'
[1.930s] Level 5:colcon.colcon_core.verb:set package 'status_interfaces' build argument 'cmake_force_configure' from command line to 'False'
[1.930s] Level 5:colcon.colcon_core.verb:set package 'status_interfaces' build argument 'ament_cmake_args' from command line to 'None'
[1.930s] Level 5:colcon.colcon_core.verb:set package 'status_interfaces' build argument 'catkin_cmake_args' from command line to 'None'
[1.930s] Level 5:colcon.colcon_core.verb:set package 'status_interfaces' build argument 'catkin_skip_building_tests' from command line to 'False'
[1.931s] DEBUG:colcon.colcon_core.verb:Building package 'status_interfaces' with the following arguments: {'ament_cmake_args': None, 'build_base': '/home/yzh/桌面/project-ros/ros-study/topic_practice_ws/build/status_interfaces', 'catkin_cmake_args': None, 'catkin_skip_building_tests': False, 'cmake_args': None, 'cmake_clean_cache': False, 'cmake_clean_first': False, 'cmake_force_configure': False, 'cmake_target': None, 'cmake_target_skip_unavailable': False, 'install_base': '/home/yzh/桌面/project-ros/ros-study/topic_practice_ws/install/status_interfaces', 'merge_install': False, 'path': '/home/yzh/桌面/project-ros/ros-study/topic_practice_ws/src/status_interfaces', 'symlink_install': False, 'test_result_base': None}
[1.932s] INFO:colcon.colcon_core.executor:Executing jobs using 'parallel' executor
[1.937s] DEBUG:colcon.colcon_parallel_executor.executor.parallel:run_until_complete
[1.940s] INFO:colcon.colcon_ros.task.ament_cmake.build:Building ROS package in '/home/yzh/桌面/project-ros/ros-study/topic_practice_ws/src/status_interfaces' with build type 'ament_cmake'
[1.941s] INFO:colcon.colcon_cmake.task.cmake.build:Building CMake package in '/home/yzh/桌面/project-ros/ros-study/topic_practice_ws/src/status_interfaces'
[1.951s] INFO:colcon.colcon_core.plugin_system:Skipping extension 'colcon_core.shell.bat': Not used on non-Windows systems
[1.954s] INFO:colcon.colcon_core.shell:Skip shell extension 'powershell' for command environment: Not usable outside of PowerShell
[1.954s] DEBUG:colcon.colcon_core.shell:Skip shell extension 'dsv' for command environment
[2.003s] DEBUG:colcon.colcon_core.event_handler.log_command:Invoking command in '/home/yzh/桌面/project-ros/ros-study/topic_practice_ws/build/status_interfaces': CMAKE_PREFIX_PATH=/opt/ros/humble /usr/bin/cmake /home/yzh/桌面/project-ros/ros-study/topic_practice_ws/src/status_interfaces -DCMAKE_INSTALL_PREFIX=/home/yzh/桌面/project-ros/ros-study/topic_practice_ws/install/status_interfaces
[3.881s] DEBUG:colcon.colcon_core.event_handler.log_command:Invoked command in '/home/yzh/桌面/project-ros/ros-study/topic_practice_ws/build/status_interfaces' returned '1': CMAKE_PREFIX_PATH=/opt/ros/humble /usr/bin/cmake /home/yzh/桌面/project-ros/ros-study/topic_practice_ws/src/status_interfaces -DCMAKE_INSTALL_PREFIX=/home/yzh/桌面/project-ros/ros-study/topic_practice_ws/install/status_interfaces
[3.948s] Level 1:colcon.colcon_core.environment:create_environment_scripts_only(status_interfaces)
[3.956s] Level 1:colcon.colcon_core.environment:checking '/home/yzh/桌面/project-ros/ros-study/topic_practice_ws/install/status_interfaces' for CMake module files
[3.959s] Level 1:colcon.colcon_core.environment:checking '/home/yzh/桌面/project-ros/ros-study/topic_practice_ws/install/status_interfaces' for CMake config files
[3.966s] Level 1:colcon.colcon_core.environment:checking '/home/yzh/桌面/project-ros/ros-study/topic_practice_ws/install/status_interfaces/bin'
[3.966s] Level 1:colcon.colcon_core.environment:checking '/home/yzh/桌面/project-ros/ros-study/topic_practice_ws/install/status_interfaces/lib/pkgconfig/status_interfaces.pc'
[3.968s] Level 1:colcon.colcon_core.environment:checking '/home/yzh/桌面/project-ros/ros-study/topic_practice_ws/install/status_interfaces/lib/python3.10/site-packages'
[3.970s] Level 1:colcon.colcon_core.environment:checking '/home/yzh/桌面/project-ros/ros-study/topic_practice_ws/install/status_interfaces/bin'
[3.972s] INFO:colcon.colcon_core.shell:Creating package script '/home/yzh/桌面/project-ros/ros-study/topic_practice_ws/install/status_interfaces/share/status_interfaces/package.ps1'
[3.976s] INFO:colcon.colcon_core.shell:Creating package descriptor '/home/yzh/桌面/project-ros/ros-study/topic_practice_ws/install/status_interfaces/share/status_interfaces/package.dsv'
[3.979s] INFO:colcon.colcon_core.shell:Creating package script '/home/yzh/桌面/project-ros/ros-study/topic_practice_ws/install/status_interfaces/share/status_interfaces/package.sh'
[3.982s] INFO:colcon.colcon_core.shell:Creating package script '/home/yzh/桌面/project-ros/ros-study/topic_practice_ws/install/status_interfaces/share/status_interfaces/package.bash'
[3.987s] INFO:colcon.colcon_core.shell:Creating package script '/home/yzh/桌面/project-ros/ros-study/topic_practice_ws/install/status_interfaces/share/status_interfaces/package.zsh'
[3.990s] Level 1:colcon.colcon_core.environment:create_file_with_runtime_dependencies(/home/yzh/桌面/project-ros/ros-study/topic_practice_ws/install/status_interfaces/share/colcon-core/packages/status_interfaces)
[4.003s] DEBUG:colcon.colcon_parallel_executor.executor.parallel:closing loop
[4.004s] DEBUG:colcon.colcon_parallel_executor.executor.parallel:loop closed
[4.005s] DEBUG:colcon.colcon_parallel_executor.executor.parallel:run_until_complete finished with '1'
[4.006s] DEBUG:colcon.colcon_core.event_reactor:joining thread
[4.032s] INFO:colcon.colcon_core.plugin_system:Skipping extension 'colcon_notification.desktop_notification.terminal_notifier': Not used on non-Darwin systems
[4.032s] INFO:colcon.colcon_core.plugin_system:Skipping extension 'colcon_notification.desktop_notification.win32': Not used on non-Windows systems
[4.033s] INFO:colcon.colcon_notification.desktop_notification:Sending desktop notification using 'notify2'
[4.130s] DEBUG:colcon.colcon_core.event_reactor:joined thread
[4.131s] INFO:colcon.colcon_core.shell:Creating prefix script '/home/yzh/桌面/project-ros/ros-study/topic_practice_ws/install/local_setup.ps1'
[4.138s] INFO:colcon.colcon_core.shell:Creating prefix util module '/home/yzh/桌面/project-ros/ros-study/topic_practice_ws/install/_local_setup_util_ps1.py'
[4.146s] INFO:colcon.colcon_core.shell:Creating prefix chain script '/home/yzh/桌面/project-ros/ros-study/topic_practice_ws/install/setup.ps1'
[4.152s] INFO:colcon.colcon_core.shell:Creating prefix script '/home/yzh/桌面/project-ros/ros-study/topic_practice_ws/install/local_setup.sh'
[4.156s] INFO:colcon.colcon_core.shell:Creating prefix util module '/home/yzh/桌面/project-ros/ros-study/topic_practice_ws/install/_local_setup_util_sh.py'
[4.161s] INFO:colcon.colcon_core.shell:Creating prefix chain script '/home/yzh/桌面/project-ros/ros-study/topic_practice_ws/install/setup.sh'
[4.166s] INFO:colcon.colcon_core.shell:Creating prefix script '/home/yzh/桌面/project-ros/ros-study/topic_practice_ws/install/local_setup.bash'
[4.170s] INFO:colcon.colcon_core.shell:Creating prefix chain script '/home/yzh/桌面/project-ros/ros-study/topic_practice_ws/install/setup.bash'
[4.176s] INFO:colcon.colcon_core.shell:Creating prefix script '/home/yzh/桌面/project-ros/ros-study/topic_practice_ws/install/local_setup.zsh'
[4.180s] INFO:colcon.colcon_core.shell:Creating prefix chain script '/home/yzh/桌面/project-ros/ros-study/topic_practice_ws/install/setup.zsh'
