[0.051s] Invoking command in '/home/yzh/chapt4/build/demo_cpp_service': CMAKE_PREFIX_PATH=/home/yzh/chapt4/install/chapt4_interfaces:/home/yzh/chapt4/install/demo_cpp_service:/opt/ros/humble /usr/bin/cmake --build /home/yzh/chapt4/build/demo_cpp_service -- -j16 -l16
[0.223s] [35m[1mConsolidate compiler generated dependencies of target turtle_control[0m
[0.330s] [ 50%] [32mBuilding CXX object CMakeFiles/turtle_control.dir/src/TurtleController.cpp.o[0m
[37.172s] [100%] [32m[1mLinking CXX executable turtle_control[0m
[38.924s] [100%] Built target turtle_control
[38.997s] Invoked command in '/home/yzh/chapt4/build/demo_cpp_service' returned '0': CMAKE_PREFIX_PATH=/home/yzh/chapt4/install/chapt4_interfaces:/home/yzh/chapt4/install/demo_cpp_service:/opt/ros/humble /usr/bin/cmake --build /home/yzh/chapt4/build/demo_cpp_service -- -j16 -l16
[38.999s] Invoking command in '/home/yzh/chapt4/build/demo_cpp_service': CMAKE_PREFIX_PATH=/home/yzh/chapt4/install/chapt4_interfaces:/home/yzh/chapt4/install/demo_cpp_service:/opt/ros/humble /usr/bin/cmake --install /home/yzh/chapt4/build/demo_cpp_service
[39.045s] -- Install configuration: ""
[39.045s] -- Installing: /home/yzh/chapt4/install/demo_cpp_service/lib/demo_cpp_service/turtle_control
[39.063s] -- Set runtime path of "/home/yzh/chapt4/install/demo_cpp_service/lib/demo_cpp_service/turtle_control" to ""
[39.064s] -- Up-to-date: /home/yzh/chapt4/install/demo_cpp_service/share/ament_index/resource_index/package_run_dependencies/demo_cpp_service
[39.065s] -- Up-to-date: /home/yzh/chapt4/install/demo_cpp_service/share/ament_index/resource_index/parent_prefix_path/demo_cpp_service
[39.066s] -- Up-to-date: /home/yzh/chapt4/install/demo_cpp_service/share/demo_cpp_service/environment/ament_prefix_path.sh
[39.066s] -- Up-to-date: /home/yzh/chapt4/install/demo_cpp_service/share/demo_cpp_service/environment/ament_prefix_path.dsv
[39.067s] -- Up-to-date: /home/yzh/chapt4/install/demo_cpp_service/share/demo_cpp_service/environment/path.sh
[39.067s] -- Up-to-date: /home/yzh/chapt4/install/demo_cpp_service/share/demo_cpp_service/environment/path.dsv
[39.067s] -- Up-to-date: /home/yzh/chapt4/install/demo_cpp_service/share/demo_cpp_service/local_setup.bash
[39.068s] -- Up-to-date: /home/yzh/chapt4/install/demo_cpp_service/share/demo_cpp_service/local_setup.sh
[39.068s] -- Up-to-date: /home/yzh/chapt4/install/demo_cpp_service/share/demo_cpp_service/local_setup.zsh
[39.068s] -- Up-to-date: /home/yzh/chapt4/install/demo_cpp_service/share/demo_cpp_service/local_setup.dsv
[39.068s] -- Installing: /home/yzh/chapt4/install/demo_cpp_service/share/demo_cpp_service/package.dsv
[39.069s] -- Up-to-date: /home/yzh/chapt4/install/demo_cpp_service/share/ament_index/resource_index/packages/demo_cpp_service
[39.069s] -- Up-to-date: /home/yzh/chapt4/install/demo_cpp_service/share/demo_cpp_service/cmake/demo_cpp_serviceConfig.cmake
[39.069s] -- Up-to-date: /home/yzh/chapt4/install/demo_cpp_service/share/demo_cpp_service/cmake/demo_cpp_serviceConfig-version.cmake
[39.069s] -- Up-to-date: /home/yzh/chapt4/install/demo_cpp_service/share/demo_cpp_service/package.xml
[39.078s] Invoked command in '/home/yzh/chapt4/build/demo_cpp_service' returned '0': CMAKE_PREFIX_PATH=/home/yzh/chapt4/install/chapt4_interfaces:/home/yzh/chapt4/install/demo_cpp_service:/opt/ros/humble /usr/bin/cmake --install /home/yzh/chapt4/build/demo_cpp_service
