[0.008s] Invoking command in '/home/yzh/桌面/project-ros/ros-study/chapt2/ws_ros/build/pkg01_helloworld_cpp': CMAKE_PREFIX_PATH=/opt/ros/humble /usr/bin/cmake --build /home/yzh/桌面/project-ros/ros-study/chapt2/ws_ros/build/pkg01_helloworld_cpp -- -j16 -l16
[0.030s] -- Found ament_cmake: 1.3.12 (/opt/ros/humble/share/ament_cmake/cmake)
[0.112s] -- Found rclcpp: 16.0.16 (/opt/ros/humble/share/rclcpp/cmake)
[0.129s] -- Found rosidl_generator_c: 3.1.7 (/opt/ros/humble/share/rosidl_generator_c/cmake)
[0.132s] -- Found rosidl_adapter: 3.1.7 (/opt/ros/humble/share/rosidl_adapter/cmake)
[0.136s] -- Found rosidl_generator_cpp: 3.1.7 (/opt/ros/humble/share/rosidl_generator_cpp/cmake)
[0.142s] -- Using all available rosidl_typesupport_c: rosidl_typesupport_fastrtps_c;rosidl_typesupport_introspection_c
[0.149s] -- Using all available rosidl_typesupport_cpp: rosidl_typesupport_fastrtps_cpp;rosidl_typesupport_introspection_cpp
[0.168s] -- Found rmw_implementation_cmake: 6.1.2 (/opt/ros/humble/share/rmw_implementation_cmake/cmake)
[0.168s] -- Found rmw_fastrtps_cpp: 6.2.9 (/opt/ros/humble/share/rmw_fastrtps_cpp/cmake)
[0.231s] -- Using RMW implementation 'rmw_fastrtps_cpp' as default
[0.260s] -- Found ament_lint_auto: 0.12.14 (/opt/ros/humble/share/ament_lint_auto/cmake)
[0.304s] -- Added test 'cppcheck' to perform static code analysis on C / C++ code
[0.304s] -- Configured cppcheck include dirs: $<BUILD_INTERFACE:/home/yzh/桌面/project-ros/ros-study/chapt2/ws_ros/src/pkg01_helloworld_cpp/include>
[0.304s] -- Configured cppcheck exclude dirs and/or files: 
[0.305s] -- Added test 'lint_cmake' to check CMake code style
[0.307s] -- Added test 'uncrustify' to check C / C++ code style
[0.307s] -- Configured uncrustify additional arguments: 
[0.308s] -- Added test 'xmllint' to check XML markup files
[0.308s] -- Configuring done
[0.349s] -- Generating done
[0.352s] -- Build files have been written to: /home/yzh/桌面/project-ros/ros-study/chapt2/ws_ros/build/pkg01_helloworld_cpp
[0.375s] [35m[1mConsolidate compiler generated dependencies of target helloworld[0m
[0.375s] [35m[1mConsolidate compiler generated dependencies of target person_node[0m
[0.380s] [ 16%] [32mBuilding CXX object CMakeFiles/learn_cpp.dir/src/learn_cpp.cpp.o[0m
[0.391s] [ 50%] [32mBuilding CXX object CMakeFiles/person_node.dir/src/person_node.cpp.o[0m
[0.391s] [ 66%] Built target helloworld
[0.858s] [01m[K/home/yzh/桌面/project-ros/ros-study/chapt2/ws_ros/src/pkg01_helloworld_cpp/src/learn_cpp.cpp:[m[K In function ‘[01m[Kint main(int, char**)[m[K’:
[0.858s] [01m[K/home/yzh/桌面/project-ros/ros-study/chapt2/ws_ros/src/pkg01_helloworld_cpp/src/learn_cpp.cpp:3:14:[m[K [01;35m[Kwarning: [m[Kunused parameter ‘[01m[Kargc[m[K’ [[01;35m[K]8;;https://gcc.gnu.org/onlinedocs/gcc/Warning-Options.html#index-Wunused-parameter-Wunused-parameter]8;;[m[K]
[0.858s]     3 | int main([01;35m[Kint argc[m[K,char **argv){
[0.858s]       |          [01;35m[K~~~~^~~~[m[K
[0.858s] [01m[K/home/yzh/桌面/project-ros/ros-study/chapt2/ws_ros/src/pkg01_helloworld_cpp/src/learn_cpp.cpp:3:26:[m[K [01;35m[Kwarning: [m[Kunused parameter ‘[01m[Kargv[m[K’ [[01;35m[K]8;;https://gcc.gnu.org/onlinedocs/gcc/Warning-Options.html#index-Wunused-parameter-Wunused-parameter]8;;[m[K]
[0.858s]     3 | int main(int argc,[01;35m[Kchar **argv[m[K){
[0.858s]       |                   [01;35m[K~~~~~~~^~~~[m[K
[1.002s] [ 83%] [32m[1mLinking CXX executable learn_cpp[0m
[1.138s] [ 83%] Built target learn_cpp
[3.569s] [100%] [32m[1mLinking CXX executable person_node[0m
[3.659s] [100%] Built target person_node
[3.668s] Invoked command in '/home/yzh/桌面/project-ros/ros-study/chapt2/ws_ros/build/pkg01_helloworld_cpp' returned '0': CMAKE_PREFIX_PATH=/opt/ros/humble /usr/bin/cmake --build /home/yzh/桌面/project-ros/ros-study/chapt2/ws_ros/build/pkg01_helloworld_cpp -- -j16 -l16
[3.676s] Invoking command in '/home/yzh/桌面/project-ros/ros-study/chapt2/ws_ros/build/pkg01_helloworld_cpp': CMAKE_PREFIX_PATH=/opt/ros/humble /usr/bin/cmake --install /home/yzh/桌面/project-ros/ros-study/chapt2/ws_ros/build/pkg01_helloworld_cpp
[3.681s] -- Install configuration: ""
[3.682s] -- Up-to-date: /home/yzh/桌面/project-ros/ros-study/chapt2/ws_ros/install/pkg01_helloworld_cpp/lib/pkg01_helloworld_cpp/helloworld
[3.683s] -- Installing: /home/yzh/桌面/project-ros/ros-study/chapt2/ws_ros/install/pkg01_helloworld_cpp/lib/pkg01_helloworld_cpp/person_node
[3.684s] -- Set runtime path of "/home/yzh/桌面/project-ros/ros-study/chapt2/ws_ros/install/pkg01_helloworld_cpp/lib/pkg01_helloworld_cpp/person_node" to ""
[3.684s] -- Installing: /home/yzh/桌面/project-ros/ros-study/chapt2/ws_ros/install/pkg01_helloworld_cpp/lib/pkg01_helloworld_cpp/learn_cpp
[3.684s] -- Up-to-date: /home/yzh/桌面/project-ros/ros-study/chapt2/ws_ros/install/pkg01_helloworld_cpp/share/ament_index/resource_index/package_run_dependencies/pkg01_helloworld_cpp
[3.684s] -- Installing: /home/yzh/桌面/project-ros/ros-study/chapt2/ws_ros/install/pkg01_helloworld_cpp/share/ament_index/resource_index/parent_prefix_path/pkg01_helloworld_cpp
[3.684s] -- Up-to-date: /home/yzh/桌面/project-ros/ros-study/chapt2/ws_ros/install/pkg01_helloworld_cpp/share/pkg01_helloworld_cpp/environment/ament_prefix_path.sh
[3.684s] -- Installing: /home/yzh/桌面/project-ros/ros-study/chapt2/ws_ros/install/pkg01_helloworld_cpp/share/pkg01_helloworld_cpp/environment/ament_prefix_path.dsv
[3.685s] -- Up-to-date: /home/yzh/桌面/project-ros/ros-study/chapt2/ws_ros/install/pkg01_helloworld_cpp/share/pkg01_helloworld_cpp/environment/path.sh
[3.685s] -- Installing: /home/yzh/桌面/project-ros/ros-study/chapt2/ws_ros/install/pkg01_helloworld_cpp/share/pkg01_helloworld_cpp/environment/path.dsv
[3.685s] -- Up-to-date: /home/yzh/桌面/project-ros/ros-study/chapt2/ws_ros/install/pkg01_helloworld_cpp/share/pkg01_helloworld_cpp/local_setup.bash
[3.685s] -- Up-to-date: /home/yzh/桌面/project-ros/ros-study/chapt2/ws_ros/install/pkg01_helloworld_cpp/share/pkg01_helloworld_cpp/local_setup.sh
[3.685s] -- Up-to-date: /home/yzh/桌面/project-ros/ros-study/chapt2/ws_ros/install/pkg01_helloworld_cpp/share/pkg01_helloworld_cpp/local_setup.zsh
[3.685s] -- Installing: /home/yzh/桌面/project-ros/ros-study/chapt2/ws_ros/install/pkg01_helloworld_cpp/share/pkg01_helloworld_cpp/local_setup.dsv
[3.685s] -- Installing: /home/yzh/桌面/project-ros/ros-study/chapt2/ws_ros/install/pkg01_helloworld_cpp/share/pkg01_helloworld_cpp/package.dsv
[3.685s] -- Up-to-date: /home/yzh/桌面/project-ros/ros-study/chapt2/ws_ros/install/pkg01_helloworld_cpp/share/ament_index/resource_index/packages/pkg01_helloworld_cpp
[3.685s] -- Up-to-date: /home/yzh/桌面/project-ros/ros-study/chapt2/ws_ros/install/pkg01_helloworld_cpp/share/pkg01_helloworld_cpp/cmake/pkg01_helloworld_cppConfig.cmake
[3.685s] -- Up-to-date: /home/yzh/桌面/project-ros/ros-study/chapt2/ws_ros/install/pkg01_helloworld_cpp/share/pkg01_helloworld_cpp/cmake/pkg01_helloworld_cppConfig-version.cmake
[3.686s] -- Up-to-date: /home/yzh/桌面/project-ros/ros-study/chapt2/ws_ros/install/pkg01_helloworld_cpp/share/pkg01_helloworld_cpp/package.xml
[3.686s] Invoked command in '/home/yzh/桌面/project-ros/ros-study/chapt2/ws_ros/build/pkg01_helloworld_cpp' returned '0': CMAKE_PREFIX_PATH=/opt/ros/humble /usr/bin/cmake --install /home/yzh/桌面/project-ros/ros-study/chapt2/ws_ros/build/pkg01_helloworld_cpp
