[0.069s] Invoking command in '/home/yzh/chapt4/build/chapt4_interfaces': CMAKE_PREFIX_PATH=${CMAKE_PREFIX_PATH}:/opt/ros/humble /usr/bin/cmake --build /home/yzh/chapt4/build/chapt4_interfaces -- -j16 -l16
[0.382s] [  2%] Built target chapt4_interfaces__cpp
[0.386s] [ 12%] Built target chapt4_interfaces__rosidl_generator_c
[0.432s] [ 12%] Built target ament_cmake_python_copy_chapt4_interfaces
[0.571s] [ 23%] Built target chapt4_interfaces__rosidl_typesupport_introspection_cpp
[0.574s] [ 33%] Built target chapt4_interfaces__rosidl_typesupport_cpp
[0.576s] [ 43%] Built target chapt4_interfaces__rosidl_typesupport_introspection_c
[0.577s] [ 53%] Built target chapt4_interfaces__rosidl_typesupport_fastrtps_cpp
[0.581s] [ 64%] Built target chapt4_interfaces__rosidl_typesupport_c
[0.582s] [ 74%] Built target chapt4_interfaces__rosidl_typesupport_fastrtps_c
[0.678s] [ 74%] Built target chapt4_interfaces
[0.814s] [ 76%] Built target chapt4_interfaces__py
[0.966s] [ 84%] Built target chapt4_interfaces__rosidl_generator_py
[1.088s] [ 92%] Built target chapt4_interfaces__rosidl_typesupport_c__pyext
[1.088s] [ 94%] Built target chapt4_interfaces__rosidl_typesupport_introspection_c__pyext
[1.093s] [100%] Built target chapt4_interfaces__rosidl_typesupport_fastrtps_c__pyext
[1.434s] running egg_info
[1.437s] writing chapt4_interfaces.egg-info/PKG-INFO
[1.440s] writing dependency_links to chapt4_interfaces.egg-info/dependency_links.txt
[1.441s] writing top-level names to chapt4_interfaces.egg-info/top_level.txt
[1.457s] reading manifest file 'chapt4_interfaces.egg-info/SOURCES.txt'
[1.457s] writing manifest file 'chapt4_interfaces.egg-info/SOURCES.txt'
[1.569s] [100%] Built target ament_cmake_python_build_chapt4_interfaces_egg
[1.633s] Invoked command in '/home/yzh/chapt4/build/chapt4_interfaces' returned '0': CMAKE_PREFIX_PATH=${CMAKE_PREFIX_PATH}:/opt/ros/humble /usr/bin/cmake --build /home/yzh/chapt4/build/chapt4_interfaces -- -j16 -l16
[1.685s] Invoking command in '/home/yzh/chapt4/build/chapt4_interfaces': CMAKE_PREFIX_PATH=${CMAKE_PREFIX_PATH}:/opt/ros/humble /usr/bin/cmake --install /home/yzh/chapt4/build/chapt4_interfaces
[1.739s] -- Install configuration: ""
[1.739s] -- Up-to-date: /home/yzh/chapt4/install/chapt4_interfaces/share/ament_index/resource_index/rosidl_interfaces/chapt4_interfaces
[1.739s] -- Up-to-date: /home/yzh/chapt4/install/chapt4_interfaces/include/chapt4_interfaces/chapt4_interfaces
[1.739s] -- Up-to-date: /home/yzh/chapt4/install/chapt4_interfaces/include/chapt4_interfaces/chapt4_interfaces/srv
[1.740s] -- Up-to-date: /home/yzh/chapt4/install/chapt4_interfaces/include/chapt4_interfaces/chapt4_interfaces/srv/face_detector.h
[1.740s] -- Up-to-date: /home/yzh/chapt4/install/chapt4_interfaces/include/chapt4_interfaces/chapt4_interfaces/srv/patrol.h
[1.740s] -- Up-to-date: /home/yzh/chapt4/install/chapt4_interfaces/include/chapt4_interfaces/chapt4_interfaces/srv/detail
[1.740s] -- Up-to-date: /home/yzh/chapt4/install/chapt4_interfaces/include/chapt4_interfaces/chapt4_interfaces/srv/detail/patrol__type_support.h
[1.741s] -- Up-to-date: /home/yzh/chapt4/install/chapt4_interfaces/include/chapt4_interfaces/chapt4_interfaces/srv/detail/face_detector__functions.h
[1.742s] -- Up-to-date: /home/yzh/chapt4/install/chapt4_interfaces/include/chapt4_interfaces/chapt4_interfaces/srv/detail/patrol__functions.c
[1.742s] -- Up-to-date: /home/yzh/chapt4/install/chapt4_interfaces/include/chapt4_interfaces/chapt4_interfaces/srv/detail/face_detector__functions.c
[1.742s] -- Up-to-date: /home/yzh/chapt4/install/chapt4_interfaces/include/chapt4_interfaces/chapt4_interfaces/srv/detail/face_detector__struct.h
[1.743s] -- Up-to-date: /home/yzh/chapt4/install/chapt4_interfaces/include/chapt4_interfaces/chapt4_interfaces/srv/detail/patrol__struct.h
[1.743s] -- Up-to-date: /home/yzh/chapt4/install/chapt4_interfaces/include/chapt4_interfaces/chapt4_interfaces/srv/detail/face_detector__type_support.h
[1.744s] -- Up-to-date: /home/yzh/chapt4/install/chapt4_interfaces/include/chapt4_interfaces/chapt4_interfaces/srv/detail/patrol__functions.h
[1.744s] -- Up-to-date: /home/yzh/chapt4/install/chapt4_interfaces/include/chapt4_interfaces/chapt4_interfaces/msg
[1.745s] -- Up-to-date: /home/yzh/chapt4/install/chapt4_interfaces/include/chapt4_interfaces/chapt4_interfaces/msg/rosidl_generator_c__visibility_control.h
[1.745s] -- Up-to-date: /home/yzh/chapt4/install/chapt4_interfaces/share/chapt4_interfaces/environment/library_path.sh
[1.746s] -- Up-to-date: /home/yzh/chapt4/install/chapt4_interfaces/share/chapt4_interfaces/environment/library_path.dsv
[1.746s] -- Up-to-date: /home/yzh/chapt4/install/chapt4_interfaces/lib/libchapt4_interfaces__rosidl_generator_c.so
[1.746s] -- Up-to-date: /home/yzh/chapt4/install/chapt4_interfaces/include/chapt4_interfaces/chapt4_interfaces
[1.746s] -- Up-to-date: /home/yzh/chapt4/install/chapt4_interfaces/include/chapt4_interfaces/chapt4_interfaces/srv
[1.746s] -- Up-to-date: /home/yzh/chapt4/install/chapt4_interfaces/include/chapt4_interfaces/chapt4_interfaces/srv/detail
[1.747s] -- Up-to-date: /home/yzh/chapt4/install/chapt4_interfaces/include/chapt4_interfaces/chapt4_interfaces/srv/detail/patrol__rosidl_typesupport_fastrtps_c.h
[1.747s] -- Up-to-date: /home/yzh/chapt4/install/chapt4_interfaces/include/chapt4_interfaces/chapt4_interfaces/srv/detail/face_detector__rosidl_typesupport_fastrtps_c.h
[1.748s] -- Up-to-date: /home/yzh/chapt4/install/chapt4_interfaces/include/chapt4_interfaces/chapt4_interfaces/msg
[1.748s] -- Up-to-date: /home/yzh/chapt4/install/chapt4_interfaces/include/chapt4_interfaces/chapt4_interfaces/msg/rosidl_typesupport_fastrtps_c__visibility_control.h
[1.748s] -- Up-to-date: /home/yzh/chapt4/install/chapt4_interfaces/lib/libchapt4_interfaces__rosidl_typesupport_fastrtps_c.so
[1.749s] -- Up-to-date: /home/yzh/chapt4/install/chapt4_interfaces/include/chapt4_interfaces/chapt4_interfaces
[1.749s] -- Up-to-date: /home/yzh/chapt4/install/chapt4_interfaces/include/chapt4_interfaces/chapt4_interfaces/srv
[1.749s] -- Up-to-date: /home/yzh/chapt4/install/chapt4_interfaces/include/chapt4_interfaces/chapt4_interfaces/srv/face_detector.hpp
[1.750s] -- Up-to-date: /home/yzh/chapt4/install/chapt4_interfaces/include/chapt4_interfaces/chapt4_interfaces/srv/detail
[1.750s] -- Up-to-date: /home/yzh/chapt4/install/chapt4_interfaces/include/chapt4_interfaces/chapt4_interfaces/srv/detail/patrol__traits.hpp
[1.751s] -- Up-to-date: /home/yzh/chapt4/install/chapt4_interfaces/include/chapt4_interfaces/chapt4_interfaces/srv/detail/patrol__struct.hpp
[1.751s] -- Up-to-date: /home/yzh/chapt4/install/chapt4_interfaces/include/chapt4_interfaces/chapt4_interfaces/srv/detail/face_detector__struct.hpp
[1.751s] -- Up-to-date: /home/yzh/chapt4/install/chapt4_interfaces/include/chapt4_interfaces/chapt4_interfaces/srv/detail/face_detector__type_support.hpp
[1.752s] -- Up-to-date: /home/yzh/chapt4/install/chapt4_interfaces/include/chapt4_interfaces/chapt4_interfaces/srv/detail/patrol__type_support.hpp
[1.752s] -- Up-to-date: /home/yzh/chapt4/install/chapt4_interfaces/include/chapt4_interfaces/chapt4_interfaces/srv/detail/patrol__builder.hpp
[1.752s] -- Up-to-date: /home/yzh/chapt4/install/chapt4_interfaces/include/chapt4_interfaces/chapt4_interfaces/srv/detail/face_detector__builder.hpp
[1.752s] -- Up-to-date: /home/yzh/chapt4/install/chapt4_interfaces/include/chapt4_interfaces/chapt4_interfaces/srv/detail/face_detector__traits.hpp
[1.754s] -- Up-to-date: /home/yzh/chapt4/install/chapt4_interfaces/include/chapt4_interfaces/chapt4_interfaces/srv/patrol.hpp
[1.754s] -- Up-to-date: /home/yzh/chapt4/install/chapt4_interfaces/include/chapt4_interfaces/chapt4_interfaces/msg
[1.754s] -- Up-to-date: /home/yzh/chapt4/install/chapt4_interfaces/include/chapt4_interfaces/chapt4_interfaces/msg/rosidl_generator_cpp__visibility_control.hpp
[1.754s] -- Up-to-date: /home/yzh/chapt4/install/chapt4_interfaces/include/chapt4_interfaces/chapt4_interfaces
[1.755s] -- Up-to-date: /home/yzh/chapt4/install/chapt4_interfaces/include/chapt4_interfaces/chapt4_interfaces/srv
[1.755s] -- Up-to-date: /home/yzh/chapt4/install/chapt4_interfaces/include/chapt4_interfaces/chapt4_interfaces/srv/detail
[1.755s] -- Up-to-date: /home/yzh/chapt4/install/chapt4_interfaces/include/chapt4_interfaces/chapt4_interfaces/srv/detail/face_detector__rosidl_typesupport_fastrtps_cpp.hpp
[1.755s] -- Up-to-date: /home/yzh/chapt4/install/chapt4_interfaces/include/chapt4_interfaces/chapt4_interfaces/srv/detail/dds_fastrtps
[1.756s] -- Up-to-date: /home/yzh/chapt4/install/chapt4_interfaces/include/chapt4_interfaces/chapt4_interfaces/srv/detail/patrol__rosidl_typesupport_fastrtps_cpp.hpp
[1.756s] -- Up-to-date: /home/yzh/chapt4/install/chapt4_interfaces/include/chapt4_interfaces/chapt4_interfaces/msg
[1.757s] -- Up-to-date: /home/yzh/chapt4/install/chapt4_interfaces/include/chapt4_interfaces/chapt4_interfaces/msg/rosidl_typesupport_fastrtps_cpp__visibility_control.h
[1.757s] -- Up-to-date: /home/yzh/chapt4/install/chapt4_interfaces/lib/libchapt4_interfaces__rosidl_typesupport_fastrtps_cpp.so
[1.757s] -- Up-to-date: /home/yzh/chapt4/install/chapt4_interfaces/include/chapt4_interfaces/chapt4_interfaces
[1.757s] -- Up-to-date: /home/yzh/chapt4/install/chapt4_interfaces/include/chapt4_interfaces/chapt4_interfaces/srv
[1.757s] -- Up-to-date: /home/yzh/chapt4/install/chapt4_interfaces/include/chapt4_interfaces/chapt4_interfaces/srv/detail
[1.757s] -- Up-to-date: /home/yzh/chapt4/install/chapt4_interfaces/include/chapt4_interfaces/chapt4_interfaces/srv/detail/patrol__rosidl_typesupport_introspection_c.h
[1.758s] -- Up-to-date: /home/yzh/chapt4/install/chapt4_interfaces/include/chapt4_interfaces/chapt4_interfaces/srv/detail/face_detector__type_support.c
[1.758s] -- Up-to-date: /home/yzh/chapt4/install/chapt4_interfaces/include/chapt4_interfaces/chapt4_interfaces/srv/detail/face_detector__rosidl_typesupport_introspection_c.h
[1.759s] -- Up-to-date: /home/yzh/chapt4/install/chapt4_interfaces/include/chapt4_interfaces/chapt4_interfaces/srv/detail/patrol__type_support.c
[1.759s] -- Up-to-date: /home/yzh/chapt4/install/chapt4_interfaces/include/chapt4_interfaces/chapt4_interfaces/msg
[1.759s] -- Up-to-date: /home/yzh/chapt4/install/chapt4_interfaces/include/chapt4_interfaces/chapt4_interfaces/msg/rosidl_typesupport_introspection_c__visibility_control.h
[1.760s] -- Up-to-date: /home/yzh/chapt4/install/chapt4_interfaces/lib/libchapt4_interfaces__rosidl_typesupport_introspection_c.so
[1.760s] -- Up-to-date: /home/yzh/chapt4/install/chapt4_interfaces/lib/libchapt4_interfaces__rosidl_typesupport_c.so
[1.760s] -- Up-to-date: /home/yzh/chapt4/install/chapt4_interfaces/include/chapt4_interfaces/chapt4_interfaces
[1.760s] -- Up-to-date: /home/yzh/chapt4/install/chapt4_interfaces/include/chapt4_interfaces/chapt4_interfaces/srv
[1.761s] -- Up-to-date: /home/yzh/chapt4/install/chapt4_interfaces/include/chapt4_interfaces/chapt4_interfaces/srv/detail
[1.761s] -- Up-to-date: /home/yzh/chapt4/install/chapt4_interfaces/include/chapt4_interfaces/chapt4_interfaces/srv/detail/face_detector__rosidl_typesupport_introspection_cpp.hpp
[1.762s] -- Up-to-date: /home/yzh/chapt4/install/chapt4_interfaces/include/chapt4_interfaces/chapt4_interfaces/srv/detail/patrol__rosidl_typesupport_introspection_cpp.hpp
[1.762s] -- Up-to-date: /home/yzh/chapt4/install/chapt4_interfaces/include/chapt4_interfaces/chapt4_interfaces/srv/detail/face_detector__type_support.cpp
[1.762s] -- Up-to-date: /home/yzh/chapt4/install/chapt4_interfaces/include/chapt4_interfaces/chapt4_interfaces/srv/detail/patrol__type_support.cpp
[1.762s] -- Up-to-date: /home/yzh/chapt4/install/chapt4_interfaces/lib/libchapt4_interfaces__rosidl_typesupport_introspection_cpp.so
[1.763s] -- Up-to-date: /home/yzh/chapt4/install/chapt4_interfaces/lib/libchapt4_interfaces__rosidl_typesupport_cpp.so
[1.763s] -- Up-to-date: /home/yzh/chapt4/install/chapt4_interfaces/share/chapt4_interfaces/environment/pythonpath.sh
[1.764s] -- Up-to-date: /home/yzh/chapt4/install/chapt4_interfaces/share/chapt4_interfaces/environment/pythonpath.dsv
[1.764s] -- Up-to-date: /home/yzh/chapt4/install/chapt4_interfaces/local/lib/python3.10/dist-packages/chapt4_interfaces-0.0.0-py3.10.egg-info
[1.764s] -- Installing: /home/yzh/chapt4/install/chapt4_interfaces/local/lib/python3.10/dist-packages/chapt4_interfaces-0.0.0-py3.10.egg-info/PKG-INFO
[1.765s] -- Installing: /home/yzh/chapt4/install/chapt4_interfaces/local/lib/python3.10/dist-packages/chapt4_interfaces-0.0.0-py3.10.egg-info/dependency_links.txt
[1.765s] -- Installing: /home/yzh/chapt4/install/chapt4_interfaces/local/lib/python3.10/dist-packages/chapt4_interfaces-0.0.0-py3.10.egg-info/SOURCES.txt
[1.766s] -- Installing: /home/yzh/chapt4/install/chapt4_interfaces/local/lib/python3.10/dist-packages/chapt4_interfaces-0.0.0-py3.10.egg-info/top_level.txt
[1.766s] -- Up-to-date: /home/yzh/chapt4/install/chapt4_interfaces/local/lib/python3.10/dist-packages/chapt4_interfaces
[1.766s] -- Up-to-date: /home/yzh/chapt4/install/chapt4_interfaces/local/lib/python3.10/dist-packages/chapt4_interfaces/_chapt4_interfaces_s.ep.rosidl_typesupport_fastrtps_c.c
[1.766s] -- Up-to-date: /home/yzh/chapt4/install/chapt4_interfaces/local/lib/python3.10/dist-packages/chapt4_interfaces/srv
[1.766s] -- Up-to-date: /home/yzh/chapt4/install/chapt4_interfaces/local/lib/python3.10/dist-packages/chapt4_interfaces/srv/_face_detector.py
[1.766s] -- Up-to-date: /home/yzh/chapt4/install/chapt4_interfaces/local/lib/python3.10/dist-packages/chapt4_interfaces/srv/_patrol_s.c
[1.766s] -- Up-to-date: /home/yzh/chapt4/install/chapt4_interfaces/local/lib/python3.10/dist-packages/chapt4_interfaces/srv/_face_detector_s.c
[1.767s] -- Up-to-date: /home/yzh/chapt4/install/chapt4_interfaces/local/lib/python3.10/dist-packages/chapt4_interfaces/srv/__init__.py
[1.767s] -- Up-to-date: /home/yzh/chapt4/install/chapt4_interfaces/local/lib/python3.10/dist-packages/chapt4_interfaces/srv/_patrol.py
[1.767s] -- Up-to-date: /home/yzh/chapt4/install/chapt4_interfaces/local/lib/python3.10/dist-packages/chapt4_interfaces/chapt4_interfaces_s__rosidl_typesupport_introspection_c.cpython-310-x86_64-linux-gnu.so
[1.767s] -- Up-to-date: /home/yzh/chapt4/install/chapt4_interfaces/local/lib/python3.10/dist-packages/chapt4_interfaces/chapt4_interfaces_s__rosidl_typesupport_fastrtps_c.cpython-310-x86_64-linux-gnu.so
[1.767s] -- Up-to-date: /home/yzh/chapt4/install/chapt4_interfaces/local/lib/python3.10/dist-packages/chapt4_interfaces/_chapt4_interfaces_s.ep.rosidl_typesupport_c.c
[1.767s] -- Up-to-date: /home/yzh/chapt4/install/chapt4_interfaces/local/lib/python3.10/dist-packages/chapt4_interfaces/__init__.py
[1.768s] -- Up-to-date: /home/yzh/chapt4/install/chapt4_interfaces/local/lib/python3.10/dist-packages/chapt4_interfaces/libchapt4_interfaces__rosidl_generator_py.so
[1.768s] -- Up-to-date: /home/yzh/chapt4/install/chapt4_interfaces/local/lib/python3.10/dist-packages/chapt4_interfaces/chapt4_interfaces_s__rosidl_typesupport_c.cpython-310-x86_64-linux-gnu.so
[1.768s] -- Up-to-date: /home/yzh/chapt4/install/chapt4_interfaces/local/lib/python3.10/dist-packages/chapt4_interfaces/_chapt4_interfaces_s.ep.rosidl_typesupport_introspection_c.c
[1.873s] Listing '/home/yzh/chapt4/install/chapt4_interfaces/local/lib/python3.10/dist-packages/chapt4_interfaces'...
[1.874s] Listing '/home/yzh/chapt4/install/chapt4_interfaces/local/lib/python3.10/dist-packages/chapt4_interfaces/srv'...
[1.887s] -- Up-to-date: /home/yzh/chapt4/install/chapt4_interfaces/local/lib/python3.10/dist-packages/chapt4_interfaces/chapt4_interfaces_s__rosidl_typesupport_fastrtps_c.cpython-310-x86_64-linux-gnu.so
[1.888s] -- Up-to-date: /home/yzh/chapt4/install/chapt4_interfaces/local/lib/python3.10/dist-packages/chapt4_interfaces/chapt4_interfaces_s__rosidl_typesupport_introspection_c.cpython-310-x86_64-linux-gnu.so
[1.889s] -- Up-to-date: /home/yzh/chapt4/install/chapt4_interfaces/local/lib/python3.10/dist-packages/chapt4_interfaces/chapt4_interfaces_s__rosidl_typesupport_c.cpython-310-x86_64-linux-gnu.so
[1.892s] -- Up-to-date: /home/yzh/chapt4/install/chapt4_interfaces/lib/libchapt4_interfaces__rosidl_generator_py.so
[1.894s] -- Up-to-date: /home/yzh/chapt4/install/chapt4_interfaces/share/chapt4_interfaces/srv/FaceDetector.idl
[1.894s] -- Up-to-date: /home/yzh/chapt4/install/chapt4_interfaces/share/chapt4_interfaces/srv/Patrol.idl
[1.895s] -- Up-to-date: /home/yzh/chapt4/install/chapt4_interfaces/share/chapt4_interfaces/srv/FaceDetector.srv
[1.896s] -- Up-to-date: /home/yzh/chapt4/install/chapt4_interfaces/share/chapt4_interfaces/srv/FaceDetector_Request.msg
[1.896s] -- Up-to-date: /home/yzh/chapt4/install/chapt4_interfaces/share/chapt4_interfaces/srv/FaceDetector_Response.msg
[1.897s] -- Up-to-date: /home/yzh/chapt4/install/chapt4_interfaces/share/chapt4_interfaces/srv/Patrol.srv
[1.897s] -- Up-to-date: /home/yzh/chapt4/install/chapt4_interfaces/share/chapt4_interfaces/srv/Patrol_Request.msg
[1.898s] -- Up-to-date: /home/yzh/chapt4/install/chapt4_interfaces/share/chapt4_interfaces/srv/Patrol_Response.msg
[1.898s] -- Up-to-date: /home/yzh/chapt4/install/chapt4_interfaces/share/ament_index/resource_index/package_run_dependencies/chapt4_interfaces
[1.898s] -- Up-to-date: /home/yzh/chapt4/install/chapt4_interfaces/share/ament_index/resource_index/parent_prefix_path/chapt4_interfaces
[1.898s] -- Up-to-date: /home/yzh/chapt4/install/chapt4_interfaces/share/chapt4_interfaces/environment/ament_prefix_path.sh
[1.899s] -- Up-to-date: /home/yzh/chapt4/install/chapt4_interfaces/share/chapt4_interfaces/environment/ament_prefix_path.dsv
[1.899s] -- Up-to-date: /home/yzh/chapt4/install/chapt4_interfaces/share/chapt4_interfaces/environment/path.sh
[1.900s] -- Up-to-date: /home/yzh/chapt4/install/chapt4_interfaces/share/chapt4_interfaces/environment/path.dsv
[1.900s] -- Up-to-date: /home/yzh/chapt4/install/chapt4_interfaces/share/chapt4_interfaces/local_setup.bash
[1.902s] -- Up-to-date: /home/yzh/chapt4/install/chapt4_interfaces/share/chapt4_interfaces/local_setup.sh
[1.902s] -- Up-to-date: /home/yzh/chapt4/install/chapt4_interfaces/share/chapt4_interfaces/local_setup.zsh
[1.902s] -- Up-to-date: /home/yzh/chapt4/install/chapt4_interfaces/share/chapt4_interfaces/local_setup.dsv
[1.902s] -- Installing: /home/yzh/chapt4/install/chapt4_interfaces/share/chapt4_interfaces/package.dsv
[1.903s] -- Up-to-date: /home/yzh/chapt4/install/chapt4_interfaces/share/ament_index/resource_index/packages/chapt4_interfaces
[1.903s] -- Up-to-date: /home/yzh/chapt4/install/chapt4_interfaces/share/chapt4_interfaces/cmake/export_chapt4_interfaces__rosidl_generator_cExport.cmake
[1.903s] -- Up-to-date: /home/yzh/chapt4/install/chapt4_interfaces/share/chapt4_interfaces/cmake/export_chapt4_interfaces__rosidl_generator_cExport-noconfig.cmake
[1.903s] -- Up-to-date: /home/yzh/chapt4/install/chapt4_interfaces/share/chapt4_interfaces/cmake/export_chapt4_interfaces__rosidl_typesupport_fastrtps_cExport.cmake
[1.904s] -- Up-to-date: /home/yzh/chapt4/install/chapt4_interfaces/share/chapt4_interfaces/cmake/export_chapt4_interfaces__rosidl_typesupport_fastrtps_cExport-noconfig.cmake
[1.904s] -- Up-to-date: /home/yzh/chapt4/install/chapt4_interfaces/share/chapt4_interfaces/cmake/export_chapt4_interfaces__rosidl_generator_cppExport.cmake
[1.904s] -- Up-to-date: /home/yzh/chapt4/install/chapt4_interfaces/share/chapt4_interfaces/cmake/export_chapt4_interfaces__rosidl_typesupport_fastrtps_cppExport.cmake
[1.905s] -- Up-to-date: /home/yzh/chapt4/install/chapt4_interfaces/share/chapt4_interfaces/cmake/export_chapt4_interfaces__rosidl_typesupport_fastrtps_cppExport-noconfig.cmake
[1.906s] -- Up-to-date: /home/yzh/chapt4/install/chapt4_interfaces/share/chapt4_interfaces/cmake/chapt4_interfaces__rosidl_typesupport_introspection_cExport.cmake
[1.906s] -- Up-to-date: /home/yzh/chapt4/install/chapt4_interfaces/share/chapt4_interfaces/cmake/chapt4_interfaces__rosidl_typesupport_introspection_cExport-noconfig.cmake
[1.906s] -- Up-to-date: /home/yzh/chapt4/install/chapt4_interfaces/share/chapt4_interfaces/cmake/chapt4_interfaces__rosidl_typesupport_cExport.cmake
[1.907s] -- Up-to-date: /home/yzh/chapt4/install/chapt4_interfaces/share/chapt4_interfaces/cmake/chapt4_interfaces__rosidl_typesupport_cExport-noconfig.cmake
[1.908s] -- Up-to-date: /home/yzh/chapt4/install/chapt4_interfaces/share/chapt4_interfaces/cmake/chapt4_interfaces__rosidl_typesupport_introspection_cppExport.cmake
[1.909s] -- Up-to-date: /home/yzh/chapt4/install/chapt4_interfaces/share/chapt4_interfaces/cmake/chapt4_interfaces__rosidl_typesupport_introspection_cppExport-noconfig.cmake
[1.909s] -- Up-to-date: /home/yzh/chapt4/install/chapt4_interfaces/share/chapt4_interfaces/cmake/chapt4_interfaces__rosidl_typesupport_cppExport.cmake
[1.909s] -- Up-to-date: /home/yzh/chapt4/install/chapt4_interfaces/share/chapt4_interfaces/cmake/chapt4_interfaces__rosidl_typesupport_cppExport-noconfig.cmake
[1.909s] -- Up-to-date: /home/yzh/chapt4/install/chapt4_interfaces/share/chapt4_interfaces/cmake/export_chapt4_interfaces__rosidl_generator_pyExport.cmake
[1.910s] -- Up-to-date: /home/yzh/chapt4/install/chapt4_interfaces/share/chapt4_interfaces/cmake/export_chapt4_interfaces__rosidl_generator_pyExport-noconfig.cmake
[1.910s] -- Up-to-date: /home/yzh/chapt4/install/chapt4_interfaces/share/chapt4_interfaces/cmake/rosidl_cmake-extras.cmake
[1.910s] -- Up-to-date: /home/yzh/chapt4/install/chapt4_interfaces/share/chapt4_interfaces/cmake/ament_cmake_export_dependencies-extras.cmake
[1.911s] -- Up-to-date: /home/yzh/chapt4/install/chapt4_interfaces/share/chapt4_interfaces/cmake/ament_cmake_export_include_directories-extras.cmake
[1.911s] -- Up-to-date: /home/yzh/chapt4/install/chapt4_interfaces/share/chapt4_interfaces/cmake/ament_cmake_export_libraries-extras.cmake
[1.911s] -- Up-to-date: /home/yzh/chapt4/install/chapt4_interfaces/share/chapt4_interfaces/cmake/ament_cmake_export_targets-extras.cmake
[1.912s] -- Up-to-date: /home/yzh/chapt4/install/chapt4_interfaces/share/chapt4_interfaces/cmake/rosidl_cmake_export_typesupport_targets-extras.cmake
[1.913s] -- Up-to-date: /home/yzh/chapt4/install/chapt4_interfaces/share/chapt4_interfaces/cmake/rosidl_cmake_export_typesupport_libraries-extras.cmake
[1.913s] -- Up-to-date: /home/yzh/chapt4/install/chapt4_interfaces/share/chapt4_interfaces/cmake/chapt4_interfacesConfig.cmake
[1.914s] -- Up-to-date: /home/yzh/chapt4/install/chapt4_interfaces/share/chapt4_interfaces/cmake/chapt4_interfacesConfig-version.cmake
[1.915s] -- Up-to-date: /home/yzh/chapt4/install/chapt4_interfaces/share/chapt4_interfaces/package.xml
[1.920s] Invoked command in '/home/yzh/chapt4/build/chapt4_interfaces' returned '0': CMAKE_PREFIX_PATH=${CMAKE_PREFIX_PATH}:/opt/ros/humble /usr/bin/cmake --install /home/yzh/chapt4/build/chapt4_interfaces
