[0.458s] DEBUG:colcon:Command line arguments: ['/usr/bin/colcon', 'build']
[0.458s] DEBUG:colcon:Parsed command line arguments: Namespace(log_base=None, log_level=None, verb_name='build', build_base='build', install_base='install', merge_install=False, symlink_install=False, test_result_base=None, continue_on_error=False, executor='parallel', parallel_workers=16, event_handlers=None, ignore_user_meta=False, metas=['./colcon.meta'], base_paths=['.'], packages_ignore=None, packages_ignore_regex=None, paths=None, packages_up_to=None, packages_up_to_regex=None, packages_above=None, packages_above_and_dependencies=None, packages_above_depth=None, packages_select_by_dep=None, packages_skip_by_dep=None, packages_skip_up_to=None, packages_select_build_failed=False, packages_skip_build_finished=False, packages_select_test_failures=False, packages_skip_test_passed=False, packages_select=None, packages_skip=None, packages_select_regex=None, packages_skip_regex=None, packages_start=None, packages_end=None, allow_overriding=[], cmake_args=None, cmake_target=None, cmake_target_skip_unavailable=False, cmake_clean_cache=False, cmake_clean_first=False, cmake_force_configure=False, ament_cmake_args=None, catkin_cmake_args=None, catkin_skip_building_tests=False, verb_parser=<colcon_defaults.argument_parser.defaults.DefaultArgumentsDecorator object at 0x7778b8f47970>, verb_extension=<colcon_core.verb.build.BuildVerb object at 0x7778b9074ee0>, main=<bound method BuildVerb.main of <colcon_core.verb.build.BuildVerb object at 0x7778b9074ee0>>)
[1.145s] Level 1:colcon.colcon_core.package_discovery:discover_packages(colcon_meta) check parameters
[1.145s] Level 1:colcon.colcon_core.package_discovery:discover_packages(recursive) check parameters
[1.145s] Level 1:colcon.colcon_core.package_discovery:discover_packages(ignore) check parameters
[1.145s] Level 1:colcon.colcon_core.package_discovery:discover_packages(path) check parameters
[1.146s] Level 1:colcon.colcon_core.package_discovery:discover_packages(colcon_meta) discover
[1.146s] Level 1:colcon.colcon_core.package_discovery:discover_packages(recursive) discover
[1.146s] INFO:colcon.colcon_core.package_discovery:Crawling recursively for packages in '/home/yzh/桌面/project-ros/ros-study/chapt6'
[1.147s] Level 1:colcon.colcon_core.package_identification:_identify(.) by extensions ['ignore', 'ignore_ament_install']
[1.147s] Level 1:colcon.colcon_core.package_identification:_identify(.) by extension 'ignore'
[1.148s] Level 1:colcon.colcon_core.package_identification:_identify(.) by extension 'ignore_ament_install'
[1.148s] Level 1:colcon.colcon_core.package_identification:_identify(.) by extensions ['colcon_pkg']
[1.148s] Level 1:colcon.colcon_core.package_identification:_identify(.) by extension 'colcon_pkg'
[1.148s] Level 1:colcon.colcon_core.package_identification:_identify(.) by extensions ['colcon_meta']
[1.148s] Level 1:colcon.colcon_core.package_identification:_identify(.) by extension 'colcon_meta'
[1.148s] Level 1:colcon.colcon_core.package_identification:_identify(.) by extensions ['ros']
[1.149s] Level 1:colcon.colcon_core.package_identification:_identify(.) by extension 'ros'
[1.195s] Level 1:colcon.colcon_core.package_identification:_identify(.) by extensions ['cmake', 'python']
[1.195s] Level 1:colcon.colcon_core.package_identification:_identify(.) by extension 'cmake'
[1.196s] Level 1:colcon.colcon_core.package_identification:_identify(.) by extension 'python'
[1.196s] Level 1:colcon.colcon_core.package_identification:_identify(.) by extensions ['python_setup_py']
[1.196s] Level 1:colcon.colcon_core.package_identification:_identify(.) by extension 'python_setup_py'
[1.197s] Level 1:colcon.colcon_core.package_identification:_identify(build) by extensions ['ignore', 'ignore_ament_install']
[1.197s] Level 1:colcon.colcon_core.package_identification:_identify(build) by extension 'ignore'
[1.197s] Level 1:colcon.colcon_core.package_identification:_identify(build) ignored
[1.198s] Level 1:colcon.colcon_core.package_identification:_identify(install) by extensions ['ignore', 'ignore_ament_install']
[1.199s] Level 1:colcon.colcon_core.package_identification:_identify(install) by extension 'ignore'
[1.199s] Level 1:colcon.colcon_core.package_identification:_identify(install) ignored
[1.200s] Level 1:colcon.colcon_core.package_identification:_identify(log) by extensions ['ignore', 'ignore_ament_install']
[1.201s] Level 1:colcon.colcon_core.package_identification:_identify(log) by extension 'ignore'
[1.201s] Level 1:colcon.colcon_core.package_identification:_identify(log) ignored
[1.202s] Level 1:colcon.colcon_core.package_identification:_identify(src) by extensions ['ignore', 'ignore_ament_install']
[1.202s] Level 1:colcon.colcon_core.package_identification:_identify(src) by extension 'ignore'
[1.203s] Level 1:colcon.colcon_core.package_identification:_identify(src) by extension 'ignore_ament_install'
[1.203s] Level 1:colcon.colcon_core.package_identification:_identify(src) by extensions ['colcon_pkg']
[1.203s] Level 1:colcon.colcon_core.package_identification:_identify(src) by extension 'colcon_pkg'
[1.204s] Level 1:colcon.colcon_core.package_identification:_identify(src) by extensions ['colcon_meta']
[1.205s] Level 1:colcon.colcon_core.package_identification:_identify(src) by extension 'colcon_meta'
[1.205s] Level 1:colcon.colcon_core.package_identification:_identify(src) by extensions ['ros']
[1.205s] Level 1:colcon.colcon_core.package_identification:_identify(src) by extension 'ros'
[1.206s] Level 1:colcon.colcon_core.package_identification:_identify(src) by extensions ['cmake', 'python']
[1.207s] Level 1:colcon.colcon_core.package_identification:_identify(src) by extension 'cmake'
[1.207s] Level 1:colcon.colcon_core.package_identification:_identify(src) by extension 'python'
[1.207s] Level 1:colcon.colcon_core.package_identification:_identify(src) by extensions ['python_setup_py']
[1.207s] Level 1:colcon.colcon_core.package_identification:_identify(src) by extension 'python_setup_py'
[1.208s] Level 1:colcon.colcon_core.package_identification:_identify(src/fishbot_description) by extensions ['ignore', 'ignore_ament_install']
[1.208s] Level 1:colcon.colcon_core.package_identification:_identify(src/fishbot_description) by extension 'ignore'
[1.208s] Level 1:colcon.colcon_core.package_identification:_identify(src/fishbot_description) by extension 'ignore_ament_install'
[1.209s] Level 1:colcon.colcon_core.package_identification:_identify(src/fishbot_description) by extensions ['colcon_pkg']
[1.209s] Level 1:colcon.colcon_core.package_identification:_identify(src/fishbot_description) by extension 'colcon_pkg'
[1.209s] Level 1:colcon.colcon_core.package_identification:_identify(src/fishbot_description) by extensions ['colcon_meta']
[1.209s] Level 1:colcon.colcon_core.package_identification:_identify(src/fishbot_description) by extension 'colcon_meta'
[1.209s] Level 1:colcon.colcon_core.package_identification:_identify(src/fishbot_description) by extensions ['ros']
[1.210s] Level 1:colcon.colcon_core.package_identification:_identify(src/fishbot_description) by extension 'ros'
[1.217s] DEBUG:colcon.colcon_core.package_identification:Package 'src/fishbot_description' with type 'ros.ament_cmake' and name 'fishbot_description'
[1.217s] Level 1:colcon.colcon_core.package_discovery:discover_packages(recursive) using defaults
[1.218s] Level 1:colcon.colcon_core.package_discovery:discover_packages(ignore) discover
[1.218s] Level 1:colcon.colcon_core.package_discovery:discover_packages(ignore) using defaults
[1.218s] Level 1:colcon.colcon_core.package_discovery:discover_packages(path) discover
[1.218s] Level 1:colcon.colcon_core.package_discovery:discover_packages(path) using defaults
[1.268s] Level 1:colcon.colcon_core.package_discovery:discover_packages(prefix_path) check parameters
[1.268s] Level 1:colcon.colcon_core.package_discovery:discover_packages(prefix_path) discover
[1.274s] DEBUG:colcon.colcon_installed_package_information.package_discovery:Found 281 installed packages in /opt/ros/humble
[1.309s] Level 1:colcon.colcon_core.package_discovery:discover_packages(prefix_path) using defaults
[1.495s] Level 5:colcon.colcon_core.verb:set package 'fishbot_description' build argument 'cmake_args' from command line to 'None'
[1.495s] Level 5:colcon.colcon_core.verb:set package 'fishbot_description' build argument 'cmake_target' from command line to 'None'
[1.495s] Level 5:colcon.colcon_core.verb:set package 'fishbot_description' build argument 'cmake_target_skip_unavailable' from command line to 'False'
[1.495s] Level 5:colcon.colcon_core.verb:set package 'fishbot_description' build argument 'cmake_clean_cache' from command line to 'False'
[1.496s] Level 5:colcon.colcon_core.verb:set package 'fishbot_description' build argument 'cmake_clean_first' from command line to 'False'
[1.496s] Level 5:colcon.colcon_core.verb:set package 'fishbot_description' build argument 'cmake_force_configure' from command line to 'False'
[1.496s] Level 5:colcon.colcon_core.verb:set package 'fishbot_description' build argument 'ament_cmake_args' from command line to 'None'
[1.496s] Level 5:colcon.colcon_core.verb:set package 'fishbot_description' build argument 'catkin_cmake_args' from command line to 'None'
[1.496s] Level 5:colcon.colcon_core.verb:set package 'fishbot_description' build argument 'catkin_skip_building_tests' from command line to 'False'
[1.496s] DEBUG:colcon.colcon_core.verb:Building package 'fishbot_description' with the following arguments: {'ament_cmake_args': None, 'build_base': '/home/yzh/桌面/project-ros/ros-study/chapt6/build/fishbot_description', 'catkin_cmake_args': None, 'catkin_skip_building_tests': False, 'cmake_args': None, 'cmake_clean_cache': False, 'cmake_clean_first': False, 'cmake_force_configure': False, 'cmake_target': None, 'cmake_target_skip_unavailable': False, 'install_base': '/home/yzh/桌面/project-ros/ros-study/chapt6/install/fishbot_description', 'merge_install': False, 'path': '/home/yzh/桌面/project-ros/ros-study/chapt6/src/fishbot_description', 'symlink_install': False, 'test_result_base': None}
[1.497s] INFO:colcon.colcon_core.executor:Executing jobs using 'parallel' executor
[1.500s] DEBUG:colcon.colcon_parallel_executor.executor.parallel:run_until_complete
[1.501s] INFO:colcon.colcon_ros.task.ament_cmake.build:Building ROS package in '/home/yzh/桌面/project-ros/ros-study/chapt6/src/fishbot_description' with build type 'ament_cmake'
[1.501s] INFO:colcon.colcon_cmake.task.cmake.build:Building CMake package in '/home/yzh/桌面/project-ros/ros-study/chapt6/src/fishbot_description'
[1.510s] INFO:colcon.colcon_core.plugin_system:Skipping extension 'colcon_core.shell.bat': Not used on non-Windows systems
[1.511s] INFO:colcon.colcon_core.shell:Skip shell extension 'powershell' for command environment: Not usable outside of PowerShell
[1.511s] DEBUG:colcon.colcon_core.shell:Skip shell extension 'dsv' for command environment
[1.560s] DEBUG:colcon.colcon_core.event_handler.log_command:Invoking command in '/home/yzh/桌面/project-ros/ros-study/chapt6/build/fishbot_description': CMAKE_PREFIX_PATH=/opt/ros/humble /usr/bin/cmake --build /home/yzh/桌面/project-ros/ros-study/chapt6/build/fishbot_description -- -j16 -l16
[1.734s] DEBUG:colcon.colcon_core.event_handler.log_command:Invoked command in '/home/yzh/桌面/project-ros/ros-study/chapt6/build/fishbot_description' returned '0': CMAKE_PREFIX_PATH=/opt/ros/humble /usr/bin/cmake --build /home/yzh/桌面/project-ros/ros-study/chapt6/build/fishbot_description -- -j16 -l16
[1.769s] DEBUG:colcon.colcon_core.event_handler.log_command:Invoking command in '/home/yzh/桌面/project-ros/ros-study/chapt6/build/fishbot_description': CMAKE_PREFIX_PATH=/opt/ros/humble /usr/bin/cmake --install /home/yzh/桌面/project-ros/ros-study/chapt6/build/fishbot_description
[1.834s] Level 1:colcon.colcon_core.environment:create_environment_scripts_only(fishbot_description)
[1.856s] DEBUG:colcon.colcon_core.event_handler.log_command:Invoked command in '/home/yzh/桌面/project-ros/ros-study/chapt6/build/fishbot_description' returned '0': CMAKE_PREFIX_PATH=/opt/ros/humble /usr/bin/cmake --install /home/yzh/桌面/project-ros/ros-study/chapt6/build/fishbot_description
[1.859s] Level 1:colcon.colcon_core.environment:checking '/home/yzh/桌面/project-ros/ros-study/chapt6/install/fishbot_description' for CMake module files
[1.861s] Level 1:colcon.colcon_core.environment:checking '/home/yzh/桌面/project-ros/ros-study/chapt6/install/fishbot_description' for CMake config files
[1.862s] Level 1:colcon.colcon_core.shell:create_environment_hook('fishbot_description', 'cmake_prefix_path')
[1.864s] INFO:colcon.colcon_core.shell:Creating environment hook '/home/yzh/桌面/project-ros/ros-study/chapt6/install/fishbot_description/share/fishbot_description/hook/cmake_prefix_path.ps1'
[1.865s] INFO:colcon.colcon_core.shell:Creating environment descriptor '/home/yzh/桌面/project-ros/ros-study/chapt6/install/fishbot_description/share/fishbot_description/hook/cmake_prefix_path.dsv'
[1.866s] INFO:colcon.colcon_core.shell:Creating environment hook '/home/yzh/桌面/project-ros/ros-study/chapt6/install/fishbot_description/share/fishbot_description/hook/cmake_prefix_path.sh'
[1.869s] Level 1:colcon.colcon_core.environment:checking '/home/yzh/桌面/project-ros/ros-study/chapt6/install/fishbot_description/bin'
[1.869s] Level 1:colcon.colcon_core.environment:checking '/home/yzh/桌面/project-ros/ros-study/chapt6/install/fishbot_description/lib/pkgconfig/fishbot_description.pc'
[1.870s] Level 1:colcon.colcon_core.environment:checking '/home/yzh/桌面/project-ros/ros-study/chapt6/install/fishbot_description/lib/python3.10/site-packages'
[1.870s] Level 1:colcon.colcon_core.environment:checking '/home/yzh/桌面/project-ros/ros-study/chapt6/install/fishbot_description/bin'
[1.871s] INFO:colcon.colcon_core.shell:Creating package script '/home/yzh/桌面/project-ros/ros-study/chapt6/install/fishbot_description/share/fishbot_description/package.ps1'
[1.873s] INFO:colcon.colcon_core.shell:Creating package descriptor '/home/yzh/桌面/project-ros/ros-study/chapt6/install/fishbot_description/share/fishbot_description/package.dsv'
[1.874s] INFO:colcon.colcon_core.shell:Creating package script '/home/yzh/桌面/project-ros/ros-study/chapt6/install/fishbot_description/share/fishbot_description/package.sh'
[1.876s] INFO:colcon.colcon_core.shell:Creating package script '/home/yzh/桌面/project-ros/ros-study/chapt6/install/fishbot_description/share/fishbot_description/package.bash'
[1.881s] INFO:colcon.colcon_core.shell:Creating package script '/home/yzh/桌面/project-ros/ros-study/chapt6/install/fishbot_description/share/fishbot_description/package.zsh'
[1.885s] Level 1:colcon.colcon_core.environment:create_file_with_runtime_dependencies(/home/yzh/桌面/project-ros/ros-study/chapt6/install/fishbot_description/share/colcon-core/packages/fishbot_description)
[1.887s] Level 1:colcon.colcon_core.environment:create_environment_scripts_only(fishbot_description)
[1.887s] Level 1:colcon.colcon_core.environment:checking '/home/yzh/桌面/project-ros/ros-study/chapt6/install/fishbot_description' for CMake module files
[1.889s] Level 1:colcon.colcon_core.environment:checking '/home/yzh/桌面/project-ros/ros-study/chapt6/install/fishbot_description' for CMake config files
[1.890s] Level 1:colcon.colcon_core.shell:create_environment_hook('fishbot_description', 'cmake_prefix_path')
[1.891s] INFO:colcon.colcon_core.shell:Creating environment hook '/home/yzh/桌面/project-ros/ros-study/chapt6/install/fishbot_description/share/fishbot_description/hook/cmake_prefix_path.ps1'
[1.892s] INFO:colcon.colcon_core.shell:Creating environment descriptor '/home/yzh/桌面/project-ros/ros-study/chapt6/install/fishbot_description/share/fishbot_description/hook/cmake_prefix_path.dsv'
[1.893s] INFO:colcon.colcon_core.shell:Creating environment hook '/home/yzh/桌面/project-ros/ros-study/chapt6/install/fishbot_description/share/fishbot_description/hook/cmake_prefix_path.sh'
[1.894s] Level 1:colcon.colcon_core.environment:checking '/home/yzh/桌面/project-ros/ros-study/chapt6/install/fishbot_description/bin'
[1.894s] Level 1:colcon.colcon_core.environment:checking '/home/yzh/桌面/project-ros/ros-study/chapt6/install/fishbot_description/lib/pkgconfig/fishbot_description.pc'
[1.894s] Level 1:colcon.colcon_core.environment:checking '/home/yzh/桌面/project-ros/ros-study/chapt6/install/fishbot_description/lib/python3.10/site-packages'
[1.895s] Level 1:colcon.colcon_core.environment:checking '/home/yzh/桌面/project-ros/ros-study/chapt6/install/fishbot_description/bin'
[1.896s] INFO:colcon.colcon_core.shell:Creating package script '/home/yzh/桌面/project-ros/ros-study/chapt6/install/fishbot_description/share/fishbot_description/package.ps1'
[1.898s] INFO:colcon.colcon_core.shell:Creating package descriptor '/home/yzh/桌面/project-ros/ros-study/chapt6/install/fishbot_description/share/fishbot_description/package.dsv'
[1.899s] INFO:colcon.colcon_core.shell:Creating package script '/home/yzh/桌面/project-ros/ros-study/chapt6/install/fishbot_description/share/fishbot_description/package.sh'
[1.899s] INFO:colcon.colcon_core.shell:Creating package script '/home/yzh/桌面/project-ros/ros-study/chapt6/install/fishbot_description/share/fishbot_description/package.bash'
[1.900s] INFO:colcon.colcon_core.shell:Creating package script '/home/yzh/桌面/project-ros/ros-study/chapt6/install/fishbot_description/share/fishbot_description/package.zsh'
[1.902s] Level 1:colcon.colcon_core.environment:create_file_with_runtime_dependencies(/home/yzh/桌面/project-ros/ros-study/chapt6/install/fishbot_description/share/colcon-core/packages/fishbot_description)
[1.903s] DEBUG:colcon.colcon_parallel_executor.executor.parallel:closing loop
[1.905s] DEBUG:colcon.colcon_parallel_executor.executor.parallel:loop closed
[1.905s] DEBUG:colcon.colcon_parallel_executor.executor.parallel:run_until_complete finished with '0'
[1.905s] DEBUG:colcon.colcon_core.event_reactor:joining thread
[1.928s] INFO:colcon.colcon_core.plugin_system:Skipping extension 'colcon_notification.desktop_notification.terminal_notifier': Not used on non-Darwin systems
[1.929s] INFO:colcon.colcon_core.plugin_system:Skipping extension 'colcon_notification.desktop_notification.win32': Not used on non-Windows systems
[1.929s] INFO:colcon.colcon_notification.desktop_notification:Sending desktop notification using 'notify2'
[2.002s] DEBUG:colcon.colcon_core.event_reactor:joined thread
[2.003s] INFO:colcon.colcon_core.shell:Creating prefix script '/home/yzh/桌面/project-ros/ros-study/chapt6/install/local_setup.ps1'
[2.007s] INFO:colcon.colcon_core.shell:Creating prefix util module '/home/yzh/桌面/project-ros/ros-study/chapt6/install/_local_setup_util_ps1.py'
[2.010s] INFO:colcon.colcon_core.shell:Creating prefix chain script '/home/yzh/桌面/project-ros/ros-study/chapt6/install/setup.ps1'
[2.012s] INFO:colcon.colcon_core.shell:Creating prefix script '/home/yzh/桌面/project-ros/ros-study/chapt6/install/local_setup.sh'
[2.012s] INFO:colcon.colcon_core.shell:Creating prefix util module '/home/yzh/桌面/project-ros/ros-study/chapt6/install/_local_setup_util_sh.py'
[2.013s] INFO:colcon.colcon_core.shell:Creating prefix chain script '/home/yzh/桌面/project-ros/ros-study/chapt6/install/setup.sh'
[2.014s] INFO:colcon.colcon_core.shell:Creating prefix script '/home/yzh/桌面/project-ros/ros-study/chapt6/install/local_setup.bash'
[2.014s] INFO:colcon.colcon_core.shell:Creating prefix chain script '/home/yzh/桌面/project-ros/ros-study/chapt6/install/setup.bash'
[2.015s] INFO:colcon.colcon_core.shell:Creating prefix script '/home/yzh/桌面/project-ros/ros-study/chapt6/install/local_setup.zsh'
[2.015s] INFO:colcon.colcon_core.shell:Creating prefix chain script '/home/yzh/桌面/project-ros/ros-study/chapt6/install/setup.zsh'
