[2.064s] DEBUG:colcon:Command line arguments: ['/usr/bin/colcon', 'build']
[2.064s] DEBUG:colcon:Parsed command line arguments: Namespace(log_base=None, log_level=None, verb_name='build', build_base='build', install_base='install', merge_install=False, symlink_install=False, test_result_base=None, continue_on_error=False, executor='parallel', parallel_workers=16, event_handlers=None, ignore_user_meta=False, metas=['./colcon.meta'], base_paths=['.'], packages_ignore=None, packages_ignore_regex=None, paths=None, packages_up_to=None, packages_up_to_regex=None, packages_above=None, packages_above_and_dependencies=None, packages_above_depth=None, packages_select_by_dep=None, packages_skip_by_dep=None, packages_skip_up_to=None, packages_select_build_failed=False, packages_skip_build_finished=False, packages_select_test_failures=False, packages_skip_test_passed=False, packages_select=None, packages_skip=None, packages_select_regex=None, packages_skip_regex=None, packages_start=None, packages_end=None, allow_overriding=[], cmake_args=None, cmake_target=None, cmake_target_skip_unavailable=False, cmake_clean_cache=False, cmake_clean_first=False, cmake_force_configure=False, ament_cmake_args=None, catkin_cmake_args=None, catkin_skip_building_tests=False, verb_parser=<colcon_defaults.argument_parser.defaults.DefaultArgumentsDecorator object at 0x70829cb3f880>, verb_extension=<colcon_core.verb.build.BuildVerb object at 0x70829cc78df0>, main=<bound method BuildVerb.main of <colcon_core.verb.build.BuildVerb object at 0x70829cc78df0>>)
[4.664s] Level 1:colcon.colcon_core.package_discovery:discover_packages(colcon_meta) check parameters
[4.664s] Level 1:colcon.colcon_core.package_discovery:discover_packages(recursive) check parameters
[4.665s] Level 1:colcon.colcon_core.package_discovery:discover_packages(ignore) check parameters
[4.665s] Level 1:colcon.colcon_core.package_discovery:discover_packages(path) check parameters
[4.665s] Level 1:colcon.colcon_core.package_discovery:discover_packages(colcon_meta) discover
[4.665s] Level 1:colcon.colcon_core.package_discovery:discover_packages(recursive) discover
[4.665s] INFO:colcon.colcon_core.package_discovery:Crawling recursively for packages in '/home/yzh/桌面/project-ros/ros-study/chapt5/chapt5_ws'
[4.666s] Level 1:colcon.colcon_core.package_identification:_identify(.) by extensions ['ignore', 'ignore_ament_install']
[4.666s] Level 1:colcon.colcon_core.package_identification:_identify(.) by extension 'ignore'
[4.666s] Level 1:colcon.colcon_core.package_identification:_identify(.) by extension 'ignore_ament_install'
[4.667s] Level 1:colcon.colcon_core.package_identification:_identify(.) by extensions ['colcon_pkg']
[4.668s] Level 1:colcon.colcon_core.package_identification:_identify(.) by extension 'colcon_pkg'
[4.668s] Level 1:colcon.colcon_core.package_identification:_identify(.) by extensions ['colcon_meta']
[4.668s] Level 1:colcon.colcon_core.package_identification:_identify(.) by extension 'colcon_meta'
[4.668s] Level 1:colcon.colcon_core.package_identification:_identify(.) by extensions ['ros']
[4.668s] Level 1:colcon.colcon_core.package_identification:_identify(.) by extension 'ros'
[4.722s] Level 1:colcon.colcon_core.package_identification:_identify(.) by extensions ['cmake', 'python']
[4.722s] Level 1:colcon.colcon_core.package_identification:_identify(.) by extension 'cmake'
[4.722s] Level 1:colcon.colcon_core.package_identification:_identify(.) by extension 'python'
[4.722s] Level 1:colcon.colcon_core.package_identification:_identify(.) by extensions ['python_setup_py']
[4.723s] Level 1:colcon.colcon_core.package_identification:_identify(.) by extension 'python_setup_py'
[4.723s] Level 1:colcon.colcon_core.package_identification:_identify(build) by extensions ['ignore', 'ignore_ament_install']
[4.723s] Level 1:colcon.colcon_core.package_identification:_identify(build) by extension 'ignore'
[4.724s] Level 1:colcon.colcon_core.package_identification:_identify(build) ignored
[4.725s] Level 1:colcon.colcon_core.package_identification:_identify(install) by extensions ['ignore', 'ignore_ament_install']
[4.725s] Level 1:colcon.colcon_core.package_identification:_identify(install) by extension 'ignore'
[4.726s] Level 1:colcon.colcon_core.package_identification:_identify(install) ignored
[4.726s] Level 1:colcon.colcon_core.package_identification:_identify(log) by extensions ['ignore', 'ignore_ament_install']
[4.727s] Level 1:colcon.colcon_core.package_identification:_identify(log) by extension 'ignore'
[4.727s] Level 1:colcon.colcon_core.package_identification:_identify(log) ignored
[4.728s] Level 1:colcon.colcon_core.package_identification:_identify(src) by extensions ['ignore', 'ignore_ament_install']
[4.728s] Level 1:colcon.colcon_core.package_identification:_identify(src) by extension 'ignore'
[4.729s] Level 1:colcon.colcon_core.package_identification:_identify(src) by extension 'ignore_ament_install'
[4.729s] Level 1:colcon.colcon_core.package_identification:_identify(src) by extensions ['colcon_pkg']
[4.729s] Level 1:colcon.colcon_core.package_identification:_identify(src) by extension 'colcon_pkg'
[4.729s] Level 1:colcon.colcon_core.package_identification:_identify(src) by extensions ['colcon_meta']
[4.729s] Level 1:colcon.colcon_core.package_identification:_identify(src) by extension 'colcon_meta'
[4.730s] Level 1:colcon.colcon_core.package_identification:_identify(src) by extensions ['ros']
[4.730s] Level 1:colcon.colcon_core.package_identification:_identify(src) by extension 'ros'
[4.731s] Level 1:colcon.colcon_core.package_identification:_identify(src) by extensions ['cmake', 'python']
[4.731s] Level 1:colcon.colcon_core.package_identification:_identify(src) by extension 'cmake'
[4.731s] Level 1:colcon.colcon_core.package_identification:_identify(src) by extension 'python'
[4.732s] Level 1:colcon.colcon_core.package_identification:_identify(src) by extensions ['python_setup_py']
[4.732s] Level 1:colcon.colcon_core.package_identification:_identify(src) by extension 'python_setup_py'
[4.733s] Level 1:colcon.colcon_core.package_identification:_identify(src/demo_cpp_tf) by extensions ['ignore', 'ignore_ament_install']
[4.733s] Level 1:colcon.colcon_core.package_identification:_identify(src/demo_cpp_tf) by extension 'ignore'
[4.734s] Level 1:colcon.colcon_core.package_identification:_identify(src/demo_cpp_tf) by extension 'ignore_ament_install'
[4.734s] Level 1:colcon.colcon_core.package_identification:_identify(src/demo_cpp_tf) by extensions ['colcon_pkg']
[4.735s] Level 1:colcon.colcon_core.package_identification:_identify(src/demo_cpp_tf) by extension 'colcon_pkg'
[4.735s] Level 1:colcon.colcon_core.package_identification:_identify(src/demo_cpp_tf) by extensions ['colcon_meta']
[4.735s] Level 1:colcon.colcon_core.package_identification:_identify(src/demo_cpp_tf) by extension 'colcon_meta'
[4.735s] Level 1:colcon.colcon_core.package_identification:_identify(src/demo_cpp_tf) by extensions ['ros']
[4.735s] Level 1:colcon.colcon_core.package_identification:_identify(src/demo_cpp_tf) by extension 'ros'
[4.755s] DEBUG:colcon.colcon_core.package_identification:Package 'src/demo_cpp_tf' with type 'ros.ament_cmake' and name 'demo_cpp_tf'
[4.755s] Level 1:colcon.colcon_core.package_discovery:discover_packages(recursive) using defaults
[4.755s] Level 1:colcon.colcon_core.package_discovery:discover_packages(ignore) discover
[4.755s] Level 1:colcon.colcon_core.package_discovery:discover_packages(ignore) using defaults
[4.755s] Level 1:colcon.colcon_core.package_discovery:discover_packages(path) discover
[4.755s] Level 1:colcon.colcon_core.package_discovery:discover_packages(path) using defaults
[4.879s] Level 1:colcon.colcon_core.package_discovery:discover_packages(prefix_path) check parameters
[4.879s] Level 1:colcon.colcon_core.package_discovery:discover_packages(prefix_path) discover
[4.907s] DEBUG:colcon.colcon_installed_package_information.package_discovery:Found 272 installed packages in /opt/ros/humble
[4.942s] Level 1:colcon.colcon_core.package_discovery:discover_packages(prefix_path) using defaults
[5.102s] Level 5:colcon.colcon_core.verb:set package 'demo_cpp_tf' build argument 'cmake_args' from command line to 'None'
[5.102s] Level 5:colcon.colcon_core.verb:set package 'demo_cpp_tf' build argument 'cmake_target' from command line to 'None'
[5.103s] Level 5:colcon.colcon_core.verb:set package 'demo_cpp_tf' build argument 'cmake_target_skip_unavailable' from command line to 'False'
[5.103s] Level 5:colcon.colcon_core.verb:set package 'demo_cpp_tf' build argument 'cmake_clean_cache' from command line to 'False'
[5.103s] Level 5:colcon.colcon_core.verb:set package 'demo_cpp_tf' build argument 'cmake_clean_first' from command line to 'False'
[5.103s] Level 5:colcon.colcon_core.verb:set package 'demo_cpp_tf' build argument 'cmake_force_configure' from command line to 'False'
[5.103s] Level 5:colcon.colcon_core.verb:set package 'demo_cpp_tf' build argument 'ament_cmake_args' from command line to 'None'
[5.103s] Level 5:colcon.colcon_core.verb:set package 'demo_cpp_tf' build argument 'catkin_cmake_args' from command line to 'None'
[5.103s] Level 5:colcon.colcon_core.verb:set package 'demo_cpp_tf' build argument 'catkin_skip_building_tests' from command line to 'False'
[5.104s] DEBUG:colcon.colcon_core.verb:Building package 'demo_cpp_tf' with the following arguments: {'ament_cmake_args': None, 'build_base': '/home/yzh/桌面/project-ros/ros-study/chapt5/chapt5_ws/build/demo_cpp_tf', 'catkin_cmake_args': None, 'catkin_skip_building_tests': False, 'cmake_args': None, 'cmake_clean_cache': False, 'cmake_clean_first': False, 'cmake_force_configure': False, 'cmake_target': None, 'cmake_target_skip_unavailable': False, 'install_base': '/home/yzh/桌面/project-ros/ros-study/chapt5/chapt5_ws/install/demo_cpp_tf', 'merge_install': False, 'path': '/home/yzh/桌面/project-ros/ros-study/chapt5/chapt5_ws/src/demo_cpp_tf', 'symlink_install': False, 'test_result_base': None}
[5.104s] INFO:colcon.colcon_core.executor:Executing jobs using 'parallel' executor
[5.108s] DEBUG:colcon.colcon_parallel_executor.executor.parallel:run_until_complete
[5.109s] INFO:colcon.colcon_ros.task.ament_cmake.build:Building ROS package in '/home/yzh/桌面/project-ros/ros-study/chapt5/chapt5_ws/src/demo_cpp_tf' with build type 'ament_cmake'
[5.110s] INFO:colcon.colcon_cmake.task.cmake.build:Building CMake package in '/home/yzh/桌面/project-ros/ros-study/chapt5/chapt5_ws/src/demo_cpp_tf'
[5.147s] INFO:colcon.colcon_core.plugin_system:Skipping extension 'colcon_core.shell.bat': Not used on non-Windows systems
[5.148s] INFO:colcon.colcon_core.shell:Skip shell extension 'powershell' for command environment: Not usable outside of PowerShell
[5.148s] DEBUG:colcon.colcon_core.shell:Skip shell extension 'dsv' for command environment
[5.188s] DEBUG:colcon.colcon_core.event_handler.log_command:Invoking command in '/home/yzh/桌面/project-ros/ros-study/chapt5/chapt5_ws/build/demo_cpp_tf': CMAKE_PREFIX_PATH=/opt/ros/humble /usr/bin/cmake /home/yzh/桌面/project-ros/ros-study/chapt5/chapt5_ws/src/demo_cpp_tf -DCMAKE_INSTALL_PREFIX=/home/yzh/桌面/project-ros/ros-study/chapt5/chapt5_ws/install/demo_cpp_tf
[14.196s] DEBUG:colcon.colcon_core.event_handler.log_command:Invoked command in '/home/yzh/桌面/project-ros/ros-study/chapt5/chapt5_ws/build/demo_cpp_tf' returned '0': CMAKE_PREFIX_PATH=/opt/ros/humble /usr/bin/cmake /home/yzh/桌面/project-ros/ros-study/chapt5/chapt5_ws/src/demo_cpp_tf -DCMAKE_INSTALL_PREFIX=/home/yzh/桌面/project-ros/ros-study/chapt5/chapt5_ws/install/demo_cpp_tf
[14.208s] DEBUG:colcon.colcon_core.event_handler.log_command:Invoking command in '/home/yzh/桌面/project-ros/ros-study/chapt5/chapt5_ws/build/demo_cpp_tf': CMAKE_PREFIX_PATH=/opt/ros/humble /usr/bin/cmake --build /home/yzh/桌面/project-ros/ros-study/chapt5/chapt5_ws/build/demo_cpp_tf -- -j16 -l16
[41.048s] DEBUG:colcon.colcon_core.event_handler.log_command:Invoked command in '/home/yzh/桌面/project-ros/ros-study/chapt5/chapt5_ws/build/demo_cpp_tf' returned '0': CMAKE_PREFIX_PATH=/opt/ros/humble /usr/bin/cmake --build /home/yzh/桌面/project-ros/ros-study/chapt5/chapt5_ws/build/demo_cpp_tf -- -j16 -l16
[41.102s] DEBUG:colcon.colcon_core.event_handler.log_command:Invoking command in '/home/yzh/桌面/project-ros/ros-study/chapt5/chapt5_ws/build/demo_cpp_tf': CMAKE_PREFIX_PATH=/opt/ros/humble /usr/bin/cmake --install /home/yzh/桌面/project-ros/ros-study/chapt5/chapt5_ws/build/demo_cpp_tf
[41.174s] Level 1:colcon.colcon_core.environment:create_environment_scripts_only(demo_cpp_tf)
[41.179s] DEBUG:colcon.colcon_core.event_handler.log_command:Invoked command in '/home/yzh/桌面/project-ros/ros-study/chapt5/chapt5_ws/build/demo_cpp_tf' returned '0': CMAKE_PREFIX_PATH=/opt/ros/humble /usr/bin/cmake --install /home/yzh/桌面/project-ros/ros-study/chapt5/chapt5_ws/build/demo_cpp_tf
[41.230s] Level 1:colcon.colcon_core.environment:checking '/home/yzh/桌面/project-ros/ros-study/chapt5/chapt5_ws/install/demo_cpp_tf' for CMake module files
[41.233s] Level 1:colcon.colcon_core.environment:checking '/home/yzh/桌面/project-ros/ros-study/chapt5/chapt5_ws/install/demo_cpp_tf' for CMake config files
[41.235s] Level 1:colcon.colcon_core.shell:create_environment_hook('demo_cpp_tf', 'cmake_prefix_path')
[41.236s] INFO:colcon.colcon_core.shell:Creating environment hook '/home/yzh/桌面/project-ros/ros-study/chapt5/chapt5_ws/install/demo_cpp_tf/share/demo_cpp_tf/hook/cmake_prefix_path.ps1'
[41.244s] INFO:colcon.colcon_core.shell:Creating environment descriptor '/home/yzh/桌面/project-ros/ros-study/chapt5/chapt5_ws/install/demo_cpp_tf/share/demo_cpp_tf/hook/cmake_prefix_path.dsv'
[41.250s] INFO:colcon.colcon_core.shell:Creating environment hook '/home/yzh/桌面/project-ros/ros-study/chapt5/chapt5_ws/install/demo_cpp_tf/share/demo_cpp_tf/hook/cmake_prefix_path.sh'
[41.255s] Level 1:colcon.colcon_core.environment:checking '/home/yzh/桌面/project-ros/ros-study/chapt5/chapt5_ws/install/demo_cpp_tf/lib'
[41.256s] Level 1:colcon.colcon_core.environment:checking '/home/yzh/桌面/project-ros/ros-study/chapt5/chapt5_ws/install/demo_cpp_tf/bin'
[41.257s] Level 1:colcon.colcon_core.environment:checking '/home/yzh/桌面/project-ros/ros-study/chapt5/chapt5_ws/install/demo_cpp_tf/lib/pkgconfig/demo_cpp_tf.pc'
[41.258s] Level 1:colcon.colcon_core.environment:checking '/home/yzh/桌面/project-ros/ros-study/chapt5/chapt5_ws/install/demo_cpp_tf/lib/python3.10/site-packages'
[41.261s] Level 1:colcon.colcon_core.environment:checking '/home/yzh/桌面/project-ros/ros-study/chapt5/chapt5_ws/install/demo_cpp_tf/bin'
[41.263s] INFO:colcon.colcon_core.shell:Creating package script '/home/yzh/桌面/project-ros/ros-study/chapt5/chapt5_ws/install/demo_cpp_tf/share/demo_cpp_tf/package.ps1'
[41.270s] INFO:colcon.colcon_core.shell:Creating package descriptor '/home/yzh/桌面/project-ros/ros-study/chapt5/chapt5_ws/install/demo_cpp_tf/share/demo_cpp_tf/package.dsv'
[41.274s] INFO:colcon.colcon_core.shell:Creating package script '/home/yzh/桌面/project-ros/ros-study/chapt5/chapt5_ws/install/demo_cpp_tf/share/demo_cpp_tf/package.sh'
[41.277s] INFO:colcon.colcon_core.shell:Creating package script '/home/yzh/桌面/project-ros/ros-study/chapt5/chapt5_ws/install/demo_cpp_tf/share/demo_cpp_tf/package.bash'
[41.282s] INFO:colcon.colcon_core.shell:Creating package script '/home/yzh/桌面/project-ros/ros-study/chapt5/chapt5_ws/install/demo_cpp_tf/share/demo_cpp_tf/package.zsh'
[41.287s] Level 1:colcon.colcon_core.environment:create_file_with_runtime_dependencies(/home/yzh/桌面/project-ros/ros-study/chapt5/chapt5_ws/install/demo_cpp_tf/share/colcon-core/packages/demo_cpp_tf)
[41.289s] Level 1:colcon.colcon_core.environment:create_environment_scripts_only(demo_cpp_tf)
[41.289s] Level 1:colcon.colcon_core.environment:checking '/home/yzh/桌面/project-ros/ros-study/chapt5/chapt5_ws/install/demo_cpp_tf' for CMake module files
[41.290s] Level 1:colcon.colcon_core.environment:checking '/home/yzh/桌面/project-ros/ros-study/chapt5/chapt5_ws/install/demo_cpp_tf' for CMake config files
[41.291s] Level 1:colcon.colcon_core.shell:create_environment_hook('demo_cpp_tf', 'cmake_prefix_path')
[41.292s] INFO:colcon.colcon_core.shell:Creating environment hook '/home/yzh/桌面/project-ros/ros-study/chapt5/chapt5_ws/install/demo_cpp_tf/share/demo_cpp_tf/hook/cmake_prefix_path.ps1'
[41.294s] INFO:colcon.colcon_core.shell:Creating environment descriptor '/home/yzh/桌面/project-ros/ros-study/chapt5/chapt5_ws/install/demo_cpp_tf/share/demo_cpp_tf/hook/cmake_prefix_path.dsv'
[41.296s] INFO:colcon.colcon_core.shell:Creating environment hook '/home/yzh/桌面/project-ros/ros-study/chapt5/chapt5_ws/install/demo_cpp_tf/share/demo_cpp_tf/hook/cmake_prefix_path.sh'
[41.298s] Level 1:colcon.colcon_core.environment:checking '/home/yzh/桌面/project-ros/ros-study/chapt5/chapt5_ws/install/demo_cpp_tf/lib'
[41.299s] Level 1:colcon.colcon_core.environment:checking '/home/yzh/桌面/project-ros/ros-study/chapt5/chapt5_ws/install/demo_cpp_tf/bin'
[41.299s] Level 1:colcon.colcon_core.environment:checking '/home/yzh/桌面/project-ros/ros-study/chapt5/chapt5_ws/install/demo_cpp_tf/lib/pkgconfig/demo_cpp_tf.pc'
[41.300s] Level 1:colcon.colcon_core.environment:checking '/home/yzh/桌面/project-ros/ros-study/chapt5/chapt5_ws/install/demo_cpp_tf/lib/python3.10/site-packages'
[41.300s] Level 1:colcon.colcon_core.environment:checking '/home/yzh/桌面/project-ros/ros-study/chapt5/chapt5_ws/install/demo_cpp_tf/bin'
[41.302s] INFO:colcon.colcon_core.shell:Creating package script '/home/yzh/桌面/project-ros/ros-study/chapt5/chapt5_ws/install/demo_cpp_tf/share/demo_cpp_tf/package.ps1'
[41.304s] INFO:colcon.colcon_core.shell:Creating package descriptor '/home/yzh/桌面/project-ros/ros-study/chapt5/chapt5_ws/install/demo_cpp_tf/share/demo_cpp_tf/package.dsv'
[41.306s] INFO:colcon.colcon_core.shell:Creating package script '/home/yzh/桌面/project-ros/ros-study/chapt5/chapt5_ws/install/demo_cpp_tf/share/demo_cpp_tf/package.sh'
[41.308s] INFO:colcon.colcon_core.shell:Creating package script '/home/yzh/桌面/project-ros/ros-study/chapt5/chapt5_ws/install/demo_cpp_tf/share/demo_cpp_tf/package.bash'
[41.310s] INFO:colcon.colcon_core.shell:Creating package script '/home/yzh/桌面/project-ros/ros-study/chapt5/chapt5_ws/install/demo_cpp_tf/share/demo_cpp_tf/package.zsh'
[41.312s] Level 1:colcon.colcon_core.environment:create_file_with_runtime_dependencies(/home/yzh/桌面/project-ros/ros-study/chapt5/chapt5_ws/install/demo_cpp_tf/share/colcon-core/packages/demo_cpp_tf)
[41.314s] DEBUG:colcon.colcon_parallel_executor.executor.parallel:closing loop
[41.315s] DEBUG:colcon.colcon_parallel_executor.executor.parallel:loop closed
[41.316s] DEBUG:colcon.colcon_parallel_executor.executor.parallel:run_until_complete finished with '0'
[41.316s] DEBUG:colcon.colcon_core.event_reactor:joining thread
[41.347s] INFO:colcon.colcon_core.plugin_system:Skipping extension 'colcon_notification.desktop_notification.terminal_notifier': Not used on non-Darwin systems
[41.348s] INFO:colcon.colcon_core.plugin_system:Skipping extension 'colcon_notification.desktop_notification.win32': Not used on non-Windows systems
[41.348s] INFO:colcon.colcon_notification.desktop_notification:Sending desktop notification using 'notify2'
[41.411s] DEBUG:colcon.colcon_core.event_reactor:joined thread
[41.413s] INFO:colcon.colcon_core.shell:Creating prefix script '/home/yzh/桌面/project-ros/ros-study/chapt5/chapt5_ws/install/local_setup.ps1'
[41.417s] INFO:colcon.colcon_core.shell:Creating prefix util module '/home/yzh/桌面/project-ros/ros-study/chapt5/chapt5_ws/install/_local_setup_util_ps1.py'
[41.425s] INFO:colcon.colcon_core.shell:Creating prefix chain script '/home/yzh/桌面/project-ros/ros-study/chapt5/chapt5_ws/install/setup.ps1'
[41.429s] INFO:colcon.colcon_core.shell:Creating prefix script '/home/yzh/桌面/project-ros/ros-study/chapt5/chapt5_ws/install/local_setup.sh'
[41.432s] INFO:colcon.colcon_core.shell:Creating prefix util module '/home/yzh/桌面/project-ros/ros-study/chapt5/chapt5_ws/install/_local_setup_util_sh.py'
[41.433s] INFO:colcon.colcon_core.shell:Creating prefix chain script '/home/yzh/桌面/project-ros/ros-study/chapt5/chapt5_ws/install/setup.sh'
[41.439s] INFO:colcon.colcon_core.shell:Creating prefix script '/home/yzh/桌面/project-ros/ros-study/chapt5/chapt5_ws/install/local_setup.bash'
[41.440s] INFO:colcon.colcon_core.shell:Creating prefix chain script '/home/yzh/桌面/project-ros/ros-study/chapt5/chapt5_ws/install/setup.bash'
[41.443s] INFO:colcon.colcon_core.shell:Creating prefix script '/home/yzh/桌面/project-ros/ros-study/chapt5/chapt5_ws/install/local_setup.zsh'
[41.446s] INFO:colcon.colcon_core.shell:Creating prefix chain script '/home/yzh/桌面/project-ros/ros-study/chapt5/chapt5_ws/install/setup.zsh'
