[0.046s] Invoking command in '/home/yzh/chapt4/build/turtle_param': /usr/bin/cmake /home/yzh/chapt4/src/turtle_param -DCMAKE_INSTALL_PREFIX=/home/yzh/chapt4/install/turtle_param
[0.396s] -- The C compiler identification is GNU 11.4.0
[0.688s] -- The CXX compiler identification is GNU 11.4.0
[0.724s] -- Detecting C compiler ABI info
[1.100s] -- Detecting C compiler ABI info - done
[1.134s] -- Check for working C compiler: /usr/bin/cc - skipped
[1.135s] -- Detecting C compile features
[1.137s] -- Detecting C compile features - done
[1.156s] -- Detecting CXX compiler ABI info
[1.580s] -- Detecting CXX compiler ABI info - done
[1.618s] -- Check for working CXX compiler: /usr/bin/c++ - skipped
[1.619s] -- Detecting CXX compile features
[1.622s] -- Detecting CXX compile features - done
[1.640s] -- Found ament_cmake: 1.3.12 (/opt/ros/humble/share/ament_cmake/cmake)
[2.343s] -- Found Python3: /usr/bin/python3 (found version "3.10.12") found components: Interpreter 
[2.718s] -- Found rclcpp: 16.0.16 (/opt/ros/humble/share/rclcpp/cmake)
[2.913s] -- Found rosidl_generator_c: 3.1.7 (/opt/ros/humble/share/rosidl_generator_c/cmake)
[2.941s] -- Found rosidl_adapter: 3.1.7 (/opt/ros/humble/share/rosidl_adapter/cmake)
[2.980s] -- Found rosidl_generator_cpp: 3.1.7 (/opt/ros/humble/share/rosidl_generator_cpp/cmake)
[3.034s] -- Using all available rosidl_typesupport_c: rosidl_typesupport_fastrtps_c;rosidl_typesupport_introspection_c
[3.093s] -- Using all available rosidl_typesupport_cpp: rosidl_typesupport_fastrtps_cpp;rosidl_typesupport_introspection_cpp
[3.285s] -- Found rmw_implementation_cmake: 6.1.2 (/opt/ros/humble/share/rmw_implementation_cmake/cmake)
[3.295s] -- Found rmw_fastrtps_cpp: 6.2.9 (/opt/ros/humble/share/rmw_fastrtps_cpp/cmake)
[3.766s] -- Found OpenSSL: /usr/lib/x86_64-linux-gnu/libcrypto.so (found version "3.0.2")  
[3.833s] -- Found FastRTPS: /opt/ros/humble/include  
[4.004s] -- Using RMW implementation 'rmw_fastrtps_cpp' as default
[4.042s] -- Looking for pthread.h
[4.447s] -- Looking for pthread.h - found
[4.450s] -- Performing Test CMAKE_HAVE_LIBC_PTHREAD
[4.852s] -- Performing Test CMAKE_HAVE_LIBC_PTHREAD - Success
[4.859s] -- Found Threads: TRUE  
[5.051s] -- Found ament_lint_auto: 0.12.14 (/opt/ros/humble/share/ament_lint_auto/cmake)
[5.289s] Error parsing '/home/yzh/chapt4/src/turtle_param/package.xml':
[5.480s] Traceback (most recent call last):
[5.480s]   File "/opt/ros/humble/share/ament_cmake_core/cmake/core/package_xml_2_cmake.py", line 150, in <module>
[5.480s]     main()
[5.480s]   File "/opt/ros/humble/share/ament_cmake_core/cmake/core/package_xml_2_cmake.py", line 53, in main
[5.481s]     raise e
[5.481s]   File "/opt/ros/humble/share/ament_cmake_core/cmake/core/package_xml_2_cmake.py", line 49, in main
[5.481s]     package = parse_package_string(
[5.482s]   File "/usr/lib/python3/dist-packages/catkin_pkg/package.py", line 788, in parse_package_string
[5.495s]     pkg.validate(warnings=warnings)
[5.496s]   File "/usr/lib/python3/dist-packages/catkin_pkg/package.py", line 330, in validate
[5.496s]     raise InvalidPackage('\n'.join(errors), self.filename)
[5.496s] catkin_pkg.package.InvalidPackage: Error(s) in package '/home/yzh/chapt4/src/turtle_param/package.xml':
[5.496s] Invalid email "yzh@yzh-virtual-machine" for person "yzh"
[5.543s] [31mCMake Error at /opt/ros/humble/share/ament_cmake_core/cmake/core/ament_package_xml.cmake:95 (message):
[5.544s]   execute_process(/usr/bin/python3
[5.544s]   /opt/ros/humble/share/ament_cmake_core/cmake/core/package_xml_2_cmake.py
[5.544s]   /home/yzh/chapt4/src/turtle_param/package.xml
[5.545s]   /home/yzh/chapt4/build/turtle_param/ament_cmake_core/package.cmake)
[5.545s]   returned error code 1
[5.545s] Call Stack (most recent call first):
[5.545s]   /opt/ros/humble/share/ament_cmake_core/cmake/core/ament_package_xml.cmake:49 (_ament_package_xml)
[5.545s]   /opt/ros/humble/share/ament_lint_auto/cmake/ament_lint_auto_find_test_dependencies.cmake:31 (ament_package_xml)
[5.546s]   CMakeLists.txt:29 (ament_lint_auto_find_test_dependencies)
[5.547s] 
[5.547s] [0m
[5.547s] -- Configuring incomplete, errors occurred!
[5.547s] See also "/home/yzh/chapt4/build/turtle_param/CMakeFiles/CMakeOutput.log".
[5.591s] Invoked command in '/home/yzh/chapt4/build/turtle_param' returned '1': /usr/bin/cmake /home/yzh/chapt4/src/turtle_param -DCMAKE_INSTALL_PREFIX=/home/yzh/chapt4/install/turtle_param
