[3.021s] Invoking command in '/home/yzh/桌面/project-ros/ros-study/chapt2/ws_ros/src/pkg02_helloworld_py': PYTHONPATH=/home/yzh/桌面/project-ros/ros-study/chapt2/ws_ros/build/pkg02_helloworld_py/prefix_override:/usr/lib/python3/dist-packages/colcon_core/task/python/colcon_distutils_commands:/home/yzh/桌面/project-ros/ros-study/chapt2/ws_ros/install/pkg02_helloworld_py/lib/python3.10/site-packages:${PYTHONPATH} /usr/bin/python3 -W ignore:setup.py install is deprecated -W ignore:easy_install command is deprecated setup.py egg_info --egg-base ../../build/pkg02_helloworld_py build --build-base /home/yzh/桌面/project-ros/ros-study/chapt2/ws_ros/build/pkg02_helloworld_py/build install --record /home/yzh/桌面/project-ros/ros-study/chapt2/ws_ros/build/pkg02_helloworld_py/install.log --single-version-externally-managed install_data
[4.319s] running egg_info
[4.321s] writing ../../build/pkg02_helloworld_py/pkg02_helloworld_py.egg-info/PKG-INFO
[4.324s] writing dependency_links to ../../build/pkg02_helloworld_py/pkg02_helloworld_py.egg-info/dependency_links.txt
[4.327s] writing entry points to ../../build/pkg02_helloworld_py/pkg02_helloworld_py.egg-info/entry_points.txt
[4.328s] writing requirements to ../../build/pkg02_helloworld_py/pkg02_helloworld_py.egg-info/requires.txt
[4.329s] writing top-level names to ../../build/pkg02_helloworld_py/pkg02_helloworld_py.egg-info/top_level.txt
[4.339s] reading manifest file '../../build/pkg02_helloworld_py/pkg02_helloworld_py.egg-info/SOURCES.txt'
[4.340s] adding license file 'LICENSE'
[4.342s] writing manifest file '../../build/pkg02_helloworld_py/pkg02_helloworld_py.egg-info/SOURCES.txt'
[4.343s] running build
[4.344s] running build_py
[4.344s] copying pkg02_helloworld_py/demo_python_py.py -> /home/yzh/桌面/project-ros/ros-study/chapt2/ws_ros/build/pkg02_helloworld_py/build/lib/pkg02_helloworld_py
[4.345s] running install
[4.346s] running install_lib
[4.350s] copying /home/yzh/桌面/project-ros/ros-study/chapt2/ws_ros/build/pkg02_helloworld_py/build/lib/pkg02_helloworld_py/demo_python_py.py -> /home/yzh/桌面/project-ros/ros-study/chapt2/ws_ros/install/pkg02_helloworld_py/lib/python3.10/site-packages/pkg02_helloworld_py
[4.353s] byte-compiling /home/yzh/桌面/project-ros/ros-study/chapt2/ws_ros/install/pkg02_helloworld_py/lib/python3.10/site-packages/pkg02_helloworld_py/demo_python_py.py to demo_python_py.cpython-310.pyc
[4.355s] running install_data
[4.357s] running install_egg_info
[4.368s] removing '/home/yzh/桌面/project-ros/ros-study/chapt2/ws_ros/install/pkg02_helloworld_py/lib/python3.10/site-packages/pkg02_helloworld_py-0.0.0-py3.10.egg-info' (and everything under it)
[4.368s] Copying ../../build/pkg02_helloworld_py/pkg02_helloworld_py.egg-info to /home/yzh/桌面/project-ros/ros-study/chapt2/ws_ros/install/pkg02_helloworld_py/lib/python3.10/site-packages/pkg02_helloworld_py-0.0.0-py3.10.egg-info
[4.375s] running install_scripts
[4.528s] Installing python_node script to /home/yzh/桌面/project-ros/ros-study/chapt2/ws_ros/install/pkg02_helloworld_py/lib/pkg02_helloworld_py
[4.530s] writing list of installed files to '/home/yzh/桌面/project-ros/ros-study/chapt2/ws_ros/build/pkg02_helloworld_py/install.log'
[4.607s] Invoked command in '/home/yzh/桌面/project-ros/ros-study/chapt2/ws_ros/src/pkg02_helloworld_py' returned '0': PYTHONPATH=/home/yzh/桌面/project-ros/ros-study/chapt2/ws_ros/build/pkg02_helloworld_py/prefix_override:/usr/lib/python3/dist-packages/colcon_core/task/python/colcon_distutils_commands:/home/yzh/桌面/project-ros/ros-study/chapt2/ws_ros/install/pkg02_helloworld_py/lib/python3.10/site-packages:${PYTHONPATH} /usr/bin/python3 -W ignore:setup.py install is deprecated -W ignore:easy_install command is deprecated setup.py egg_info --egg-base ../../build/pkg02_helloworld_py build --build-base /home/yzh/桌面/project-ros/ros-study/chapt2/ws_ros/build/pkg02_helloworld_py/build install --record /home/yzh/桌面/project-ros/ros-study/chapt2/ws_ros/build/pkg02_helloworld_py/install.log --single-version-externally-managed install_data
