[0.056s] Invoking command in '/home/yzh/桌面/project-ros/ros-study/topic_practice_ws/build/status_interfaces': CMAKE_PREFIX_PATH=/opt/ros/humble /usr/bin/cmake /home/yzh/桌面/project-ros/ros-study/topic_practice_ws/src/status_interfaces -DCMAKE_INSTALL_PREFIX=/home/yzh/桌面/project-ros/ros-study/topic_practice_ws/install/status_interfaces
[0.346s] -- The C compiler identification is GNU 11.4.0
[0.675s] -- The CXX compiler identification is GNU 11.4.0
[0.713s] -- Detecting C compiler ABI info
[1.092s] -- Detecting C compiler ABI info - done
[1.124s] -- Check for working C compiler: /usr/bin/cc - skipped
[1.125s] -- Detecting C compile features
[1.127s] -- Detecting C compile features - done
[1.142s] -- Detecting CXX compiler ABI info
[1.592s] -- Detecting CXX compiler ABI info - done
[1.623s] -- Check for working CXX compiler: /usr/bin/c++ - skipped
[1.624s] -- Detecting CXX compile features
[1.628s] -- Detecting CXX compile features - done
[1.635s] -- Found ament_cmake: 1.3.12 (/opt/ros/humble/share/ament_cmake/cmake)
[2.315s] -- Found Python3: /usr/bin/python3 (found version "3.10.12") found components: Interpreter 
[2.676s] -- Found rosidl_default_generators: 1.2.0 (/opt/ros/humble/share/rosidl_default_generators/cmake)
[2.685s] -- Using all available rosidl_typesupport_c: rosidl_typesupport_fastrtps_c;rosidl_typesupport_introspection_c
[2.705s] -- Found rosidl_adapter: 3.1.7 (/opt/ros/humble/share/rosidl_adapter/cmake)
[2.850s] -- Using all available rosidl_typesupport_cpp: rosidl_typesupport_fastrtps_cpp;rosidl_typesupport_introspection_cpp
[2.975s] -- Found builtin_interfaces: 1.2.2 (/opt/ros/humble/share/builtin_interfaces/cmake)
[3.833s] [31mCMake Error at /opt/ros/humble/share/rosidl_cmake/cmake/rosidl_generate_interfaces.cmake:240 (list):
[3.833s]   list index: 1 out of range (-1, 0)
[3.834s] Call Stack (most recent call first):
[3.834s]   CMakeLists.txt:14 (rosidl_generate_interfaces)
[3.834s] 
[3.835s] [0m
[3.844s] [31mCMake Error at /opt/ros/humble/share/rosidl_generator_c/cmake/rosidl_generator_c_generate_interfaces.cmake:69 (message):
[3.844s]   Target dependency
[3.844s]   '/project-ros/ros-study/topic_practice_ws/build/status_interfaces/rosidl_adapter/status_interfaces/msg/SystemStatus.idl'
[3.845s]   does not exist
[3.845s] Call Stack (most recent call first):
[3.846s]   /opt/ros/humble/share/ament_cmake_core/cmake/core/ament_execute_extensions.cmake:48 (include)
[3.846s]   /opt/ros/humble/share/rosidl_cmake/cmake/rosidl_generate_interfaces.cmake:286 (ament_execute_extensions)
[3.847s]   CMakeLists.txt:14 (rosidl_generate_interfaces)
[3.847s] 
[3.848s] [0m
[3.848s] -- Configuring incomplete, errors occurred!
[3.848s] See also "/home/yzh/桌面/project-ros/ros-study/topic_practice_ws/build/status_interfaces/CMakeFiles/CMakeOutput.log".
[3.879s] Invoked command in '/home/yzh/桌面/project-ros/ros-study/topic_practice_ws/build/status_interfaces' returned '1': CMAKE_PREFIX_PATH=/opt/ros/humble /usr/bin/cmake /home/yzh/桌面/project-ros/ros-study/topic_practice_ws/src/status_interfaces -DCMAKE_INSTALL_PREFIX=/home/yzh/桌面/project-ros/ros-study/topic_practice_ws/install/status_interfaces
