[35m[1mConsolidate compiler generated dependencies of target turtle_description[0m
[ 33%] Built target learn_timer
[ 66%] Built target turtle_circle
[ 83%] [32mBuilding CXX object CMakeFiles/turtle_description.dir/src/turtle_description.cpp.o[0m
[100%] [32m[1mLinking CXX executable turtle_description[0m
[100%] Built target turtle_description
-- Install configuration: ""
-- Up-to-date: /home/yzh/桌面/project-ros/ros-study/chapt3/ws_topic/install/demo_cpp_topic/lib/demo_cpp_topic/turtle_circle
-- Up-to-date: /home/yzh/桌面/project-ros/ros-study/chapt3/ws_topic/install/demo_cpp_topic/lib/demo_cpp_topic/learn_timer
-- Installing: /home/yzh/桌面/project-ros/ros-study/chapt3/ws_topic/install/demo_cpp_topic/lib/demo_cpp_topic/turtle_description
-- Set runtime path of "/home/yzh/桌面/project-ros/ros-study/chapt3/ws_topic/install/demo_cpp_topic/lib/demo_cpp_topic/turtle_description" to ""
-- Up-to-date: /home/yzh/桌面/project-ros/ros-study/chapt3/ws_topic/install/demo_cpp_topic/share/ament_index/resource_index/package_run_dependencies/demo_cpp_topic
-- Up-to-date: /home/yzh/桌面/project-ros/ros-study/chapt3/ws_topic/install/demo_cpp_topic/share/ament_index/resource_index/parent_prefix_path/demo_cpp_topic
-- Up-to-date: /home/yzh/桌面/project-ros/ros-study/chapt3/ws_topic/install/demo_cpp_topic/share/demo_cpp_topic/environment/ament_prefix_path.sh
-- Up-to-date: /home/yzh/桌面/project-ros/ros-study/chapt3/ws_topic/install/demo_cpp_topic/share/demo_cpp_topic/environment/ament_prefix_path.dsv
-- Up-to-date: /home/yzh/桌面/project-ros/ros-study/chapt3/ws_topic/install/demo_cpp_topic/share/demo_cpp_topic/environment/path.sh
-- Up-to-date: /home/yzh/桌面/project-ros/ros-study/chapt3/ws_topic/install/demo_cpp_topic/share/demo_cpp_topic/environment/path.dsv
-- Up-to-date: /home/yzh/桌面/project-ros/ros-study/chapt3/ws_topic/install/demo_cpp_topic/share/demo_cpp_topic/local_setup.bash
-- Up-to-date: /home/yzh/桌面/project-ros/ros-study/chapt3/ws_topic/install/demo_cpp_topic/share/demo_cpp_topic/local_setup.sh
-- Up-to-date: /home/yzh/桌面/project-ros/ros-study/chapt3/ws_topic/install/demo_cpp_topic/share/demo_cpp_topic/local_setup.zsh
-- Up-to-date: /home/yzh/桌面/project-ros/ros-study/chapt3/ws_topic/install/demo_cpp_topic/share/demo_cpp_topic/local_setup.dsv
-- Installing: /home/yzh/桌面/project-ros/ros-study/chapt3/ws_topic/install/demo_cpp_topic/share/demo_cpp_topic/package.dsv
-- Up-to-date: /home/yzh/桌面/project-ros/ros-study/chapt3/ws_topic/install/demo_cpp_topic/share/ament_index/resource_index/packages/demo_cpp_topic
-- Up-to-date: /home/yzh/桌面/project-ros/ros-study/chapt3/ws_topic/install/demo_cpp_topic/share/demo_cpp_topic/cmake/demo_cpp_topicConfig.cmake
-- Up-to-date: /home/yzh/桌面/project-ros/ros-study/chapt3/ws_topic/install/demo_cpp_topic/share/demo_cpp_topic/cmake/demo_cpp_topicConfig-version.cmake
-- Up-to-date: /home/yzh/桌面/project-ros/ros-study/chapt3/ws_topic/install/demo_cpp_topic/share/demo_cpp_topic/package.xml
