[3.718s] DEBUG:colcon:Command line arguments: ['/usr/bin/colcon', 'build']
[3.718s] DEBUG:colcon:Parsed command line arguments: Namespace(log_base=None, log_level=None, verb_name='build', build_base='build', install_base='install', merge_install=False, symlink_install=False, test_result_base=None, continue_on_error=False, executor='parallel', parallel_workers=16, event_handlers=None, ignore_user_meta=False, metas=['./colcon.meta'], base_paths=['.'], packages_ignore=None, packages_ignore_regex=None, paths=None, packages_up_to=None, packages_up_to_regex=None, packages_above=None, packages_above_and_dependencies=None, packages_above_depth=None, packages_select_by_dep=None, packages_skip_by_dep=None, packages_skip_up_to=None, packages_select_build_failed=False, packages_skip_build_finished=False, packages_select_test_failures=False, packages_skip_test_passed=False, packages_select=None, packages_skip=None, packages_select_regex=None, packages_skip_regex=None, packages_start=None, packages_end=None, allow_overriding=[], cmake_args=None, cmake_target=None, cmake_target_skip_unavailable=False, cmake_clean_cache=False, cmake_clean_first=False, cmake_force_configure=False, ament_cmake_args=None, catkin_cmake_args=None, catkin_skip_building_tests=False, verb_parser=<colcon_defaults.argument_parser.defaults.DefaultArgumentsDecorator object at 0x7a1648c3f820>, verb_extension=<colcon_core.verb.build.BuildVerb object at 0x7a1648d6cd90>, main=<bound method BuildVerb.main of <colcon_core.verb.build.BuildVerb object at 0x7a1648d6cd90>>)
[6.434s] Level 1:colcon.colcon_core.package_discovery:discover_packages(colcon_meta) check parameters
[6.434s] Level 1:colcon.colcon_core.package_discovery:discover_packages(recursive) check parameters
[6.435s] Level 1:colcon.colcon_core.package_discovery:discover_packages(ignore) check parameters
[6.435s] Level 1:colcon.colcon_core.package_discovery:discover_packages(path) check parameters
[6.435s] Level 1:colcon.colcon_core.package_discovery:discover_packages(colcon_meta) discover
[6.435s] Level 1:colcon.colcon_core.package_discovery:discover_packages(recursive) discover
[6.435s] INFO:colcon.colcon_core.package_discovery:Crawling recursively for packages in '/home/yzh/桌面/project-ros/ros-study/chapt1'
[6.435s] Level 1:colcon.colcon_core.package_identification:_identify(.) by extensions ['ignore', 'ignore_ament_install']
[6.436s] Level 1:colcon.colcon_core.package_identification:_identify(.) by extension 'ignore'
[6.436s] Level 1:colcon.colcon_core.package_identification:_identify(.) by extension 'ignore_ament_install'
[6.436s] Level 1:colcon.colcon_core.package_identification:_identify(.) by extensions ['colcon_pkg']
[6.436s] Level 1:colcon.colcon_core.package_identification:_identify(.) by extension 'colcon_pkg'
[6.436s] Level 1:colcon.colcon_core.package_identification:_identify(.) by extensions ['colcon_meta']
[6.437s] Level 1:colcon.colcon_core.package_identification:_identify(.) by extension 'colcon_meta'
[6.437s] Level 1:colcon.colcon_core.package_identification:_identify(.) by extensions ['ros']
[6.437s] Level 1:colcon.colcon_core.package_identification:_identify(.) by extension 'ros'
[6.495s] Level 1:colcon.colcon_core.package_identification:_identify(.) by extensions ['cmake', 'python']
[6.496s] Level 1:colcon.colcon_core.package_identification:_identify(.) by extension 'cmake'
[6.545s] Level 1:colcon.colcon_core.package_identification:_identify(.) by extension 'python'
[6.545s] DEBUG:colcon.colcon_core.package_identification:Package '.' with type 'cmake' and name 'Hello'
[6.546s] Level 1:colcon.colcon_core.package_discovery:discover_packages(recursive) using defaults
[6.546s] Level 1:colcon.colcon_core.package_discovery:discover_packages(ignore) discover
[6.546s] Level 1:colcon.colcon_core.package_discovery:discover_packages(ignore) using defaults
[6.546s] Level 1:colcon.colcon_core.package_discovery:discover_packages(path) discover
[6.546s] Level 1:colcon.colcon_core.package_discovery:discover_packages(path) using defaults
[6.746s] Level 1:colcon.colcon_core.package_discovery:discover_packages(prefix_path) check parameters
[6.746s] Level 1:colcon.colcon_core.package_discovery:discover_packages(prefix_path) discover
[6.770s] DEBUG:colcon.colcon_installed_package_information.package_discovery:Found 271 installed packages in /opt/ros/humble
[6.807s] Level 1:colcon.colcon_core.package_discovery:discover_packages(prefix_path) using defaults
[6.975s] Level 5:colcon.colcon_core.verb:set package 'Hello' build argument 'cmake_args' from command line to 'None'
[6.975s] Level 5:colcon.colcon_core.verb:set package 'Hello' build argument 'cmake_target' from command line to 'None'
[6.975s] Level 5:colcon.colcon_core.verb:set package 'Hello' build argument 'cmake_target_skip_unavailable' from command line to 'False'
[6.975s] Level 5:colcon.colcon_core.verb:set package 'Hello' build argument 'cmake_clean_cache' from command line to 'False'
[6.975s] Level 5:colcon.colcon_core.verb:set package 'Hello' build argument 'cmake_clean_first' from command line to 'False'
[6.975s] Level 5:colcon.colcon_core.verb:set package 'Hello' build argument 'cmake_force_configure' from command line to 'False'
[6.976s] Level 5:colcon.colcon_core.verb:set package 'Hello' build argument 'ament_cmake_args' from command line to 'None'
[6.976s] Level 5:colcon.colcon_core.verb:set package 'Hello' build argument 'catkin_cmake_args' from command line to 'None'
[6.976s] Level 5:colcon.colcon_core.verb:set package 'Hello' build argument 'catkin_skip_building_tests' from command line to 'False'
[6.976s] DEBUG:colcon.colcon_core.verb:Building package 'Hello' with the following arguments: {'ament_cmake_args': None, 'build_base': '/home/yzh/桌面/project-ros/ros-study/chapt1/build/Hello', 'catkin_cmake_args': None, 'catkin_skip_building_tests': False, 'cmake_args': None, 'cmake_clean_cache': False, 'cmake_clean_first': False, 'cmake_force_configure': False, 'cmake_target': None, 'cmake_target_skip_unavailable': False, 'install_base': '/home/yzh/桌面/project-ros/ros-study/chapt1/install/Hello', 'merge_install': False, 'path': '/home/yzh/桌面/project-ros/ros-study/chapt1', 'symlink_install': False, 'test_result_base': None}
[6.976s] INFO:colcon.colcon_core.executor:Executing jobs using 'parallel' executor
[6.981s] DEBUG:colcon.colcon_parallel_executor.executor.parallel:run_until_complete
[6.982s] INFO:colcon.colcon_cmake.task.cmake.build:Building CMake package in '/home/yzh/桌面/project-ros/ros-study/chapt1'
[7.024s] INFO:colcon.colcon_core.plugin_system:Skipping extension 'colcon_core.shell.bat': Not used on non-Windows systems
[7.025s] INFO:colcon.colcon_core.shell:Skip shell extension 'powershell' for command environment: Not usable outside of PowerShell
[7.025s] DEBUG:colcon.colcon_core.shell:Skip shell extension 'dsv' for command environment
[7.071s] DEBUG:colcon.colcon_core.event_handler.log_command:Invoking command in '/home/yzh/桌面/project-ros/ros-study/chapt1/build/Hello': /usr/bin/cmake /home/yzh/桌面/project-ros/ros-study/chapt1 -DCMAKE_INSTALL_PREFIX=/home/yzh/桌面/project-ros/ros-study/chapt1/install/Hello
[7.337s] WARNING:colcon.colcon_cmake.task.cmake.build:Could not build CMake package 'Hello' because the CMake cache has no 'CMAKE_PROJECT_NAME' variable
[7.337s] DEBUG:colcon.colcon_parallel_executor.executor.parallel:closing loop
[7.339s] DEBUG:colcon.colcon_core.event_handler.log_command:Invoked command in '/home/yzh/桌面/project-ros/ros-study/chapt1/build/Hello' returned '0': /usr/bin/cmake /home/yzh/桌面/project-ros/ros-study/chapt1 -DCMAKE_INSTALL_PREFIX=/home/yzh/桌面/project-ros/ros-study/chapt1/install/Hello
[7.341s] DEBUG:colcon.colcon_parallel_executor.executor.parallel:loop closed
[7.341s] DEBUG:colcon.colcon_parallel_executor.executor.parallel:run_until_complete finished with '0'
[7.341s] DEBUG:colcon.colcon_core.event_reactor:joining thread
[7.371s] INFO:colcon.colcon_core.plugin_system:Skipping extension 'colcon_notification.desktop_notification.terminal_notifier': Not used on non-Darwin systems
[7.371s] INFO:colcon.colcon_core.plugin_system:Skipping extension 'colcon_notification.desktop_notification.win32': Not used on non-Windows systems
[7.371s] INFO:colcon.colcon_notification.desktop_notification:Sending desktop notification using 'notify2'
[7.453s] DEBUG:colcon.colcon_core.event_reactor:joined thread
[7.455s] INFO:colcon.colcon_core.shell:Creating prefix script '/home/yzh/桌面/project-ros/ros-study/chapt1/install/local_setup.ps1'
[7.463s] INFO:colcon.colcon_core.shell:Creating prefix util module '/home/yzh/桌面/project-ros/ros-study/chapt1/install/_local_setup_util_ps1.py'
[7.471s] INFO:colcon.colcon_core.shell:Creating prefix chain script '/home/yzh/桌面/project-ros/ros-study/chapt1/install/setup.ps1'
[7.476s] INFO:colcon.colcon_core.shell:Creating prefix script '/home/yzh/桌面/project-ros/ros-study/chapt1/install/local_setup.sh'
[7.480s] INFO:colcon.colcon_core.shell:Creating prefix util module '/home/yzh/桌面/project-ros/ros-study/chapt1/install/_local_setup_util_sh.py'
[7.484s] INFO:colcon.colcon_core.shell:Creating prefix chain script '/home/yzh/桌面/project-ros/ros-study/chapt1/install/setup.sh'
[7.490s] INFO:colcon.colcon_core.shell:Creating prefix script '/home/yzh/桌面/project-ros/ros-study/chapt1/install/local_setup.bash'
[7.496s] INFO:colcon.colcon_core.shell:Creating prefix chain script '/home/yzh/桌面/project-ros/ros-study/chapt1/install/setup.bash'
[7.503s] INFO:colcon.colcon_core.shell:Creating prefix script '/home/yzh/桌面/project-ros/ros-study/chapt1/install/local_setup.zsh'
[7.509s] INFO:colcon.colcon_core.shell:Creating prefix chain script '/home/yzh/桌面/project-ros/ros-study/chapt1/install/setup.zsh'
