[0.422s] DEBUG:colcon:Command line arguments: ['/usr/bin/colcon', 'build', '--packages-select', 'demo_cpp_service']
[0.423s] DEBUG:colcon:Parsed command line arguments: Namespace(log_base=None, log_level=None, verb_name='build', build_base='build', install_base='install', merge_install=False, symlink_install=False, test_result_base=None, continue_on_error=False, executor='parallel', parallel_workers=16, event_handlers=None, ignore_user_meta=False, metas=['./colcon.meta'], base_paths=['.'], packages_ignore=None, packages_ignore_regex=None, paths=None, packages_up_to=None, packages_up_to_regex=None, packages_above=None, packages_above_and_dependencies=None, packages_above_depth=None, packages_select_by_dep=None, packages_skip_by_dep=None, packages_skip_up_to=None, packages_select_build_failed=False, packages_skip_build_finished=False, packages_select_test_failures=False, packages_skip_test_passed=False, packages_select=['demo_cpp_service'], packages_skip=None, packages_select_regex=None, packages_skip_regex=None, packages_start=None, packages_end=None, allow_overriding=[], cmake_args=None, cmake_target=None, cmake_target_skip_unavailable=False, cmake_clean_cache=False, cmake_clean_first=False, cmake_force_configure=False, ament_cmake_args=None, catkin_cmake_args=None, catkin_skip_building_tests=False, verb_parser=<colcon_defaults.argument_parser.defaults.DefaultArgumentsDecorator object at 0x7bc9fea37a60>, verb_extension=<colcon_core.verb.build.BuildVerb object at 0x7bc9feb80fd0>, main=<bound method BuildVerb.main of <colcon_core.verb.build.BuildVerb object at 0x7bc9feb80fd0>>)
[1.052s] Level 1:colcon.colcon_core.package_discovery:discover_packages(colcon_meta) check parameters
[1.053s] Level 1:colcon.colcon_core.package_discovery:discover_packages(recursive) check parameters
[1.053s] Level 1:colcon.colcon_core.package_discovery:discover_packages(ignore) check parameters
[1.054s] Level 1:colcon.colcon_core.package_discovery:discover_packages(path) check parameters
[1.054s] Level 1:colcon.colcon_core.package_discovery:discover_packages(colcon_meta) discover
[1.054s] Level 1:colcon.colcon_core.package_discovery:discover_packages(recursive) discover
[1.054s] INFO:colcon.colcon_core.package_discovery:Crawling recursively for packages in '/home/yzh/chapt4'
[1.054s] Level 1:colcon.colcon_core.package_identification:_identify(.) by extensions ['ignore', 'ignore_ament_install']
[1.055s] Level 1:colcon.colcon_core.package_identification:_identify(.) by extension 'ignore'
[1.055s] Level 1:colcon.colcon_core.package_identification:_identify(.) by extension 'ignore_ament_install'
[1.055s] Level 1:colcon.colcon_core.package_identification:_identify(.) by extensions ['colcon_pkg']
[1.056s] Level 1:colcon.colcon_core.package_identification:_identify(.) by extension 'colcon_pkg'
[1.056s] Level 1:colcon.colcon_core.package_identification:_identify(.) by extensions ['colcon_meta']
[1.056s] Level 1:colcon.colcon_core.package_identification:_identify(.) by extension 'colcon_meta'
[1.056s] Level 1:colcon.colcon_core.package_identification:_identify(.) by extensions ['ros']
[1.056s] Level 1:colcon.colcon_core.package_identification:_identify(.) by extension 'ros'
[1.105s] Level 1:colcon.colcon_core.package_identification:_identify(.) by extensions ['cmake', 'python']
[1.106s] Level 1:colcon.colcon_core.package_identification:_identify(.) by extension 'cmake'
[1.106s] Level 1:colcon.colcon_core.package_identification:_identify(.) by extension 'python'
[1.106s] Level 1:colcon.colcon_core.package_identification:_identify(.) by extensions ['python_setup_py']
[1.106s] Level 1:colcon.colcon_core.package_identification:_identify(.) by extension 'python_setup_py'
[1.107s] Level 1:colcon.colcon_core.package_identification:_identify(build) by extensions ['ignore', 'ignore_ament_install']
[1.107s] Level 1:colcon.colcon_core.package_identification:_identify(build) by extension 'ignore'
[1.107s] Level 1:colcon.colcon_core.package_identification:_identify(build) ignored
[1.108s] Level 1:colcon.colcon_core.package_identification:_identify(install) by extensions ['ignore', 'ignore_ament_install']
[1.109s] Level 1:colcon.colcon_core.package_identification:_identify(install) by extension 'ignore'
[1.109s] Level 1:colcon.colcon_core.package_identification:_identify(install) ignored
[1.109s] Level 1:colcon.colcon_core.package_identification:_identify(log) by extensions ['ignore', 'ignore_ament_install']
[1.110s] Level 1:colcon.colcon_core.package_identification:_identify(log) by extension 'ignore'
[1.110s] Level 1:colcon.colcon_core.package_identification:_identify(log) ignored
[1.110s] Level 1:colcon.colcon_core.package_identification:_identify(src) by extensions ['ignore', 'ignore_ament_install']
[1.110s] Level 1:colcon.colcon_core.package_identification:_identify(src) by extension 'ignore'
[1.111s] Level 1:colcon.colcon_core.package_identification:_identify(src) by extension 'ignore_ament_install'
[1.111s] Level 1:colcon.colcon_core.package_identification:_identify(src) by extensions ['colcon_pkg']
[1.111s] Level 1:colcon.colcon_core.package_identification:_identify(src) by extension 'colcon_pkg'
[1.111s] Level 1:colcon.colcon_core.package_identification:_identify(src) by extensions ['colcon_meta']
[1.111s] Level 1:colcon.colcon_core.package_identification:_identify(src) by extension 'colcon_meta'
[1.111s] Level 1:colcon.colcon_core.package_identification:_identify(src) by extensions ['ros']
[1.112s] Level 1:colcon.colcon_core.package_identification:_identify(src) by extension 'ros'
[1.112s] Level 1:colcon.colcon_core.package_identification:_identify(src) by extensions ['cmake', 'python']
[1.113s] Level 1:colcon.colcon_core.package_identification:_identify(src) by extension 'cmake'
[1.113s] Level 1:colcon.colcon_core.package_identification:_identify(src) by extension 'python'
[1.113s] Level 1:colcon.colcon_core.package_identification:_identify(src) by extensions ['python_setup_py']
[1.113s] Level 1:colcon.colcon_core.package_identification:_identify(src) by extension 'python_setup_py'
[1.113s] Level 1:colcon.colcon_core.package_identification:_identify(src/chapt4_interfaces) by extensions ['ignore', 'ignore_ament_install']
[1.113s] Level 1:colcon.colcon_core.package_identification:_identify(src/chapt4_interfaces) by extension 'ignore'
[1.113s] Level 1:colcon.colcon_core.package_identification:_identify(src/chapt4_interfaces) by extension 'ignore_ament_install'
[1.114s] Level 1:colcon.colcon_core.package_identification:_identify(src/chapt4_interfaces) by extensions ['colcon_pkg']
[1.114s] Level 1:colcon.colcon_core.package_identification:_identify(src/chapt4_interfaces) by extension 'colcon_pkg'
[1.114s] Level 1:colcon.colcon_core.package_identification:_identify(src/chapt4_interfaces) by extensions ['colcon_meta']
[1.114s] Level 1:colcon.colcon_core.package_identification:_identify(src/chapt4_interfaces) by extension 'colcon_meta'
[1.114s] Level 1:colcon.colcon_core.package_identification:_identify(src/chapt4_interfaces) by extensions ['ros']
[1.114s] Level 1:colcon.colcon_core.package_identification:_identify(src/chapt4_interfaces) by extension 'ros'
[1.122s] DEBUG:colcon.colcon_core.package_identification:Package 'src/chapt4_interfaces' with type 'ros.ament_cmake' and name 'chapt4_interfaces'
[1.122s] Level 1:colcon.colcon_core.package_identification:_identify(src/demo_cpp_service) by extensions ['ignore', 'ignore_ament_install']
[1.122s] Level 1:colcon.colcon_core.package_identification:_identify(src/demo_cpp_service) by extension 'ignore'
[1.122s] Level 1:colcon.colcon_core.package_identification:_identify(src/demo_cpp_service) by extension 'ignore_ament_install'
[1.123s] Level 1:colcon.colcon_core.package_identification:_identify(src/demo_cpp_service) by extensions ['colcon_pkg']
[1.123s] Level 1:colcon.colcon_core.package_identification:_identify(src/demo_cpp_service) by extension 'colcon_pkg'
[1.123s] Level 1:colcon.colcon_core.package_identification:_identify(src/demo_cpp_service) by extensions ['colcon_meta']
[1.123s] Level 1:colcon.colcon_core.package_identification:_identify(src/demo_cpp_service) by extension 'colcon_meta'
[1.123s] Level 1:colcon.colcon_core.package_identification:_identify(src/demo_cpp_service) by extensions ['ros']
[1.123s] Level 1:colcon.colcon_core.package_identification:_identify(src/demo_cpp_service) by extension 'ros'
[1.127s] DEBUG:colcon.colcon_core.package_identification:Package 'src/demo_cpp_service' with type 'ros.ament_cmake' and name 'demo_cpp_service'
[1.127s] Level 1:colcon.colcon_core.package_discovery:discover_packages(recursive) using defaults
[1.127s] Level 1:colcon.colcon_core.package_discovery:discover_packages(ignore) discover
[1.127s] Level 1:colcon.colcon_core.package_discovery:discover_packages(ignore) using defaults
[1.127s] Level 1:colcon.colcon_core.package_discovery:discover_packages(path) discover
[1.128s] Level 1:colcon.colcon_core.package_discovery:discover_packages(path) using defaults
[1.199s] INFO:colcon.colcon_core.package_selection:Skipping not selected package 'chapt4_interfaces' in 'src/chapt4_interfaces'
[1.200s] Level 1:colcon.colcon_core.package_discovery:discover_packages(prefix_path) check parameters
[1.200s] Level 1:colcon.colcon_core.package_discovery:discover_packages(prefix_path) discover
[1.206s] DEBUG:colcon.colcon_installed_package_information.package_discovery:Found 2 installed packages in /home/yzh/chapt4/install
[1.210s] DEBUG:colcon.colcon_installed_package_information.package_discovery:Found 271 installed packages in /opt/ros/humble
[1.230s] Level 1:colcon.colcon_core.package_discovery:discover_packages(prefix_path) using defaults
[1.399s] Level 5:colcon.colcon_core.verb:set package 'demo_cpp_service' build argument 'cmake_args' from command line to 'None'
[1.399s] Level 5:colcon.colcon_core.verb:set package 'demo_cpp_service' build argument 'cmake_target' from command line to 'None'
[1.399s] Level 5:colcon.colcon_core.verb:set package 'demo_cpp_service' build argument 'cmake_target_skip_unavailable' from command line to 'False'
[1.399s] Level 5:colcon.colcon_core.verb:set package 'demo_cpp_service' build argument 'cmake_clean_cache' from command line to 'False'
[1.400s] Level 5:colcon.colcon_core.verb:set package 'demo_cpp_service' build argument 'cmake_clean_first' from command line to 'False'
[1.400s] Level 5:colcon.colcon_core.verb:set package 'demo_cpp_service' build argument 'cmake_force_configure' from command line to 'False'
[1.400s] Level 5:colcon.colcon_core.verb:set package 'demo_cpp_service' build argument 'ament_cmake_args' from command line to 'None'
[1.400s] Level 5:colcon.colcon_core.verb:set package 'demo_cpp_service' build argument 'catkin_cmake_args' from command line to 'None'
[1.400s] Level 5:colcon.colcon_core.verb:set package 'demo_cpp_service' build argument 'catkin_skip_building_tests' from command line to 'False'
[1.400s] DEBUG:colcon.colcon_core.verb:Building package 'demo_cpp_service' with the following arguments: {'ament_cmake_args': None, 'build_base': '/home/yzh/chapt4/build/demo_cpp_service', 'catkin_cmake_args': None, 'catkin_skip_building_tests': False, 'cmake_args': None, 'cmake_clean_cache': False, 'cmake_clean_first': False, 'cmake_force_configure': False, 'cmake_target': None, 'cmake_target_skip_unavailable': False, 'install_base': '/home/yzh/chapt4/install/demo_cpp_service', 'merge_install': False, 'path': '/home/yzh/chapt4/src/demo_cpp_service', 'symlink_install': False, 'test_result_base': None}
[1.401s] INFO:colcon.colcon_core.executor:Executing jobs using 'parallel' executor
[1.407s] DEBUG:colcon.colcon_parallel_executor.executor.parallel:run_until_complete
[1.409s] INFO:colcon.colcon_ros.task.ament_cmake.build:Building ROS package in '/home/yzh/chapt4/src/demo_cpp_service' with build type 'ament_cmake'
[1.410s] INFO:colcon.colcon_cmake.task.cmake.build:Building CMake package in '/home/yzh/chapt4/src/demo_cpp_service'
[1.419s] INFO:colcon.colcon_core.plugin_system:Skipping extension 'colcon_core.shell.bat': Not used on non-Windows systems
[1.420s] INFO:colcon.colcon_core.shell:Skip shell extension 'powershell' for command environment: Not usable outside of PowerShell
[1.420s] DEBUG:colcon.colcon_core.shell:Skip shell extension 'dsv' for command environment
[1.501s] DEBUG:colcon.colcon_core.event_handler.log_command:Invoking command in '/home/yzh/chapt4/build/demo_cpp_service': CMAKE_PREFIX_PATH=/home/yzh/chapt4/install/chapt4_interfaces:/home/yzh/chapt4/install/demo_cpp_service:/opt/ros/humble /usr/bin/cmake --build /home/yzh/chapt4/build/demo_cpp_service -- -j16 -l16
[17.077s] DEBUG:colcon.colcon_core.event_handler.log_command:Invoked command in '/home/yzh/chapt4/build/demo_cpp_service' returned '0': CMAKE_PREFIX_PATH=/home/yzh/chapt4/install/chapt4_interfaces:/home/yzh/chapt4/install/demo_cpp_service:/opt/ros/humble /usr/bin/cmake --build /home/yzh/chapt4/build/demo_cpp_service -- -j16 -l16
[17.121s] DEBUG:colcon.colcon_core.event_handler.log_command:Invoking command in '/home/yzh/chapt4/build/demo_cpp_service': CMAKE_PREFIX_PATH=/home/yzh/chapt4/install/chapt4_interfaces:/home/yzh/chapt4/install/demo_cpp_service:/opt/ros/humble /usr/bin/cmake --install /home/yzh/chapt4/build/demo_cpp_service
[17.175s] Level 1:colcon.colcon_core.environment:create_environment_scripts_only(demo_cpp_service)
[17.183s] DEBUG:colcon.colcon_core.event_handler.log_command:Invoked command in '/home/yzh/chapt4/build/demo_cpp_service' returned '0': CMAKE_PREFIX_PATH=/home/yzh/chapt4/install/chapt4_interfaces:/home/yzh/chapt4/install/demo_cpp_service:/opt/ros/humble /usr/bin/cmake --install /home/yzh/chapt4/build/demo_cpp_service
[17.188s] Level 1:colcon.colcon_core.environment:checking '/home/yzh/chapt4/install/demo_cpp_service' for CMake module files
[17.190s] Level 1:colcon.colcon_core.environment:checking '/home/yzh/chapt4/install/demo_cpp_service' for CMake config files
[17.191s] Level 1:colcon.colcon_core.shell:create_environment_hook('demo_cpp_service', 'cmake_prefix_path')
[17.191s] INFO:colcon.colcon_core.shell:Creating environment hook '/home/yzh/chapt4/install/demo_cpp_service/share/demo_cpp_service/hook/cmake_prefix_path.ps1'
[17.194s] INFO:colcon.colcon_core.shell:Creating environment descriptor '/home/yzh/chapt4/install/demo_cpp_service/share/demo_cpp_service/hook/cmake_prefix_path.dsv'
[17.197s] INFO:colcon.colcon_core.shell:Creating environment hook '/home/yzh/chapt4/install/demo_cpp_service/share/demo_cpp_service/hook/cmake_prefix_path.sh'
[17.200s] Level 1:colcon.colcon_core.environment:checking '/home/yzh/chapt4/install/demo_cpp_service/lib'
[17.200s] Level 1:colcon.colcon_core.environment:checking '/home/yzh/chapt4/install/demo_cpp_service/bin'
[17.200s] Level 1:colcon.colcon_core.environment:checking '/home/yzh/chapt4/install/demo_cpp_service/lib/pkgconfig/demo_cpp_service.pc'
[17.201s] Level 1:colcon.colcon_core.environment:checking '/home/yzh/chapt4/install/demo_cpp_service/lib/python3.10/site-packages'
[17.202s] Level 1:colcon.colcon_core.environment:checking '/home/yzh/chapt4/install/demo_cpp_service/bin'
[17.203s] INFO:colcon.colcon_core.shell:Creating package script '/home/yzh/chapt4/install/demo_cpp_service/share/demo_cpp_service/package.ps1'
[17.206s] INFO:colcon.colcon_core.shell:Creating package descriptor '/home/yzh/chapt4/install/demo_cpp_service/share/demo_cpp_service/package.dsv'
[17.208s] INFO:colcon.colcon_core.shell:Creating package script '/home/yzh/chapt4/install/demo_cpp_service/share/demo_cpp_service/package.sh'
[17.210s] INFO:colcon.colcon_core.shell:Creating package script '/home/yzh/chapt4/install/demo_cpp_service/share/demo_cpp_service/package.bash'
[17.211s] INFO:colcon.colcon_core.shell:Creating package script '/home/yzh/chapt4/install/demo_cpp_service/share/demo_cpp_service/package.zsh'
[17.212s] Level 1:colcon.colcon_core.environment:create_file_with_runtime_dependencies(/home/yzh/chapt4/install/demo_cpp_service/share/colcon-core/packages/demo_cpp_service)
[17.215s] Level 1:colcon.colcon_core.environment:create_environment_scripts_only(demo_cpp_service)
[17.215s] Level 1:colcon.colcon_core.environment:checking '/home/yzh/chapt4/install/demo_cpp_service' for CMake module files
[17.217s] Level 1:colcon.colcon_core.environment:checking '/home/yzh/chapt4/install/demo_cpp_service' for CMake config files
[17.218s] Level 1:colcon.colcon_core.shell:create_environment_hook('demo_cpp_service', 'cmake_prefix_path')
[17.219s] INFO:colcon.colcon_core.shell:Creating environment hook '/home/yzh/chapt4/install/demo_cpp_service/share/demo_cpp_service/hook/cmake_prefix_path.ps1'
[17.220s] INFO:colcon.colcon_core.shell:Creating environment descriptor '/home/yzh/chapt4/install/demo_cpp_service/share/demo_cpp_service/hook/cmake_prefix_path.dsv'
[17.222s] INFO:colcon.colcon_core.shell:Creating environment hook '/home/yzh/chapt4/install/demo_cpp_service/share/demo_cpp_service/hook/cmake_prefix_path.sh'
[17.224s] Level 1:colcon.colcon_core.environment:checking '/home/yzh/chapt4/install/demo_cpp_service/lib'
[17.224s] Level 1:colcon.colcon_core.environment:checking '/home/yzh/chapt4/install/demo_cpp_service/bin'
[17.225s] Level 1:colcon.colcon_core.environment:checking '/home/yzh/chapt4/install/demo_cpp_service/lib/pkgconfig/demo_cpp_service.pc'
[17.226s] Level 1:colcon.colcon_core.environment:checking '/home/yzh/chapt4/install/demo_cpp_service/lib/python3.10/site-packages'
[17.227s] Level 1:colcon.colcon_core.environment:checking '/home/yzh/chapt4/install/demo_cpp_service/bin'
[17.227s] INFO:colcon.colcon_core.shell:Creating package script '/home/yzh/chapt4/install/demo_cpp_service/share/demo_cpp_service/package.ps1'
[17.229s] INFO:colcon.colcon_core.shell:Creating package descriptor '/home/yzh/chapt4/install/demo_cpp_service/share/demo_cpp_service/package.dsv'
[17.231s] INFO:colcon.colcon_core.shell:Creating package script '/home/yzh/chapt4/install/demo_cpp_service/share/demo_cpp_service/package.sh'
[17.232s] INFO:colcon.colcon_core.shell:Creating package script '/home/yzh/chapt4/install/demo_cpp_service/share/demo_cpp_service/package.bash'
[17.233s] INFO:colcon.colcon_core.shell:Creating package script '/home/yzh/chapt4/install/demo_cpp_service/share/demo_cpp_service/package.zsh'
[17.235s] Level 1:colcon.colcon_core.environment:create_file_with_runtime_dependencies(/home/yzh/chapt4/install/demo_cpp_service/share/colcon-core/packages/demo_cpp_service)
[17.236s] DEBUG:colcon.colcon_parallel_executor.executor.parallel:closing loop
[17.237s] DEBUG:colcon.colcon_parallel_executor.executor.parallel:loop closed
[17.238s] DEBUG:colcon.colcon_parallel_executor.executor.parallel:run_until_complete finished with '0'
[17.239s] DEBUG:colcon.colcon_core.event_reactor:joining thread
[17.253s] INFO:colcon.colcon_core.plugin_system:Skipping extension 'colcon_notification.desktop_notification.terminal_notifier': Not used on non-Darwin systems
[17.253s] INFO:colcon.colcon_core.plugin_system:Skipping extension 'colcon_notification.desktop_notification.win32': Not used on non-Windows systems
[17.253s] INFO:colcon.colcon_notification.desktop_notification:Sending desktop notification using 'notify2'
[17.303s] DEBUG:colcon.colcon_core.event_reactor:joined thread
[17.305s] INFO:colcon.colcon_core.shell:Creating prefix script '/home/yzh/chapt4/install/local_setup.ps1'
[17.310s] INFO:colcon.colcon_core.shell:Creating prefix util module '/home/yzh/chapt4/install/_local_setup_util_ps1.py'
[17.316s] INFO:colcon.colcon_core.shell:Creating prefix chain script '/home/yzh/chapt4/install/setup.ps1'
[17.321s] INFO:colcon.colcon_core.shell:Creating prefix script '/home/yzh/chapt4/install/local_setup.sh'
[17.324s] INFO:colcon.colcon_core.shell:Creating prefix util module '/home/yzh/chapt4/install/_local_setup_util_sh.py'
[17.328s] INFO:colcon.colcon_core.shell:Creating prefix chain script '/home/yzh/chapt4/install/setup.sh'
[17.333s] INFO:colcon.colcon_core.shell:Creating prefix script '/home/yzh/chapt4/install/local_setup.bash'
[17.337s] INFO:colcon.colcon_core.shell:Creating prefix chain script '/home/yzh/chapt4/install/setup.bash'
[17.342s] INFO:colcon.colcon_core.shell:Creating prefix script '/home/yzh/chapt4/install/local_setup.zsh'
[17.345s] INFO:colcon.colcon_core.shell:Creating prefix chain script '/home/yzh/chapt4/install/setup.zsh'
