[0.519s] DEBUG:colcon:Command line arguments: ['/usr/bin/colcon', 'build', '--packages-select', 'demo_cpp_service']
[0.519s] DEBUG:colcon:Parsed command line arguments: Namespace(log_base=None, log_level=None, verb_name='build', build_base='build', install_base='install', merge_install=False, symlink_install=False, test_result_base=None, continue_on_error=False, executor='parallel', parallel_workers=16, event_handlers=None, ignore_user_meta=False, metas=['./colcon.meta'], base_paths=['.'], packages_ignore=None, packages_ignore_regex=None, paths=None, packages_up_to=None, packages_up_to_regex=None, packages_above=None, packages_above_and_dependencies=None, packages_above_depth=None, packages_select_by_dep=None, packages_skip_by_dep=None, packages_skip_up_to=None, packages_select_build_failed=False, packages_skip_build_finished=False, packages_select_test_failures=False, packages_skip_test_passed=False, packages_select=['demo_cpp_service'], packages_skip=None, packages_select_regex=None, packages_skip_regex=None, packages_start=None, packages_end=None, allow_overriding=[], cmake_args=None, cmake_target=None, cmake_target_skip_unavailable=False, cmake_clean_cache=False, cmake_clean_first=False, cmake_force_configure=False, ament_cmake_args=None, catkin_cmake_args=None, catkin_skip_building_tests=False, verb_parser=<colcon_defaults.argument_parser.defaults.DefaultArgumentsDecorator object at 0x7cbaf7b3ba60>, verb_extension=<colcon_core.verb.build.BuildVerb object at 0x7cbaf7c84fd0>, main=<bound method BuildVerb.main of <colcon_core.verb.build.BuildVerb object at 0x7cbaf7c84fd0>>)
[1.088s] Level 1:colcon.colcon_core.package_discovery:discover_packages(colcon_meta) check parameters
[1.088s] Level 1:colcon.colcon_core.package_discovery:discover_packages(recursive) check parameters
[1.088s] Level 1:colcon.colcon_core.package_discovery:discover_packages(ignore) check parameters
[1.088s] Level 1:colcon.colcon_core.package_discovery:discover_packages(path) check parameters
[1.088s] Level 1:colcon.colcon_core.package_discovery:discover_packages(colcon_meta) discover
[1.088s] Level 1:colcon.colcon_core.package_discovery:discover_packages(recursive) discover
[1.089s] INFO:colcon.colcon_core.package_discovery:Crawling recursively for packages in '/home/yzh/chapt4'
[1.089s] Level 1:colcon.colcon_core.package_identification:_identify(.) by extensions ['ignore', 'ignore_ament_install']
[1.089s] Level 1:colcon.colcon_core.package_identification:_identify(.) by extension 'ignore'
[1.089s] Level 1:colcon.colcon_core.package_identification:_identify(.) by extension 'ignore_ament_install'
[1.089s] Level 1:colcon.colcon_core.package_identification:_identify(.) by extensions ['colcon_pkg']
[1.089s] Level 1:colcon.colcon_core.package_identification:_identify(.) by extension 'colcon_pkg'
[1.089s] Level 1:colcon.colcon_core.package_identification:_identify(.) by extensions ['colcon_meta']
[1.089s] Level 1:colcon.colcon_core.package_identification:_identify(.) by extension 'colcon_meta'
[1.090s] Level 1:colcon.colcon_core.package_identification:_identify(.) by extensions ['ros']
[1.090s] Level 1:colcon.colcon_core.package_identification:_identify(.) by extension 'ros'
[1.140s] Level 1:colcon.colcon_core.package_identification:_identify(.) by extensions ['cmake', 'python']
[1.141s] Level 1:colcon.colcon_core.package_identification:_identify(.) by extension 'cmake'
[1.141s] Level 1:colcon.colcon_core.package_identification:_identify(.) by extension 'python'
[1.141s] Level 1:colcon.colcon_core.package_identification:_identify(.) by extensions ['python_setup_py']
[1.142s] Level 1:colcon.colcon_core.package_identification:_identify(.) by extension 'python_setup_py'
[1.142s] Level 1:colcon.colcon_core.package_identification:_identify(build) by extensions ['ignore', 'ignore_ament_install']
[1.143s] Level 1:colcon.colcon_core.package_identification:_identify(build) by extension 'ignore'
[1.143s] Level 1:colcon.colcon_core.package_identification:_identify(build) ignored
[1.143s] Level 1:colcon.colcon_core.package_identification:_identify(install) by extensions ['ignore', 'ignore_ament_install']
[1.143s] Level 1:colcon.colcon_core.package_identification:_identify(install) by extension 'ignore'
[1.143s] Level 1:colcon.colcon_core.package_identification:_identify(install) ignored
[1.144s] Level 1:colcon.colcon_core.package_identification:_identify(log) by extensions ['ignore', 'ignore_ament_install']
[1.144s] Level 1:colcon.colcon_core.package_identification:_identify(log) by extension 'ignore'
[1.145s] Level 1:colcon.colcon_core.package_identification:_identify(log) ignored
[1.145s] Level 1:colcon.colcon_core.package_identification:_identify(src) by extensions ['ignore', 'ignore_ament_install']
[1.145s] Level 1:colcon.colcon_core.package_identification:_identify(src) by extension 'ignore'
[1.146s] Level 1:colcon.colcon_core.package_identification:_identify(src) by extension 'ignore_ament_install'
[1.147s] Level 1:colcon.colcon_core.package_identification:_identify(src) by extensions ['colcon_pkg']
[1.147s] Level 1:colcon.colcon_core.package_identification:_identify(src) by extension 'colcon_pkg'
[1.147s] Level 1:colcon.colcon_core.package_identification:_identify(src) by extensions ['colcon_meta']
[1.148s] Level 1:colcon.colcon_core.package_identification:_identify(src) by extension 'colcon_meta'
[1.148s] Level 1:colcon.colcon_core.package_identification:_identify(src) by extensions ['ros']
[1.148s] Level 1:colcon.colcon_core.package_identification:_identify(src) by extension 'ros'
[1.148s] Level 1:colcon.colcon_core.package_identification:_identify(src) by extensions ['cmake', 'python']
[1.148s] Level 1:colcon.colcon_core.package_identification:_identify(src) by extension 'cmake'
[1.149s] Level 1:colcon.colcon_core.package_identification:_identify(src) by extension 'python'
[1.149s] Level 1:colcon.colcon_core.package_identification:_identify(src) by extensions ['python_setup_py']
[1.149s] Level 1:colcon.colcon_core.package_identification:_identify(src) by extension 'python_setup_py'
[1.150s] Level 1:colcon.colcon_core.package_identification:_identify(src/chapt4_interfaces) by extensions ['ignore', 'ignore_ament_install']
[1.150s] Level 1:colcon.colcon_core.package_identification:_identify(src/chapt4_interfaces) by extension 'ignore'
[1.151s] Level 1:colcon.colcon_core.package_identification:_identify(src/chapt4_interfaces) by extension 'ignore_ament_install'
[1.151s] Level 1:colcon.colcon_core.package_identification:_identify(src/chapt4_interfaces) by extensions ['colcon_pkg']
[1.151s] Level 1:colcon.colcon_core.package_identification:_identify(src/chapt4_interfaces) by extension 'colcon_pkg'
[1.152s] Level 1:colcon.colcon_core.package_identification:_identify(src/chapt4_interfaces) by extensions ['colcon_meta']
[1.152s] Level 1:colcon.colcon_core.package_identification:_identify(src/chapt4_interfaces) by extension 'colcon_meta'
[1.152s] Level 1:colcon.colcon_core.package_identification:_identify(src/chapt4_interfaces) by extensions ['ros']
[1.152s] Level 1:colcon.colcon_core.package_identification:_identify(src/chapt4_interfaces) by extension 'ros'
[1.160s] DEBUG:colcon.colcon_core.package_identification:Package 'src/chapt4_interfaces' with type 'ros.ament_cmake' and name 'chapt4_interfaces'
[1.160s] Level 1:colcon.colcon_core.package_identification:_identify(src/demo_cpp_service) by extensions ['ignore', 'ignore_ament_install']
[1.160s] Level 1:colcon.colcon_core.package_identification:_identify(src/demo_cpp_service) by extension 'ignore'
[1.161s] Level 1:colcon.colcon_core.package_identification:_identify(src/demo_cpp_service) by extension 'ignore_ament_install'
[1.161s] Level 1:colcon.colcon_core.package_identification:_identify(src/demo_cpp_service) by extensions ['colcon_pkg']
[1.161s] Level 1:colcon.colcon_core.package_identification:_identify(src/demo_cpp_service) by extension 'colcon_pkg'
[1.162s] Level 1:colcon.colcon_core.package_identification:_identify(src/demo_cpp_service) by extensions ['colcon_meta']
[1.162s] Level 1:colcon.colcon_core.package_identification:_identify(src/demo_cpp_service) by extension 'colcon_meta'
[1.162s] Level 1:colcon.colcon_core.package_identification:_identify(src/demo_cpp_service) by extensions ['ros']
[1.162s] Level 1:colcon.colcon_core.package_identification:_identify(src/demo_cpp_service) by extension 'ros'
[1.165s] DEBUG:colcon.colcon_core.package_identification:Package 'src/demo_cpp_service' with type 'ros.ament_cmake' and name 'demo_cpp_service'
[1.166s] Level 1:colcon.colcon_core.package_discovery:discover_packages(recursive) using defaults
[1.166s] Level 1:colcon.colcon_core.package_discovery:discover_packages(ignore) discover
[1.166s] Level 1:colcon.colcon_core.package_discovery:discover_packages(ignore) using defaults
[1.166s] Level 1:colcon.colcon_core.package_discovery:discover_packages(path) discover
[1.167s] Level 1:colcon.colcon_core.package_discovery:discover_packages(path) using defaults
[1.231s] INFO:colcon.colcon_core.package_selection:Skipping not selected package 'chapt4_interfaces' in 'src/chapt4_interfaces'
[1.233s] Level 1:colcon.colcon_core.package_discovery:discover_packages(prefix_path) check parameters
[1.233s] Level 1:colcon.colcon_core.package_discovery:discover_packages(prefix_path) discover
[1.241s] DEBUG:colcon.colcon_installed_package_information.package_discovery:Found 2 installed packages in /home/yzh/chapt4/install
[1.248s] DEBUG:colcon.colcon_installed_package_information.package_discovery:Found 271 installed packages in /opt/ros/humble
[1.286s] Level 1:colcon.colcon_core.package_discovery:discover_packages(prefix_path) using defaults
[1.426s] Level 5:colcon.colcon_core.verb:set package 'demo_cpp_service' build argument 'cmake_args' from command line to 'None'
[1.426s] Level 5:colcon.colcon_core.verb:set package 'demo_cpp_service' build argument 'cmake_target' from command line to 'None'
[1.426s] Level 5:colcon.colcon_core.verb:set package 'demo_cpp_service' build argument 'cmake_target_skip_unavailable' from command line to 'False'
[1.426s] Level 5:colcon.colcon_core.verb:set package 'demo_cpp_service' build argument 'cmake_clean_cache' from command line to 'False'
[1.426s] Level 5:colcon.colcon_core.verb:set package 'demo_cpp_service' build argument 'cmake_clean_first' from command line to 'False'
[1.427s] Level 5:colcon.colcon_core.verb:set package 'demo_cpp_service' build argument 'cmake_force_configure' from command line to 'False'
[1.427s] Level 5:colcon.colcon_core.verb:set package 'demo_cpp_service' build argument 'ament_cmake_args' from command line to 'None'
[1.427s] Level 5:colcon.colcon_core.verb:set package 'demo_cpp_service' build argument 'catkin_cmake_args' from command line to 'None'
[1.427s] Level 5:colcon.colcon_core.verb:set package 'demo_cpp_service' build argument 'catkin_skip_building_tests' from command line to 'False'
[1.427s] DEBUG:colcon.colcon_core.verb:Building package 'demo_cpp_service' with the following arguments: {'ament_cmake_args': None, 'build_base': '/home/yzh/chapt4/build/demo_cpp_service', 'catkin_cmake_args': None, 'catkin_skip_building_tests': False, 'cmake_args': None, 'cmake_clean_cache': False, 'cmake_clean_first': False, 'cmake_force_configure': False, 'cmake_target': None, 'cmake_target_skip_unavailable': False, 'install_base': '/home/yzh/chapt4/install/demo_cpp_service', 'merge_install': False, 'path': '/home/yzh/chapt4/src/demo_cpp_service', 'symlink_install': False, 'test_result_base': None}
[1.427s] INFO:colcon.colcon_core.executor:Executing jobs using 'parallel' executor
[1.430s] DEBUG:colcon.colcon_parallel_executor.executor.parallel:run_until_complete
[1.431s] INFO:colcon.colcon_ros.task.ament_cmake.build:Building ROS package in '/home/yzh/chapt4/src/demo_cpp_service' with build type 'ament_cmake'
[1.431s] INFO:colcon.colcon_cmake.task.cmake.build:Building CMake package in '/home/yzh/chapt4/src/demo_cpp_service'
[1.440s] INFO:colcon.colcon_core.plugin_system:Skipping extension 'colcon_core.shell.bat': Not used on non-Windows systems
[1.442s] INFO:colcon.colcon_core.shell:Skip shell extension 'powershell' for command environment: Not usable outside of PowerShell
[1.442s] DEBUG:colcon.colcon_core.shell:Skip shell extension 'dsv' for command environment
[1.498s] DEBUG:colcon.colcon_core.event_handler.log_command:Invoking command in '/home/yzh/chapt4/build/demo_cpp_service': CMAKE_PREFIX_PATH=/home/yzh/chapt4/install/chapt4_interfaces:/home/yzh/chapt4/install/demo_cpp_service:/opt/ros/humble /usr/bin/cmake --build /home/yzh/chapt4/build/demo_cpp_service -- -j16 -l16
[18.253s] DEBUG:colcon.colcon_core.event_handler.log_command:Invoked command in '/home/yzh/chapt4/build/demo_cpp_service' returned '0': CMAKE_PREFIX_PATH=/home/yzh/chapt4/install/chapt4_interfaces:/home/yzh/chapt4/install/demo_cpp_service:/opt/ros/humble /usr/bin/cmake --build /home/yzh/chapt4/build/demo_cpp_service -- -j16 -l16
[18.299s] DEBUG:colcon.colcon_core.event_handler.log_command:Invoking command in '/home/yzh/chapt4/build/demo_cpp_service': CMAKE_PREFIX_PATH=/home/yzh/chapt4/install/chapt4_interfaces:/home/yzh/chapt4/install/demo_cpp_service:/opt/ros/humble /usr/bin/cmake --install /home/yzh/chapt4/build/demo_cpp_service
[18.342s] Level 1:colcon.colcon_core.environment:create_environment_scripts_only(demo_cpp_service)
[18.345s] DEBUG:colcon.colcon_core.event_handler.log_command:Invoked command in '/home/yzh/chapt4/build/demo_cpp_service' returned '0': CMAKE_PREFIX_PATH=/home/yzh/chapt4/install/chapt4_interfaces:/home/yzh/chapt4/install/demo_cpp_service:/opt/ros/humble /usr/bin/cmake --install /home/yzh/chapt4/build/demo_cpp_service
[18.354s] Level 1:colcon.colcon_core.environment:checking '/home/yzh/chapt4/install/demo_cpp_service' for CMake module files
[18.356s] Level 1:colcon.colcon_core.environment:checking '/home/yzh/chapt4/install/demo_cpp_service' for CMake config files
[18.357s] Level 1:colcon.colcon_core.shell:create_environment_hook('demo_cpp_service', 'cmake_prefix_path')
[18.358s] INFO:colcon.colcon_core.shell:Creating environment hook '/home/yzh/chapt4/install/demo_cpp_service/share/demo_cpp_service/hook/cmake_prefix_path.ps1'
[18.361s] INFO:colcon.colcon_core.shell:Creating environment descriptor '/home/yzh/chapt4/install/demo_cpp_service/share/demo_cpp_service/hook/cmake_prefix_path.dsv'
[18.364s] INFO:colcon.colcon_core.shell:Creating environment hook '/home/yzh/chapt4/install/demo_cpp_service/share/demo_cpp_service/hook/cmake_prefix_path.sh'
[18.367s] Level 1:colcon.colcon_core.environment:checking '/home/yzh/chapt4/install/demo_cpp_service/lib'
[18.368s] Level 1:colcon.colcon_core.environment:checking '/home/yzh/chapt4/install/demo_cpp_service/bin'
[18.368s] Level 1:colcon.colcon_core.environment:checking '/home/yzh/chapt4/install/demo_cpp_service/lib/pkgconfig/demo_cpp_service.pc'
[18.369s] Level 1:colcon.colcon_core.environment:checking '/home/yzh/chapt4/install/demo_cpp_service/lib/python3.10/site-packages'
[18.370s] Level 1:colcon.colcon_core.environment:checking '/home/yzh/chapt4/install/demo_cpp_service/bin'
[18.371s] INFO:colcon.colcon_core.shell:Creating package script '/home/yzh/chapt4/install/demo_cpp_service/share/demo_cpp_service/package.ps1'
[18.374s] INFO:colcon.colcon_core.shell:Creating package descriptor '/home/yzh/chapt4/install/demo_cpp_service/share/demo_cpp_service/package.dsv'
[18.376s] INFO:colcon.colcon_core.shell:Creating package script '/home/yzh/chapt4/install/demo_cpp_service/share/demo_cpp_service/package.sh'
[18.379s] INFO:colcon.colcon_core.shell:Creating package script '/home/yzh/chapt4/install/demo_cpp_service/share/demo_cpp_service/package.bash'
[18.382s] INFO:colcon.colcon_core.shell:Creating package script '/home/yzh/chapt4/install/demo_cpp_service/share/demo_cpp_service/package.zsh'
[18.384s] Level 1:colcon.colcon_core.environment:create_file_with_runtime_dependencies(/home/yzh/chapt4/install/demo_cpp_service/share/colcon-core/packages/demo_cpp_service)
[18.386s] Level 1:colcon.colcon_core.environment:create_environment_scripts_only(demo_cpp_service)
[18.387s] Level 1:colcon.colcon_core.environment:checking '/home/yzh/chapt4/install/demo_cpp_service' for CMake module files
[18.388s] Level 1:colcon.colcon_core.environment:checking '/home/yzh/chapt4/install/demo_cpp_service' for CMake config files
[18.390s] Level 1:colcon.colcon_core.shell:create_environment_hook('demo_cpp_service', 'cmake_prefix_path')
[18.391s] INFO:colcon.colcon_core.shell:Creating environment hook '/home/yzh/chapt4/install/demo_cpp_service/share/demo_cpp_service/hook/cmake_prefix_path.ps1'
[18.392s] INFO:colcon.colcon_core.shell:Creating environment descriptor '/home/yzh/chapt4/install/demo_cpp_service/share/demo_cpp_service/hook/cmake_prefix_path.dsv'
[18.394s] INFO:colcon.colcon_core.shell:Creating environment hook '/home/yzh/chapt4/install/demo_cpp_service/share/demo_cpp_service/hook/cmake_prefix_path.sh'
[18.395s] Level 1:colcon.colcon_core.environment:checking '/home/yzh/chapt4/install/demo_cpp_service/lib'
[18.395s] Level 1:colcon.colcon_core.environment:checking '/home/yzh/chapt4/install/demo_cpp_service/bin'
[18.396s] Level 1:colcon.colcon_core.environment:checking '/home/yzh/chapt4/install/demo_cpp_service/lib/pkgconfig/demo_cpp_service.pc'
[18.396s] Level 1:colcon.colcon_core.environment:checking '/home/yzh/chapt4/install/demo_cpp_service/lib/python3.10/site-packages'
[18.397s] Level 1:colcon.colcon_core.environment:checking '/home/yzh/chapt4/install/demo_cpp_service/bin'
[18.399s] INFO:colcon.colcon_core.shell:Creating package script '/home/yzh/chapt4/install/demo_cpp_service/share/demo_cpp_service/package.ps1'
[18.400s] INFO:colcon.colcon_core.shell:Creating package descriptor '/home/yzh/chapt4/install/demo_cpp_service/share/demo_cpp_service/package.dsv'
[18.403s] INFO:colcon.colcon_core.shell:Creating package script '/home/yzh/chapt4/install/demo_cpp_service/share/demo_cpp_service/package.sh'
[18.406s] INFO:colcon.colcon_core.shell:Creating package script '/home/yzh/chapt4/install/demo_cpp_service/share/demo_cpp_service/package.bash'
[18.408s] INFO:colcon.colcon_core.shell:Creating package script '/home/yzh/chapt4/install/demo_cpp_service/share/demo_cpp_service/package.zsh'
[18.409s] Level 1:colcon.colcon_core.environment:create_file_with_runtime_dependencies(/home/yzh/chapt4/install/demo_cpp_service/share/colcon-core/packages/demo_cpp_service)
[18.411s] DEBUG:colcon.colcon_parallel_executor.executor.parallel:closing loop
[18.412s] DEBUG:colcon.colcon_parallel_executor.executor.parallel:loop closed
[18.413s] DEBUG:colcon.colcon_parallel_executor.executor.parallel:run_until_complete finished with '0'
[18.413s] DEBUG:colcon.colcon_core.event_reactor:joining thread
[18.438s] INFO:colcon.colcon_core.plugin_system:Skipping extension 'colcon_notification.desktop_notification.terminal_notifier': Not used on non-Darwin systems
[18.438s] INFO:colcon.colcon_core.plugin_system:Skipping extension 'colcon_notification.desktop_notification.win32': Not used on non-Windows systems
[18.438s] INFO:colcon.colcon_notification.desktop_notification:Sending desktop notification using 'notify2'
[18.487s] DEBUG:colcon.colcon_core.event_reactor:joined thread
[18.488s] INFO:colcon.colcon_core.shell:Creating prefix script '/home/yzh/chapt4/install/local_setup.ps1'
[18.492s] INFO:colcon.colcon_core.shell:Creating prefix util module '/home/yzh/chapt4/install/_local_setup_util_ps1.py'
[18.499s] INFO:colcon.colcon_core.shell:Creating prefix chain script '/home/yzh/chapt4/install/setup.ps1'
[18.506s] INFO:colcon.colcon_core.shell:Creating prefix script '/home/yzh/chapt4/install/local_setup.sh'
[18.509s] INFO:colcon.colcon_core.shell:Creating prefix util module '/home/yzh/chapt4/install/_local_setup_util_sh.py'
[18.512s] INFO:colcon.colcon_core.shell:Creating prefix chain script '/home/yzh/chapt4/install/setup.sh'
[18.517s] INFO:colcon.colcon_core.shell:Creating prefix script '/home/yzh/chapt4/install/local_setup.bash'
[18.521s] INFO:colcon.colcon_core.shell:Creating prefix chain script '/home/yzh/chapt4/install/setup.bash'
[18.525s] INFO:colcon.colcon_core.shell:Creating prefix script '/home/yzh/chapt4/install/local_setup.zsh'
[18.527s] INFO:colcon.colcon_core.shell:Creating prefix chain script '/home/yzh/chapt4/install/setup.zsh'
