[0.017s] Invoking command in '/home/yzh/桌面/project-ros/ros-study/chapt2/ws_ros/build/pkg01_helloworld_cpp': CMAKE_PREFIX_PATH=/opt/ros/humble /usr/bin/cmake --build /home/yzh/桌面/project-ros/ros-study/chapt2/ws_ros/build/pkg01_helloworld_cpp -- -j16 -l16
[0.356s] -- Found ament_cmake: 1.3.12 (/opt/ros/humble/share/ament_cmake/cmake)
[0.831s] -- Found rclcpp: 16.0.16 (/opt/ros/humble/share/rclcpp/cmake)
[1.103s] -- Found rosidl_generator_c: 3.1.7 (/opt/ros/humble/share/rosidl_generator_c/cmake)
[1.131s] -- Found rosidl_adapter: 3.1.7 (/opt/ros/humble/share/rosidl_adapter/cmake)
[1.197s] -- Found rosidl_generator_cpp: 3.1.7 (/opt/ros/humble/share/rosidl_generator_cpp/cmake)
[1.281s] -- Using all available rosidl_typesupport_c: rosidl_typesupport_fastrtps_c;rosidl_typesupport_introspection_c
[1.372s] -- Using all available rosidl_typesupport_cpp: rosidl_typesupport_fastrtps_cpp;rosidl_typesupport_introspection_cpp
[1.648s] -- Found rmw_implementation_cmake: 6.1.2 (/opt/ros/humble/share/rmw_implementation_cmake/cmake)
[1.674s] -- Found rmw_fastrtps_cpp: 6.2.9 (/opt/ros/humble/share/rmw_fastrtps_cpp/cmake)
[1.959s] -- Using RMW implementation 'rmw_fastrtps_cpp' as default
[2.308s] -- Found ament_lint_auto: 0.12.14 (/opt/ros/humble/share/ament_lint_auto/cmake)
[2.496s] -- Added test 'cppcheck' to perform static code analysis on C / C++ code
[2.496s] -- Configured cppcheck include dirs: $<BUILD_INTERFACE:/home/yzh/桌面/project-ros/ros-study/chapt2/ws_ros/src/pkg01_helloworld_cpp/include>
[2.496s] -- Configured cppcheck exclude dirs and/or files: 
[2.502s] -- Added test 'lint_cmake' to check CMake code style
[2.510s] -- Added test 'uncrustify' to check C / C++ code style
[2.510s] -- Configured uncrustify additional arguments: 
[2.514s] -- Added test 'xmllint' to check XML markup files
[2.527s] -- Configuring done
[2.532s] [31mCMake Error at CMakeLists.txt:14 (add_executable):
[2.532s]   Cannot find source file:
[2.532s] 
[2.532s]     src/learn_cpp.cpp
[2.532s] 
[2.532s]   Tried extensions .c .C .c++ .cc .cpp .cxx .cu .mpp .m .M .mm .ixx .cppm .h
[2.532s]   .hh .h++ .hm .hpp .hxx .in .txx .f .F .for .f77 .f90 .f95 .f03 .hip .ispc
[2.533s] 
[2.533s] [0m
[2.533s] [31mCMake Error at CMakeLists.txt:14 (add_executable):
[2.533s]   No SOURCES given to target: learn_cpp
[2.533s] 
[2.533s] [0m
[2.533s] [0mCMake Generate step failed.  Build files cannot be regenerated correctly.[0m
[2.542s] gmake: *** [Makefile:308：cmake_check_build_system] 错误 1
[2.544s] Invoked command in '/home/yzh/桌面/project-ros/ros-study/chapt2/ws_ros/build/pkg01_helloworld_cpp' returned '2': CMAKE_PREFIX_PATH=/opt/ros/humble /usr/bin/cmake --build /home/yzh/桌面/project-ros/ros-study/chapt2/ws_ros/build/pkg01_helloworld_cpp -- -j16 -l16
