[35m[1mConsolidate compiler generated dependencies of target partol_client[0m
[ 50%] Built target turtle_control
[ 75%] [32mBuilding CXX object CMakeFiles/partol_client.dir/src/Partol_Client.cpp.o[0m
[01m[K/home/yzh/chapt4/src/demo_cpp_service/src/Partol_Client.cpp:[m[K In member function ‘[01m[Kvoid PartolClient::timer_callback()[m[K’:
[01m[K/home/yzh/chapt4/src/demo_cpp_service/src/Partol_Client.cpp:28:25:[m[K [01;35m[Kwarning: [m[Kthe address of ‘[01m[Kbool rclcpp::ok(rclcpp::Context::SharedPtr)[m[K’ will never be NULL [[01;35m[K]8;;https://gcc.gnu.org/onlinedocs/gcc/Warning-Options.html#index-Waddress-Waddress]8;;[m[K]
   28 |             if(![01;35m[Krclcpp::ok[m[K){
      |                 [01;35m[K~~~~~~~~^~[m[K
[100%] [32m[1mLinking CXX executable partol_client[0m
[100%] Built target partol_client
-- Install configuration: ""
-- Up-to-date: /home/yzh/chapt4/install/demo_cpp_service/lib/demo_cpp_service/turtle_control
-- Installing: /home/yzh/chapt4/install/demo_cpp_service/lib/demo_cpp_service/partol_client
-- Set runtime path of "/home/yzh/chapt4/install/demo_cpp_service/lib/demo_cpp_service/partol_client" to ""
-- Up-to-date: /home/yzh/chapt4/install/demo_cpp_service/share/ament_index/resource_index/package_run_dependencies/demo_cpp_service
-- Up-to-date: /home/yzh/chapt4/install/demo_cpp_service/share/ament_index/resource_index/parent_prefix_path/demo_cpp_service
-- Up-to-date: /home/yzh/chapt4/install/demo_cpp_service/share/demo_cpp_service/environment/ament_prefix_path.sh
-- Up-to-date: /home/yzh/chapt4/install/demo_cpp_service/share/demo_cpp_service/environment/ament_prefix_path.dsv
-- Up-to-date: /home/yzh/chapt4/install/demo_cpp_service/share/demo_cpp_service/environment/path.sh
-- Up-to-date: /home/yzh/chapt4/install/demo_cpp_service/share/demo_cpp_service/environment/path.dsv
-- Up-to-date: /home/yzh/chapt4/install/demo_cpp_service/share/demo_cpp_service/local_setup.bash
-- Up-to-date: /home/yzh/chapt4/install/demo_cpp_service/share/demo_cpp_service/local_setup.sh
-- Up-to-date: /home/yzh/chapt4/install/demo_cpp_service/share/demo_cpp_service/local_setup.zsh
-- Up-to-date: /home/yzh/chapt4/install/demo_cpp_service/share/demo_cpp_service/local_setup.dsv
-- Installing: /home/yzh/chapt4/install/demo_cpp_service/share/demo_cpp_service/package.dsv
-- Up-to-date: /home/yzh/chapt4/install/demo_cpp_service/share/ament_index/resource_index/packages/demo_cpp_service
-- Up-to-date: /home/yzh/chapt4/install/demo_cpp_service/share/demo_cpp_service/cmake/demo_cpp_serviceConfig.cmake
-- Up-to-date: /home/yzh/chapt4/install/demo_cpp_service/share/demo_cpp_service/cmake/demo_cpp_serviceConfig-version.cmake
-- Up-to-date: /home/yzh/chapt4/install/demo_cpp_service/share/demo_cpp_service/package.xml
