[0.036s] Invoking command in '/home/yzh/chapt4/build/chapt4_interfaces': CMAKE_PREFIX_PATH=${CMAKE_PREFIX_PATH}:/opt/ros/humble /usr/bin/cmake /home/yzh/chapt4/src/chapt4_interfaces -DCMAKE_INSTALL_PREFIX=/home/yzh/chapt4/install/chapt4_interfaces
[0.990s] -- The C compiler identification is GNU 11.4.0
[1.277s] -- The CXX compiler identification is GNU 11.4.0
[1.401s] -- Detecting C compiler ABI info
[1.768s] -- Detecting C compiler ABI info - done
[1.798s] -- Check for working C compiler: /usr/bin/cc - skipped
[1.803s] -- Detecting C compile features
[1.811s] -- Detecting C compile features - done
[1.837s] -- Detecting CXX compiler ABI info
[2.262s] -- Detecting CXX compiler ABI info - done
[2.290s] -- Check for working CXX compiler: /usr/bin/c++ - skipped
[2.293s] -- Detecting CXX compile features
[2.294s] -- Detecting CXX compile features - done
[2.309s] -- Found ament_cmake: 1.3.12 (/opt/ros/humble/share/ament_cmake/cmake)
[3.144s] -- Found Python3: /usr/bin/python3 (found version "3.10.12") found components: Interpreter 
[3.900s] -- Found sensor_msgs: 4.9.0 (/opt/ros/humble/share/sensor_msgs/cmake)
[4.230s] -- Found rosidl_generator_c: 3.1.7 (/opt/ros/humble/share/rosidl_generator_c/cmake)
[4.249s] -- Found rosidl_adapter: 3.1.7 (/opt/ros/humble/share/rosidl_adapter/cmake)
[4.326s] -- Found rosidl_generator_cpp: 3.1.7 (/opt/ros/humble/share/rosidl_generator_cpp/cmake)
[4.458s] -- Using all available rosidl_typesupport_c: rosidl_typesupport_fastrtps_c;rosidl_typesupport_introspection_c
[4.614s] -- Using all available rosidl_typesupport_cpp: rosidl_typesupport_fastrtps_cpp;rosidl_typesupport_introspection_cpp
[5.183s] -- Found rosidl_default_generators: 1.2.0 (/opt/ros/humble/share/rosidl_default_generators/cmake)
[6.451s] -- Found ament_cmake_ros: 0.10.0 (/opt/ros/humble/share/ament_cmake_ros/cmake)
[8.457s] -- Using all available rosidl_typesupport_c: rosidl_typesupport_fastrtps_c;rosidl_typesupport_introspection_c
[9.133s] -- Using all available rosidl_typesupport_cpp: rosidl_typesupport_fastrtps_cpp;rosidl_typesupport_introspection_cpp
[9.240s] -- Found PythonInterp: /usr/bin/python3 (found suitable version "3.10.12", minimum required is "3.6") 
[9.258s] -- Found python_cmake_module: 0.10.0 (/opt/ros/humble/share/python_cmake_module/cmake)
[9.400s] -- Found PythonLibs: /usr/lib/x86_64-linux-gnu/libpython3.10.so (found suitable version "3.10.12", minimum required is "3.5") 
[9.401s] -- Using PYTHON_EXECUTABLE: /usr/bin/python3
[9.402s] -- Using PYTHON_INCLUDE_DIRS: /usr/include/python3.10
[9.402s] -- Using PYTHON_LIBRARIES: /usr/lib/x86_64-linux-gnu/libpython3.10.so
[9.495s] -- Found PythonExtra: .so  
[9.802s] -- Found ament_lint_auto: 0.12.14 (/opt/ros/humble/share/ament_lint_auto/cmake)
[10.035s] -- Added test 'lint_cmake' to check CMake code style
[10.050s] -- Added test 'xmllint' to check XML markup files
[10.065s] -- Configuring done
[10.193s] -- Generating done
[10.241s] -- Build files have been written to: /home/yzh/chapt4/build/chapt4_interfaces
[10.279s] Invoked command in '/home/yzh/chapt4/build/chapt4_interfaces' returned '0': CMAKE_PREFIX_PATH=${CMAKE_PREFIX_PATH}:/opt/ros/humble /usr/bin/cmake /home/yzh/chapt4/src/chapt4_interfaces -DCMAKE_INSTALL_PREFIX=/home/yzh/chapt4/install/chapt4_interfaces
[10.286s] Invoking command in '/home/yzh/chapt4/build/chapt4_interfaces': CMAKE_PREFIX_PATH=${CMAKE_PREFIX_PATH}:/opt/ros/humble /usr/bin/cmake --build /home/yzh/chapt4/build/chapt4_interfaces -- -j16 -l16
[10.492s] [  2%] [34m[1mGenerating C code for ROS interfaces[0m
[10.546s] [  5%] [34m[1mGenerating C++ code for ROS interfaces[0m
[10.582s] [  5%] Built target ament_cmake_python_copy_chapt4_interfaces
[11.378s] running egg_info
[11.379s] creating chapt4_interfaces.egg-info
[11.380s] writing chapt4_interfaces.egg-info/PKG-INFO
[11.381s] writing dependency_links to chapt4_interfaces.egg-info/dependency_links.txt
[11.382s] writing top-level names to chapt4_interfaces.egg-info/top_level.txt
[11.382s] writing manifest file 'chapt4_interfaces.egg-info/SOURCES.txt'
[11.387s] reading manifest file 'chapt4_interfaces.egg-info/SOURCES.txt'
[11.388s] writing manifest file 'chapt4_interfaces.egg-info/SOURCES.txt'
[11.472s] [  5%] Built target ament_cmake_python_build_chapt4_interfaces_egg
[12.093s] [ 10%] [32mBuilding C object CMakeFiles/chapt4_interfaces__rosidl_generator_c.dir/rosidl_generator_c/chapt4_interfaces/srv/detail/patrol__functions.c.o[0m
[12.093s] [ 10%] [32mBuilding C object CMakeFiles/chapt4_interfaces__rosidl_generator_c.dir/rosidl_generator_c/chapt4_interfaces/srv/detail/face_detector__functions.c.o[0m
[12.119s] [ 10%] Built target chapt4_interfaces__cpp
[12.169s] [ 12%] [34m[1mGenerating C++ introspection for ROS interfaces[0m
[12.170s] [ 15%] [34m[1mGenerating C++ type support dispatch for ROS interfaces[0m
[12.171s] [ 17%] [34m[1mGenerating C++ type support for eProsima Fast-RTPS[0m
[12.384s] [ 20%] [32m[1mLinking C shared library libchapt4_interfaces__rosidl_generator_c.so[0m
[12.552s] [ 20%] Built target chapt4_interfaces__rosidl_generator_c
[12.603s] [ 23%] [34m[1mGenerating C type support dispatch for ROS interfaces[0m
[12.605s] [ 25%] [34m[1mGenerating C type support for eProsima Fast-RTPS[0m
[12.605s] [ 28%] [34m[1mGenerating C introspection for ROS interfaces[0m
[13.522s] [ 30%] [32mBuilding CXX object CMakeFiles/chapt4_interfaces__rosidl_typesupport_cpp.dir/rosidl_typesupport_cpp/chapt4_interfaces/srv/face_detector__type_support.cpp.o[0m
[13.530s] [ 33%] [32mBuilding CXX object CMakeFiles/chapt4_interfaces__rosidl_typesupport_cpp.dir/rosidl_typesupport_cpp/chapt4_interfaces/srv/patrol__type_support.cpp.o[0m
[13.633s] [ 35%] [32mBuilding CXX object CMakeFiles/chapt4_interfaces__rosidl_typesupport_introspection_cpp.dir/rosidl_typesupport_introspection_cpp/chapt4_interfaces/srv/detail/face_detector__type_support.cpp.o[0m
[13.634s] [ 38%] [32mBuilding CXX object CMakeFiles/chapt4_interfaces__rosidl_typesupport_introspection_cpp.dir/rosidl_typesupport_introspection_cpp/chapt4_interfaces/srv/detail/patrol__type_support.cpp.o[0m
[13.783s] [ 41%] [32mBuilding CXX object CMakeFiles/chapt4_interfaces__rosidl_typesupport_fastrtps_cpp.dir/rosidl_typesupport_fastrtps_cpp/chapt4_interfaces/srv/detail/dds_fastrtps/patrol__type_support.cpp.o[0m
[13.788s] [ 43%] [32mBuilding CXX object CMakeFiles/chapt4_interfaces__rosidl_typesupport_fastrtps_cpp.dir/rosidl_typesupport_fastrtps_cpp/chapt4_interfaces/srv/detail/dds_fastrtps/face_detector__type_support.cpp.o[0m
[14.160s] [ 48%] [32mBuilding CXX object CMakeFiles/chapt4_interfaces__rosidl_typesupport_c.dir/rosidl_typesupport_c/chapt4_interfaces/srv/face_detector__type_support.cpp.o[0m
[14.160s] [ 48%] [32mBuilding CXX object CMakeFiles/chapt4_interfaces__rosidl_typesupport_c.dir/rosidl_typesupport_c/chapt4_interfaces/srv/patrol__type_support.cpp.o[0m
[14.455s] [ 51%] [32mBuilding CXX object CMakeFiles/chapt4_interfaces__rosidl_typesupport_fastrtps_c.dir/rosidl_typesupport_fastrtps_c/chapt4_interfaces/srv/detail/patrol__type_support_c.cpp.o[0m
[14.459s] [ 53%] [32m[1mLinking CXX shared library libchapt4_interfaces__rosidl_typesupport_c.so[0m
[14.470s] [ 56%] [32mBuilding CXX object CMakeFiles/chapt4_interfaces__rosidl_typesupport_fastrtps_c.dir/rosidl_typesupport_fastrtps_c/chapt4_interfaces/srv/detail/face_detector__type_support_c.cpp.o[0m
[14.541s] [ 58%] [32mBuilding C object CMakeFiles/chapt4_interfaces__rosidl_typesupport_introspection_c.dir/rosidl_typesupport_introspection_c/chapt4_interfaces/srv/detail/face_detector__type_support.c.o[0m
[14.548s] [ 61%] [32mBuilding C object CMakeFiles/chapt4_interfaces__rosidl_typesupport_introspection_c.dir/rosidl_typesupport_introspection_c/chapt4_interfaces/srv/detail/patrol__type_support.c.o[0m
[14.804s] [ 61%] Built target chapt4_interfaces__rosidl_typesupport_c
[14.930s] [ 64%] [32m[1mLinking C shared library libchapt4_interfaces__rosidl_typesupport_introspection_c.so[0m
[15.184s] [ 64%] Built target chapt4_interfaces__rosidl_typesupport_introspection_c
[15.285s] [ 66%] [32m[1mLinking CXX shared library libchapt4_interfaces__rosidl_typesupport_cpp.so[0m
[15.525s] [ 66%] Built target chapt4_interfaces__rosidl_typesupport_cpp
[16.084s] [ 69%] [32m[1mLinking CXX shared library libchapt4_interfaces__rosidl_typesupport_introspection_cpp.so[0m
[16.168s] [ 71%] [32m[1mLinking CXX shared library libchapt4_interfaces__rosidl_typesupport_fastrtps_c.so[0m
[16.318s] [ 74%] [32m[1mLinking CXX shared library libchapt4_interfaces__rosidl_typesupport_fastrtps_cpp.so[0m
[16.399s] [ 74%] Built target chapt4_interfaces__rosidl_typesupport_introspection_cpp
[16.492s] [ 74%] Built target chapt4_interfaces__rosidl_typesupport_fastrtps_c
[16.618s] [ 74%] Built target chapt4_interfaces__rosidl_typesupport_fastrtps_cpp
[16.707s] [ 74%] Built target chapt4_interfaces
[16.799s] [ 76%] [34m[1mGenerating Python code for ROS interfaces[0m
[19.318s] [ 76%] Built target chapt4_interfaces__py
[19.388s] [ 79%] [32mBuilding C object CMakeFiles/chapt4_interfaces__rosidl_generator_py.dir/rosidl_generator_py/chapt4_interfaces/srv/_patrol_s.c.o[0m
[19.393s] [ 82%] [32mBuilding C object CMakeFiles/chapt4_interfaces__rosidl_generator_py.dir/rosidl_generator_py/chapt4_interfaces/srv/_face_detector_s.c.o[0m
[19.952s] [ 84%] [32m[1mLinking C shared library rosidl_generator_py/chapt4_interfaces/libchapt4_interfaces__rosidl_generator_py.so[0m
[20.147s] [ 84%] Built target chapt4_interfaces__rosidl_generator_py
[20.251s] [ 87%] [32mBuilding C object CMakeFiles/chapt4_interfaces__rosidl_typesupport_introspection_c__pyext.dir/rosidl_generator_py/chapt4_interfaces/_chapt4_interfaces_s.ep.rosidl_typesupport_introspection_c.c.o[0m
[20.252s] [ 89%] [32mBuilding C object CMakeFiles/chapt4_interfaces__rosidl_typesupport_c__pyext.dir/rosidl_generator_py/chapt4_interfaces/_chapt4_interfaces_s.ep.rosidl_typesupport_c.c.o[0m
[20.254s] [ 92%] [32mBuilding C object CMakeFiles/chapt4_interfaces__rosidl_typesupport_fastrtps_c__pyext.dir/rosidl_generator_py/chapt4_interfaces/_chapt4_interfaces_s.ep.rosidl_typesupport_fastrtps_c.c.o[0m
[20.652s] [ 94%] [32m[1mLinking C shared library rosidl_generator_py/chapt4_interfaces/chapt4_interfaces_s__rosidl_typesupport_introspection_c.cpython-310-x86_64-linux-gnu.so[0m
[20.660s] [ 97%] [32m[1mLinking C shared library rosidl_generator_py/chapt4_interfaces/chapt4_interfaces_s__rosidl_typesupport_c.cpython-310-x86_64-linux-gnu.so[0m
[20.661s] [100%] [32m[1mLinking C shared library rosidl_generator_py/chapt4_interfaces/chapt4_interfaces_s__rosidl_typesupport_fastrtps_c.cpython-310-x86_64-linux-gnu.so[0m
[20.837s] [100%] Built target chapt4_interfaces__rosidl_typesupport_introspection_c__pyext
[20.850s] [100%] Built target chapt4_interfaces__rosidl_typesupport_c__pyext
[20.853s] [100%] Built target chapt4_interfaces__rosidl_typesupport_fastrtps_c__pyext
[20.894s] Invoked command in '/home/yzh/chapt4/build/chapt4_interfaces' returned '0': CMAKE_PREFIX_PATH=${CMAKE_PREFIX_PATH}:/opt/ros/humble /usr/bin/cmake --build /home/yzh/chapt4/build/chapt4_interfaces -- -j16 -l16
[20.927s] Invoking command in '/home/yzh/chapt4/build/chapt4_interfaces': CMAKE_PREFIX_PATH=${CMAKE_PREFIX_PATH}:/opt/ros/humble /usr/bin/cmake --install /home/yzh/chapt4/build/chapt4_interfaces
[20.993s] -- Install configuration: ""
[20.994s] -- Installing: /home/yzh/chapt4/install/chapt4_interfaces/share/ament_index/resource_index/rosidl_interfaces/chapt4_interfaces
[20.995s] -- Installing: /home/yzh/chapt4/install/chapt4_interfaces/include/chapt4_interfaces/chapt4_interfaces
[20.997s] -- Installing: /home/yzh/chapt4/install/chapt4_interfaces/include/chapt4_interfaces/chapt4_interfaces/srv
[20.997s] -- Installing: /home/yzh/chapt4/install/chapt4_interfaces/include/chapt4_interfaces/chapt4_interfaces/srv/face_detector.h
[20.998s] -- Installing: /home/yzh/chapt4/install/chapt4_interfaces/include/chapt4_interfaces/chapt4_interfaces/srv/patrol.h
[20.999s] -- Installing: /home/yzh/chapt4/install/chapt4_interfaces/include/chapt4_interfaces/chapt4_interfaces/srv/detail
[20.999s] -- Installing: /home/yzh/chapt4/install/chapt4_interfaces/include/chapt4_interfaces/chapt4_interfaces/srv/detail/patrol__type_support.h
[21.000s] -- Installing: /home/yzh/chapt4/install/chapt4_interfaces/include/chapt4_interfaces/chapt4_interfaces/srv/detail/face_detector__functions.h
[21.001s] -- Installing: /home/yzh/chapt4/install/chapt4_interfaces/include/chapt4_interfaces/chapt4_interfaces/srv/detail/patrol__functions.c
[21.001s] -- Installing: /home/yzh/chapt4/install/chapt4_interfaces/include/chapt4_interfaces/chapt4_interfaces/srv/detail/face_detector__functions.c
[21.001s] -- Installing: /home/yzh/chapt4/install/chapt4_interfaces/include/chapt4_interfaces/chapt4_interfaces/srv/detail/face_detector__struct.h
[21.002s] -- Installing: /home/yzh/chapt4/install/chapt4_interfaces/include/chapt4_interfaces/chapt4_interfaces/srv/detail/patrol__struct.h
[21.002s] -- Installing: /home/yzh/chapt4/install/chapt4_interfaces/include/chapt4_interfaces/chapt4_interfaces/srv/detail/face_detector__type_support.h
[21.003s] -- Installing: /home/yzh/chapt4/install/chapt4_interfaces/include/chapt4_interfaces/chapt4_interfaces/srv/detail/patrol__functions.h
[21.005s] -- Installing: /home/yzh/chapt4/install/chapt4_interfaces/include/chapt4_interfaces/chapt4_interfaces/msg
[21.005s] -- Installing: /home/yzh/chapt4/install/chapt4_interfaces/include/chapt4_interfaces/chapt4_interfaces/msg/rosidl_generator_c__visibility_control.h
[21.005s] -- Installing: /home/yzh/chapt4/install/chapt4_interfaces/share/chapt4_interfaces/environment/library_path.sh
[21.006s] -- Installing: /home/yzh/chapt4/install/chapt4_interfaces/share/chapt4_interfaces/environment/library_path.dsv
[21.007s] -- Installing: /home/yzh/chapt4/install/chapt4_interfaces/lib/libchapt4_interfaces__rosidl_generator_c.so
[21.008s] -- Set runtime path of "/home/yzh/chapt4/install/chapt4_interfaces/lib/libchapt4_interfaces__rosidl_generator_c.so" to ""
[21.008s] -- Up-to-date: /home/yzh/chapt4/install/chapt4_interfaces/include/chapt4_interfaces/chapt4_interfaces
[21.009s] -- Up-to-date: /home/yzh/chapt4/install/chapt4_interfaces/include/chapt4_interfaces/chapt4_interfaces/srv
[21.009s] -- Up-to-date: /home/yzh/chapt4/install/chapt4_interfaces/include/chapt4_interfaces/chapt4_interfaces/srv/detail
[21.009s] -- Installing: /home/yzh/chapt4/install/chapt4_interfaces/include/chapt4_interfaces/chapt4_interfaces/srv/detail/patrol__rosidl_typesupport_fastrtps_c.h
[21.009s] -- Installing: /home/yzh/chapt4/install/chapt4_interfaces/include/chapt4_interfaces/chapt4_interfaces/srv/detail/face_detector__rosidl_typesupport_fastrtps_c.h
[21.010s] -- Up-to-date: /home/yzh/chapt4/install/chapt4_interfaces/include/chapt4_interfaces/chapt4_interfaces/msg
[21.010s] -- Installing: /home/yzh/chapt4/install/chapt4_interfaces/include/chapt4_interfaces/chapt4_interfaces/msg/rosidl_typesupport_fastrtps_c__visibility_control.h
[21.010s] -- Installing: /home/yzh/chapt4/install/chapt4_interfaces/lib/libchapt4_interfaces__rosidl_typesupport_fastrtps_c.so
[21.013s] -- Set runtime path of "/home/yzh/chapt4/install/chapt4_interfaces/lib/libchapt4_interfaces__rosidl_typesupport_fastrtps_c.so" to ""
[21.014s] -- Up-to-date: /home/yzh/chapt4/install/chapt4_interfaces/include/chapt4_interfaces/chapt4_interfaces
[21.014s] -- Up-to-date: /home/yzh/chapt4/install/chapt4_interfaces/include/chapt4_interfaces/chapt4_interfaces/srv
[21.014s] -- Installing: /home/yzh/chapt4/install/chapt4_interfaces/include/chapt4_interfaces/chapt4_interfaces/srv/face_detector.hpp
[21.015s] -- Up-to-date: /home/yzh/chapt4/install/chapt4_interfaces/include/chapt4_interfaces/chapt4_interfaces/srv/detail
[21.016s] -- Installing: /home/yzh/chapt4/install/chapt4_interfaces/include/chapt4_interfaces/chapt4_interfaces/srv/detail/patrol__traits.hpp
[21.016s] -- Installing: /home/yzh/chapt4/install/chapt4_interfaces/include/chapt4_interfaces/chapt4_interfaces/srv/detail/patrol__struct.hpp
[21.016s] -- Installing: /home/yzh/chapt4/install/chapt4_interfaces/include/chapt4_interfaces/chapt4_interfaces/srv/detail/face_detector__struct.hpp
[21.016s] -- Installing: /home/yzh/chapt4/install/chapt4_interfaces/include/chapt4_interfaces/chapt4_interfaces/srv/detail/face_detector__type_support.hpp
[21.017s] -- Installing: /home/yzh/chapt4/install/chapt4_interfaces/include/chapt4_interfaces/chapt4_interfaces/srv/detail/patrol__type_support.hpp
[21.017s] -- Installing: /home/yzh/chapt4/install/chapt4_interfaces/include/chapt4_interfaces/chapt4_interfaces/srv/detail/patrol__builder.hpp
[21.018s] -- Installing: /home/yzh/chapt4/install/chapt4_interfaces/include/chapt4_interfaces/chapt4_interfaces/srv/detail/face_detector__builder.hpp
[21.018s] -- Installing: /home/yzh/chapt4/install/chapt4_interfaces/include/chapt4_interfaces/chapt4_interfaces/srv/detail/face_detector__traits.hpp
[21.019s] -- Installing: /home/yzh/chapt4/install/chapt4_interfaces/include/chapt4_interfaces/chapt4_interfaces/srv/patrol.hpp
[21.019s] -- Up-to-date: /home/yzh/chapt4/install/chapt4_interfaces/include/chapt4_interfaces/chapt4_interfaces/msg
[21.020s] -- Installing: /home/yzh/chapt4/install/chapt4_interfaces/include/chapt4_interfaces/chapt4_interfaces/msg/rosidl_generator_cpp__visibility_control.hpp
[21.020s] -- Up-to-date: /home/yzh/chapt4/install/chapt4_interfaces/include/chapt4_interfaces/chapt4_interfaces
[21.021s] -- Up-to-date: /home/yzh/chapt4/install/chapt4_interfaces/include/chapt4_interfaces/chapt4_interfaces/srv
[21.021s] -- Up-to-date: /home/yzh/chapt4/install/chapt4_interfaces/include/chapt4_interfaces/chapt4_interfaces/srv/detail
[21.021s] -- Installing: /home/yzh/chapt4/install/chapt4_interfaces/include/chapt4_interfaces/chapt4_interfaces/srv/detail/face_detector__rosidl_typesupport_fastrtps_cpp.hpp
[21.021s] -- Installing: /home/yzh/chapt4/install/chapt4_interfaces/include/chapt4_interfaces/chapt4_interfaces/srv/detail/dds_fastrtps
[21.022s] -- Installing: /home/yzh/chapt4/install/chapt4_interfaces/include/chapt4_interfaces/chapt4_interfaces/srv/detail/patrol__rosidl_typesupport_fastrtps_cpp.hpp
[21.022s] -- Up-to-date: /home/yzh/chapt4/install/chapt4_interfaces/include/chapt4_interfaces/chapt4_interfaces/msg
[21.022s] -- Installing: /home/yzh/chapt4/install/chapt4_interfaces/include/chapt4_interfaces/chapt4_interfaces/msg/rosidl_typesupport_fastrtps_cpp__visibility_control.h
[21.023s] -- Installing: /home/yzh/chapt4/install/chapt4_interfaces/lib/libchapt4_interfaces__rosidl_typesupport_fastrtps_cpp.so
[21.023s] -- Set runtime path of "/home/yzh/chapt4/install/chapt4_interfaces/lib/libchapt4_interfaces__rosidl_typesupport_fastrtps_cpp.so" to ""
[21.024s] -- Up-to-date: /home/yzh/chapt4/install/chapt4_interfaces/include/chapt4_interfaces/chapt4_interfaces
[21.024s] -- Up-to-date: /home/yzh/chapt4/install/chapt4_interfaces/include/chapt4_interfaces/chapt4_interfaces/srv
[21.024s] -- Up-to-date: /home/yzh/chapt4/install/chapt4_interfaces/include/chapt4_interfaces/chapt4_interfaces/srv/detail
[21.025s] -- Installing: /home/yzh/chapt4/install/chapt4_interfaces/include/chapt4_interfaces/chapt4_interfaces/srv/detail/patrol__rosidl_typesupport_introspection_c.h
[21.026s] -- Installing: /home/yzh/chapt4/install/chapt4_interfaces/include/chapt4_interfaces/chapt4_interfaces/srv/detail/face_detector__type_support.c
[21.026s] -- Installing: /home/yzh/chapt4/install/chapt4_interfaces/include/chapt4_interfaces/chapt4_interfaces/srv/detail/face_detector__rosidl_typesupport_introspection_c.h
[21.027s] -- Installing: /home/yzh/chapt4/install/chapt4_interfaces/include/chapt4_interfaces/chapt4_interfaces/srv/detail/patrol__type_support.c
[21.027s] -- Up-to-date: /home/yzh/chapt4/install/chapt4_interfaces/include/chapt4_interfaces/chapt4_interfaces/msg
[21.028s] -- Installing: /home/yzh/chapt4/install/chapt4_interfaces/include/chapt4_interfaces/chapt4_interfaces/msg/rosidl_typesupport_introspection_c__visibility_control.h
[21.029s] -- Installing: /home/yzh/chapt4/install/chapt4_interfaces/lib/libchapt4_interfaces__rosidl_typesupport_introspection_c.so
[21.029s] -- Set runtime path of "/home/yzh/chapt4/install/chapt4_interfaces/lib/libchapt4_interfaces__rosidl_typesupport_introspection_c.so" to ""
[21.029s] -- Installing: /home/yzh/chapt4/install/chapt4_interfaces/lib/libchapt4_interfaces__rosidl_typesupport_c.so
[21.031s] -- Set runtime path of "/home/yzh/chapt4/install/chapt4_interfaces/lib/libchapt4_interfaces__rosidl_typesupport_c.so" to ""
[21.032s] -- Up-to-date: /home/yzh/chapt4/install/chapt4_interfaces/include/chapt4_interfaces/chapt4_interfaces
[21.032s] -- Up-to-date: /home/yzh/chapt4/install/chapt4_interfaces/include/chapt4_interfaces/chapt4_interfaces/srv
[21.032s] -- Up-to-date: /home/yzh/chapt4/install/chapt4_interfaces/include/chapt4_interfaces/chapt4_interfaces/srv/detail
[21.032s] -- Installing: /home/yzh/chapt4/install/chapt4_interfaces/include/chapt4_interfaces/chapt4_interfaces/srv/detail/face_detector__rosidl_typesupport_introspection_cpp.hpp
[21.032s] -- Installing: /home/yzh/chapt4/install/chapt4_interfaces/include/chapt4_interfaces/chapt4_interfaces/srv/detail/patrol__rosidl_typesupport_introspection_cpp.hpp
[21.033s] -- Installing: /home/yzh/chapt4/install/chapt4_interfaces/include/chapt4_interfaces/chapt4_interfaces/srv/detail/face_detector__type_support.cpp
[21.034s] -- Installing: /home/yzh/chapt4/install/chapt4_interfaces/include/chapt4_interfaces/chapt4_interfaces/srv/detail/patrol__type_support.cpp
[21.034s] -- Installing: /home/yzh/chapt4/install/chapt4_interfaces/lib/libchapt4_interfaces__rosidl_typesupport_introspection_cpp.so
[21.038s] -- Set runtime path of "/home/yzh/chapt4/install/chapt4_interfaces/lib/libchapt4_interfaces__rosidl_typesupport_introspection_cpp.so" to ""
[21.038s] -- Installing: /home/yzh/chapt4/install/chapt4_interfaces/lib/libchapt4_interfaces__rosidl_typesupport_cpp.so
[21.039s] -- Set runtime path of "/home/yzh/chapt4/install/chapt4_interfaces/lib/libchapt4_interfaces__rosidl_typesupport_cpp.so" to ""
[21.039s] -- Installing: /home/yzh/chapt4/install/chapt4_interfaces/share/chapt4_interfaces/environment/pythonpath.sh
[21.039s] -- Installing: /home/yzh/chapt4/install/chapt4_interfaces/share/chapt4_interfaces/environment/pythonpath.dsv
[21.041s] -- Installing: /home/yzh/chapt4/install/chapt4_interfaces/local/lib/python3.10/dist-packages/chapt4_interfaces-0.0.0-py3.10.egg-info
[21.041s] -- Installing: /home/yzh/chapt4/install/chapt4_interfaces/local/lib/python3.10/dist-packages/chapt4_interfaces-0.0.0-py3.10.egg-info/PKG-INFO
[21.042s] -- Installing: /home/yzh/chapt4/install/chapt4_interfaces/local/lib/python3.10/dist-packages/chapt4_interfaces-0.0.0-py3.10.egg-info/dependency_links.txt
[21.042s] -- Installing: /home/yzh/chapt4/install/chapt4_interfaces/local/lib/python3.10/dist-packages/chapt4_interfaces-0.0.0-py3.10.egg-info/SOURCES.txt
[21.042s] -- Installing: /home/yzh/chapt4/install/chapt4_interfaces/local/lib/python3.10/dist-packages/chapt4_interfaces-0.0.0-py3.10.egg-info/top_level.txt
[21.043s] -- Installing: /home/yzh/chapt4/install/chapt4_interfaces/local/lib/python3.10/dist-packages/chapt4_interfaces
[21.044s] -- Installing: /home/yzh/chapt4/install/chapt4_interfaces/local/lib/python3.10/dist-packages/chapt4_interfaces/_chapt4_interfaces_s.ep.rosidl_typesupport_fastrtps_c.c
[21.045s] -- Installing: /home/yzh/chapt4/install/chapt4_interfaces/local/lib/python3.10/dist-packages/chapt4_interfaces/srv
[21.045s] -- Installing: /home/yzh/chapt4/install/chapt4_interfaces/local/lib/python3.10/dist-packages/chapt4_interfaces/srv/_face_detector.py
[21.045s] -- Installing: /home/yzh/chapt4/install/chapt4_interfaces/local/lib/python3.10/dist-packages/chapt4_interfaces/srv/_patrol_s.c
[21.046s] -- Installing: /home/yzh/chapt4/install/chapt4_interfaces/local/lib/python3.10/dist-packages/chapt4_interfaces/srv/_face_detector_s.c
[21.047s] -- Installing: /home/yzh/chapt4/install/chapt4_interfaces/local/lib/python3.10/dist-packages/chapt4_interfaces/srv/__init__.py
[21.047s] -- Installing: /home/yzh/chapt4/install/chapt4_interfaces/local/lib/python3.10/dist-packages/chapt4_interfaces/srv/_patrol.py
[21.048s] -- Installing: /home/yzh/chapt4/install/chapt4_interfaces/local/lib/python3.10/dist-packages/chapt4_interfaces/chapt4_interfaces_s__rosidl_typesupport_introspection_c.cpython-310-x86_64-linux-gnu.so
[21.049s] -- Installing: /home/yzh/chapt4/install/chapt4_interfaces/local/lib/python3.10/dist-packages/chapt4_interfaces/chapt4_interfaces_s__rosidl_typesupport_fastrtps_c.cpython-310-x86_64-linux-gnu.so
[21.049s] -- Installing: /home/yzh/chapt4/install/chapt4_interfaces/local/lib/python3.10/dist-packages/chapt4_interfaces/_chapt4_interfaces_s.ep.rosidl_typesupport_c.c
[21.049s] -- Installing: /home/yzh/chapt4/install/chapt4_interfaces/local/lib/python3.10/dist-packages/chapt4_interfaces/__init__.py
[21.049s] -- Installing: /home/yzh/chapt4/install/chapt4_interfaces/local/lib/python3.10/dist-packages/chapt4_interfaces/libchapt4_interfaces__rosidl_generator_py.so
[21.050s] -- Installing: /home/yzh/chapt4/install/chapt4_interfaces/local/lib/python3.10/dist-packages/chapt4_interfaces/chapt4_interfaces_s__rosidl_typesupport_c.cpython-310-x86_64-linux-gnu.so
[21.051s] -- Installing: /home/yzh/chapt4/install/chapt4_interfaces/local/lib/python3.10/dist-packages/chapt4_interfaces/_chapt4_interfaces_s.ep.rosidl_typesupport_introspection_c.c
[21.200s] Listing '/home/yzh/chapt4/install/chapt4_interfaces/local/lib/python3.10/dist-packages/chapt4_interfaces'...
[21.200s] Compiling '/home/yzh/chapt4/install/chapt4_interfaces/local/lib/python3.10/dist-packages/chapt4_interfaces/__init__.py'...
[21.201s] Listing '/home/yzh/chapt4/install/chapt4_interfaces/local/lib/python3.10/dist-packages/chapt4_interfaces/srv'...
[21.201s] Compiling '/home/yzh/chapt4/install/chapt4_interfaces/local/lib/python3.10/dist-packages/chapt4_interfaces/srv/__init__.py'...
[21.201s] Compiling '/home/yzh/chapt4/install/chapt4_interfaces/local/lib/python3.10/dist-packages/chapt4_interfaces/srv/_face_detector.py'...
[21.202s] Compiling '/home/yzh/chapt4/install/chapt4_interfaces/local/lib/python3.10/dist-packages/chapt4_interfaces/srv/_patrol.py'...
[21.214s] -- Installing: /home/yzh/chapt4/install/chapt4_interfaces/local/lib/python3.10/dist-packages/chapt4_interfaces/chapt4_interfaces_s__rosidl_typesupport_fastrtps_c.cpython-310-x86_64-linux-gnu.so
[21.215s] -- Set runtime path of "/home/yzh/chapt4/install/chapt4_interfaces/local/lib/python3.10/dist-packages/chapt4_interfaces/chapt4_interfaces_s__rosidl_typesupport_fastrtps_c.cpython-310-x86_64-linux-gnu.so" to ""
[21.216s] -- Installing: /home/yzh/chapt4/install/chapt4_interfaces/local/lib/python3.10/dist-packages/chapt4_interfaces/chapt4_interfaces_s__rosidl_typesupport_introspection_c.cpython-310-x86_64-linux-gnu.so
[21.218s] -- Set runtime path of "/home/yzh/chapt4/install/chapt4_interfaces/local/lib/python3.10/dist-packages/chapt4_interfaces/chapt4_interfaces_s__rosidl_typesupport_introspection_c.cpython-310-x86_64-linux-gnu.so" to ""
[21.219s] -- Installing: /home/yzh/chapt4/install/chapt4_interfaces/local/lib/python3.10/dist-packages/chapt4_interfaces/chapt4_interfaces_s__rosidl_typesupport_c.cpython-310-x86_64-linux-gnu.so
[21.220s] -- Set runtime path of "/home/yzh/chapt4/install/chapt4_interfaces/local/lib/python3.10/dist-packages/chapt4_interfaces/chapt4_interfaces_s__rosidl_typesupport_c.cpython-310-x86_64-linux-gnu.so" to ""
[21.221s] -- Installing: /home/yzh/chapt4/install/chapt4_interfaces/lib/libchapt4_interfaces__rosidl_generator_py.so
[21.225s] -- Set runtime path of "/home/yzh/chapt4/install/chapt4_interfaces/lib/libchapt4_interfaces__rosidl_generator_py.so" to ""
[21.225s] -- Installing: /home/yzh/chapt4/install/chapt4_interfaces/share/chapt4_interfaces/srv/FaceDetector.idl
[21.226s] -- Installing: /home/yzh/chapt4/install/chapt4_interfaces/share/chapt4_interfaces/srv/Patrol.idl
[21.227s] -- Installing: /home/yzh/chapt4/install/chapt4_interfaces/share/chapt4_interfaces/srv/FaceDetector.srv
[21.228s] -- Installing: /home/yzh/chapt4/install/chapt4_interfaces/share/chapt4_interfaces/srv/FaceDetector_Request.msg
[21.228s] -- Installing: /home/yzh/chapt4/install/chapt4_interfaces/share/chapt4_interfaces/srv/FaceDetector_Response.msg
[21.229s] -- Installing: /home/yzh/chapt4/install/chapt4_interfaces/share/chapt4_interfaces/srv/Patrol.srv
[21.230s] -- Installing: /home/yzh/chapt4/install/chapt4_interfaces/share/chapt4_interfaces/srv/Patrol_Request.msg
[21.230s] -- Installing: /home/yzh/chapt4/install/chapt4_interfaces/share/chapt4_interfaces/srv/Patrol_Response.msg
[21.231s] -- Installing: /home/yzh/chapt4/install/chapt4_interfaces/share/ament_index/resource_index/package_run_dependencies/chapt4_interfaces
[21.231s] -- Installing: /home/yzh/chapt4/install/chapt4_interfaces/share/ament_index/resource_index/parent_prefix_path/chapt4_interfaces
[21.232s] -- Installing: /home/yzh/chapt4/install/chapt4_interfaces/share/chapt4_interfaces/environment/ament_prefix_path.sh
[21.232s] -- Installing: /home/yzh/chapt4/install/chapt4_interfaces/share/chapt4_interfaces/environment/ament_prefix_path.dsv
[21.232s] -- Installing: /home/yzh/chapt4/install/chapt4_interfaces/share/chapt4_interfaces/environment/path.sh
[21.232s] -- Installing: /home/yzh/chapt4/install/chapt4_interfaces/share/chapt4_interfaces/environment/path.dsv
[21.233s] -- Installing: /home/yzh/chapt4/install/chapt4_interfaces/share/chapt4_interfaces/local_setup.bash
[21.233s] -- Installing: /home/yzh/chapt4/install/chapt4_interfaces/share/chapt4_interfaces/local_setup.sh
[21.233s] -- Installing: /home/yzh/chapt4/install/chapt4_interfaces/share/chapt4_interfaces/local_setup.zsh
[21.233s] -- Installing: /home/yzh/chapt4/install/chapt4_interfaces/share/chapt4_interfaces/local_setup.dsv
[21.233s] -- Installing: /home/yzh/chapt4/install/chapt4_interfaces/share/chapt4_interfaces/package.dsv
[21.235s] -- Installing: /home/yzh/chapt4/install/chapt4_interfaces/share/ament_index/resource_index/packages/chapt4_interfaces
[21.235s] -- Installing: /home/yzh/chapt4/install/chapt4_interfaces/share/chapt4_interfaces/cmake/export_chapt4_interfaces__rosidl_generator_cExport.cmake
[21.236s] -- Installing: /home/yzh/chapt4/install/chapt4_interfaces/share/chapt4_interfaces/cmake/export_chapt4_interfaces__rosidl_generator_cExport-noconfig.cmake
[21.236s] -- Installing: /home/yzh/chapt4/install/chapt4_interfaces/share/chapt4_interfaces/cmake/export_chapt4_interfaces__rosidl_typesupport_fastrtps_cExport.cmake
[21.237s] -- Installing: /home/yzh/chapt4/install/chapt4_interfaces/share/chapt4_interfaces/cmake/export_chapt4_interfaces__rosidl_typesupport_fastrtps_cExport-noconfig.cmake
[21.237s] -- Installing: /home/yzh/chapt4/install/chapt4_interfaces/share/chapt4_interfaces/cmake/export_chapt4_interfaces__rosidl_generator_cppExport.cmake
[21.238s] -- Installing: /home/yzh/chapt4/install/chapt4_interfaces/share/chapt4_interfaces/cmake/export_chapt4_interfaces__rosidl_typesupport_fastrtps_cppExport.cmake
[21.239s] -- Installing: /home/yzh/chapt4/install/chapt4_interfaces/share/chapt4_interfaces/cmake/export_chapt4_interfaces__rosidl_typesupport_fastrtps_cppExport-noconfig.cmake
[21.239s] -- Installing: /home/yzh/chapt4/install/chapt4_interfaces/share/chapt4_interfaces/cmake/chapt4_interfaces__rosidl_typesupport_introspection_cExport.cmake
[21.240s] -- Installing: /home/yzh/chapt4/install/chapt4_interfaces/share/chapt4_interfaces/cmake/chapt4_interfaces__rosidl_typesupport_introspection_cExport-noconfig.cmake
[21.241s] -- Installing: /home/yzh/chapt4/install/chapt4_interfaces/share/chapt4_interfaces/cmake/chapt4_interfaces__rosidl_typesupport_cExport.cmake
[21.241s] -- Installing: /home/yzh/chapt4/install/chapt4_interfaces/share/chapt4_interfaces/cmake/chapt4_interfaces__rosidl_typesupport_cExport-noconfig.cmake
[21.241s] -- Installing: /home/yzh/chapt4/install/chapt4_interfaces/share/chapt4_interfaces/cmake/chapt4_interfaces__rosidl_typesupport_introspection_cppExport.cmake
[21.242s] -- Installing: /home/yzh/chapt4/install/chapt4_interfaces/share/chapt4_interfaces/cmake/chapt4_interfaces__rosidl_typesupport_introspection_cppExport-noconfig.cmake
[21.243s] -- Installing: /home/yzh/chapt4/install/chapt4_interfaces/share/chapt4_interfaces/cmake/chapt4_interfaces__rosidl_typesupport_cppExport.cmake
[21.243s] -- Installing: /home/yzh/chapt4/install/chapt4_interfaces/share/chapt4_interfaces/cmake/chapt4_interfaces__rosidl_typesupport_cppExport-noconfig.cmake
[21.243s] -- Installing: /home/yzh/chapt4/install/chapt4_interfaces/share/chapt4_interfaces/cmake/export_chapt4_interfaces__rosidl_generator_pyExport.cmake
[21.244s] -- Installing: /home/yzh/chapt4/install/chapt4_interfaces/share/chapt4_interfaces/cmake/export_chapt4_interfaces__rosidl_generator_pyExport-noconfig.cmake
[21.245s] -- Installing: /home/yzh/chapt4/install/chapt4_interfaces/share/chapt4_interfaces/cmake/rosidl_cmake-extras.cmake
[21.245s] -- Installing: /home/yzh/chapt4/install/chapt4_interfaces/share/chapt4_interfaces/cmake/ament_cmake_export_dependencies-extras.cmake
[21.245s] -- Installing: /home/yzh/chapt4/install/chapt4_interfaces/share/chapt4_interfaces/cmake/ament_cmake_export_include_directories-extras.cmake
[21.245s] -- Installing: /home/yzh/chapt4/install/chapt4_interfaces/share/chapt4_interfaces/cmake/ament_cmake_export_libraries-extras.cmake
[21.245s] -- Installing: /home/yzh/chapt4/install/chapt4_interfaces/share/chapt4_interfaces/cmake/ament_cmake_export_targets-extras.cmake
[21.246s] -- Installing: /home/yzh/chapt4/install/chapt4_interfaces/share/chapt4_interfaces/cmake/rosidl_cmake_export_typesupport_targets-extras.cmake
[21.246s] -- Installing: /home/yzh/chapt4/install/chapt4_interfaces/share/chapt4_interfaces/cmake/rosidl_cmake_export_typesupport_libraries-extras.cmake
[21.247s] -- Installing: /home/yzh/chapt4/install/chapt4_interfaces/share/chapt4_interfaces/cmake/chapt4_interfacesConfig.cmake
[21.248s] -- Installing: /home/yzh/chapt4/install/chapt4_interfaces/share/chapt4_interfaces/cmake/chapt4_interfacesConfig-version.cmake
[21.248s] -- Installing: /home/yzh/chapt4/install/chapt4_interfaces/share/chapt4_interfaces/package.xml
[21.255s] Invoked command in '/home/yzh/chapt4/build/chapt4_interfaces' returned '0': CMAKE_PREFIX_PATH=${CMAKE_PREFIX_PATH}:/opt/ros/humble /usr/bin/cmake --install /home/yzh/chapt4/build/chapt4_interfaces
