[0.516s] DEBUG:colcon:Command line arguments: ['/usr/bin/colcon', 'build', '--packages-select', 'pkg02_helloworld_py']
[0.517s] DEBUG:colcon:Parsed command line arguments: Namespace(log_base=None, log_level=None, verb_name='build', build_base='build', install_base='install', merge_install=False, symlink_install=False, test_result_base=None, continue_on_error=False, executor='parallel', parallel_workers=16, event_handlers=None, ignore_user_meta=False, metas=['./colcon.meta'], base_paths=['.'], packages_ignore=None, packages_ignore_regex=None, paths=None, packages_up_to=None, packages_up_to_regex=None, packages_above=None, packages_above_and_dependencies=None, packages_above_depth=None, packages_select_by_dep=None, packages_skip_by_dep=None, packages_skip_up_to=None, packages_select_build_failed=False, packages_skip_build_finished=False, packages_select_test_failures=False, packages_skip_test_passed=False, packages_select=['pkg02_helloworld_py'], packages_skip=None, packages_select_regex=None, packages_skip_regex=None, packages_start=None, packages_end=None, allow_overriding=[], cmake_args=None, cmake_target=None, cmake_target_skip_unavailable=False, cmake_clean_cache=False, cmake_clean_first=False, cmake_force_configure=False, ament_cmake_args=None, catkin_cmake_args=None, catkin_skip_building_tests=False, verb_parser=<colcon_defaults.argument_parser.defaults.DefaultArgumentsDecorator object at 0x7daacc733b20>, verb_extension=<colcon_core.verb.build.BuildVerb object at 0x7daacc881090>, main=<bound method BuildVerb.main of <colcon_core.verb.build.BuildVerb object at 0x7daacc881090>>)
[1.362s] Level 1:colcon.colcon_core.package_discovery:discover_packages(colcon_meta) check parameters
[1.363s] Level 1:colcon.colcon_core.package_discovery:discover_packages(recursive) check parameters
[1.363s] Level 1:colcon.colcon_core.package_discovery:discover_packages(ignore) check parameters
[1.363s] Level 1:colcon.colcon_core.package_discovery:discover_packages(path) check parameters
[1.363s] Level 1:colcon.colcon_core.package_discovery:discover_packages(colcon_meta) discover
[1.363s] Level 1:colcon.colcon_core.package_discovery:discover_packages(recursive) discover
[1.364s] INFO:colcon.colcon_core.package_discovery:Crawling recursively for packages in '/home/yzh/桌面/project-ros/ros-study/chapt2/ws_ros'
[1.364s] Level 1:colcon.colcon_core.package_identification:_identify(.) by extensions ['ignore', 'ignore_ament_install']
[1.365s] Level 1:colcon.colcon_core.package_identification:_identify(.) by extension 'ignore'
[1.365s] Level 1:colcon.colcon_core.package_identification:_identify(.) by extension 'ignore_ament_install'
[1.366s] Level 1:colcon.colcon_core.package_identification:_identify(.) by extensions ['colcon_pkg']
[1.366s] Level 1:colcon.colcon_core.package_identification:_identify(.) by extension 'colcon_pkg'
[1.366s] Level 1:colcon.colcon_core.package_identification:_identify(.) by extensions ['colcon_meta']
[1.366s] Level 1:colcon.colcon_core.package_identification:_identify(.) by extension 'colcon_meta'
[1.366s] Level 1:colcon.colcon_core.package_identification:_identify(.) by extensions ['ros']
[1.366s] Level 1:colcon.colcon_core.package_identification:_identify(.) by extension 'ros'
[1.421s] Level 1:colcon.colcon_core.package_identification:_identify(.) by extensions ['cmake', 'python']
[1.422s] Level 1:colcon.colcon_core.package_identification:_identify(.) by extension 'cmake'
[1.422s] Level 1:colcon.colcon_core.package_identification:_identify(.) by extension 'python'
[1.423s] Level 1:colcon.colcon_core.package_identification:_identify(.) by extensions ['python_setup_py']
[1.423s] Level 1:colcon.colcon_core.package_identification:_identify(.) by extension 'python_setup_py'
[1.423s] Level 1:colcon.colcon_core.package_identification:_identify(build) by extensions ['ignore', 'ignore_ament_install']
[1.424s] Level 1:colcon.colcon_core.package_identification:_identify(build) by extension 'ignore'
[1.424s] Level 1:colcon.colcon_core.package_identification:_identify(build) ignored
[1.425s] Level 1:colcon.colcon_core.package_identification:_identify(install) by extensions ['ignore', 'ignore_ament_install']
[1.425s] Level 1:colcon.colcon_core.package_identification:_identify(install) by extension 'ignore'
[1.425s] Level 1:colcon.colcon_core.package_identification:_identify(install) ignored
[1.426s] Level 1:colcon.colcon_core.package_identification:_identify(log) by extensions ['ignore', 'ignore_ament_install']
[1.427s] Level 1:colcon.colcon_core.package_identification:_identify(log) by extension 'ignore'
[1.427s] Level 1:colcon.colcon_core.package_identification:_identify(log) ignored
[1.427s] Level 1:colcon.colcon_core.package_identification:_identify(src) by extensions ['ignore', 'ignore_ament_install']
[1.428s] Level 1:colcon.colcon_core.package_identification:_identify(src) by extension 'ignore'
[1.428s] Level 1:colcon.colcon_core.package_identification:_identify(src) by extension 'ignore_ament_install'
[1.428s] Level 1:colcon.colcon_core.package_identification:_identify(src) by extensions ['colcon_pkg']
[1.428s] Level 1:colcon.colcon_core.package_identification:_identify(src) by extension 'colcon_pkg'
[1.428s] Level 1:colcon.colcon_core.package_identification:_identify(src) by extensions ['colcon_meta']
[1.429s] Level 1:colcon.colcon_core.package_identification:_identify(src) by extension 'colcon_meta'
[1.429s] Level 1:colcon.colcon_core.package_identification:_identify(src) by extensions ['ros']
[1.429s] Level 1:colcon.colcon_core.package_identification:_identify(src) by extension 'ros'
[1.429s] Level 1:colcon.colcon_core.package_identification:_identify(src) by extensions ['cmake', 'python']
[1.430s] Level 1:colcon.colcon_core.package_identification:_identify(src) by extension 'cmake'
[1.431s] Level 1:colcon.colcon_core.package_identification:_identify(src) by extension 'python'
[1.432s] Level 1:colcon.colcon_core.package_identification:_identify(src) by extensions ['python_setup_py']
[1.432s] Level 1:colcon.colcon_core.package_identification:_identify(src) by extension 'python_setup_py'
[1.433s] Level 1:colcon.colcon_core.package_identification:_identify(src/pkg01_helloworld_cpp) by extensions ['ignore', 'ignore_ament_install']
[1.434s] Level 1:colcon.colcon_core.package_identification:_identify(src/pkg01_helloworld_cpp) by extension 'ignore'
[1.434s] Level 1:colcon.colcon_core.package_identification:_identify(src/pkg01_helloworld_cpp) by extension 'ignore_ament_install'
[1.434s] Level 1:colcon.colcon_core.package_identification:_identify(src/pkg01_helloworld_cpp) by extensions ['colcon_pkg']
[1.434s] Level 1:colcon.colcon_core.package_identification:_identify(src/pkg01_helloworld_cpp) by extension 'colcon_pkg'
[1.435s] Level 1:colcon.colcon_core.package_identification:_identify(src/pkg01_helloworld_cpp) by extensions ['colcon_meta']
[1.435s] Level 1:colcon.colcon_core.package_identification:_identify(src/pkg01_helloworld_cpp) by extension 'colcon_meta'
[1.435s] Level 1:colcon.colcon_core.package_identification:_identify(src/pkg01_helloworld_cpp) by extensions ['ros']
[1.435s] Level 1:colcon.colcon_core.package_identification:_identify(src/pkg01_helloworld_cpp) by extension 'ros'
[1.445s] DEBUG:colcon.colcon_core.package_identification:Package 'src/pkg01_helloworld_cpp' with type 'ros.ament_cmake' and name 'pkg01_helloworld_cpp'
[1.446s] Level 1:colcon.colcon_core.package_identification:_identify(src/pkg02_helloworld_py) by extensions ['ignore', 'ignore_ament_install']
[1.446s] Level 1:colcon.colcon_core.package_identification:_identify(src/pkg02_helloworld_py) by extension 'ignore'
[1.447s] Level 1:colcon.colcon_core.package_identification:_identify(src/pkg02_helloworld_py) by extension 'ignore_ament_install'
[1.447s] Level 1:colcon.colcon_core.package_identification:_identify(src/pkg02_helloworld_py) by extensions ['colcon_pkg']
[1.447s] Level 1:colcon.colcon_core.package_identification:_identify(src/pkg02_helloworld_py) by extension 'colcon_pkg'
[1.447s] Level 1:colcon.colcon_core.package_identification:_identify(src/pkg02_helloworld_py) by extensions ['colcon_meta']
[1.448s] Level 1:colcon.colcon_core.package_identification:_identify(src/pkg02_helloworld_py) by extension 'colcon_meta'
[1.448s] Level 1:colcon.colcon_core.package_identification:_identify(src/pkg02_helloworld_py) by extensions ['ros']
[1.448s] Level 1:colcon.colcon_core.package_identification:_identify(src/pkg02_helloworld_py) by extension 'ros'
[1.450s] DEBUG:colcon.colcon_core.package_identification:Package 'src/pkg02_helloworld_py' with type 'ros.ament_python' and name 'pkg02_helloworld_py'
[1.450s] Level 1:colcon.colcon_core.package_discovery:discover_packages(recursive) using defaults
[1.451s] Level 1:colcon.colcon_core.package_discovery:discover_packages(ignore) discover
[1.451s] Level 1:colcon.colcon_core.package_discovery:discover_packages(ignore) using defaults
[1.451s] Level 1:colcon.colcon_core.package_discovery:discover_packages(path) discover
[1.452s] Level 1:colcon.colcon_core.package_discovery:discover_packages(path) using defaults
[1.542s] INFO:colcon.colcon_core.package_selection:Skipping not selected package 'pkg01_helloworld_cpp' in 'src/pkg01_helloworld_cpp'
[1.544s] Level 1:colcon.colcon_core.package_discovery:discover_packages(prefix_path) check parameters
[1.545s] Level 1:colcon.colcon_core.package_discovery:discover_packages(prefix_path) discover
[1.552s] DEBUG:colcon.colcon_installed_package_information.package_discovery:Found 2 installed packages in /home/yzh/桌面/project-ros/ros-study/chapt2/ws_ros/install
[1.561s] DEBUG:colcon.colcon_installed_package_information.package_discovery:Found 271 installed packages in /opt/ros/humble
[1.596s] Level 1:colcon.colcon_core.package_discovery:discover_packages(prefix_path) using defaults
[1.763s] Level 5:colcon.colcon_core.verb:set package 'pkg02_helloworld_py' build argument 'cmake_args' from command line to 'None'
[1.763s] Level 5:colcon.colcon_core.verb:set package 'pkg02_helloworld_py' build argument 'cmake_target' from command line to 'None'
[1.763s] Level 5:colcon.colcon_core.verb:set package 'pkg02_helloworld_py' build argument 'cmake_target_skip_unavailable' from command line to 'False'
[1.764s] Level 5:colcon.colcon_core.verb:set package 'pkg02_helloworld_py' build argument 'cmake_clean_cache' from command line to 'False'
[1.764s] Level 5:colcon.colcon_core.verb:set package 'pkg02_helloworld_py' build argument 'cmake_clean_first' from command line to 'False'
[1.764s] Level 5:colcon.colcon_core.verb:set package 'pkg02_helloworld_py' build argument 'cmake_force_configure' from command line to 'False'
[1.764s] Level 5:colcon.colcon_core.verb:set package 'pkg02_helloworld_py' build argument 'ament_cmake_args' from command line to 'None'
[1.764s] Level 5:colcon.colcon_core.verb:set package 'pkg02_helloworld_py' build argument 'catkin_cmake_args' from command line to 'None'
[1.764s] Level 5:colcon.colcon_core.verb:set package 'pkg02_helloworld_py' build argument 'catkin_skip_building_tests' from command line to 'False'
[1.764s] DEBUG:colcon.colcon_core.verb:Building package 'pkg02_helloworld_py' with the following arguments: {'ament_cmake_args': None, 'build_base': '/home/yzh/桌面/project-ros/ros-study/chapt2/ws_ros/build/pkg02_helloworld_py', 'catkin_cmake_args': None, 'catkin_skip_building_tests': False, 'cmake_args': None, 'cmake_clean_cache': False, 'cmake_clean_first': False, 'cmake_force_configure': False, 'cmake_target': None, 'cmake_target_skip_unavailable': False, 'install_base': '/home/yzh/桌面/project-ros/ros-study/chapt2/ws_ros/install/pkg02_helloworld_py', 'merge_install': False, 'path': '/home/yzh/桌面/project-ros/ros-study/chapt2/ws_ros/src/pkg02_helloworld_py', 'symlink_install': False, 'test_result_base': None}
[1.765s] INFO:colcon.colcon_core.executor:Executing jobs using 'parallel' executor
[1.770s] DEBUG:colcon.colcon_parallel_executor.executor.parallel:run_until_complete
[1.773s] INFO:colcon.colcon_ros.task.ament_python.build:Building ROS package in '/home/yzh/桌面/project-ros/ros-study/chapt2/ws_ros/src/pkg02_helloworld_py' with build type 'ament_python'
[1.774s] Level 1:colcon.colcon_core.shell:create_environment_hook('pkg02_helloworld_py', 'ament_prefix_path')
[1.782s] INFO:colcon.colcon_core.plugin_system:Skipping extension 'colcon_core.shell.bat': Not used on non-Windows systems
[1.784s] INFO:colcon.colcon_core.shell:Creating environment hook '/home/yzh/桌面/project-ros/ros-study/chapt2/ws_ros/install/pkg02_helloworld_py/share/pkg02_helloworld_py/hook/ament_prefix_path.ps1'
[1.787s] INFO:colcon.colcon_core.shell:Creating environment descriptor '/home/yzh/桌面/project-ros/ros-study/chapt2/ws_ros/install/pkg02_helloworld_py/share/pkg02_helloworld_py/hook/ament_prefix_path.dsv'
[1.790s] INFO:colcon.colcon_core.shell:Creating environment hook '/home/yzh/桌面/project-ros/ros-study/chapt2/ws_ros/install/pkg02_helloworld_py/share/pkg02_helloworld_py/hook/ament_prefix_path.sh'
[1.793s] INFO:colcon.colcon_core.shell:Skip shell extension 'powershell' for command environment: Not usable outside of PowerShell
[1.794s] DEBUG:colcon.colcon_core.shell:Skip shell extension 'dsv' for command environment
[2.948s] INFO:colcon.colcon_core.task.python.build:Building Python package in '/home/yzh/桌面/project-ros/ros-study/chapt2/ws_ros/src/pkg02_helloworld_py'
[2.949s] INFO:colcon.colcon_core.shell:Skip shell extension 'powershell' for command environment: Not usable outside of PowerShell
[2.951s] DEBUG:colcon.colcon_core.shell:Skip shell extension 'dsv' for command environment
[4.676s] DEBUG:colcon.colcon_core.event_handler.log_command:Invoking command in '/home/yzh/桌面/project-ros/ros-study/chapt2/ws_ros/src/pkg02_helloworld_py': PYTHONPATH=/home/yzh/桌面/project-ros/ros-study/chapt2/ws_ros/build/pkg02_helloworld_py/prefix_override:/usr/lib/python3/dist-packages/colcon_core/task/python/colcon_distutils_commands:/home/yzh/桌面/project-ros/ros-study/chapt2/ws_ros/install/pkg02_helloworld_py/lib/python3.10/site-packages:${PYTHONPATH} /usr/bin/python3 -W ignore:setup.py install is deprecated -W ignore:easy_install command is deprecated setup.py egg_info --egg-base ../../build/pkg02_helloworld_py build --build-base /home/yzh/桌面/project-ros/ros-study/chapt2/ws_ros/build/pkg02_helloworld_py/build install --record /home/yzh/桌面/project-ros/ros-study/chapt2/ws_ros/build/pkg02_helloworld_py/install.log --single-version-externally-managed install_data
[5.982s] DEBUG:colcon.colcon_core.event_handler.log_command:Invoked command in '/home/yzh/桌面/project-ros/ros-study/chapt2/ws_ros/src/pkg02_helloworld_py' returned '0': PYTHONPATH=/home/yzh/桌面/project-ros/ros-study/chapt2/ws_ros/build/pkg02_helloworld_py/prefix_override:/usr/lib/python3/dist-packages/colcon_core/task/python/colcon_distutils_commands:/home/yzh/桌面/project-ros/ros-study/chapt2/ws_ros/install/pkg02_helloworld_py/lib/python3.10/site-packages:${PYTHONPATH} /usr/bin/python3 -W ignore:setup.py install is deprecated -W ignore:easy_install command is deprecated setup.py egg_info --egg-base ../../build/pkg02_helloworld_py build --build-base /home/yzh/桌面/project-ros/ros-study/chapt2/ws_ros/build/pkg02_helloworld_py/build install --record /home/yzh/桌面/project-ros/ros-study/chapt2/ws_ros/build/pkg02_helloworld_py/install.log --single-version-externally-managed install_data
[5.990s] Level 1:colcon.colcon_core.environment:checking '/home/yzh/桌面/project-ros/ros-study/chapt2/ws_ros/install/pkg02_helloworld_py' for CMake module files
[5.992s] Level 1:colcon.colcon_core.environment:checking '/home/yzh/桌面/project-ros/ros-study/chapt2/ws_ros/install/pkg02_helloworld_py' for CMake config files
[5.995s] Level 1:colcon.colcon_core.environment:checking '/home/yzh/桌面/project-ros/ros-study/chapt2/ws_ros/install/pkg02_helloworld_py/lib'
[5.996s] Level 1:colcon.colcon_core.environment:checking '/home/yzh/桌面/project-ros/ros-study/chapt2/ws_ros/install/pkg02_helloworld_py/bin'
[5.996s] Level 1:colcon.colcon_core.environment:checking '/home/yzh/桌面/project-ros/ros-study/chapt2/ws_ros/install/pkg02_helloworld_py/lib/pkgconfig/pkg02_helloworld_py.pc'
[5.997s] Level 1:colcon.colcon_core.environment:checking '/home/yzh/桌面/project-ros/ros-study/chapt2/ws_ros/install/pkg02_helloworld_py/lib/python3.10/site-packages'
[5.998s] Level 1:colcon.colcon_core.shell:create_environment_hook('pkg02_helloworld_py', 'pythonpath')
[5.999s] INFO:colcon.colcon_core.shell:Creating environment hook '/home/yzh/桌面/project-ros/ros-study/chapt2/ws_ros/install/pkg02_helloworld_py/share/pkg02_helloworld_py/hook/pythonpath.ps1'
[6.001s] INFO:colcon.colcon_core.shell:Creating environment descriptor '/home/yzh/桌面/project-ros/ros-study/chapt2/ws_ros/install/pkg02_helloworld_py/share/pkg02_helloworld_py/hook/pythonpath.dsv'
[6.002s] INFO:colcon.colcon_core.shell:Creating environment hook '/home/yzh/桌面/project-ros/ros-study/chapt2/ws_ros/install/pkg02_helloworld_py/share/pkg02_helloworld_py/hook/pythonpath.sh'
[6.006s] Level 1:colcon.colcon_core.environment:checking '/home/yzh/桌面/project-ros/ros-study/chapt2/ws_ros/install/pkg02_helloworld_py/bin'
[6.006s] Level 1:colcon.colcon_core.environment:create_environment_scripts_only(pkg02_helloworld_py)
[6.007s] INFO:colcon.colcon_core.shell:Creating package script '/home/yzh/桌面/project-ros/ros-study/chapt2/ws_ros/install/pkg02_helloworld_py/share/pkg02_helloworld_py/package.ps1'
[6.010s] INFO:colcon.colcon_core.shell:Creating package descriptor '/home/yzh/桌面/project-ros/ros-study/chapt2/ws_ros/install/pkg02_helloworld_py/share/pkg02_helloworld_py/package.dsv'
[6.013s] INFO:colcon.colcon_core.shell:Creating package script '/home/yzh/桌面/project-ros/ros-study/chapt2/ws_ros/install/pkg02_helloworld_py/share/pkg02_helloworld_py/package.sh'
[6.016s] INFO:colcon.colcon_core.shell:Creating package script '/home/yzh/桌面/project-ros/ros-study/chapt2/ws_ros/install/pkg02_helloworld_py/share/pkg02_helloworld_py/package.bash'
[6.020s] INFO:colcon.colcon_core.shell:Creating package script '/home/yzh/桌面/project-ros/ros-study/chapt2/ws_ros/install/pkg02_helloworld_py/share/pkg02_helloworld_py/package.zsh'
[6.023s] Level 1:colcon.colcon_core.environment:create_file_with_runtime_dependencies(/home/yzh/桌面/project-ros/ros-study/chapt2/ws_ros/install/pkg02_helloworld_py/share/colcon-core/packages/pkg02_helloworld_py)
[6.024s] DEBUG:colcon.colcon_parallel_executor.executor.parallel:closing loop
[6.025s] DEBUG:colcon.colcon_parallel_executor.executor.parallel:loop closed
[6.025s] DEBUG:colcon.colcon_parallel_executor.executor.parallel:run_until_complete finished with '0'
[6.025s] DEBUG:colcon.colcon_core.event_reactor:joining thread
[6.054s] INFO:colcon.colcon_core.plugin_system:Skipping extension 'colcon_notification.desktop_notification.terminal_notifier': Not used on non-Darwin systems
[6.054s] INFO:colcon.colcon_core.plugin_system:Skipping extension 'colcon_notification.desktop_notification.win32': Not used on non-Windows systems
[6.054s] INFO:colcon.colcon_notification.desktop_notification:Sending desktop notification using 'notify2'
[6.135s] DEBUG:colcon.colcon_core.event_reactor:joined thread
[6.136s] INFO:colcon.colcon_core.shell:Creating prefix script '/home/yzh/桌面/project-ros/ros-study/chapt2/ws_ros/install/local_setup.ps1'
[6.141s] INFO:colcon.colcon_core.shell:Creating prefix util module '/home/yzh/桌面/project-ros/ros-study/chapt2/ws_ros/install/_local_setup_util_ps1.py'
[6.148s] INFO:colcon.colcon_core.shell:Creating prefix chain script '/home/yzh/桌面/project-ros/ros-study/chapt2/ws_ros/install/setup.ps1'
[6.155s] INFO:colcon.colcon_core.shell:Creating prefix script '/home/yzh/桌面/project-ros/ros-study/chapt2/ws_ros/install/local_setup.sh'
[6.158s] INFO:colcon.colcon_core.shell:Creating prefix util module '/home/yzh/桌面/project-ros/ros-study/chapt2/ws_ros/install/_local_setup_util_sh.py'
[6.163s] INFO:colcon.colcon_core.shell:Creating prefix chain script '/home/yzh/桌面/project-ros/ros-study/chapt2/ws_ros/install/setup.sh'
[6.172s] INFO:colcon.colcon_core.shell:Creating prefix script '/home/yzh/桌面/project-ros/ros-study/chapt2/ws_ros/install/local_setup.bash'
[6.176s] INFO:colcon.colcon_core.shell:Creating prefix chain script '/home/yzh/桌面/project-ros/ros-study/chapt2/ws_ros/install/setup.bash'
[6.187s] INFO:colcon.colcon_core.shell:Creating prefix script '/home/yzh/桌面/project-ros/ros-study/chapt2/ws_ros/install/local_setup.zsh'
[6.190s] INFO:colcon.colcon_core.shell:Creating prefix chain script '/home/yzh/桌面/project-ros/ros-study/chapt2/ws_ros/install/setup.zsh'
