[0.107s] Invoking command in '/home/yzh/桌面/project-ros/ros-study/chapt3/ws_msg/src/status_interfaces/build/status_interfaces': CMAKE_PREFIX_PATH=/opt/ros/humble /usr/bin/cmake /home/yzh/桌面/project-ros/ros-study/chapt3/ws_msg/src/status_interfaces -DCMAKE_INSTALL_PREFIX=/home/yzh/桌面/project-ros/ros-study/chapt3/ws_msg/src/status_interfaces/install/status_interfaces
[0.448s] -- The C compiler identification is GNU 11.4.0
[0.771s] -- The CXX compiler identification is GNU 11.4.0
[0.812s] -- Detecting C compiler ABI info
[1.246s] -- Detecting C compiler ABI info - done
[1.265s] -- Check for working C compiler: /usr/bin/cc - skipped
[1.267s] -- Detecting C compile features
[1.268s] -- Detecting C compile features - done
[1.281s] -- Detecting CXX compiler ABI info
[1.774s] -- Detecting CXX compiler ABI info - done
[1.796s] -- Check for working CXX compiler: /usr/bin/c++ - skipped
[1.797s] -- Detecting CXX compile features
[1.800s] -- Detecting CXX compile features - done
[1.811s] -- Found ament_cmake: 1.3.12 (/opt/ros/humble/share/ament_cmake/cmake)
[2.441s] -- Found Python3: /usr/bin/python3 (found version "3.10.12") found components: Interpreter 
[2.786s] -- Found rosidl_default_generators: 1.2.0 (/opt/ros/humble/share/rosidl_default_generators/cmake)
[2.796s] -- Using all available rosidl_typesupport_c: rosidl_typesupport_fastrtps_c;rosidl_typesupport_introspection_c
[2.826s] -- Found rosidl_adapter: 3.1.7 (/opt/ros/humble/share/rosidl_adapter/cmake)
[3.000s] -- Using all available rosidl_typesupport_cpp: rosidl_typesupport_fastrtps_cpp;rosidl_typesupport_introspection_cpp
[3.151s] -- Found builtin_interfaces: 1.2.2 (/opt/ros/humble/share/builtin_interfaces/cmake)
[3.932s] [31mCMake Error at /opt/ros/humble/share/rosidl_cmake/cmake/rosidl_generate_interfaces.cmake:240 (list):
[3.932s]   list index: 1 out of range (-1, 0)
[3.933s] Call Stack (most recent call first):
[3.933s]   CMakeLists.txt:12 (rosidl_generate_interfaces)
[3.933s] 
[3.934s] [0m
[3.945s] [31mCMake Error at /opt/ros/humble/share/rosidl_generator_c/cmake/rosidl_generator_c_generate_interfaces.cmake:69 (message):
[3.945s]   Target dependency
[3.945s]   '/project-ros/ros-study/chapt3/ws_msg/src/status_interfaces/build/status_interfaces/rosidl_adapter/status_interfaces/msg/SystemStatus.idl'
[3.946s]   does not exist
[3.946s] Call Stack (most recent call first):
[3.947s]   /opt/ros/humble/share/ament_cmake_core/cmake/core/ament_execute_extensions.cmake:48 (include)
[3.947s]   /opt/ros/humble/share/rosidl_cmake/cmake/rosidl_generate_interfaces.cmake:286 (ament_execute_extensions)
[3.948s]   CMakeLists.txt:12 (rosidl_generate_interfaces)
[3.950s] 
[3.950s] [0m
[3.951s] -- Configuring incomplete, errors occurred!
[3.953s] See also "/home/yzh/桌面/project-ros/ros-study/chapt3/ws_msg/src/status_interfaces/build/status_interfaces/CMakeFiles/CMakeOutput.log".
[3.987s] Invoked command in '/home/yzh/桌面/project-ros/ros-study/chapt3/ws_msg/src/status_interfaces/build/status_interfaces' returned '1': CMAKE_PREFIX_PATH=/opt/ros/humble /usr/bin/cmake /home/yzh/桌面/project-ros/ros-study/chapt3/ws_msg/src/status_interfaces -DCMAKE_INSTALL_PREFIX=/home/yzh/桌面/project-ros/ros-study/chapt3/ws_msg/src/status_interfaces/install/status_interfaces
