[0.047s] Invoking command in '/home/yzh/桌面/project-ros/ros-study/chapt3/ws_msg/src/build/status_interfaces': CMAKE_PREFIX_PATH=/opt/ros/humble /usr/bin/cmake /home/yzh/桌面/project-ros/ros-study/chapt3/ws_msg/src/status_interfaces -DCMAKE_INSTALL_PREFIX=/home/yzh/桌面/project-ros/ros-study/chapt3/ws_msg/src/install/status_interfaces
[0.119s] -- Found ament_cmake: 1.3.12 (/opt/ros/humble/share/ament_cmake/cmake)
[0.636s] -- Found rosidl_default_generators: 1.2.0 (/opt/ros/humble/share/rosidl_default_generators/cmake)
[0.643s] -- Using all available rosidl_typesupport_c: rosidl_typesupport_fastrtps_c;rosidl_typesupport_introspection_c
[0.659s] -- Found rosidl_adapter: 3.1.7 (/opt/ros/humble/share/rosidl_adapter/cmake)
[0.803s] -- Using all available rosidl_typesupport_cpp: rosidl_typesupport_fastrtps_cpp;rosidl_typesupport_introspection_cpp
[0.944s] -- Found builtin_interfaces: 1.2.2 (/opt/ros/humble/share/builtin_interfaces/cmake)
[1.710s] [31mCMake Error at /opt/ros/humble/share/rosidl_cmake/cmake/rosidl_generate_interfaces.cmake:240 (list):
[1.711s]   list index: 1 out of range (-1, 0)
[1.713s] Call Stack (most recent call first):
[1.713s]   CMakeLists.txt:12 (rosidl_generate_interfaces)
[1.714s] 
[1.714s] [0m
[1.722s] [31mCMake Error at /opt/ros/humble/share/rosidl_generator_c/cmake/rosidl_generator_c_generate_interfaces.cmake:69 (message):
[1.722s]   Target dependency
[1.724s]   '/project-ros/ros-study/chapt3/ws_msg/src/build/status_interfaces/rosidl_adapter/status_interfaces/msg/SystemStatus.idl'
[1.724s]   does not exist
[1.726s] Call Stack (most recent call first):
[1.726s]   /opt/ros/humble/share/ament_cmake_core/cmake/core/ament_execute_extensions.cmake:48 (include)
[1.727s]   /opt/ros/humble/share/rosidl_cmake/cmake/rosidl_generate_interfaces.cmake:286 (ament_execute_extensions)
[1.728s]   CMakeLists.txt:12 (rosidl_generate_interfaces)
[1.728s] 
[1.729s] [0m
[1.729s] -- Configuring incomplete, errors occurred!
[1.731s] See also "/home/yzh/桌面/project-ros/ros-study/chapt3/ws_msg/src/build/status_interfaces/CMakeFiles/CMakeOutput.log".
[1.758s] Invoked command in '/home/yzh/桌面/project-ros/ros-study/chapt3/ws_msg/src/build/status_interfaces' returned '1': CMAKE_PREFIX_PATH=/opt/ros/humble /usr/bin/cmake /home/yzh/桌面/project-ros/ros-study/chapt3/ws_msg/src/status_interfaces -DCMAKE_INSTALL_PREFIX=/home/yzh/桌面/project-ros/ros-study/chapt3/ws_msg/src/install/status_interfaces
