[35m[1mConsolidate compiler generated dependencies of target dynamic_tf_broadcaster[0m
[35m[1mConsolidate compiler generated dependencies of target tf_listener[0m
[35m[1mConsolidate compiler generated dependencies of target static_tf_broadcaster[0m
[ 16%] [32mBuilding CXX object CMakeFiles/tf_listener.dir/src/tf_listener.cpp.o[0m
[ 50%] Built target dynamic_tf_broadcaster
[ 83%] Built target static_tf_broadcaster
[100%] [32m[1mLinking CXX executable tf_listener[0m
[100%] Built target tf_listener
-- Install configuration: ""
-- Installing: /home/yzh/æ¡Œé¢/project-ros/ros-study/chapt5/chapt5_ws/install/demo_cpp_tf/lib/demo_cpp_tf/static_tf_broadcaster
-- Set runtime path of "/home/yzh/æ¡Œé¢/project-ros/ros-study/chapt5/chapt5_ws/install/demo_cpp_tf/lib/demo_cpp_tf/static_tf_broadcaster" to ""
-- Installing: /home/yzh/æ¡Œé¢/project-ros/ros-study/chapt5/chapt5_ws/install/demo_cpp_tf/lib/demo_cpp_tf/dynamic_tf_broadcaster
-- Set runtime path of "/home/yzh/æ¡Œé¢/project-ros/ros-study/chapt5/chapt5_ws/install/demo_cpp_tf/lib/demo_cpp_tf/dynamic_tf_broadcaster" to ""
-- Installing: /home/yzh/æ¡Œé¢/project-ros/ros-study/chapt5/chapt5_ws/install/demo_cpp_tf/lib/demo_cpp_tf/tf_listener
-- Set runtime path of "/home/yzh/æ¡Œé¢/project-ros/ros-study/chapt5/chapt5_ws/install/demo_cpp_tf/lib/demo_cpp_tf/tf_listener" to ""
-- Up-to-date: /home/yzh/æ¡Œé¢/project-ros/ros-study/chapt5/chapt5_ws/install/demo_cpp_tf/share/ament_index/resource_index/package_run_dependencies/demo_cpp_tf
-- Up-to-date: /home/yzh/æ¡Œé¢/project-ros/ros-study/chapt5/chapt5_ws/install/demo_cpp_tf/share/ament_index/resource_index/parent_prefix_path/demo_cpp_tf
-- Up-to-date: /home/yzh/æ¡Œé¢/project-ros/ros-study/chapt5/chapt5_ws/install/demo_cpp_tf/share/demo_cpp_tf/environment/ament_prefix_path.sh
-- Installing: /home/yzh/æ¡Œé¢/project-ros/ros-study/chapt5/chapt5_ws/install/demo_cpp_tf/share/demo_cpp_tf/environment/ament_prefix_path.dsv
-- Up-to-date: /home/yzh/æ¡Œé¢/project-ros/ros-study/chapt5/chapt5_ws/install/demo_cpp_tf/share/demo_cpp_tf/environment/path.sh
-- Installing: /home/yzh/æ¡Œé¢/project-ros/ros-study/chapt5/chapt5_ws/install/demo_cpp_tf/share/demo_cpp_tf/environment/path.dsv
-- Up-to-date: /home/yzh/æ¡Œé¢/project-ros/ros-study/chapt5/chapt5_ws/install/demo_cpp_tf/share/demo_cpp_tf/local_setup.bash
-- Up-to-date: /home/yzh/æ¡Œé¢/project-ros/ros-study/chapt5/chapt5_ws/install/demo_cpp_tf/share/demo_cpp_tf/local_setup.sh
-- Up-to-date: /home/yzh/æ¡Œé¢/project-ros/ros-study/chapt5/chapt5_ws/install/demo_cpp_tf/share/demo_cpp_tf/local_setup.zsh
-- Installing: /home/yzh/æ¡Œé¢/project-ros/ros-study/chapt5/chapt5_ws/install/demo_cpp_tf/share/demo_cpp_tf/local_setup.dsv
-- Installing: /home/yzh/æ¡Œé¢/project-ros/ros-study/chapt5/chapt5_ws/install/demo_cpp_tf/share/demo_cpp_tf/package.dsv
-- Up-to-date: /home/yzh/æ¡Œé¢/project-ros/ros-study/chapt5/chapt5_ws/install/demo_cpp_tf/share/ament_index/resource_index/packages/demo_cpp_tf
-- Up-to-date: /home/yzh/æ¡Œé¢/project-ros/ros-study/chapt5/chapt5_ws/install/demo_cpp_tf/share/demo_cpp_tf/cmake/demo_cpp_tfConfig.cmake
-- Up-to-date: /home/yzh/æ¡Œé¢/project-ros/ros-study/chapt5/chapt5_ws/install/demo_cpp_tf/share/demo_cpp_tf/cmake/demo_cpp_tfConfig-version.cmake
-- Up-to-date: /home/yzh/æ¡Œé¢/project-ros/ros-study/chapt5/chapt5_ws/install/demo_cpp_tf/share/demo_cpp_tf/package.xml
