[0.065s] Invoking command in '/home/yzh/桌面/project-ros/ros-study/chapt3/ws_msg/src/build/status_interfaces': CMAKE_PREFIX_PATH=/opt/ros/humble /usr/bin/cmake /home/yzh/桌面/project-ros/ros-study/chapt3/ws_msg/src/status_interfaces -DCMAKE_INSTALL_PREFIX=/home/yzh/桌面/project-ros/ros-study/chapt3/ws_msg/src/install/status_interfaces
[0.596s] -- The C compiler identification is GNU 11.4.0
[0.939s] -- The CXX compiler identification is GNU 11.4.0
[0.982s] -- Detecting C compiler ABI info
[1.432s] -- Detecting C compiler ABI info - done
[1.453s] -- Check for working C compiler: /usr/bin/cc - skipped
[1.455s] -- Detecting C compile features
[1.456s] -- Detecting C compile features - done
[1.470s] -- Detecting CXX compiler ABI info
[1.993s] -- Detecting CXX compiler ABI info - done
[2.015s] -- Check for working CXX compiler: /usr/bin/c++ - skipped
[2.016s] -- Detecting CXX compile features
[2.018s] -- Detecting CXX compile features - done
[2.032s] -- Found ament_cmake: 1.3.12 (/opt/ros/humble/share/ament_cmake/cmake)
[2.691s] -- Found Python3: /usr/bin/python3 (found version "3.10.12") found components: Interpreter 
[3.049s] -- Found rosidl_default_generators: 1.2.0 (/opt/ros/humble/share/rosidl_default_generators/cmake)
[3.061s] -- Using all available rosidl_typesupport_c: rosidl_typesupport_fastrtps_c;rosidl_typesupport_introspection_c
[3.090s] -- Found rosidl_adapter: 3.1.7 (/opt/ros/humble/share/rosidl_adapter/cmake)
[3.279s] -- Using all available rosidl_typesupport_cpp: rosidl_typesupport_fastrtps_cpp;rosidl_typesupport_introspection_cpp
[3.447s] -- Found builtin_interfaces: 1.2.2 (/opt/ros/humble/share/builtin_interfaces/cmake)
[4.253s] [31mCMake Error at /opt/ros/humble/share/rosidl_cmake/cmake/rosidl_generate_interfaces.cmake:240 (list):
[4.253s]   list index: 1 out of range (-1, 0)
[4.254s] Call Stack (most recent call first):
[4.254s]   CMakeLists.txt:12 (rosidl_generate_interfaces)
[4.255s] 
[4.255s] [0m
[4.265s] [31mCMake Error at /opt/ros/humble/share/rosidl_generator_c/cmake/rosidl_generator_c_generate_interfaces.cmake:69 (message):
[4.266s]   Target dependency
[4.266s]   '/project-ros/ros-study/chapt3/ws_msg/src/build/status_interfaces/rosidl_adapter/status_interfaces/msg/SystemStatus.idl'
[4.267s]   does not exist
[4.267s] Call Stack (most recent call first):
[4.267s]   /opt/ros/humble/share/ament_cmake_core/cmake/core/ament_execute_extensions.cmake:48 (include)
[4.268s]   /opt/ros/humble/share/rosidl_cmake/cmake/rosidl_generate_interfaces.cmake:286 (ament_execute_extensions)
[4.268s]   CMakeLists.txt:12 (rosidl_generate_interfaces)
[4.269s] 
[4.269s] [0m
[4.269s] -- Configuring incomplete, errors occurred!
[4.270s] See also "/home/yzh/桌面/project-ros/ros-study/chapt3/ws_msg/src/build/status_interfaces/CMakeFiles/CMakeOutput.log".
[4.306s] Invoked command in '/home/yzh/桌面/project-ros/ros-study/chapt3/ws_msg/src/build/status_interfaces' returned '1': CMAKE_PREFIX_PATH=/opt/ros/humble /usr/bin/cmake /home/yzh/桌面/project-ros/ros-study/chapt3/ws_msg/src/status_interfaces -DCMAKE_INSTALL_PREFIX=/home/yzh/桌面/project-ros/ros-study/chapt3/ws_msg/src/install/status_interfaces
