[0.055s] Invoking command in '/home/yzh/桌面/project-ros/ros-study/chapt6/build/fishbot_description': CMAKE_PREFIX_PATH=/opt/ros/humble /usr/bin/cmake --build /home/yzh/桌面/project-ros/ros-study/chapt6/build/fishbot_description -- -j16 -l16
[0.230s] Invoked command in '/home/yzh/桌面/project-ros/ros-study/chapt6/build/fishbot_description' returned '0': CMAKE_PREFIX_PATH=/opt/ros/humble /usr/bin/cmake --build /home/yzh/桌面/project-ros/ros-study/chapt6/build/fishbot_description -- -j16 -l16
[0.262s] Invoking command in '/home/yzh/桌面/project-ros/ros-study/chapt6/build/fishbot_description': CMAKE_PREFIX_PATH=/opt/ros/humble /usr/bin/cmake --install /home/yzh/桌面/project-ros/ros-study/chapt6/build/fishbot_description
[0.301s] -- Install configuration: ""
[0.303s] -- Up-to-date: /home/yzh/桌面/project-ros/ros-study/chapt6/install/fishbot_description/share/fishbot_description/launch
[0.303s] -- Up-to-date: /home/yzh/桌面/project-ros/ros-study/chapt6/install/fishbot_description/share/fishbot_description/launch/__pycache__
[0.304s] -- Up-to-date: /home/yzh/桌面/project-ros/ros-study/chapt6/install/fishbot_description/share/fishbot_description/launch/__pycache__/display_robot.taunch.cpython-310.pyc
[0.304s] -- Up-to-date: /home/yzh/桌面/project-ros/ros-study/chapt6/install/fishbot_description/share/fishbot_description/launch/display_robot.launch.py
[0.305s] -- Up-to-date: /home/yzh/桌面/project-ros/ros-study/chapt6/install/fishbot_description/share/fishbot_description/launch/gazebo_sim.launch.py
[0.305s] -- Up-to-date: /home/yzh/桌面/project-ros/ros-study/chapt6/install/fishbot_description/share/fishbot_description/urdf
[0.306s] -- Up-to-date: /home/yzh/桌面/project-ros/ros-study/chapt6/install/fishbot_description/share/fishbot_description/urdf/first_robot.xacro
[0.307s] -- Up-to-date: /home/yzh/桌面/project-ros/ros-study/chapt6/install/fishbot_description/share/fishbot_description/urdf/fishbot
[0.309s] -- Up-to-date: /home/yzh/桌面/project-ros/ros-study/chapt6/install/fishbot_description/share/fishbot_description/urdf/fishbot/base.urdf.xacro
[0.311s] -- Up-to-date: /home/yzh/桌面/project-ros/ros-study/chapt6/install/fishbot_description/share/fishbot_description/urdf/fishbot/common_inertia.xacro
[0.312s] -- Up-to-date: /home/yzh/桌面/project-ros/ros-study/chapt6/install/fishbot_description/share/fishbot_description/urdf/fishbot/sensor
[0.313s] -- Up-to-date: /home/yzh/桌面/project-ros/ros-study/chapt6/install/fishbot_description/share/fishbot_description/urdf/fishbot/sensor/imu.urdf.xacro
[0.314s] -- Up-to-date: /home/yzh/桌面/project-ros/ros-study/chapt6/install/fishbot_description/share/fishbot_description/urdf/fishbot/sensor/laser.urdf.xacro
[0.314s] -- Installing: /home/yzh/桌面/project-ros/ros-study/chapt6/install/fishbot_description/share/fishbot_description/urdf/fishbot/sensor/camera.urdf.xacro
[0.314s] -- Up-to-date: /home/yzh/桌面/project-ros/ros-study/chapt6/install/fishbot_description/share/fishbot_description/urdf/fishbot/actuator
[0.315s] -- Up-to-date: /home/yzh/桌面/project-ros/ros-study/chapt6/install/fishbot_description/share/fishbot_description/urdf/fishbot/actuator/caster.urdf.xacro
[0.315s] -- Up-to-date: /home/yzh/桌面/project-ros/ros-study/chapt6/install/fishbot_description/share/fishbot_description/urdf/fishbot/actuator/wheel.urdf.xacro
[0.315s] -- Up-to-date: /home/yzh/桌面/project-ros/ros-study/chapt6/install/fishbot_description/share/fishbot_description/urdf/fishbot/fishbot.urdf.xacro
[0.315s] -- Up-to-date: /home/yzh/桌面/project-ros/ros-study/chapt6/install/fishbot_description/share/fishbot_description/urdf/first_robot.gv
[0.316s] -- Up-to-date: /home/yzh/桌面/project-ros/ros-study/chapt6/install/fishbot_description/share/fishbot_description/urdf/first_robot.pdf
[0.316s] -- Up-to-date: /home/yzh/桌面/project-ros/ros-study/chapt6/install/fishbot_description/share/fishbot_description/urdf/first_robot.urdf
[0.317s] -- Up-to-date: /home/yzh/桌面/project-ros/ros-study/chapt6/install/fishbot_description/share/fishbot_description/config
[0.318s] -- Up-to-date: /home/yzh/桌面/project-ros/ros-study/chapt6/install/fishbot_description/share/fishbot_description/world
[0.319s] -- Up-to-date: /home/yzh/桌面/project-ros/ros-study/chapt6/install/fishbot_description/share/fishbot_description/world/custom_room.world
[0.320s] -- Up-to-date: /home/yzh/桌面/project-ros/ros-study/chapt6/install/fishbot_description/share/fishbot_description/world/wall
[0.320s] -- Up-to-date: /home/yzh/桌面/project-ros/ros-study/chapt6/install/fishbot_description/share/fishbot_description/world/wall/model.config
[0.322s] -- Up-to-date: /home/yzh/桌面/project-ros/ros-study/chapt6/install/fishbot_description/share/fishbot_description/world/wall/model.sdf
[0.325s] -- Up-to-date: /home/yzh/桌面/project-ros/ros-study/chapt6/install/fishbot_description/share/ament_index/resource_index/package_run_dependencies/fishbot_description
[0.326s] -- Up-to-date: /home/yzh/桌面/project-ros/ros-study/chapt6/install/fishbot_description/share/ament_index/resource_index/parent_prefix_path/fishbot_description
[0.328s] -- Up-to-date: /home/yzh/桌面/project-ros/ros-study/chapt6/install/fishbot_description/share/fishbot_description/environment/ament_prefix_path.sh
[0.328s] -- Up-to-date: /home/yzh/桌面/project-ros/ros-study/chapt6/install/fishbot_description/share/fishbot_description/environment/ament_prefix_path.dsv
[0.332s] -- Up-to-date: /home/yzh/桌面/project-ros/ros-study/chapt6/install/fishbot_description/share/fishbot_description/environment/path.sh
[0.336s] -- Up-to-date: /home/yzh/桌面/project-ros/ros-study/chapt6/install/fishbot_description/share/fishbot_description/environment/path.dsv
[0.337s] -- Up-to-date: /home/yzh/桌面/project-ros/ros-study/chapt6/install/fishbot_description/share/fishbot_description/local_setup.bash
[0.338s] -- Up-to-date: /home/yzh/桌面/project-ros/ros-study/chapt6/install/fishbot_description/share/fishbot_description/local_setup.sh
[0.339s] -- Up-to-date: /home/yzh/桌面/project-ros/ros-study/chapt6/install/fishbot_description/share/fishbot_description/local_setup.zsh
[0.342s] -- Up-to-date: /home/yzh/桌面/project-ros/ros-study/chapt6/install/fishbot_description/share/fishbot_description/local_setup.dsv
[0.343s] -- Installing: /home/yzh/桌面/project-ros/ros-study/chapt6/install/fishbot_description/share/fishbot_description/package.dsv
[0.343s] -- Up-to-date: /home/yzh/桌面/project-ros/ros-study/chapt6/install/fishbot_description/share/ament_index/resource_index/packages/fishbot_description
[0.344s] -- Up-to-date: /home/yzh/桌面/project-ros/ros-study/chapt6/install/fishbot_description/share/fishbot_description/cmake/fishbot_descriptionConfig.cmake
[0.345s] -- Up-to-date: /home/yzh/桌面/project-ros/ros-study/chapt6/install/fishbot_description/share/fishbot_description/cmake/fishbot_descriptionConfig-version.cmake
[0.345s] -- Up-to-date: /home/yzh/桌面/project-ros/ros-study/chapt6/install/fishbot_description/share/fishbot_description/package.xml
[0.351s] Invoked command in '/home/yzh/桌面/project-ros/ros-study/chapt6/build/fishbot_description' returned '0': CMAKE_PREFIX_PATH=/opt/ros/humble /usr/bin/cmake --install /home/yzh/桌面/project-ros/ros-study/chapt6/build/fishbot_description
