-- Found ament_cmake: 1.3.12 (/opt/ros/humble/share/ament_cmake/cmake)
-- Found rclcpp: 16.0.16 (/opt/ros/humble/share/rclcpp/cmake)
-- Found rosidl_generator_c: 3.1.7 (/opt/ros/humble/share/rosidl_generator_c/cmake)
-- Found rosidl_adapter: 3.1.7 (/opt/ros/humble/share/rosidl_adapter/cmake)
-- Found rosidl_generator_cpp: 3.1.7 (/opt/ros/humble/share/rosidl_generator_cpp/cmake)
-- Using all available rosidl_typesupport_c: rosidl_typesupport_fastrtps_c;rosidl_typesupport_introspection_c
-- Using all available rosidl_typesupport_cpp: rosidl_typesupport_fastrtps_cpp;rosidl_typesupport_introspection_cpp
-- Found rmw_implementation_cmake: 6.1.2 (/opt/ros/humble/share/rmw_implementation_cmake/cmake)
-- Found rmw_fastrtps_cpp: 6.2.9 (/opt/ros/humble/share/rmw_fastrtps_cpp/cmake)
-- Using RMW implementation 'rmw_fastrtps_cpp' as default
-- Found ament_lint_auto: 0.12.14 (/opt/ros/humble/share/ament_lint_auto/cmake)
-- Added test 'copyright' to check source files copyright and LICENSE
-- Added test 'cppcheck' to perform static code analysis on C / C++ code
-- Configured cppcheck include dirs: 
-- Configured cppcheck exclude dirs and/or files: 
-- Added test 'cpplint' to check C / C++ code against the Google style
-- Configured cpplint exclude dirs and/or files: 
-- Added test 'lint_cmake' to check CMake code style
-- Added test 'uncrustify' to check C / C++ code style
-- Configured uncrustify additional arguments: 
-- Added test 'xmllint' to check XML markup files
-- Configuring done
-- Generating done
-- Build files have been written to: /home/yzh/chapt4/build/turtle_param
[ 50%] [32mBuilding CXX object CMakeFiles/dynamic_param_node.dir/src/dynamic_param_node.cpp.o[0m
[100%] [32m[1mLinking CXX executable dynamic_param_node[0m
[100%] Built target dynamic_param_node
-- Install configuration: ""
-- Installing: /home/yzh/chapt4/install/turtle_param/lib/turtle_param/dynamic_param_node
-- Set runtime path of "/home/yzh/chapt4/install/turtle_param/lib/turtle_param/dynamic_param_node" to ""
-- Installing: /home/yzh/chapt4/install/turtle_param/share/ament_index/resource_index/package_run_dependencies/turtle_param
-- Installing: /home/yzh/chapt4/install/turtle_param/share/ament_index/resource_index/parent_prefix_path/turtle_param
-- Installing: /home/yzh/chapt4/install/turtle_param/share/turtle_param/environment/ament_prefix_path.sh
-- Installing: /home/yzh/chapt4/install/turtle_param/share/turtle_param/environment/ament_prefix_path.dsv
-- Installing: /home/yzh/chapt4/install/turtle_param/share/turtle_param/environment/path.sh
-- Installing: /home/yzh/chapt4/install/turtle_param/share/turtle_param/environment/path.dsv
-- Installing: /home/yzh/chapt4/install/turtle_param/share/turtle_param/local_setup.bash
-- Installing: /home/yzh/chapt4/install/turtle_param/share/turtle_param/local_setup.sh
-- Installing: /home/yzh/chapt4/install/turtle_param/share/turtle_param/local_setup.zsh
-- Installing: /home/yzh/chapt4/install/turtle_param/share/turtle_param/local_setup.dsv
-- Installing: /home/yzh/chapt4/install/turtle_param/share/turtle_param/package.dsv
-- Installing: /home/yzh/chapt4/install/turtle_param/share/ament_index/resource_index/packages/turtle_param
-- Installing: /home/yzh/chapt4/install/turtle_param/share/turtle_param/cmake/turtle_paramConfig.cmake
-- Installing: /home/yzh/chapt4/install/turtle_param/share/turtle_param/cmake/turtle_paramConfig-version.cmake
-- Installing: /home/yzh/chapt4/install/turtle_param/share/turtle_param/package.xml
