[0.060s] Invoking command in '/home/yzh/桌面/project-ros/ros-study/chapt6/build/fishbot_description': CMAKE_PREFIX_PATH=${CMAKE_PREFIX_PATH}:/opt/ros/humble /usr/bin/cmake --build /home/yzh/桌面/project-ros/ros-study/chapt6/build/fishbot_description -- -j16 -l16
[0.286s] Invoked command in '/home/yzh/桌面/project-ros/ros-study/chapt6/build/fishbot_description' returned '0': CMAKE_PREFIX_PATH=${CMAKE_PREFIX_PATH}:/opt/ros/humble /usr/bin/cmake --build /home/yzh/桌面/project-ros/ros-study/chapt6/build/fishbot_description -- -j16 -l16
[0.350s] Invoking command in '/home/yzh/桌面/project-ros/ros-study/chapt6/build/fishbot_description': CMAKE_PREFIX_PATH=${CMAKE_PREFIX_PATH}:/opt/ros/humble /usr/bin/cmake --install /home/yzh/桌面/project-ros/ros-study/chapt6/build/fishbot_description
[0.388s] -- Install configuration: ""
[0.388s] -- Up-to-date: /home/yzh/桌面/project-ros/ros-study/chapt6/install/fishbot_description/share/fishbot_description/launch
[0.389s] -- Up-to-date: /home/yzh/桌面/project-ros/ros-study/chapt6/install/fishbot_description/share/fishbot_description/launch/__pycache__
[0.389s] -- Up-to-date: /home/yzh/桌面/project-ros/ros-study/chapt6/install/fishbot_description/share/fishbot_description/launch/__pycache__/display_robot.taunch.cpython-310.pyc
[0.389s] -- Up-to-date: /home/yzh/桌面/project-ros/ros-study/chapt6/install/fishbot_description/share/fishbot_description/launch/display_robot.launch.py
[0.390s] -- Up-to-date: /home/yzh/桌面/project-ros/ros-study/chapt6/install/fishbot_description/share/fishbot_description/urdf
[0.390s] -- Up-to-date: /home/yzh/桌面/project-ros/ros-study/chapt6/install/fishbot_description/share/fishbot_description/urdf/first_robot.xacro
[0.391s] -- Up-to-date: /home/yzh/桌面/project-ros/ros-study/chapt6/install/fishbot_description/share/fishbot_description/urdf/fishbot
[0.391s] -- Installing: /home/yzh/桌面/project-ros/ros-study/chapt6/install/fishbot_description/share/fishbot_description/urdf/fishbot/base.urdf.xacro
[0.393s] -- Up-to-date: /home/yzh/桌面/project-ros/ros-study/chapt6/install/fishbot_description/share/fishbot_description/urdf/fishbot/sensor
[0.393s] -- Up-to-date: /home/yzh/桌面/project-ros/ros-study/chapt6/install/fishbot_description/share/fishbot_description/urdf/fishbot/sensor/imu.urdf.xacro
[0.394s] -- Up-to-date: /home/yzh/桌面/project-ros/ros-study/chapt6/install/fishbot_description/share/fishbot_description/urdf/fishbot/sensor/laser.urdf.xacro
[0.394s] -- Up-to-date: /home/yzh/桌面/project-ros/ros-study/chapt6/install/fishbot_description/share/fishbot_description/urdf/fishbot/sensor/camera.urdf.xacro
[0.395s] -- Up-to-date: /home/yzh/桌面/project-ros/ros-study/chapt6/install/fishbot_description/share/fishbot_description/urdf/fishbot/fishbot.urdf.xacro
[0.395s] -- Up-to-date: /home/yzh/桌面/project-ros/ros-study/chapt6/install/fishbot_description/share/fishbot_description/urdf/first_robot.gv
[0.395s] -- Up-to-date: /home/yzh/桌面/project-ros/ros-study/chapt6/install/fishbot_description/share/fishbot_description/urdf/first_robot.pdf
[0.395s] -- Up-to-date: /home/yzh/桌面/project-ros/ros-study/chapt6/install/fishbot_description/share/fishbot_description/urdf/first_robot.urdf
[0.397s] -- Up-to-date: /home/yzh/桌面/project-ros/ros-study/chapt6/install/fishbot_description/share/ament_index/resource_index/package_run_dependencies/fishbot_description
[0.397s] -- Up-to-date: /home/yzh/桌面/project-ros/ros-study/chapt6/install/fishbot_description/share/ament_index/resource_index/parent_prefix_path/fishbot_description
[0.405s] -- Up-to-date: /home/yzh/桌面/project-ros/ros-study/chapt6/install/fishbot_description/share/fishbot_description/environment/ament_prefix_path.sh
[0.406s] -- Up-to-date: /home/yzh/桌面/project-ros/ros-study/chapt6/install/fishbot_description/share/fishbot_description/environment/ament_prefix_path.dsv
[0.407s] -- Up-to-date: /home/yzh/桌面/project-ros/ros-study/chapt6/install/fishbot_description/share/fishbot_description/environment/path.sh
[0.407s] -- Up-to-date: /home/yzh/桌面/project-ros/ros-study/chapt6/install/fishbot_description/share/fishbot_description/environment/path.dsv
[0.408s] -- Up-to-date: /home/yzh/桌面/project-ros/ros-study/chapt6/install/fishbot_description/share/fishbot_description/local_setup.bash
[0.409s] -- Up-to-date: /home/yzh/桌面/project-ros/ros-study/chapt6/install/fishbot_description/share/fishbot_description/local_setup.sh
[0.410s] -- Up-to-date: /home/yzh/桌面/project-ros/ros-study/chapt6/install/fishbot_description/share/fishbot_description/local_setup.zsh
[0.410s] -- Up-to-date: /home/yzh/桌面/project-ros/ros-study/chapt6/install/fishbot_description/share/fishbot_description/local_setup.dsv
[0.411s] -- Installing: /home/yzh/桌面/project-ros/ros-study/chapt6/install/fishbot_description/share/fishbot_description/package.dsv
[0.411s] -- Up-to-date: /home/yzh/桌面/project-ros/ros-study/chapt6/install/fishbot_description/share/ament_index/resource_index/packages/fishbot_description
[0.412s] -- Up-to-date: /home/yzh/桌面/project-ros/ros-study/chapt6/install/fishbot_description/share/fishbot_description/cmake/fishbot_descriptionConfig.cmake
[0.412s] -- Up-to-date: /home/yzh/桌面/project-ros/ros-study/chapt6/install/fishbot_description/share/fishbot_description/cmake/fishbot_descriptionConfig-version.cmake
[0.413s] -- Up-to-date: /home/yzh/桌面/project-ros/ros-study/chapt6/install/fishbot_description/share/fishbot_description/package.xml
[0.413s] Invoked command in '/home/yzh/桌面/project-ros/ros-study/chapt6/build/fishbot_description' returned '0': CMAKE_PREFIX_PATH=${CMAKE_PREFIX_PATH}:/opt/ros/humble /usr/bin/cmake --install /home/yzh/桌面/project-ros/ros-study/chapt6/build/fishbot_description
