[0.272s] DEBUG:colcon:Command line arguments: ['/usr/bin/colcon', 'build', '--packages-select', 'demo_cpp_tf']
[0.272s] DEBUG:colcon:Parsed command line arguments: Namespace(log_base=None, log_level=None, verb_name='build', build_base='build', install_base='install', merge_install=False, symlink_install=False, test_result_base=None, continue_on_error=False, executor='parallel', parallel_workers=16, event_handlers=None, ignore_user_meta=False, metas=['./colcon.meta'], base_paths=['.'], packages_ignore=None, packages_ignore_regex=None, paths=None, packages_up_to=None, packages_up_to_regex=None, packages_above=None, packages_above_and_dependencies=None, packages_above_depth=None, packages_select_by_dep=None, packages_skip_by_dep=None, packages_skip_up_to=None, packages_select_build_failed=False, packages_skip_build_finished=False, packages_select_test_failures=False, packages_skip_test_passed=False, packages_select=['demo_cpp_tf'], packages_skip=None, packages_select_regex=None, packages_skip_regex=None, packages_start=None, packages_end=None, allow_overriding=[], cmake_args=None, cmake_target=None, cmake_target_skip_unavailable=False, cmake_clean_cache=False, cmake_clean_first=False, cmake_force_configure=False, ament_cmake_args=None, catkin_cmake_args=None, catkin_skip_building_tests=False, verb_parser=<colcon_defaults.argument_parser.defaults.DefaultArgumentsDecorator object at 0x7c74c2e43850>, verb_extension=<colcon_core.verb.build.BuildVerb object at 0x7c74c2f7cdc0>, main=<bound method BuildVerb.main of <colcon_core.verb.build.BuildVerb object at 0x7c74c2f7cdc0>>)
[0.704s] Level 1:colcon.colcon_core.package_discovery:discover_packages(colcon_meta) check parameters
[0.704s] Level 1:colcon.colcon_core.package_discovery:discover_packages(recursive) check parameters
[0.704s] Level 1:colcon.colcon_core.package_discovery:discover_packages(ignore) check parameters
[0.704s] Level 1:colcon.colcon_core.package_discovery:discover_packages(path) check parameters
[0.704s] Level 1:colcon.colcon_core.package_discovery:discover_packages(colcon_meta) discover
[0.704s] Level 1:colcon.colcon_core.package_discovery:discover_packages(recursive) discover
[0.705s] INFO:colcon.colcon_core.package_discovery:Crawling recursively for packages in '/home/yzh/桌面/project-ros/ros-study/chapt5/chapt5_ws'
[0.705s] Level 1:colcon.colcon_core.package_identification:_identify(.) by extensions ['ignore', 'ignore_ament_install']
[0.705s] Level 1:colcon.colcon_core.package_identification:_identify(.) by extension 'ignore'
[0.705s] Level 1:colcon.colcon_core.package_identification:_identify(.) by extension 'ignore_ament_install'
[0.705s] Level 1:colcon.colcon_core.package_identification:_identify(.) by extensions ['colcon_pkg']
[0.706s] Level 1:colcon.colcon_core.package_identification:_identify(.) by extension 'colcon_pkg'
[0.706s] Level 1:colcon.colcon_core.package_identification:_identify(.) by extensions ['colcon_meta']
[0.706s] Level 1:colcon.colcon_core.package_identification:_identify(.) by extension 'colcon_meta'
[0.706s] Level 1:colcon.colcon_core.package_identification:_identify(.) by extensions ['ros']
[0.706s] Level 1:colcon.colcon_core.package_identification:_identify(.) by extension 'ros'
[0.737s] Level 1:colcon.colcon_core.package_identification:_identify(.) by extensions ['cmake', 'python']
[0.737s] Level 1:colcon.colcon_core.package_identification:_identify(.) by extension 'cmake'
[0.737s] Level 1:colcon.colcon_core.package_identification:_identify(.) by extension 'python'
[0.738s] Level 1:colcon.colcon_core.package_identification:_identify(.) by extensions ['python_setup_py']
[0.738s] Level 1:colcon.colcon_core.package_identification:_identify(.) by extension 'python_setup_py'
[0.738s] Level 1:colcon.colcon_core.package_identification:_identify(build) by extensions ['ignore', 'ignore_ament_install']
[0.738s] Level 1:colcon.colcon_core.package_identification:_identify(build) by extension 'ignore'
[0.738s] Level 1:colcon.colcon_core.package_identification:_identify(build) ignored
[0.739s] Level 1:colcon.colcon_core.package_identification:_identify(install) by extensions ['ignore', 'ignore_ament_install']
[0.739s] Level 1:colcon.colcon_core.package_identification:_identify(install) by extension 'ignore'
[0.739s] Level 1:colcon.colcon_core.package_identification:_identify(install) ignored
[0.739s] Level 1:colcon.colcon_core.package_identification:_identify(log) by extensions ['ignore', 'ignore_ament_install']
[0.739s] Level 1:colcon.colcon_core.package_identification:_identify(log) by extension 'ignore'
[0.740s] Level 1:colcon.colcon_core.package_identification:_identify(log) ignored
[0.740s] Level 1:colcon.colcon_core.package_identification:_identify(src) by extensions ['ignore', 'ignore_ament_install']
[0.740s] Level 1:colcon.colcon_core.package_identification:_identify(src) by extension 'ignore'
[0.740s] Level 1:colcon.colcon_core.package_identification:_identify(src) by extension 'ignore_ament_install'
[0.740s] Level 1:colcon.colcon_core.package_identification:_identify(src) by extensions ['colcon_pkg']
[0.740s] Level 1:colcon.colcon_core.package_identification:_identify(src) by extension 'colcon_pkg'
[0.740s] Level 1:colcon.colcon_core.package_identification:_identify(src) by extensions ['colcon_meta']
[0.741s] Level 1:colcon.colcon_core.package_identification:_identify(src) by extension 'colcon_meta'
[0.741s] Level 1:colcon.colcon_core.package_identification:_identify(src) by extensions ['ros']
[0.741s] Level 1:colcon.colcon_core.package_identification:_identify(src) by extension 'ros'
[0.741s] Level 1:colcon.colcon_core.package_identification:_identify(src) by extensions ['cmake', 'python']
[0.741s] Level 1:colcon.colcon_core.package_identification:_identify(src) by extension 'cmake'
[0.741s] Level 1:colcon.colcon_core.package_identification:_identify(src) by extension 'python'
[0.741s] Level 1:colcon.colcon_core.package_identification:_identify(src) by extensions ['python_setup_py']
[0.741s] Level 1:colcon.colcon_core.package_identification:_identify(src) by extension 'python_setup_py'
[0.741s] Level 1:colcon.colcon_core.package_identification:_identify(src/demo_cpp_tf) by extensions ['ignore', 'ignore_ament_install']
[0.742s] Level 1:colcon.colcon_core.package_identification:_identify(src/demo_cpp_tf) by extension 'ignore'
[0.742s] Level 1:colcon.colcon_core.package_identification:_identify(src/demo_cpp_tf) by extension 'ignore_ament_install'
[0.742s] Level 1:colcon.colcon_core.package_identification:_identify(src/demo_cpp_tf) by extensions ['colcon_pkg']
[0.742s] Level 1:colcon.colcon_core.package_identification:_identify(src/demo_cpp_tf) by extension 'colcon_pkg'
[0.742s] Level 1:colcon.colcon_core.package_identification:_identify(src/demo_cpp_tf) by extensions ['colcon_meta']
[0.742s] Level 1:colcon.colcon_core.package_identification:_identify(src/demo_cpp_tf) by extension 'colcon_meta'
[0.742s] Level 1:colcon.colcon_core.package_identification:_identify(src/demo_cpp_tf) by extensions ['ros']
[0.742s] Level 1:colcon.colcon_core.package_identification:_identify(src/demo_cpp_tf) by extension 'ros'
[0.749s] DEBUG:colcon.colcon_core.package_identification:Package 'src/demo_cpp_tf' with type 'ros.ament_cmake' and name 'demo_cpp_tf'
[0.749s] Level 1:colcon.colcon_core.package_discovery:discover_packages(recursive) using defaults
[0.749s] Level 1:colcon.colcon_core.package_discovery:discover_packages(ignore) discover
[0.749s] Level 1:colcon.colcon_core.package_discovery:discover_packages(ignore) using defaults
[0.749s] Level 1:colcon.colcon_core.package_discovery:discover_packages(path) discover
[0.749s] Level 1:colcon.colcon_core.package_discovery:discover_packages(path) using defaults
[0.796s] Level 1:colcon.colcon_core.package_discovery:discover_packages(prefix_path) check parameters
[0.796s] Level 1:colcon.colcon_core.package_discovery:discover_packages(prefix_path) discover
[0.800s] DEBUG:colcon.colcon_installed_package_information.package_discovery:Found 1 installed packages in /home/yzh/project-ros/chapt5/chapt5_ws/install
[0.803s] DEBUG:colcon.colcon_installed_package_information.package_discovery:Found 272 installed packages in /opt/ros/humble
[0.823s] Level 1:colcon.colcon_core.package_discovery:discover_packages(prefix_path) using defaults
[0.913s] Level 5:colcon.colcon_core.verb:set package 'demo_cpp_tf' build argument 'cmake_args' from command line to 'None'
[0.913s] Level 5:colcon.colcon_core.verb:set package 'demo_cpp_tf' build argument 'cmake_target' from command line to 'None'
[0.913s] Level 5:colcon.colcon_core.verb:set package 'demo_cpp_tf' build argument 'cmake_target_skip_unavailable' from command line to 'False'
[0.913s] Level 5:colcon.colcon_core.verb:set package 'demo_cpp_tf' build argument 'cmake_clean_cache' from command line to 'False'
[0.913s] Level 5:colcon.colcon_core.verb:set package 'demo_cpp_tf' build argument 'cmake_clean_first' from command line to 'False'
[0.913s] Level 5:colcon.colcon_core.verb:set package 'demo_cpp_tf' build argument 'cmake_force_configure' from command line to 'False'
[0.913s] Level 5:colcon.colcon_core.verb:set package 'demo_cpp_tf' build argument 'ament_cmake_args' from command line to 'None'
[0.913s] Level 5:colcon.colcon_core.verb:set package 'demo_cpp_tf' build argument 'catkin_cmake_args' from command line to 'None'
[0.913s] Level 5:colcon.colcon_core.verb:set package 'demo_cpp_tf' build argument 'catkin_skip_building_tests' from command line to 'False'
[0.914s] DEBUG:colcon.colcon_core.verb:Building package 'demo_cpp_tf' with the following arguments: {'ament_cmake_args': None, 'build_base': '/home/yzh/桌面/project-ros/ros-study/chapt5/chapt5_ws/build/demo_cpp_tf', 'catkin_cmake_args': None, 'catkin_skip_building_tests': False, 'cmake_args': None, 'cmake_clean_cache': False, 'cmake_clean_first': False, 'cmake_force_configure': False, 'cmake_target': None, 'cmake_target_skip_unavailable': False, 'install_base': '/home/yzh/桌面/project-ros/ros-study/chapt5/chapt5_ws/install/demo_cpp_tf', 'merge_install': False, 'path': '/home/yzh/桌面/project-ros/ros-study/chapt5/chapt5_ws/src/demo_cpp_tf', 'symlink_install': False, 'test_result_base': None}
[0.914s] INFO:colcon.colcon_core.executor:Executing jobs using 'parallel' executor
[0.917s] DEBUG:colcon.colcon_parallel_executor.executor.parallel:run_until_complete
[0.918s] INFO:colcon.colcon_ros.task.ament_cmake.build:Building ROS package in '/home/yzh/桌面/project-ros/ros-study/chapt5/chapt5_ws/src/demo_cpp_tf' with build type 'ament_cmake'
[0.918s] INFO:colcon.colcon_cmake.task.cmake.build:Building CMake package in '/home/yzh/桌面/project-ros/ros-study/chapt5/chapt5_ws/src/demo_cpp_tf'
[0.924s] INFO:colcon.colcon_core.plugin_system:Skipping extension 'colcon_core.shell.bat': Not used on non-Windows systems
[0.925s] INFO:colcon.colcon_core.shell:Skip shell extension 'powershell' for command environment: Not usable outside of PowerShell
[0.925s] DEBUG:colcon.colcon_core.shell:Skip shell extension 'dsv' for command environment
[0.980s] DEBUG:colcon.colcon_core.event_handler.log_command:Invoking command in '/home/yzh/桌面/project-ros/ros-study/chapt5/chapt5_ws/build/demo_cpp_tf': CMAKE_PREFIX_PATH=${CMAKE_PREFIX_PATH}:/opt/ros/humble /usr/bin/cmake --build /home/yzh/桌面/project-ros/ros-study/chapt5/chapt5_ws/build/demo_cpp_tf -- -j16 -l16
[13.860s] DEBUG:colcon.colcon_core.event_handler.log_command:Invoked command in '/home/yzh/桌面/project-ros/ros-study/chapt5/chapt5_ws/build/demo_cpp_tf' returned '0': CMAKE_PREFIX_PATH=${CMAKE_PREFIX_PATH}:/opt/ros/humble /usr/bin/cmake --build /home/yzh/桌面/project-ros/ros-study/chapt5/chapt5_ws/build/demo_cpp_tf -- -j16 -l16
[13.888s] DEBUG:colcon.colcon_core.event_handler.log_command:Invoking command in '/home/yzh/桌面/project-ros/ros-study/chapt5/chapt5_ws/build/demo_cpp_tf': CMAKE_PREFIX_PATH=${CMAKE_PREFIX_PATH}:/opt/ros/humble /usr/bin/cmake --install /home/yzh/桌面/project-ros/ros-study/chapt5/chapt5_ws/build/demo_cpp_tf
[13.925s] Level 1:colcon.colcon_core.environment:create_environment_scripts_only(demo_cpp_tf)
[13.927s] DEBUG:colcon.colcon_core.event_handler.log_command:Invoked command in '/home/yzh/桌面/project-ros/ros-study/chapt5/chapt5_ws/build/demo_cpp_tf' returned '0': CMAKE_PREFIX_PATH=${CMAKE_PREFIX_PATH}:/opt/ros/humble /usr/bin/cmake --install /home/yzh/桌面/project-ros/ros-study/chapt5/chapt5_ws/build/demo_cpp_tf
[13.932s] Level 1:colcon.colcon_core.environment:checking '/home/yzh/桌面/project-ros/ros-study/chapt5/chapt5_ws/install/demo_cpp_tf' for CMake module files
[13.933s] Level 1:colcon.colcon_core.environment:checking '/home/yzh/桌面/project-ros/ros-study/chapt5/chapt5_ws/install/demo_cpp_tf' for CMake config files
[13.934s] Level 1:colcon.colcon_core.shell:create_environment_hook('demo_cpp_tf', 'cmake_prefix_path')
[13.935s] INFO:colcon.colcon_core.shell:Creating environment hook '/home/yzh/桌面/project-ros/ros-study/chapt5/chapt5_ws/install/demo_cpp_tf/share/demo_cpp_tf/hook/cmake_prefix_path.ps1'
[13.936s] INFO:colcon.colcon_core.shell:Creating environment descriptor '/home/yzh/桌面/project-ros/ros-study/chapt5/chapt5_ws/install/demo_cpp_tf/share/demo_cpp_tf/hook/cmake_prefix_path.dsv'
[13.938s] INFO:colcon.colcon_core.shell:Creating environment hook '/home/yzh/桌面/project-ros/ros-study/chapt5/chapt5_ws/install/demo_cpp_tf/share/demo_cpp_tf/hook/cmake_prefix_path.sh'
[13.940s] Level 1:colcon.colcon_core.environment:checking '/home/yzh/桌面/project-ros/ros-study/chapt5/chapt5_ws/install/demo_cpp_tf/lib'
[13.941s] Level 1:colcon.colcon_core.environment:checking '/home/yzh/桌面/project-ros/ros-study/chapt5/chapt5_ws/install/demo_cpp_tf/bin'
[13.941s] Level 1:colcon.colcon_core.environment:checking '/home/yzh/桌面/project-ros/ros-study/chapt5/chapt5_ws/install/demo_cpp_tf/lib/pkgconfig/demo_cpp_tf.pc'
[13.942s] Level 1:colcon.colcon_core.environment:checking '/home/yzh/桌面/project-ros/ros-study/chapt5/chapt5_ws/install/demo_cpp_tf/lib/python3.10/site-packages'
[13.943s] Level 1:colcon.colcon_core.environment:checking '/home/yzh/桌面/project-ros/ros-study/chapt5/chapt5_ws/install/demo_cpp_tf/bin'
[13.943s] INFO:colcon.colcon_core.shell:Creating package script '/home/yzh/桌面/project-ros/ros-study/chapt5/chapt5_ws/install/demo_cpp_tf/share/demo_cpp_tf/package.ps1'
[13.946s] INFO:colcon.colcon_core.shell:Creating package descriptor '/home/yzh/桌面/project-ros/ros-study/chapt5/chapt5_ws/install/demo_cpp_tf/share/demo_cpp_tf/package.dsv'
[13.947s] INFO:colcon.colcon_core.shell:Creating package script '/home/yzh/桌面/project-ros/ros-study/chapt5/chapt5_ws/install/demo_cpp_tf/share/demo_cpp_tf/package.sh'
[13.949s] INFO:colcon.colcon_core.shell:Creating package script '/home/yzh/桌面/project-ros/ros-study/chapt5/chapt5_ws/install/demo_cpp_tf/share/demo_cpp_tf/package.bash'
[13.951s] INFO:colcon.colcon_core.shell:Creating package script '/home/yzh/桌面/project-ros/ros-study/chapt5/chapt5_ws/install/demo_cpp_tf/share/demo_cpp_tf/package.zsh'
[13.952s] Level 1:colcon.colcon_core.environment:create_file_with_runtime_dependencies(/home/yzh/桌面/project-ros/ros-study/chapt5/chapt5_ws/install/demo_cpp_tf/share/colcon-core/packages/demo_cpp_tf)
[13.954s] Level 1:colcon.colcon_core.environment:create_environment_scripts_only(demo_cpp_tf)
[13.954s] Level 1:colcon.colcon_core.environment:checking '/home/yzh/桌面/project-ros/ros-study/chapt5/chapt5_ws/install/demo_cpp_tf' for CMake module files
[13.955s] Level 1:colcon.colcon_core.environment:checking '/home/yzh/桌面/project-ros/ros-study/chapt5/chapt5_ws/install/demo_cpp_tf' for CMake config files
[13.956s] Level 1:colcon.colcon_core.shell:create_environment_hook('demo_cpp_tf', 'cmake_prefix_path')
[13.957s] INFO:colcon.colcon_core.shell:Creating environment hook '/home/yzh/桌面/project-ros/ros-study/chapt5/chapt5_ws/install/demo_cpp_tf/share/demo_cpp_tf/hook/cmake_prefix_path.ps1'
[13.958s] INFO:colcon.colcon_core.shell:Creating environment descriptor '/home/yzh/桌面/project-ros/ros-study/chapt5/chapt5_ws/install/demo_cpp_tf/share/demo_cpp_tf/hook/cmake_prefix_path.dsv'
[13.959s] INFO:colcon.colcon_core.shell:Creating environment hook '/home/yzh/桌面/project-ros/ros-study/chapt5/chapt5_ws/install/demo_cpp_tf/share/demo_cpp_tf/hook/cmake_prefix_path.sh'
[13.961s] Level 1:colcon.colcon_core.environment:checking '/home/yzh/桌面/project-ros/ros-study/chapt5/chapt5_ws/install/demo_cpp_tf/lib'
[13.961s] Level 1:colcon.colcon_core.environment:checking '/home/yzh/桌面/project-ros/ros-study/chapt5/chapt5_ws/install/demo_cpp_tf/bin'
[13.961s] Level 1:colcon.colcon_core.environment:checking '/home/yzh/桌面/project-ros/ros-study/chapt5/chapt5_ws/install/demo_cpp_tf/lib/pkgconfig/demo_cpp_tf.pc'
[13.961s] Level 1:colcon.colcon_core.environment:checking '/home/yzh/桌面/project-ros/ros-study/chapt5/chapt5_ws/install/demo_cpp_tf/lib/python3.10/site-packages'
[13.962s] Level 1:colcon.colcon_core.environment:checking '/home/yzh/桌面/project-ros/ros-study/chapt5/chapt5_ws/install/demo_cpp_tf/bin'
[13.963s] INFO:colcon.colcon_core.shell:Creating package script '/home/yzh/桌面/project-ros/ros-study/chapt5/chapt5_ws/install/demo_cpp_tf/share/demo_cpp_tf/package.ps1'
[13.965s] INFO:colcon.colcon_core.shell:Creating package descriptor '/home/yzh/桌面/project-ros/ros-study/chapt5/chapt5_ws/install/demo_cpp_tf/share/demo_cpp_tf/package.dsv'
[13.966s] INFO:colcon.colcon_core.shell:Creating package script '/home/yzh/桌面/project-ros/ros-study/chapt5/chapt5_ws/install/demo_cpp_tf/share/demo_cpp_tf/package.sh'
[13.968s] INFO:colcon.colcon_core.shell:Creating package script '/home/yzh/桌面/project-ros/ros-study/chapt5/chapt5_ws/install/demo_cpp_tf/share/demo_cpp_tf/package.bash'
[13.969s] INFO:colcon.colcon_core.shell:Creating package script '/home/yzh/桌面/project-ros/ros-study/chapt5/chapt5_ws/install/demo_cpp_tf/share/demo_cpp_tf/package.zsh'
[13.970s] Level 1:colcon.colcon_core.environment:create_file_with_runtime_dependencies(/home/yzh/桌面/project-ros/ros-study/chapt5/chapt5_ws/install/demo_cpp_tf/share/colcon-core/packages/demo_cpp_tf)
[13.971s] DEBUG:colcon.colcon_parallel_executor.executor.parallel:closing loop
[13.973s] DEBUG:colcon.colcon_parallel_executor.executor.parallel:loop closed
[13.974s] DEBUG:colcon.colcon_parallel_executor.executor.parallel:run_until_complete finished with '0'
[13.974s] DEBUG:colcon.colcon_core.event_reactor:joining thread
[13.988s] INFO:colcon.colcon_core.plugin_system:Skipping extension 'colcon_notification.desktop_notification.terminal_notifier': Not used on non-Darwin systems
[13.989s] INFO:colcon.colcon_core.plugin_system:Skipping extension 'colcon_notification.desktop_notification.win32': Not used on non-Windows systems
[13.989s] INFO:colcon.colcon_notification.desktop_notification:Sending desktop notification using 'notify2'
[14.059s] DEBUG:colcon.colcon_core.event_reactor:joined thread
[14.060s] INFO:colcon.colcon_core.shell:Creating prefix script '/home/yzh/桌面/project-ros/ros-study/chapt5/chapt5_ws/install/local_setup.ps1'
[14.062s] INFO:colcon.colcon_core.shell:Creating prefix util module '/home/yzh/桌面/project-ros/ros-study/chapt5/chapt5_ws/install/_local_setup_util_ps1.py'
[14.065s] INFO:colcon.colcon_core.shell:Creating prefix chain script '/home/yzh/桌面/project-ros/ros-study/chapt5/chapt5_ws/install/setup.ps1'
[14.068s] INFO:colcon.colcon_core.shell:Creating prefix script '/home/yzh/桌面/project-ros/ros-study/chapt5/chapt5_ws/install/local_setup.sh'
[14.070s] INFO:colcon.colcon_core.shell:Creating prefix util module '/home/yzh/桌面/project-ros/ros-study/chapt5/chapt5_ws/install/_local_setup_util_sh.py'
[14.071s] INFO:colcon.colcon_core.shell:Creating prefix chain script '/home/yzh/桌面/project-ros/ros-study/chapt5/chapt5_ws/install/setup.sh'
[14.074s] INFO:colcon.colcon_core.shell:Creating prefix script '/home/yzh/桌面/project-ros/ros-study/chapt5/chapt5_ws/install/local_setup.bash'
[14.075s] INFO:colcon.colcon_core.shell:Creating prefix chain script '/home/yzh/桌面/project-ros/ros-study/chapt5/chapt5_ws/install/setup.bash'
[14.078s] INFO:colcon.colcon_core.shell:Creating prefix script '/home/yzh/桌面/project-ros/ros-study/chapt5/chapt5_ws/install/local_setup.zsh'
[14.080s] INFO:colcon.colcon_core.shell:Creating prefix chain script '/home/yzh/桌面/project-ros/ros-study/chapt5/chapt5_ws/install/setup.zsh'
