[0.515s] DEBUG:colcon:Command line arguments: ['/usr/bin/colcon', 'build']
[0.516s] DEBUG:colcon:Parsed command line arguments: Namespace(log_base=None, log_level=None, verb_name='build', build_base='build', install_base='install', merge_install=False, symlink_install=False, test_result_base=None, continue_on_error=False, executor='parallel', parallel_workers=16, event_handlers=None, ignore_user_meta=False, metas=['./colcon.meta'], base_paths=['.'], packages_ignore=None, packages_ignore_regex=None, paths=None, packages_up_to=None, packages_up_to_regex=None, packages_above=None, packages_above_and_dependencies=None, packages_above_depth=None, packages_select_by_dep=None, packages_skip_by_dep=None, packages_skip_up_to=None, packages_select_build_failed=False, packages_skip_build_finished=False, packages_select_test_failures=False, packages_skip_test_passed=False, packages_select=None, packages_skip=None, packages_select_regex=None, packages_skip_regex=None, packages_start=None, packages_end=None, allow_overriding=[], cmake_args=None, cmake_target=None, cmake_target_skip_unavailable=False, cmake_clean_cache=False, cmake_clean_first=False, cmake_force_configure=False, ament_cmake_args=None, catkin_cmake_args=None, catkin_skip_building_tests=False, verb_parser=<colcon_defaults.argument_parser.defaults.DefaultArgumentsDecorator object at 0x74bc6d83fa30>, verb_extension=<colcon_core.verb.build.BuildVerb object at 0x74bc6d988fa0>, main=<bound method BuildVerb.main of <colcon_core.verb.build.BuildVerb object at 0x74bc6d988fa0>>)
[1.134s] Level 1:colcon.colcon_core.package_discovery:discover_packages(colcon_meta) check parameters
[1.134s] Level 1:colcon.colcon_core.package_discovery:discover_packages(recursive) check parameters
[1.134s] Level 1:colcon.colcon_core.package_discovery:discover_packages(ignore) check parameters
[1.136s] Level 1:colcon.colcon_core.package_discovery:discover_packages(path) check parameters
[1.137s] Level 1:colcon.colcon_core.package_discovery:discover_packages(colcon_meta) discover
[1.137s] Level 1:colcon.colcon_core.package_discovery:discover_packages(recursive) discover
[1.137s] INFO:colcon.colcon_core.package_discovery:Crawling recursively for packages in '/home/yzh/chapt4'
[1.137s] Level 1:colcon.colcon_core.package_identification:_identify(.) by extensions ['ignore', 'ignore_ament_install']
[1.138s] Level 1:colcon.colcon_core.package_identification:_identify(.) by extension 'ignore'
[1.138s] Level 1:colcon.colcon_core.package_identification:_identify(.) by extension 'ignore_ament_install'
[1.138s] Level 1:colcon.colcon_core.package_identification:_identify(.) by extensions ['colcon_pkg']
[1.138s] Level 1:colcon.colcon_core.package_identification:_identify(.) by extension 'colcon_pkg'
[1.138s] Level 1:colcon.colcon_core.package_identification:_identify(.) by extensions ['colcon_meta']
[1.139s] Level 1:colcon.colcon_core.package_identification:_identify(.) by extension 'colcon_meta'
[1.140s] Level 1:colcon.colcon_core.package_identification:_identify(.) by extensions ['ros']
[1.140s] Level 1:colcon.colcon_core.package_identification:_identify(.) by extension 'ros'
[1.210s] Level 1:colcon.colcon_core.package_identification:_identify(.) by extensions ['cmake', 'python']
[1.211s] Level 1:colcon.colcon_core.package_identification:_identify(.) by extension 'cmake'
[1.211s] Level 1:colcon.colcon_core.package_identification:_identify(.) by extension 'python'
[1.211s] Level 1:colcon.colcon_core.package_identification:_identify(.) by extensions ['python_setup_py']
[1.211s] Level 1:colcon.colcon_core.package_identification:_identify(.) by extension 'python_setup_py'
[1.212s] Level 1:colcon.colcon_core.package_identification:_identify(build) by extensions ['ignore', 'ignore_ament_install']
[1.213s] Level 1:colcon.colcon_core.package_identification:_identify(build) by extension 'ignore'
[1.213s] Level 1:colcon.colcon_core.package_identification:_identify(build) ignored
[1.213s] Level 1:colcon.colcon_core.package_identification:_identify(install) by extensions ['ignore', 'ignore_ament_install']
[1.214s] Level 1:colcon.colcon_core.package_identification:_identify(install) by extension 'ignore'
[1.214s] Level 1:colcon.colcon_core.package_identification:_identify(install) ignored
[1.214s] Level 1:colcon.colcon_core.package_identification:_identify(log) by extensions ['ignore', 'ignore_ament_install']
[1.215s] Level 1:colcon.colcon_core.package_identification:_identify(log) by extension 'ignore'
[1.215s] Level 1:colcon.colcon_core.package_identification:_identify(log) ignored
[1.215s] Level 1:colcon.colcon_core.package_identification:_identify(src) by extensions ['ignore', 'ignore_ament_install']
[1.215s] Level 1:colcon.colcon_core.package_identification:_identify(src) by extension 'ignore'
[1.216s] Level 1:colcon.colcon_core.package_identification:_identify(src) by extension 'ignore_ament_install'
[1.216s] Level 1:colcon.colcon_core.package_identification:_identify(src) by extensions ['colcon_pkg']
[1.217s] Level 1:colcon.colcon_core.package_identification:_identify(src) by extension 'colcon_pkg'
[1.217s] Level 1:colcon.colcon_core.package_identification:_identify(src) by extensions ['colcon_meta']
[1.217s] Level 1:colcon.colcon_core.package_identification:_identify(src) by extension 'colcon_meta'
[1.218s] Level 1:colcon.colcon_core.package_identification:_identify(src) by extensions ['ros']
[1.218s] Level 1:colcon.colcon_core.package_identification:_identify(src) by extension 'ros'
[1.218s] Level 1:colcon.colcon_core.package_identification:_identify(src) by extensions ['cmake', 'python']
[1.218s] Level 1:colcon.colcon_core.package_identification:_identify(src) by extension 'cmake'
[1.219s] Level 1:colcon.colcon_core.package_identification:_identify(src) by extension 'python'
[1.219s] Level 1:colcon.colcon_core.package_identification:_identify(src) by extensions ['python_setup_py']
[1.219s] Level 1:colcon.colcon_core.package_identification:_identify(src) by extension 'python_setup_py'
[1.219s] Level 1:colcon.colcon_core.package_identification:_identify(src/chapt4_interfaces) by extensions ['ignore', 'ignore_ament_install']
[1.219s] Level 1:colcon.colcon_core.package_identification:_identify(src/chapt4_interfaces) by extension 'ignore'
[1.220s] Level 1:colcon.colcon_core.package_identification:_identify(src/chapt4_interfaces) by extension 'ignore_ament_install'
[1.221s] Level 1:colcon.colcon_core.package_identification:_identify(src/chapt4_interfaces) by extensions ['colcon_pkg']
[1.221s] Level 1:colcon.colcon_core.package_identification:_identify(src/chapt4_interfaces) by extension 'colcon_pkg'
[1.222s] Level 1:colcon.colcon_core.package_identification:_identify(src/chapt4_interfaces) by extensions ['colcon_meta']
[1.222s] Level 1:colcon.colcon_core.package_identification:_identify(src/chapt4_interfaces) by extension 'colcon_meta'
[1.222s] Level 1:colcon.colcon_core.package_identification:_identify(src/chapt4_interfaces) by extensions ['ros']
[1.222s] Level 1:colcon.colcon_core.package_identification:_identify(src/chapt4_interfaces) by extension 'ros'
[1.234s] DEBUG:colcon.colcon_core.package_identification:Package 'src/chapt4_interfaces' with type 'ros.ament_cmake' and name 'chapt4_interfaces'
[1.234s] Level 1:colcon.colcon_core.package_identification:_identify(src/demo_cpp_service) by extensions ['ignore', 'ignore_ament_install']
[1.235s] Level 1:colcon.colcon_core.package_identification:_identify(src/demo_cpp_service) by extension 'ignore'
[1.235s] Level 1:colcon.colcon_core.package_identification:_identify(src/demo_cpp_service) by extension 'ignore_ament_install'
[1.237s] Level 1:colcon.colcon_core.package_identification:_identify(src/demo_cpp_service) by extensions ['colcon_pkg']
[1.237s] Level 1:colcon.colcon_core.package_identification:_identify(src/demo_cpp_service) by extension 'colcon_pkg'
[1.239s] Level 1:colcon.colcon_core.package_identification:_identify(src/demo_cpp_service) by extensions ['colcon_meta']
[1.240s] Level 1:colcon.colcon_core.package_identification:_identify(src/demo_cpp_service) by extension 'colcon_meta'
[1.240s] Level 1:colcon.colcon_core.package_identification:_identify(src/demo_cpp_service) by extensions ['ros']
[1.240s] Level 1:colcon.colcon_core.package_identification:_identify(src/demo_cpp_service) by extension 'ros'
[1.244s] DEBUG:colcon.colcon_core.package_identification:Package 'src/demo_cpp_service' with type 'ros.ament_cmake' and name 'demo_cpp_service'
[1.244s] Level 1:colcon.colcon_core.package_discovery:discover_packages(recursive) using defaults
[1.244s] Level 1:colcon.colcon_core.package_discovery:discover_packages(ignore) discover
[1.245s] Level 1:colcon.colcon_core.package_discovery:discover_packages(ignore) using defaults
[1.245s] Level 1:colcon.colcon_core.package_discovery:discover_packages(path) discover
[1.245s] Level 1:colcon.colcon_core.package_discovery:discover_packages(path) using defaults
[1.350s] Level 1:colcon.colcon_core.package_discovery:discover_packages(prefix_path) check parameters
[1.351s] Level 1:colcon.colcon_core.package_discovery:discover_packages(prefix_path) discover
[1.364s] DEBUG:colcon.colcon_installed_package_information.package_discovery:Found 2 installed packages in /home/yzh/chapt4/install
[1.372s] DEBUG:colcon.colcon_installed_package_information.package_discovery:Found 271 installed packages in /opt/ros/humble
[1.414s] Level 1:colcon.colcon_core.package_discovery:discover_packages(prefix_path) using defaults
[1.618s] Level 5:colcon.colcon_core.verb:set package 'chapt4_interfaces' build argument 'cmake_args' from command line to 'None'
[1.618s] Level 5:colcon.colcon_core.verb:set package 'chapt4_interfaces' build argument 'cmake_target' from command line to 'None'
[1.618s] Level 5:colcon.colcon_core.verb:set package 'chapt4_interfaces' build argument 'cmake_target_skip_unavailable' from command line to 'False'
[1.619s] Level 5:colcon.colcon_core.verb:set package 'chapt4_interfaces' build argument 'cmake_clean_cache' from command line to 'False'
[1.619s] Level 5:colcon.colcon_core.verb:set package 'chapt4_interfaces' build argument 'cmake_clean_first' from command line to 'False'
[1.619s] Level 5:colcon.colcon_core.verb:set package 'chapt4_interfaces' build argument 'cmake_force_configure' from command line to 'False'
[1.620s] Level 5:colcon.colcon_core.verb:set package 'chapt4_interfaces' build argument 'ament_cmake_args' from command line to 'None'
[1.620s] Level 5:colcon.colcon_core.verb:set package 'chapt4_interfaces' build argument 'catkin_cmake_args' from command line to 'None'
[1.620s] Level 5:colcon.colcon_core.verb:set package 'chapt4_interfaces' build argument 'catkin_skip_building_tests' from command line to 'False'
[1.620s] DEBUG:colcon.colcon_core.verb:Building package 'chapt4_interfaces' with the following arguments: {'ament_cmake_args': None, 'build_base': '/home/yzh/chapt4/build/chapt4_interfaces', 'catkin_cmake_args': None, 'catkin_skip_building_tests': False, 'cmake_args': None, 'cmake_clean_cache': False, 'cmake_clean_first': False, 'cmake_force_configure': False, 'cmake_target': None, 'cmake_target_skip_unavailable': False, 'install_base': '/home/yzh/chapt4/install/chapt4_interfaces', 'merge_install': False, 'path': '/home/yzh/chapt4/src/chapt4_interfaces', 'symlink_install': False, 'test_result_base': None}
[1.621s] Level 5:colcon.colcon_core.verb:set package 'demo_cpp_service' build argument 'cmake_args' from command line to 'None'
[1.622s] Level 5:colcon.colcon_core.verb:set package 'demo_cpp_service' build argument 'cmake_target' from command line to 'None'
[1.622s] Level 5:colcon.colcon_core.verb:set package 'demo_cpp_service' build argument 'cmake_target_skip_unavailable' from command line to 'False'
[1.622s] Level 5:colcon.colcon_core.verb:set package 'demo_cpp_service' build argument 'cmake_clean_cache' from command line to 'False'
[1.622s] Level 5:colcon.colcon_core.verb:set package 'demo_cpp_service' build argument 'cmake_clean_first' from command line to 'False'
[1.622s] Level 5:colcon.colcon_core.verb:set package 'demo_cpp_service' build argument 'cmake_force_configure' from command line to 'False'
[1.622s] Level 5:colcon.colcon_core.verb:set package 'demo_cpp_service' build argument 'ament_cmake_args' from command line to 'None'
[1.622s] Level 5:colcon.colcon_core.verb:set package 'demo_cpp_service' build argument 'catkin_cmake_args' from command line to 'None'
[1.622s] Level 5:colcon.colcon_core.verb:set package 'demo_cpp_service' build argument 'catkin_skip_building_tests' from command line to 'False'
[1.622s] DEBUG:colcon.colcon_core.verb:Building package 'demo_cpp_service' with the following arguments: {'ament_cmake_args': None, 'build_base': '/home/yzh/chapt4/build/demo_cpp_service', 'catkin_cmake_args': None, 'catkin_skip_building_tests': False, 'cmake_args': None, 'cmake_clean_cache': False, 'cmake_clean_first': False, 'cmake_force_configure': False, 'cmake_target': None, 'cmake_target_skip_unavailable': False, 'install_base': '/home/yzh/chapt4/install/demo_cpp_service', 'merge_install': False, 'path': '/home/yzh/chapt4/src/demo_cpp_service', 'symlink_install': False, 'test_result_base': None}
[1.623s] INFO:colcon.colcon_core.executor:Executing jobs using 'parallel' executor
[1.627s] DEBUG:colcon.colcon_parallel_executor.executor.parallel:run_until_complete
[1.628s] INFO:colcon.colcon_ros.task.ament_cmake.build:Building ROS package in '/home/yzh/chapt4/src/chapt4_interfaces' with build type 'ament_cmake'
[1.630s] INFO:colcon.colcon_cmake.task.cmake.build:Building CMake package in '/home/yzh/chapt4/src/chapt4_interfaces'
[1.642s] INFO:colcon.colcon_core.plugin_system:Skipping extension 'colcon_core.shell.bat': Not used on non-Windows systems
[1.643s] INFO:colcon.colcon_core.shell:Skip shell extension 'powershell' for command environment: Not usable outside of PowerShell
[1.643s] DEBUG:colcon.colcon_core.shell:Skip shell extension 'dsv' for command environment
[1.706s] DEBUG:colcon.colcon_core.event_handler.log_command:Invoking command in '/home/yzh/chapt4/build/chapt4_interfaces': CMAKE_PREFIX_PATH=${CMAKE_PREFIX_PATH}:/opt/ros/humble /usr/bin/cmake --build /home/yzh/chapt4/build/chapt4_interfaces -- -j16 -l16
[3.270s] DEBUG:colcon.colcon_core.event_handler.log_command:Invoked command in '/home/yzh/chapt4/build/chapt4_interfaces' returned '0': CMAKE_PREFIX_PATH=${CMAKE_PREFIX_PATH}:/opt/ros/humble /usr/bin/cmake --build /home/yzh/chapt4/build/chapt4_interfaces -- -j16 -l16
[3.321s] DEBUG:colcon.colcon_core.event_handler.log_command:Invoking command in '/home/yzh/chapt4/build/chapt4_interfaces': CMAKE_PREFIX_PATH=${CMAKE_PREFIX_PATH}:/opt/ros/humble /usr/bin/cmake --install /home/yzh/chapt4/build/chapt4_interfaces
[3.553s] Level 1:colcon.colcon_core.environment:create_environment_scripts_only(chapt4_interfaces)
[3.556s] DEBUG:colcon.colcon_core.event_handler.log_command:Invoked command in '/home/yzh/chapt4/build/chapt4_interfaces' returned '0': CMAKE_PREFIX_PATH=${CMAKE_PREFIX_PATH}:/opt/ros/humble /usr/bin/cmake --install /home/yzh/chapt4/build/chapt4_interfaces
[3.567s] Level 1:colcon.colcon_core.environment:checking '/home/yzh/chapt4/install/chapt4_interfaces' for CMake module files
[3.571s] Level 1:colcon.colcon_core.environment:checking '/home/yzh/chapt4/install/chapt4_interfaces' for CMake config files
[3.573s] Level 1:colcon.colcon_core.shell:create_environment_hook('chapt4_interfaces', 'cmake_prefix_path')
[3.574s] INFO:colcon.colcon_core.shell:Creating environment hook '/home/yzh/chapt4/install/chapt4_interfaces/share/chapt4_interfaces/hook/cmake_prefix_path.ps1'
[3.577s] INFO:colcon.colcon_core.shell:Creating environment descriptor '/home/yzh/chapt4/install/chapt4_interfaces/share/chapt4_interfaces/hook/cmake_prefix_path.dsv'
[3.580s] INFO:colcon.colcon_core.shell:Creating environment hook '/home/yzh/chapt4/install/chapt4_interfaces/share/chapt4_interfaces/hook/cmake_prefix_path.sh'
[3.584s] Level 1:colcon.colcon_core.environment:checking '/home/yzh/chapt4/install/chapt4_interfaces/lib'
[3.585s] Level 1:colcon.colcon_core.shell:create_environment_hook('chapt4_interfaces', 'ld_library_path_lib')
[3.586s] INFO:colcon.colcon_core.shell:Creating environment hook '/home/yzh/chapt4/install/chapt4_interfaces/share/chapt4_interfaces/hook/ld_library_path_lib.ps1'
[3.589s] INFO:colcon.colcon_core.shell:Creating environment descriptor '/home/yzh/chapt4/install/chapt4_interfaces/share/chapt4_interfaces/hook/ld_library_path_lib.dsv'
[3.591s] INFO:colcon.colcon_core.shell:Creating environment hook '/home/yzh/chapt4/install/chapt4_interfaces/share/chapt4_interfaces/hook/ld_library_path_lib.sh'
[3.592s] Level 1:colcon.colcon_core.environment:checking '/home/yzh/chapt4/install/chapt4_interfaces/bin'
[3.593s] Level 1:colcon.colcon_core.environment:checking '/home/yzh/chapt4/install/chapt4_interfaces/lib/pkgconfig/chapt4_interfaces.pc'
[3.594s] Level 1:colcon.colcon_core.environment:checking '/home/yzh/chapt4/install/chapt4_interfaces/lib/python3.10/site-packages'
[3.597s] Level 1:colcon.colcon_core.environment:checking '/home/yzh/chapt4/install/chapt4_interfaces/bin'
[3.598s] INFO:colcon.colcon_core.shell:Creating package script '/home/yzh/chapt4/install/chapt4_interfaces/share/chapt4_interfaces/package.ps1'
[3.602s] INFO:colcon.colcon_core.shell:Creating package descriptor '/home/yzh/chapt4/install/chapt4_interfaces/share/chapt4_interfaces/package.dsv'
[3.607s] INFO:colcon.colcon_core.shell:Creating package script '/home/yzh/chapt4/install/chapt4_interfaces/share/chapt4_interfaces/package.sh'
[3.610s] INFO:colcon.colcon_core.shell:Creating package script '/home/yzh/chapt4/install/chapt4_interfaces/share/chapt4_interfaces/package.bash'
[3.616s] INFO:colcon.colcon_core.shell:Creating package script '/home/yzh/chapt4/install/chapt4_interfaces/share/chapt4_interfaces/package.zsh'
[3.619s] Level 1:colcon.colcon_core.environment:create_file_with_runtime_dependencies(/home/yzh/chapt4/install/chapt4_interfaces/share/colcon-core/packages/chapt4_interfaces)
[3.626s] Level 1:colcon.colcon_core.environment:create_environment_scripts_only(chapt4_interfaces)
[3.627s] Level 1:colcon.colcon_core.environment:checking '/home/yzh/chapt4/install/chapt4_interfaces' for CMake module files
[3.629s] Level 1:colcon.colcon_core.environment:checking '/home/yzh/chapt4/install/chapt4_interfaces' for CMake config files
[3.632s] Level 1:colcon.colcon_core.shell:create_environment_hook('chapt4_interfaces', 'cmake_prefix_path')
[3.633s] INFO:colcon.colcon_core.shell:Creating environment hook '/home/yzh/chapt4/install/chapt4_interfaces/share/chapt4_interfaces/hook/cmake_prefix_path.ps1'
[3.635s] INFO:colcon.colcon_core.shell:Creating environment descriptor '/home/yzh/chapt4/install/chapt4_interfaces/share/chapt4_interfaces/hook/cmake_prefix_path.dsv'
[3.637s] INFO:colcon.colcon_core.shell:Creating environment hook '/home/yzh/chapt4/install/chapt4_interfaces/share/chapt4_interfaces/hook/cmake_prefix_path.sh'
[3.640s] Level 1:colcon.colcon_core.environment:checking '/home/yzh/chapt4/install/chapt4_interfaces/lib'
[3.641s] Level 1:colcon.colcon_core.shell:create_environment_hook('chapt4_interfaces', 'ld_library_path_lib')
[3.643s] INFO:colcon.colcon_core.shell:Creating environment hook '/home/yzh/chapt4/install/chapt4_interfaces/share/chapt4_interfaces/hook/ld_library_path_lib.ps1'
[3.645s] INFO:colcon.colcon_core.shell:Creating environment descriptor '/home/yzh/chapt4/install/chapt4_interfaces/share/chapt4_interfaces/hook/ld_library_path_lib.dsv'
[3.647s] INFO:colcon.colcon_core.shell:Creating environment hook '/home/yzh/chapt4/install/chapt4_interfaces/share/chapt4_interfaces/hook/ld_library_path_lib.sh'
[3.649s] Level 1:colcon.colcon_core.environment:checking '/home/yzh/chapt4/install/chapt4_interfaces/bin'
[3.650s] Level 1:colcon.colcon_core.environment:checking '/home/yzh/chapt4/install/chapt4_interfaces/lib/pkgconfig/chapt4_interfaces.pc'
[3.650s] Level 1:colcon.colcon_core.environment:checking '/home/yzh/chapt4/install/chapt4_interfaces/lib/python3.10/site-packages'
[3.652s] Level 1:colcon.colcon_core.environment:checking '/home/yzh/chapt4/install/chapt4_interfaces/bin'
[3.654s] INFO:colcon.colcon_core.shell:Creating package script '/home/yzh/chapt4/install/chapt4_interfaces/share/chapt4_interfaces/package.ps1'
[3.658s] INFO:colcon.colcon_core.shell:Creating package descriptor '/home/yzh/chapt4/install/chapt4_interfaces/share/chapt4_interfaces/package.dsv'
[3.660s] INFO:colcon.colcon_core.shell:Creating package script '/home/yzh/chapt4/install/chapt4_interfaces/share/chapt4_interfaces/package.sh'
[3.664s] INFO:colcon.colcon_core.shell:Creating package script '/home/yzh/chapt4/install/chapt4_interfaces/share/chapt4_interfaces/package.bash'
[3.667s] INFO:colcon.colcon_core.shell:Creating package script '/home/yzh/chapt4/install/chapt4_interfaces/share/chapt4_interfaces/package.zsh'
[3.669s] Level 1:colcon.colcon_core.environment:create_file_with_runtime_dependencies(/home/yzh/chapt4/install/chapt4_interfaces/share/colcon-core/packages/chapt4_interfaces)
[3.671s] INFO:colcon.colcon_ros.task.ament_cmake.build:Building ROS package in '/home/yzh/chapt4/src/demo_cpp_service' with build type 'ament_cmake'
[3.671s] INFO:colcon.colcon_cmake.task.cmake.build:Building CMake package in '/home/yzh/chapt4/src/demo_cpp_service'
[3.672s] INFO:colcon.colcon_core.shell:Skip shell extension 'powershell' for command environment: Not usable outside of PowerShell
[3.672s] DEBUG:colcon.colcon_core.shell:Skip shell extension 'dsv' for command environment
[3.729s] DEBUG:colcon.colcon_core.event_handler.log_command:Invoking command in '/home/yzh/chapt4/build/demo_cpp_service': CMAKE_PREFIX_PATH=/home/yzh/chapt4/install/chapt4_interfaces:/home/yzh/chapt4/install/demo_cpp_service:/opt/ros/humble /usr/bin/cmake --build /home/yzh/chapt4/build/demo_cpp_service -- -j16 -l16
[42.675s] DEBUG:colcon.colcon_core.event_handler.log_command:Invoked command in '/home/yzh/chapt4/build/demo_cpp_service' returned '0': CMAKE_PREFIX_PATH=/home/yzh/chapt4/install/chapt4_interfaces:/home/yzh/chapt4/install/demo_cpp_service:/opt/ros/humble /usr/bin/cmake --build /home/yzh/chapt4/build/demo_cpp_service -- -j16 -l16
[42.677s] DEBUG:colcon.colcon_core.event_handler.log_command:Invoking command in '/home/yzh/chapt4/build/demo_cpp_service': CMAKE_PREFIX_PATH=/home/yzh/chapt4/install/chapt4_interfaces:/home/yzh/chapt4/install/demo_cpp_service:/opt/ros/humble /usr/bin/cmake --install /home/yzh/chapt4/build/demo_cpp_service
[42.751s] Level 1:colcon.colcon_core.environment:create_environment_scripts_only(demo_cpp_service)
[42.753s] Level 1:colcon.colcon_core.environment:checking '/home/yzh/chapt4/install/demo_cpp_service' for CMake module files
[42.757s] DEBUG:colcon.colcon_core.event_handler.log_command:Invoked command in '/home/yzh/chapt4/build/demo_cpp_service' returned '0': CMAKE_PREFIX_PATH=/home/yzh/chapt4/install/chapt4_interfaces:/home/yzh/chapt4/install/demo_cpp_service:/opt/ros/humble /usr/bin/cmake --install /home/yzh/chapt4/build/demo_cpp_service
[42.758s] Level 1:colcon.colcon_core.environment:checking '/home/yzh/chapt4/install/demo_cpp_service' for CMake config files
[42.760s] Level 1:colcon.colcon_core.shell:create_environment_hook('demo_cpp_service', 'cmake_prefix_path')
[42.762s] INFO:colcon.colcon_core.shell:Creating environment hook '/home/yzh/chapt4/install/demo_cpp_service/share/demo_cpp_service/hook/cmake_prefix_path.ps1'
[42.765s] INFO:colcon.colcon_core.shell:Creating environment descriptor '/home/yzh/chapt4/install/demo_cpp_service/share/demo_cpp_service/hook/cmake_prefix_path.dsv'
[42.767s] INFO:colcon.colcon_core.shell:Creating environment hook '/home/yzh/chapt4/install/demo_cpp_service/share/demo_cpp_service/hook/cmake_prefix_path.sh'
[42.770s] Level 1:colcon.colcon_core.environment:checking '/home/yzh/chapt4/install/demo_cpp_service/lib'
[42.771s] Level 1:colcon.colcon_core.environment:checking '/home/yzh/chapt4/install/demo_cpp_service/bin'
[42.771s] Level 1:colcon.colcon_core.environment:checking '/home/yzh/chapt4/install/demo_cpp_service/lib/pkgconfig/demo_cpp_service.pc'
[42.772s] Level 1:colcon.colcon_core.environment:checking '/home/yzh/chapt4/install/demo_cpp_service/lib/python3.10/site-packages'
[42.774s] Level 1:colcon.colcon_core.environment:checking '/home/yzh/chapt4/install/demo_cpp_service/bin'
[42.775s] INFO:colcon.colcon_core.shell:Creating package script '/home/yzh/chapt4/install/demo_cpp_service/share/demo_cpp_service/package.ps1'
[42.777s] INFO:colcon.colcon_core.shell:Creating package descriptor '/home/yzh/chapt4/install/demo_cpp_service/share/demo_cpp_service/package.dsv'
[42.778s] INFO:colcon.colcon_core.shell:Creating package script '/home/yzh/chapt4/install/demo_cpp_service/share/demo_cpp_service/package.sh'
[42.779s] INFO:colcon.colcon_core.shell:Creating package script '/home/yzh/chapt4/install/demo_cpp_service/share/demo_cpp_service/package.bash'
[42.780s] INFO:colcon.colcon_core.shell:Creating package script '/home/yzh/chapt4/install/demo_cpp_service/share/demo_cpp_service/package.zsh'
[42.780s] Level 1:colcon.colcon_core.environment:create_file_with_runtime_dependencies(/home/yzh/chapt4/install/demo_cpp_service/share/colcon-core/packages/demo_cpp_service)
[42.782s] Level 1:colcon.colcon_core.environment:create_environment_scripts_only(demo_cpp_service)
[42.782s] Level 1:colcon.colcon_core.environment:checking '/home/yzh/chapt4/install/demo_cpp_service' for CMake module files
[42.784s] Level 1:colcon.colcon_core.environment:checking '/home/yzh/chapt4/install/demo_cpp_service' for CMake config files
[42.786s] Level 1:colcon.colcon_core.shell:create_environment_hook('demo_cpp_service', 'cmake_prefix_path')
[42.787s] INFO:colcon.colcon_core.shell:Creating environment hook '/home/yzh/chapt4/install/demo_cpp_service/share/demo_cpp_service/hook/cmake_prefix_path.ps1'
[42.789s] INFO:colcon.colcon_core.shell:Creating environment descriptor '/home/yzh/chapt4/install/demo_cpp_service/share/demo_cpp_service/hook/cmake_prefix_path.dsv'
[42.791s] INFO:colcon.colcon_core.shell:Creating environment hook '/home/yzh/chapt4/install/demo_cpp_service/share/demo_cpp_service/hook/cmake_prefix_path.sh'
[42.793s] Level 1:colcon.colcon_core.environment:checking '/home/yzh/chapt4/install/demo_cpp_service/lib'
[42.794s] Level 1:colcon.colcon_core.environment:checking '/home/yzh/chapt4/install/demo_cpp_service/bin'
[42.794s] Level 1:colcon.colcon_core.environment:checking '/home/yzh/chapt4/install/demo_cpp_service/lib/pkgconfig/demo_cpp_service.pc'
[42.795s] Level 1:colcon.colcon_core.environment:checking '/home/yzh/chapt4/install/demo_cpp_service/lib/python3.10/site-packages'
[42.796s] Level 1:colcon.colcon_core.environment:checking '/home/yzh/chapt4/install/demo_cpp_service/bin'
[42.797s] INFO:colcon.colcon_core.shell:Creating package script '/home/yzh/chapt4/install/demo_cpp_service/share/demo_cpp_service/package.ps1'
[42.797s] INFO:colcon.colcon_core.shell:Creating package descriptor '/home/yzh/chapt4/install/demo_cpp_service/share/demo_cpp_service/package.dsv'
[42.799s] INFO:colcon.colcon_core.shell:Creating package script '/home/yzh/chapt4/install/demo_cpp_service/share/demo_cpp_service/package.sh'
[42.800s] INFO:colcon.colcon_core.shell:Creating package script '/home/yzh/chapt4/install/demo_cpp_service/share/demo_cpp_service/package.bash'
[42.801s] INFO:colcon.colcon_core.shell:Creating package script '/home/yzh/chapt4/install/demo_cpp_service/share/demo_cpp_service/package.zsh'
[42.801s] Level 1:colcon.colcon_core.environment:create_file_with_runtime_dependencies(/home/yzh/chapt4/install/demo_cpp_service/share/colcon-core/packages/demo_cpp_service)
[42.803s] DEBUG:colcon.colcon_parallel_executor.executor.parallel:closing loop
[42.804s] DEBUG:colcon.colcon_parallel_executor.executor.parallel:loop closed
[42.804s] DEBUG:colcon.colcon_parallel_executor.executor.parallel:run_until_complete finished with '0'
[42.804s] DEBUG:colcon.colcon_core.event_reactor:joining thread
[42.820s] INFO:colcon.colcon_core.plugin_system:Skipping extension 'colcon_notification.desktop_notification.terminal_notifier': Not used on non-Darwin systems
[42.820s] INFO:colcon.colcon_core.plugin_system:Skipping extension 'colcon_notification.desktop_notification.win32': Not used on non-Windows systems
[42.820s] INFO:colcon.colcon_notification.desktop_notification:Sending desktop notification using 'notify2'
[42.860s] DEBUG:colcon.colcon_core.event_reactor:joined thread
[42.862s] INFO:colcon.colcon_core.shell:Creating prefix script '/home/yzh/chapt4/install/local_setup.ps1'
[42.865s] INFO:colcon.colcon_core.shell:Creating prefix util module '/home/yzh/chapt4/install/_local_setup_util_ps1.py'
[42.871s] INFO:colcon.colcon_core.shell:Creating prefix chain script '/home/yzh/chapt4/install/setup.ps1'
[42.874s] INFO:colcon.colcon_core.shell:Creating prefix script '/home/yzh/chapt4/install/local_setup.sh'
[42.877s] INFO:colcon.colcon_core.shell:Creating prefix util module '/home/yzh/chapt4/install/_local_setup_util_sh.py'
[42.880s] INFO:colcon.colcon_core.shell:Creating prefix chain script '/home/yzh/chapt4/install/setup.sh'
[42.882s] INFO:colcon.colcon_core.shell:Creating prefix script '/home/yzh/chapt4/install/local_setup.bash'
[42.883s] INFO:colcon.colcon_core.shell:Creating prefix chain script '/home/yzh/chapt4/install/setup.bash'
[42.885s] INFO:colcon.colcon_core.shell:Creating prefix script '/home/yzh/chapt4/install/local_setup.zsh'
[42.886s] INFO:colcon.colcon_core.shell:Creating prefix chain script '/home/yzh/chapt4/install/setup.zsh'
