[0.055s] Invoking command in '/home/yzh/桌面/project-ros/ros-study/chapt6/build/fishbot_description': CMAKE_PREFIX_PATH=${CMAKE_PREFIX_PATH}:/opt/ros/humble /usr/bin/cmake --build /home/yzh/桌面/project-ros/ros-study/chapt6/build/fishbot_description -- -j16 -l16
[0.167s] -- Found ament_cmake: 1.3.12 (/opt/ros/humble/share/ament_cmake/cmake)
[0.554s] -- Found ament_lint_auto: 0.12.14 (/opt/ros/humble/share/ament_lint_auto/cmake)
[0.815s] -- Added test 'flake8' to check Python code syntax and style conventions
[0.817s] -- Added test 'lint_cmake' to check CMake code style
[0.819s] -- Added test 'pep257' to check Python code against some of the docstring style conventions in PEP 257
[0.825s] -- Added test 'xmllint' to check XML markup files
[0.829s] -- Configuring done
[0.853s] -- Generating done
[0.866s] -- Build files have been written to: /home/yzh/桌面/project-ros/ros-study/chapt6/build/fishbot_description
[0.944s] Invoked command in '/home/yzh/桌面/project-ros/ros-study/chapt6/build/fishbot_description' returned '0': CMAKE_PREFIX_PATH=${CMAKE_PREFIX_PATH}:/opt/ros/humble /usr/bin/cmake --build /home/yzh/桌面/project-ros/ros-study/chapt6/build/fishbot_description -- -j16 -l16
[0.978s] Invoking command in '/home/yzh/桌面/project-ros/ros-study/chapt6/build/fishbot_description': CMAKE_PREFIX_PATH=${CMAKE_PREFIX_PATH}:/opt/ros/humble /usr/bin/cmake --install /home/yzh/桌面/project-ros/ros-study/chapt6/build/fishbot_description
[1.003s] -- Install configuration: ""
[1.003s] -- Up-to-date: /home/yzh/桌面/project-ros/ros-study/chapt6/install/fishbot_description/share/fishbot_description/launch
[1.004s] -- Up-to-date: /home/yzh/桌面/project-ros/ros-study/chapt6/install/fishbot_description/share/fishbot_description/launch/__pycache__
[1.004s] -- Up-to-date: /home/yzh/桌面/project-ros/ros-study/chapt6/install/fishbot_description/share/fishbot_description/launch/__pycache__/display_robot.taunch.cpython-310.pyc
[1.005s] -- Up-to-date: /home/yzh/桌面/project-ros/ros-study/chapt6/install/fishbot_description/share/fishbot_description/launch/display_robot.launch.py
[1.005s] -- Installing: /home/yzh/桌面/project-ros/ros-study/chapt6/install/fishbot_description/share/fishbot_description/launch/gazebo_sim.launch.py
[1.006s] -- Up-to-date: /home/yzh/桌面/project-ros/ros-study/chapt6/install/fishbot_description/share/fishbot_description/urdf
[1.007s] -- Up-to-date: /home/yzh/桌面/project-ros/ros-study/chapt6/install/fishbot_description/share/fishbot_description/urdf/first_robot.xacro
[1.008s] -- Up-to-date: /home/yzh/桌面/project-ros/ros-study/chapt6/install/fishbot_description/share/fishbot_description/urdf/fishbot
[1.009s] -- Up-to-date: /home/yzh/桌面/project-ros/ros-study/chapt6/install/fishbot_description/share/fishbot_description/urdf/fishbot/base.urdf.xacro
[1.010s] -- Up-to-date: /home/yzh/桌面/project-ros/ros-study/chapt6/install/fishbot_description/share/fishbot_description/urdf/fishbot/common_inertia.xacro
[1.010s] -- Up-to-date: /home/yzh/桌面/project-ros/ros-study/chapt6/install/fishbot_description/share/fishbot_description/urdf/fishbot/sensor
[1.011s] -- Up-to-date: /home/yzh/桌面/project-ros/ros-study/chapt6/install/fishbot_description/share/fishbot_description/urdf/fishbot/sensor/imu.urdf.xacro
[1.011s] -- Up-to-date: /home/yzh/桌面/project-ros/ros-study/chapt6/install/fishbot_description/share/fishbot_description/urdf/fishbot/sensor/laser.urdf.xacro
[1.012s] -- Up-to-date: /home/yzh/桌面/project-ros/ros-study/chapt6/install/fishbot_description/share/fishbot_description/urdf/fishbot/sensor/camera.urdf.xacro
[1.012s] -- Up-to-date: /home/yzh/桌面/project-ros/ros-study/chapt6/install/fishbot_description/share/fishbot_description/urdf/fishbot/actuator
[1.013s] -- Up-to-date: /home/yzh/桌面/project-ros/ros-study/chapt6/install/fishbot_description/share/fishbot_description/urdf/fishbot/actuator/caster.urdf.xacro
[1.014s] -- Up-to-date: /home/yzh/桌面/project-ros/ros-study/chapt6/install/fishbot_description/share/fishbot_description/urdf/fishbot/actuator/wheel.urdf.xacro
[1.014s] -- Up-to-date: /home/yzh/桌面/project-ros/ros-study/chapt6/install/fishbot_description/share/fishbot_description/urdf/fishbot/fishbot.urdf.xacro
[1.014s] -- Up-to-date: /home/yzh/桌面/project-ros/ros-study/chapt6/install/fishbot_description/share/fishbot_description/urdf/first_robot.gv
[1.014s] -- Up-to-date: /home/yzh/桌面/project-ros/ros-study/chapt6/install/fishbot_description/share/fishbot_description/urdf/first_robot.pdf
[1.014s] -- Up-to-date: /home/yzh/桌面/project-ros/ros-study/chapt6/install/fishbot_description/share/fishbot_description/urdf/first_robot.urdf
[1.015s] -- Up-to-date: /home/yzh/桌面/project-ros/ros-study/chapt6/install/fishbot_description/share/fishbot_description/config
[1.016s] -- Installing: /home/yzh/桌面/project-ros/ros-study/chapt6/install/fishbot_description/share/fishbot_description/world
[1.016s] -- Installing: /home/yzh/桌面/project-ros/ros-study/chapt6/install/fishbot_description/share/fishbot_description/world/custom_room.world
[1.017s] -- Installing: /home/yzh/桌面/project-ros/ros-study/chapt6/install/fishbot_description/share/fishbot_description/world/wall
[1.017s] -- Installing: /home/yzh/桌面/project-ros/ros-study/chapt6/install/fishbot_description/share/fishbot_description/world/wall/model.config
[1.018s] -- Installing: /home/yzh/桌面/project-ros/ros-study/chapt6/install/fishbot_description/share/fishbot_description/world/wall/model.sdf
[1.018s] -- Up-to-date: /home/yzh/桌面/project-ros/ros-study/chapt6/install/fishbot_description/share/ament_index/resource_index/package_run_dependencies/fishbot_description
[1.019s] -- Up-to-date: /home/yzh/桌面/project-ros/ros-study/chapt6/install/fishbot_description/share/ament_index/resource_index/parent_prefix_path/fishbot_description
[1.019s] -- Up-to-date: /home/yzh/桌面/project-ros/ros-study/chapt6/install/fishbot_description/share/fishbot_description/environment/ament_prefix_path.sh
[1.019s] -- Installing: /home/yzh/桌面/project-ros/ros-study/chapt6/install/fishbot_description/share/fishbot_description/environment/ament_prefix_path.dsv
[1.020s] -- Up-to-date: /home/yzh/桌面/project-ros/ros-study/chapt6/install/fishbot_description/share/fishbot_description/environment/path.sh
[1.020s] -- Installing: /home/yzh/桌面/project-ros/ros-study/chapt6/install/fishbot_description/share/fishbot_description/environment/path.dsv
[1.020s] -- Up-to-date: /home/yzh/桌面/project-ros/ros-study/chapt6/install/fishbot_description/share/fishbot_description/local_setup.bash
[1.020s] -- Up-to-date: /home/yzh/桌面/project-ros/ros-study/chapt6/install/fishbot_description/share/fishbot_description/local_setup.sh
[1.020s] -- Up-to-date: /home/yzh/桌面/project-ros/ros-study/chapt6/install/fishbot_description/share/fishbot_description/local_setup.zsh
[1.021s] -- Installing: /home/yzh/桌面/project-ros/ros-study/chapt6/install/fishbot_description/share/fishbot_description/local_setup.dsv
[1.022s] -- Installing: /home/yzh/桌面/project-ros/ros-study/chapt6/install/fishbot_description/share/fishbot_description/package.dsv
[1.023s] -- Up-to-date: /home/yzh/桌面/project-ros/ros-study/chapt6/install/fishbot_description/share/ament_index/resource_index/packages/fishbot_description
[1.028s] -- Up-to-date: /home/yzh/桌面/project-ros/ros-study/chapt6/install/fishbot_description/share/fishbot_description/cmake/fishbot_descriptionConfig.cmake
[1.028s] -- Up-to-date: /home/yzh/桌面/project-ros/ros-study/chapt6/install/fishbot_description/share/fishbot_description/cmake/fishbot_descriptionConfig-version.cmake
[1.029s] -- Up-to-date: /home/yzh/桌面/project-ros/ros-study/chapt6/install/fishbot_description/share/fishbot_description/package.xml
[1.030s] Invoked command in '/home/yzh/桌面/project-ros/ros-study/chapt6/build/fishbot_description' returned '0': CMAKE_PREFIX_PATH=${CMAKE_PREFIX_PATH}:/opt/ros/humble /usr/bin/cmake --install /home/yzh/桌面/project-ros/ros-study/chapt6/build/fishbot_description
