[0.457s] DEBUG:colcon:Command line arguments: ['/usr/bin/colcon', 'build', '--packages-select', 'demo_cpp_service']
[0.458s] DEBUG:colcon:Parsed command line arguments: Namespace(log_base=None, log_level=None, verb_name='build', build_base='build', install_base='install', merge_install=False, symlink_install=False, test_result_base=None, continue_on_error=False, executor='parallel', parallel_workers=16, event_handlers=None, ignore_user_meta=False, metas=['./colcon.meta'], base_paths=['.'], packages_ignore=None, packages_ignore_regex=None, paths=None, packages_up_to=None, packages_up_to_regex=None, packages_above=None, packages_above_and_dependencies=None, packages_above_depth=None, packages_select_by_dep=None, packages_skip_by_dep=None, packages_skip_up_to=None, packages_select_build_failed=False, packages_skip_build_finished=False, packages_select_test_failures=False, packages_skip_test_passed=False, packages_select=['demo_cpp_service'], packages_skip=None, packages_select_regex=None, packages_skip_regex=None, packages_start=None, packages_end=None, allow_overriding=[], cmake_args=None, cmake_target=None, cmake_target_skip_unavailable=False, cmake_clean_cache=False, cmake_clean_first=False, cmake_force_configure=False, ament_cmake_args=None, catkin_cmake_args=None, catkin_skip_building_tests=False, verb_parser=<colcon_defaults.argument_parser.defaults.DefaultArgumentsDecorator object at 0x70f87512ba60>, verb_extension=<colcon_core.verb.build.BuildVerb object at 0x70f875274fd0>, main=<bound method BuildVerb.main of <colcon_core.verb.build.BuildVerb object at 0x70f875274fd0>>)
[1.160s] Level 1:colcon.colcon_core.package_discovery:discover_packages(colcon_meta) check parameters
[1.160s] Level 1:colcon.colcon_core.package_discovery:discover_packages(recursive) check parameters
[1.160s] Level 1:colcon.colcon_core.package_discovery:discover_packages(ignore) check parameters
[1.160s] Level 1:colcon.colcon_core.package_discovery:discover_packages(path) check parameters
[1.160s] Level 1:colcon.colcon_core.package_discovery:discover_packages(colcon_meta) discover
[1.160s] Level 1:colcon.colcon_core.package_discovery:discover_packages(recursive) discover
[1.161s] INFO:colcon.colcon_core.package_discovery:Crawling recursively for packages in '/home/yzh/chapt4'
[1.161s] Level 1:colcon.colcon_core.package_identification:_identify(.) by extensions ['ignore', 'ignore_ament_install']
[1.161s] Level 1:colcon.colcon_core.package_identification:_identify(.) by extension 'ignore'
[1.161s] Level 1:colcon.colcon_core.package_identification:_identify(.) by extension 'ignore_ament_install'
[1.161s] Level 1:colcon.colcon_core.package_identification:_identify(.) by extensions ['colcon_pkg']
[1.161s] Level 1:colcon.colcon_core.package_identification:_identify(.) by extension 'colcon_pkg'
[1.161s] Level 1:colcon.colcon_core.package_identification:_identify(.) by extensions ['colcon_meta']
[1.161s] Level 1:colcon.colcon_core.package_identification:_identify(.) by extension 'colcon_meta'
[1.161s] Level 1:colcon.colcon_core.package_identification:_identify(.) by extensions ['ros']
[1.162s] Level 1:colcon.colcon_core.package_identification:_identify(.) by extension 'ros'
[1.193s] Level 1:colcon.colcon_core.package_identification:_identify(.) by extensions ['cmake', 'python']
[1.193s] Level 1:colcon.colcon_core.package_identification:_identify(.) by extension 'cmake'
[1.193s] Level 1:colcon.colcon_core.package_identification:_identify(.) by extension 'python'
[1.194s] Level 1:colcon.colcon_core.package_identification:_identify(.) by extensions ['python_setup_py']
[1.194s] Level 1:colcon.colcon_core.package_identification:_identify(.) by extension 'python_setup_py'
[1.194s] Level 1:colcon.colcon_core.package_identification:_identify(build) by extensions ['ignore', 'ignore_ament_install']
[1.195s] Level 1:colcon.colcon_core.package_identification:_identify(build) by extension 'ignore'
[1.195s] Level 1:colcon.colcon_core.package_identification:_identify(build) ignored
[1.196s] Level 1:colcon.colcon_core.package_identification:_identify(install) by extensions ['ignore', 'ignore_ament_install']
[1.196s] Level 1:colcon.colcon_core.package_identification:_identify(install) by extension 'ignore'
[1.196s] Level 1:colcon.colcon_core.package_identification:_identify(install) ignored
[1.197s] Level 1:colcon.colcon_core.package_identification:_identify(log) by extensions ['ignore', 'ignore_ament_install']
[1.197s] Level 1:colcon.colcon_core.package_identification:_identify(log) by extension 'ignore'
[1.198s] Level 1:colcon.colcon_core.package_identification:_identify(log) ignored
[1.200s] Level 1:colcon.colcon_core.package_identification:_identify(src) by extensions ['ignore', 'ignore_ament_install']
[1.201s] Level 1:colcon.colcon_core.package_identification:_identify(src) by extension 'ignore'
[1.201s] Level 1:colcon.colcon_core.package_identification:_identify(src) by extension 'ignore_ament_install'
[1.201s] Level 1:colcon.colcon_core.package_identification:_identify(src) by extensions ['colcon_pkg']
[1.201s] Level 1:colcon.colcon_core.package_identification:_identify(src) by extension 'colcon_pkg'
[1.202s] Level 1:colcon.colcon_core.package_identification:_identify(src) by extensions ['colcon_meta']
[1.202s] Level 1:colcon.colcon_core.package_identification:_identify(src) by extension 'colcon_meta'
[1.202s] Level 1:colcon.colcon_core.package_identification:_identify(src) by extensions ['ros']
[1.203s] Level 1:colcon.colcon_core.package_identification:_identify(src) by extension 'ros'
[1.205s] Level 1:colcon.colcon_core.package_identification:_identify(src) by extensions ['cmake', 'python']
[1.205s] Level 1:colcon.colcon_core.package_identification:_identify(src) by extension 'cmake'
[1.205s] Level 1:colcon.colcon_core.package_identification:_identify(src) by extension 'python'
[1.205s] Level 1:colcon.colcon_core.package_identification:_identify(src) by extensions ['python_setup_py']
[1.206s] Level 1:colcon.colcon_core.package_identification:_identify(src) by extension 'python_setup_py'
[1.206s] Level 1:colcon.colcon_core.package_identification:_identify(src/chapt4_interfaces) by extensions ['ignore', 'ignore_ament_install']
[1.206s] Level 1:colcon.colcon_core.package_identification:_identify(src/chapt4_interfaces) by extension 'ignore'
[1.206s] Level 1:colcon.colcon_core.package_identification:_identify(src/chapt4_interfaces) by extension 'ignore_ament_install'
[1.207s] Level 1:colcon.colcon_core.package_identification:_identify(src/chapt4_interfaces) by extensions ['colcon_pkg']
[1.207s] Level 1:colcon.colcon_core.package_identification:_identify(src/chapt4_interfaces) by extension 'colcon_pkg'
[1.207s] Level 1:colcon.colcon_core.package_identification:_identify(src/chapt4_interfaces) by extensions ['colcon_meta']
[1.207s] Level 1:colcon.colcon_core.package_identification:_identify(src/chapt4_interfaces) by extension 'colcon_meta'
[1.207s] Level 1:colcon.colcon_core.package_identification:_identify(src/chapt4_interfaces) by extensions ['ros']
[1.208s] Level 1:colcon.colcon_core.package_identification:_identify(src/chapt4_interfaces) by extension 'ros'
[1.217s] DEBUG:colcon.colcon_core.package_identification:Package 'src/chapt4_interfaces' with type 'ros.ament_cmake' and name 'chapt4_interfaces'
[1.218s] Level 1:colcon.colcon_core.package_identification:_identify(src/demo_cpp_service) by extensions ['ignore', 'ignore_ament_install']
[1.218s] Level 1:colcon.colcon_core.package_identification:_identify(src/demo_cpp_service) by extension 'ignore'
[1.219s] Level 1:colcon.colcon_core.package_identification:_identify(src/demo_cpp_service) by extension 'ignore_ament_install'
[1.219s] Level 1:colcon.colcon_core.package_identification:_identify(src/demo_cpp_service) by extensions ['colcon_pkg']
[1.219s] Level 1:colcon.colcon_core.package_identification:_identify(src/demo_cpp_service) by extension 'colcon_pkg'
[1.220s] Level 1:colcon.colcon_core.package_identification:_identify(src/demo_cpp_service) by extensions ['colcon_meta']
[1.220s] Level 1:colcon.colcon_core.package_identification:_identify(src/demo_cpp_service) by extension 'colcon_meta'
[1.220s] Level 1:colcon.colcon_core.package_identification:_identify(src/demo_cpp_service) by extensions ['ros']
[1.220s] Level 1:colcon.colcon_core.package_identification:_identify(src/demo_cpp_service) by extension 'ros'
[1.224s] DEBUG:colcon.colcon_core.package_identification:Package 'src/demo_cpp_service' with type 'ros.ament_cmake' and name 'demo_cpp_service'
[1.225s] Level 1:colcon.colcon_core.package_discovery:discover_packages(recursive) using defaults
[1.226s] Level 1:colcon.colcon_core.package_discovery:discover_packages(ignore) discover
[1.226s] Level 1:colcon.colcon_core.package_discovery:discover_packages(ignore) using defaults
[1.226s] Level 1:colcon.colcon_core.package_discovery:discover_packages(path) discover
[1.227s] Level 1:colcon.colcon_core.package_discovery:discover_packages(path) using defaults
[1.315s] INFO:colcon.colcon_core.package_selection:Skipping not selected package 'chapt4_interfaces' in 'src/chapt4_interfaces'
[1.317s] Level 1:colcon.colcon_core.package_discovery:discover_packages(prefix_path) check parameters
[1.317s] Level 1:colcon.colcon_core.package_discovery:discover_packages(prefix_path) discover
[1.323s] DEBUG:colcon.colcon_installed_package_information.package_discovery:Found 2 installed packages in /home/yzh/chapt4/install
[1.327s] DEBUG:colcon.colcon_installed_package_information.package_discovery:Found 271 installed packages in /opt/ros/humble
[1.347s] Level 1:colcon.colcon_core.package_discovery:discover_packages(prefix_path) using defaults
[1.536s] Level 5:colcon.colcon_core.verb:set package 'demo_cpp_service' build argument 'cmake_args' from command line to 'None'
[1.537s] Level 5:colcon.colcon_core.verb:set package 'demo_cpp_service' build argument 'cmake_target' from command line to 'None'
[1.537s] Level 5:colcon.colcon_core.verb:set package 'demo_cpp_service' build argument 'cmake_target_skip_unavailable' from command line to 'False'
[1.537s] Level 5:colcon.colcon_core.verb:set package 'demo_cpp_service' build argument 'cmake_clean_cache' from command line to 'False'
[1.537s] Level 5:colcon.colcon_core.verb:set package 'demo_cpp_service' build argument 'cmake_clean_first' from command line to 'False'
[1.537s] Level 5:colcon.colcon_core.verb:set package 'demo_cpp_service' build argument 'cmake_force_configure' from command line to 'False'
[1.538s] Level 5:colcon.colcon_core.verb:set package 'demo_cpp_service' build argument 'ament_cmake_args' from command line to 'None'
[1.538s] Level 5:colcon.colcon_core.verb:set package 'demo_cpp_service' build argument 'catkin_cmake_args' from command line to 'None'
[1.538s] Level 5:colcon.colcon_core.verb:set package 'demo_cpp_service' build argument 'catkin_skip_building_tests' from command line to 'False'
[1.538s] DEBUG:colcon.colcon_core.verb:Building package 'demo_cpp_service' with the following arguments: {'ament_cmake_args': None, 'build_base': '/home/yzh/chapt4/build/demo_cpp_service', 'catkin_cmake_args': None, 'catkin_skip_building_tests': False, 'cmake_args': None, 'cmake_clean_cache': False, 'cmake_clean_first': False, 'cmake_force_configure': False, 'cmake_target': None, 'cmake_target_skip_unavailable': False, 'install_base': '/home/yzh/chapt4/install/demo_cpp_service', 'merge_install': False, 'path': '/home/yzh/chapt4/src/demo_cpp_service', 'symlink_install': False, 'test_result_base': None}
[1.539s] INFO:colcon.colcon_core.executor:Executing jobs using 'parallel' executor
[1.543s] DEBUG:colcon.colcon_parallel_executor.executor.parallel:run_until_complete
[1.545s] INFO:colcon.colcon_ros.task.ament_cmake.build:Building ROS package in '/home/yzh/chapt4/src/demo_cpp_service' with build type 'ament_cmake'
[1.547s] INFO:colcon.colcon_cmake.task.cmake.build:Building CMake package in '/home/yzh/chapt4/src/demo_cpp_service'
[1.556s] INFO:colcon.colcon_core.plugin_system:Skipping extension 'colcon_core.shell.bat': Not used on non-Windows systems
[1.558s] INFO:colcon.colcon_core.shell:Skip shell extension 'powershell' for command environment: Not usable outside of PowerShell
[1.558s] DEBUG:colcon.colcon_core.shell:Skip shell extension 'dsv' for command environment
[1.638s] DEBUG:colcon.colcon_core.event_handler.log_command:Invoking command in '/home/yzh/chapt4/build/demo_cpp_service': CMAKE_PREFIX_PATH=/home/yzh/chapt4/install/chapt4_interfaces:/home/yzh/chapt4/install/demo_cpp_service:/opt/ros/humble /usr/bin/cmake --build /home/yzh/chapt4/build/demo_cpp_service -- -j16 -l16
[23.154s] DEBUG:colcon.colcon_core.event_handler.log_command:Invoked command in '/home/yzh/chapt4/build/demo_cpp_service' returned '0': CMAKE_PREFIX_PATH=/home/yzh/chapt4/install/chapt4_interfaces:/home/yzh/chapt4/install/demo_cpp_service:/opt/ros/humble /usr/bin/cmake --build /home/yzh/chapt4/build/demo_cpp_service -- -j16 -l16
[23.199s] DEBUG:colcon.colcon_core.event_handler.log_command:Invoking command in '/home/yzh/chapt4/build/demo_cpp_service': CMAKE_PREFIX_PATH=/home/yzh/chapt4/install/chapt4_interfaces:/home/yzh/chapt4/install/demo_cpp_service:/opt/ros/humble /usr/bin/cmake --install /home/yzh/chapt4/build/demo_cpp_service
[23.251s] Level 1:colcon.colcon_core.environment:create_environment_scripts_only(demo_cpp_service)
[23.254s] DEBUG:colcon.colcon_core.event_handler.log_command:Invoked command in '/home/yzh/chapt4/build/demo_cpp_service' returned '0': CMAKE_PREFIX_PATH=/home/yzh/chapt4/install/chapt4_interfaces:/home/yzh/chapt4/install/demo_cpp_service:/opt/ros/humble /usr/bin/cmake --install /home/yzh/chapt4/build/demo_cpp_service
[23.261s] Level 1:colcon.colcon_core.environment:checking '/home/yzh/chapt4/install/demo_cpp_service' for CMake module files
[23.265s] Level 1:colcon.colcon_core.environment:checking '/home/yzh/chapt4/install/demo_cpp_service' for CMake config files
[23.266s] Level 1:colcon.colcon_core.shell:create_environment_hook('demo_cpp_service', 'cmake_prefix_path')
[23.267s] INFO:colcon.colcon_core.shell:Creating environment hook '/home/yzh/chapt4/install/demo_cpp_service/share/demo_cpp_service/hook/cmake_prefix_path.ps1'
[23.271s] INFO:colcon.colcon_core.shell:Creating environment descriptor '/home/yzh/chapt4/install/demo_cpp_service/share/demo_cpp_service/hook/cmake_prefix_path.dsv'
[23.274s] INFO:colcon.colcon_core.shell:Creating environment hook '/home/yzh/chapt4/install/demo_cpp_service/share/demo_cpp_service/hook/cmake_prefix_path.sh'
[23.279s] Level 1:colcon.colcon_core.environment:checking '/home/yzh/chapt4/install/demo_cpp_service/lib'
[23.280s] Level 1:colcon.colcon_core.environment:checking '/home/yzh/chapt4/install/demo_cpp_service/bin'
[23.280s] Level 1:colcon.colcon_core.environment:checking '/home/yzh/chapt4/install/demo_cpp_service/lib/pkgconfig/demo_cpp_service.pc'
[23.281s] Level 1:colcon.colcon_core.environment:checking '/home/yzh/chapt4/install/demo_cpp_service/lib/python3.10/site-packages'
[23.283s] Level 1:colcon.colcon_core.environment:checking '/home/yzh/chapt4/install/demo_cpp_service/bin'
[23.285s] INFO:colcon.colcon_core.shell:Creating package script '/home/yzh/chapt4/install/demo_cpp_service/share/demo_cpp_service/package.ps1'
[23.289s] INFO:colcon.colcon_core.shell:Creating package descriptor '/home/yzh/chapt4/install/demo_cpp_service/share/demo_cpp_service/package.dsv'
[23.293s] INFO:colcon.colcon_core.shell:Creating package script '/home/yzh/chapt4/install/demo_cpp_service/share/demo_cpp_service/package.sh'
[23.296s] INFO:colcon.colcon_core.shell:Creating package script '/home/yzh/chapt4/install/demo_cpp_service/share/demo_cpp_service/package.bash'
[23.300s] INFO:colcon.colcon_core.shell:Creating package script '/home/yzh/chapt4/install/demo_cpp_service/share/demo_cpp_service/package.zsh'
[23.303s] Level 1:colcon.colcon_core.environment:create_file_with_runtime_dependencies(/home/yzh/chapt4/install/demo_cpp_service/share/colcon-core/packages/demo_cpp_service)
[23.307s] Level 1:colcon.colcon_core.environment:create_environment_scripts_only(demo_cpp_service)
[23.308s] Level 1:colcon.colcon_core.environment:checking '/home/yzh/chapt4/install/demo_cpp_service' for CMake module files
[23.310s] Level 1:colcon.colcon_core.environment:checking '/home/yzh/chapt4/install/demo_cpp_service' for CMake config files
[23.312s] Level 1:colcon.colcon_core.shell:create_environment_hook('demo_cpp_service', 'cmake_prefix_path')
[23.313s] INFO:colcon.colcon_core.shell:Creating environment hook '/home/yzh/chapt4/install/demo_cpp_service/share/demo_cpp_service/hook/cmake_prefix_path.ps1'
[23.316s] INFO:colcon.colcon_core.shell:Creating environment descriptor '/home/yzh/chapt4/install/demo_cpp_service/share/demo_cpp_service/hook/cmake_prefix_path.dsv'
[23.319s] INFO:colcon.colcon_core.shell:Creating environment hook '/home/yzh/chapt4/install/demo_cpp_service/share/demo_cpp_service/hook/cmake_prefix_path.sh'
[23.322s] Level 1:colcon.colcon_core.environment:checking '/home/yzh/chapt4/install/demo_cpp_service/lib'
[23.322s] Level 1:colcon.colcon_core.environment:checking '/home/yzh/chapt4/install/demo_cpp_service/bin'
[23.323s] Level 1:colcon.colcon_core.environment:checking '/home/yzh/chapt4/install/demo_cpp_service/lib/pkgconfig/demo_cpp_service.pc'
[23.324s] Level 1:colcon.colcon_core.environment:checking '/home/yzh/chapt4/install/demo_cpp_service/lib/python3.10/site-packages'
[23.327s] Level 1:colcon.colcon_core.environment:checking '/home/yzh/chapt4/install/demo_cpp_service/bin'
[23.328s] INFO:colcon.colcon_core.shell:Creating package script '/home/yzh/chapt4/install/demo_cpp_service/share/demo_cpp_service/package.ps1'
[23.332s] INFO:colcon.colcon_core.shell:Creating package descriptor '/home/yzh/chapt4/install/demo_cpp_service/share/demo_cpp_service/package.dsv'
[23.338s] INFO:colcon.colcon_core.shell:Creating package script '/home/yzh/chapt4/install/demo_cpp_service/share/demo_cpp_service/package.sh'
[23.342s] INFO:colcon.colcon_core.shell:Creating package script '/home/yzh/chapt4/install/demo_cpp_service/share/demo_cpp_service/package.bash'
[23.345s] INFO:colcon.colcon_core.shell:Creating package script '/home/yzh/chapt4/install/demo_cpp_service/share/demo_cpp_service/package.zsh'
[23.347s] Level 1:colcon.colcon_core.environment:create_file_with_runtime_dependencies(/home/yzh/chapt4/install/demo_cpp_service/share/colcon-core/packages/demo_cpp_service)
[23.350s] DEBUG:colcon.colcon_parallel_executor.executor.parallel:closing loop
[23.351s] DEBUG:colcon.colcon_parallel_executor.executor.parallel:loop closed
[23.352s] DEBUG:colcon.colcon_parallel_executor.executor.parallel:run_until_complete finished with '0'
[23.352s] DEBUG:colcon.colcon_core.event_reactor:joining thread
[23.375s] INFO:colcon.colcon_core.plugin_system:Skipping extension 'colcon_notification.desktop_notification.terminal_notifier': Not used on non-Darwin systems
[23.376s] INFO:colcon.colcon_core.plugin_system:Skipping extension 'colcon_notification.desktop_notification.win32': Not used on non-Windows systems
[23.376s] INFO:colcon.colcon_notification.desktop_notification:Sending desktop notification using 'notify2'
[23.443s] DEBUG:colcon.colcon_core.event_reactor:joined thread
[23.444s] INFO:colcon.colcon_core.shell:Creating prefix script '/home/yzh/chapt4/install/local_setup.ps1'
[23.449s] INFO:colcon.colcon_core.shell:Creating prefix util module '/home/yzh/chapt4/install/_local_setup_util_ps1.py'
[23.456s] INFO:colcon.colcon_core.shell:Creating prefix chain script '/home/yzh/chapt4/install/setup.ps1'
[23.465s] INFO:colcon.colcon_core.shell:Creating prefix script '/home/yzh/chapt4/install/local_setup.sh'
[23.470s] INFO:colcon.colcon_core.shell:Creating prefix util module '/home/yzh/chapt4/install/_local_setup_util_sh.py'
[23.473s] INFO:colcon.colcon_core.shell:Creating prefix chain script '/home/yzh/chapt4/install/setup.sh'
[23.477s] INFO:colcon.colcon_core.shell:Creating prefix script '/home/yzh/chapt4/install/local_setup.bash'
[23.481s] INFO:colcon.colcon_core.shell:Creating prefix chain script '/home/yzh/chapt4/install/setup.bash'
[23.485s] INFO:colcon.colcon_core.shell:Creating prefix script '/home/yzh/chapt4/install/local_setup.zsh'
[23.489s] INFO:colcon.colcon_core.shell:Creating prefix chain script '/home/yzh/chapt4/install/setup.zsh'
