[0.553s] DEBUG:colcon:Command line arguments: ['/usr/bin/colcon', 'build', '--packages-select', 'turtle_param']
[0.553s] DEBUG:colcon:Parsed command line arguments: Namespace(log_base=None, log_level=None, verb_name='build', build_base='build', install_base='install', merge_install=False, symlink_install=False, test_result_base=None, continue_on_error=False, executor='parallel', parallel_workers=16, event_handlers=None, ignore_user_meta=False, metas=['./colcon.meta'], base_paths=['.'], packages_ignore=None, packages_ignore_regex=None, paths=None, packages_up_to=None, packages_up_to_regex=None, packages_above=None, packages_above_and_dependencies=None, packages_above_depth=None, packages_select_by_dep=None, packages_skip_by_dep=None, packages_skip_up_to=None, packages_select_build_failed=False, packages_skip_build_finished=False, packages_select_test_failures=False, packages_skip_test_passed=False, packages_select=['turtle_param'], packages_skip=None, packages_select_regex=None, packages_skip_regex=None, packages_start=None, packages_end=None, allow_overriding=[], cmake_args=None, cmake_target=None, cmake_target_skip_unavailable=False, cmake_clean_cache=False, cmake_clean_first=False, cmake_force_configure=False, ament_cmake_args=None, catkin_cmake_args=None, catkin_skip_building_tests=False, verb_parser=<colcon_defaults.argument_parser.defaults.DefaultArgumentsDecorator object at 0x7ace6b42b820>, verb_extension=<colcon_core.verb.build.BuildVerb object at 0x7ace6b568d90>, main=<bound method BuildVerb.main of <colcon_core.verb.build.BuildVerb object at 0x7ace6b568d90>>)
[1.357s] Level 1:colcon.colcon_core.package_discovery:discover_packages(colcon_meta) check parameters
[1.357s] Level 1:colcon.colcon_core.package_discovery:discover_packages(recursive) check parameters
[1.357s] Level 1:colcon.colcon_core.package_discovery:discover_packages(ignore) check parameters
[1.358s] Level 1:colcon.colcon_core.package_discovery:discover_packages(path) check parameters
[1.358s] Level 1:colcon.colcon_core.package_discovery:discover_packages(colcon_meta) discover
[1.358s] Level 1:colcon.colcon_core.package_discovery:discover_packages(recursive) discover
[1.358s] INFO:colcon.colcon_core.package_discovery:Crawling recursively for packages in '/home/yzh/chapt4'
[1.358s] Level 1:colcon.colcon_core.package_identification:_identify(.) by extensions ['ignore', 'ignore_ament_install']
[1.360s] Level 1:colcon.colcon_core.package_identification:_identify(.) by extension 'ignore'
[1.360s] Level 1:colcon.colcon_core.package_identification:_identify(.) by extension 'ignore_ament_install'
[1.360s] Level 1:colcon.colcon_core.package_identification:_identify(.) by extensions ['colcon_pkg']
[1.360s] Level 1:colcon.colcon_core.package_identification:_identify(.) by extension 'colcon_pkg'
[1.360s] Level 1:colcon.colcon_core.package_identification:_identify(.) by extensions ['colcon_meta']
[1.361s] Level 1:colcon.colcon_core.package_identification:_identify(.) by extension 'colcon_meta'
[1.361s] Level 1:colcon.colcon_core.package_identification:_identify(.) by extensions ['ros']
[1.361s] Level 1:colcon.colcon_core.package_identification:_identify(.) by extension 'ros'
[1.410s] Level 1:colcon.colcon_core.package_identification:_identify(.) by extensions ['cmake', 'python']
[1.411s] Level 1:colcon.colcon_core.package_identification:_identify(.) by extension 'cmake'
[1.411s] Level 1:colcon.colcon_core.package_identification:_identify(.) by extension 'python'
[1.412s] Level 1:colcon.colcon_core.package_identification:_identify(.) by extensions ['python_setup_py']
[1.412s] Level 1:colcon.colcon_core.package_identification:_identify(.) by extension 'python_setup_py'
[1.412s] Level 1:colcon.colcon_core.package_identification:_identify(build) by extensions ['ignore', 'ignore_ament_install']
[1.413s] Level 1:colcon.colcon_core.package_identification:_identify(build) by extension 'ignore'
[1.413s] Level 1:colcon.colcon_core.package_identification:_identify(build) ignored
[1.413s] Level 1:colcon.colcon_core.package_identification:_identify(install) by extensions ['ignore', 'ignore_ament_install']
[1.414s] Level 1:colcon.colcon_core.package_identification:_identify(install) by extension 'ignore'
[1.414s] Level 1:colcon.colcon_core.package_identification:_identify(install) ignored
[1.414s] Level 1:colcon.colcon_core.package_identification:_identify(log) by extensions ['ignore', 'ignore_ament_install']
[1.415s] Level 1:colcon.colcon_core.package_identification:_identify(log) by extension 'ignore'
[1.415s] Level 1:colcon.colcon_core.package_identification:_identify(log) ignored
[1.416s] Level 1:colcon.colcon_core.package_identification:_identify(src) by extensions ['ignore', 'ignore_ament_install']
[1.417s] Level 1:colcon.colcon_core.package_identification:_identify(src) by extension 'ignore'
[1.417s] Level 1:colcon.colcon_core.package_identification:_identify(src) by extension 'ignore_ament_install'
[1.417s] Level 1:colcon.colcon_core.package_identification:_identify(src) by extensions ['colcon_pkg']
[1.417s] Level 1:colcon.colcon_core.package_identification:_identify(src) by extension 'colcon_pkg'
[1.417s] Level 1:colcon.colcon_core.package_identification:_identify(src) by extensions ['colcon_meta']
[1.418s] Level 1:colcon.colcon_core.package_identification:_identify(src) by extension 'colcon_meta'
[1.418s] Level 1:colcon.colcon_core.package_identification:_identify(src) by extensions ['ros']
[1.418s] Level 1:colcon.colcon_core.package_identification:_identify(src) by extension 'ros'
[1.418s] Level 1:colcon.colcon_core.package_identification:_identify(src) by extensions ['cmake', 'python']
[1.418s] Level 1:colcon.colcon_core.package_identification:_identify(src) by extension 'cmake'
[1.418s] Level 1:colcon.colcon_core.package_identification:_identify(src) by extension 'python'
[1.419s] Level 1:colcon.colcon_core.package_identification:_identify(src) by extensions ['python_setup_py']
[1.419s] Level 1:colcon.colcon_core.package_identification:_identify(src) by extension 'python_setup_py'
[1.419s] Level 1:colcon.colcon_core.package_identification:_identify(src/chapt4_interfaces) by extensions ['ignore', 'ignore_ament_install']
[1.419s] Level 1:colcon.colcon_core.package_identification:_identify(src/chapt4_interfaces) by extension 'ignore'
[1.420s] Level 1:colcon.colcon_core.package_identification:_identify(src/chapt4_interfaces) by extension 'ignore_ament_install'
[1.420s] Level 1:colcon.colcon_core.package_identification:_identify(src/chapt4_interfaces) by extensions ['colcon_pkg']
[1.420s] Level 1:colcon.colcon_core.package_identification:_identify(src/chapt4_interfaces) by extension 'colcon_pkg'
[1.420s] Level 1:colcon.colcon_core.package_identification:_identify(src/chapt4_interfaces) by extensions ['colcon_meta']
[1.420s] Level 1:colcon.colcon_core.package_identification:_identify(src/chapt4_interfaces) by extension 'colcon_meta'
[1.421s] Level 1:colcon.colcon_core.package_identification:_identify(src/chapt4_interfaces) by extensions ['ros']
[1.421s] Level 1:colcon.colcon_core.package_identification:_identify(src/chapt4_interfaces) by extension 'ros'
[1.430s] DEBUG:colcon.colcon_core.package_identification:Package 'src/chapt4_interfaces' with type 'ros.ament_cmake' and name 'chapt4_interfaces'
[1.431s] Level 1:colcon.colcon_core.package_identification:_identify(src/demo_cpp_service) by extensions ['ignore', 'ignore_ament_install']
[1.431s] Level 1:colcon.colcon_core.package_identification:_identify(src/demo_cpp_service) by extension 'ignore'
[1.431s] Level 1:colcon.colcon_core.package_identification:_identify(src/demo_cpp_service) by extension 'ignore_ament_install'
[1.432s] Level 1:colcon.colcon_core.package_identification:_identify(src/demo_cpp_service) by extensions ['colcon_pkg']
[1.433s] Level 1:colcon.colcon_core.package_identification:_identify(src/demo_cpp_service) by extension 'colcon_pkg'
[1.433s] Level 1:colcon.colcon_core.package_identification:_identify(src/demo_cpp_service) by extensions ['colcon_meta']
[1.433s] Level 1:colcon.colcon_core.package_identification:_identify(src/demo_cpp_service) by extension 'colcon_meta'
[1.433s] Level 1:colcon.colcon_core.package_identification:_identify(src/demo_cpp_service) by extensions ['ros']
[1.434s] Level 1:colcon.colcon_core.package_identification:_identify(src/demo_cpp_service) by extension 'ros'
[1.436s] DEBUG:colcon.colcon_core.package_identification:Package 'src/demo_cpp_service' with type 'ros.ament_cmake' and name 'demo_cpp_service'
[1.437s] Level 1:colcon.colcon_core.package_identification:_identify(src/turtle_param) by extensions ['ignore', 'ignore_ament_install']
[1.437s] Level 1:colcon.colcon_core.package_identification:_identify(src/turtle_param) by extension 'ignore'
[1.438s] Level 1:colcon.colcon_core.package_identification:_identify(src/turtle_param) by extension 'ignore_ament_install'
[1.438s] Level 1:colcon.colcon_core.package_identification:_identify(src/turtle_param) by extensions ['colcon_pkg']
[1.438s] Level 1:colcon.colcon_core.package_identification:_identify(src/turtle_param) by extension 'colcon_pkg'
[1.439s] Level 1:colcon.colcon_core.package_identification:_identify(src/turtle_param) by extensions ['colcon_meta']
[1.439s] Level 1:colcon.colcon_core.package_identification:_identify(src/turtle_param) by extension 'colcon_meta'
[1.439s] Level 1:colcon.colcon_core.package_identification:_identify(src/turtle_param) by extensions ['ros']
[1.439s] Level 1:colcon.colcon_core.package_identification:_identify(src/turtle_param) by extension 'ros'
[1.441s] DEBUG:colcon.colcon_core.package_identification:Package 'src/turtle_param' with type 'ros.ament_cmake' and name 'turtle_param'
[1.442s] Level 1:colcon.colcon_core.package_discovery:discover_packages(recursive) using defaults
[1.442s] Level 1:colcon.colcon_core.package_discovery:discover_packages(ignore) discover
[1.442s] Level 1:colcon.colcon_core.package_discovery:discover_packages(ignore) using defaults
[1.442s] Level 1:colcon.colcon_core.package_discovery:discover_packages(path) discover
[1.442s] Level 1:colcon.colcon_core.package_discovery:discover_packages(path) using defaults
[1.540s] INFO:colcon.colcon_core.package_selection:Skipping not selected package 'chapt4_interfaces' in 'src/chapt4_interfaces'
[1.540s] INFO:colcon.colcon_core.package_selection:Skipping not selected package 'demo_cpp_service' in 'src/demo_cpp_service'
[1.541s] Level 1:colcon.colcon_core.package_discovery:discover_packages(prefix_path) check parameters
[1.541s] Level 1:colcon.colcon_core.package_discovery:discover_packages(prefix_path) discover
[1.556s] DEBUG:colcon.colcon_installed_package_information.package_discovery:Found 271 installed packages in /opt/ros/humble
[1.593s] Level 1:colcon.colcon_core.package_discovery:discover_packages(prefix_path) using defaults
[1.764s] Level 5:colcon.colcon_core.verb:set package 'turtle_param' build argument 'cmake_args' from command line to 'None'
[1.765s] Level 5:colcon.colcon_core.verb:set package 'turtle_param' build argument 'cmake_target' from command line to 'None'
[1.765s] Level 5:colcon.colcon_core.verb:set package 'turtle_param' build argument 'cmake_target_skip_unavailable' from command line to 'False'
[1.765s] Level 5:colcon.colcon_core.verb:set package 'turtle_param' build argument 'cmake_clean_cache' from command line to 'False'
[1.765s] Level 5:colcon.colcon_core.verb:set package 'turtle_param' build argument 'cmake_clean_first' from command line to 'False'
[1.765s] Level 5:colcon.colcon_core.verb:set package 'turtle_param' build argument 'cmake_force_configure' from command line to 'False'
[1.765s] Level 5:colcon.colcon_core.verb:set package 'turtle_param' build argument 'ament_cmake_args' from command line to 'None'
[1.765s] Level 5:colcon.colcon_core.verb:set package 'turtle_param' build argument 'catkin_cmake_args' from command line to 'None'
[1.765s] Level 5:colcon.colcon_core.verb:set package 'turtle_param' build argument 'catkin_skip_building_tests' from command line to 'False'
[1.766s] DEBUG:colcon.colcon_core.verb:Building package 'turtle_param' with the following arguments: {'ament_cmake_args': None, 'build_base': '/home/yzh/chapt4/build/turtle_param', 'catkin_cmake_args': None, 'catkin_skip_building_tests': False, 'cmake_args': None, 'cmake_clean_cache': False, 'cmake_clean_first': False, 'cmake_force_configure': False, 'cmake_target': None, 'cmake_target_skip_unavailable': False, 'install_base': '/home/yzh/chapt4/install/turtle_param', 'merge_install': False, 'path': '/home/yzh/chapt4/src/turtle_param', 'symlink_install': False, 'test_result_base': None}
[1.766s] INFO:colcon.colcon_core.executor:Executing jobs using 'parallel' executor
[1.771s] DEBUG:colcon.colcon_parallel_executor.executor.parallel:run_until_complete
[1.772s] INFO:colcon.colcon_ros.task.ament_cmake.build:Building ROS package in '/home/yzh/chapt4/src/turtle_param' with build type 'ament_cmake'
[1.772s] INFO:colcon.colcon_cmake.task.cmake.build:Building CMake package in '/home/yzh/chapt4/src/turtle_param'
[1.785s] INFO:colcon.colcon_core.plugin_system:Skipping extension 'colcon_core.shell.bat': Not used on non-Windows systems
[1.786s] INFO:colcon.colcon_core.shell:Skip shell extension 'powershell' for command environment: Not usable outside of PowerShell
[1.787s] DEBUG:colcon.colcon_core.shell:Skip shell extension 'dsv' for command environment
[1.834s] DEBUG:colcon.colcon_core.event_handler.log_command:Invoking command in '/home/yzh/chapt4/build/turtle_param': CMAKE_PREFIX_PATH=/opt/ros/humble /usr/bin/cmake /home/yzh/chapt4/src/turtle_param -DCMAKE_INSTALL_PREFIX=/home/yzh/chapt4/install/turtle_param
[4.141s] DEBUG:colcon.colcon_core.event_handler.log_command:Invoked command in '/home/yzh/chapt4/build/turtle_param' returned '0': CMAKE_PREFIX_PATH=/opt/ros/humble /usr/bin/cmake /home/yzh/chapt4/src/turtle_param -DCMAKE_INSTALL_PREFIX=/home/yzh/chapt4/install/turtle_param
[4.149s] DEBUG:colcon.colcon_core.event_handler.log_command:Invoking command in '/home/yzh/chapt4/build/turtle_param': CMAKE_PREFIX_PATH=/opt/ros/humble /usr/bin/cmake --build /home/yzh/chapt4/build/turtle_param -- -j16 -l16
[18.316s] DEBUG:colcon.colcon_core.event_handler.log_command:Invoked command in '/home/yzh/chapt4/build/turtle_param' returned '0': CMAKE_PREFIX_PATH=/opt/ros/humble /usr/bin/cmake --build /home/yzh/chapt4/build/turtle_param -- -j16 -l16
[18.383s] DEBUG:colcon.colcon_core.event_handler.log_command:Invoking command in '/home/yzh/chapt4/build/turtle_param': CMAKE_PREFIX_PATH=/opt/ros/humble /usr/bin/cmake --install /home/yzh/chapt4/build/turtle_param
[18.452s] Level 1:colcon.colcon_core.environment:create_environment_scripts_only(turtle_param)
[18.455s] DEBUG:colcon.colcon_core.event_handler.log_command:Invoked command in '/home/yzh/chapt4/build/turtle_param' returned '0': CMAKE_PREFIX_PATH=/opt/ros/humble /usr/bin/cmake --install /home/yzh/chapt4/build/turtle_param
[18.465s] Level 1:colcon.colcon_core.environment:checking '/home/yzh/chapt4/install/turtle_param' for CMake module files
[18.468s] Level 1:colcon.colcon_core.environment:checking '/home/yzh/chapt4/install/turtle_param' for CMake config files
[18.469s] Level 1:colcon.colcon_core.shell:create_environment_hook('turtle_param', 'cmake_prefix_path')
[18.470s] INFO:colcon.colcon_core.shell:Creating environment hook '/home/yzh/chapt4/install/turtle_param/share/turtle_param/hook/cmake_prefix_path.ps1'
[18.473s] INFO:colcon.colcon_core.shell:Creating environment descriptor '/home/yzh/chapt4/install/turtle_param/share/turtle_param/hook/cmake_prefix_path.dsv'
[18.474s] INFO:colcon.colcon_core.shell:Creating environment hook '/home/yzh/chapt4/install/turtle_param/share/turtle_param/hook/cmake_prefix_path.sh'
[18.477s] Level 1:colcon.colcon_core.environment:checking '/home/yzh/chapt4/install/turtle_param/lib'
[18.478s] Level 1:colcon.colcon_core.environment:checking '/home/yzh/chapt4/install/turtle_param/bin'
[18.479s] Level 1:colcon.colcon_core.environment:checking '/home/yzh/chapt4/install/turtle_param/lib/pkgconfig/turtle_param.pc'
[18.480s] Level 1:colcon.colcon_core.environment:checking '/home/yzh/chapt4/install/turtle_param/lib/python3.10/site-packages'
[18.482s] Level 1:colcon.colcon_core.environment:checking '/home/yzh/chapt4/install/turtle_param/bin'
[18.483s] INFO:colcon.colcon_core.shell:Creating package script '/home/yzh/chapt4/install/turtle_param/share/turtle_param/package.ps1'
[18.486s] INFO:colcon.colcon_core.shell:Creating package descriptor '/home/yzh/chapt4/install/turtle_param/share/turtle_param/package.dsv'
[18.489s] INFO:colcon.colcon_core.shell:Creating package script '/home/yzh/chapt4/install/turtle_param/share/turtle_param/package.sh'
[18.492s] INFO:colcon.colcon_core.shell:Creating package script '/home/yzh/chapt4/install/turtle_param/share/turtle_param/package.bash'
[18.498s] INFO:colcon.colcon_core.shell:Creating package script '/home/yzh/chapt4/install/turtle_param/share/turtle_param/package.zsh'
[18.501s] Level 1:colcon.colcon_core.environment:create_file_with_runtime_dependencies(/home/yzh/chapt4/install/turtle_param/share/colcon-core/packages/turtle_param)
[18.505s] Level 1:colcon.colcon_core.environment:create_environment_scripts_only(turtle_param)
[18.506s] Level 1:colcon.colcon_core.environment:checking '/home/yzh/chapt4/install/turtle_param' for CMake module files
[18.508s] Level 1:colcon.colcon_core.environment:checking '/home/yzh/chapt4/install/turtle_param' for CMake config files
[18.509s] Level 1:colcon.colcon_core.shell:create_environment_hook('turtle_param', 'cmake_prefix_path')
[18.511s] INFO:colcon.colcon_core.shell:Creating environment hook '/home/yzh/chapt4/install/turtle_param/share/turtle_param/hook/cmake_prefix_path.ps1'
[18.514s] INFO:colcon.colcon_core.shell:Creating environment descriptor '/home/yzh/chapt4/install/turtle_param/share/turtle_param/hook/cmake_prefix_path.dsv'
[18.515s] INFO:colcon.colcon_core.shell:Creating environment hook '/home/yzh/chapt4/install/turtle_param/share/turtle_param/hook/cmake_prefix_path.sh'
[18.518s] Level 1:colcon.colcon_core.environment:checking '/home/yzh/chapt4/install/turtle_param/lib'
[18.519s] Level 1:colcon.colcon_core.environment:checking '/home/yzh/chapt4/install/turtle_param/bin'
[18.519s] Level 1:colcon.colcon_core.environment:checking '/home/yzh/chapt4/install/turtle_param/lib/pkgconfig/turtle_param.pc'
[18.520s] Level 1:colcon.colcon_core.environment:checking '/home/yzh/chapt4/install/turtle_param/lib/python3.10/site-packages'
[18.521s] Level 1:colcon.colcon_core.environment:checking '/home/yzh/chapt4/install/turtle_param/bin'
[18.522s] INFO:colcon.colcon_core.shell:Creating package script '/home/yzh/chapt4/install/turtle_param/share/turtle_param/package.ps1'
[18.527s] INFO:colcon.colcon_core.shell:Creating package descriptor '/home/yzh/chapt4/install/turtle_param/share/turtle_param/package.dsv'
[18.529s] INFO:colcon.colcon_core.shell:Creating package script '/home/yzh/chapt4/install/turtle_param/share/turtle_param/package.sh'
[18.532s] INFO:colcon.colcon_core.shell:Creating package script '/home/yzh/chapt4/install/turtle_param/share/turtle_param/package.bash'
[18.534s] INFO:colcon.colcon_core.shell:Creating package script '/home/yzh/chapt4/install/turtle_param/share/turtle_param/package.zsh'
[18.536s] Level 1:colcon.colcon_core.environment:create_file_with_runtime_dependencies(/home/yzh/chapt4/install/turtle_param/share/colcon-core/packages/turtle_param)
[18.538s] DEBUG:colcon.colcon_parallel_executor.executor.parallel:closing loop
[18.540s] DEBUG:colcon.colcon_parallel_executor.executor.parallel:loop closed
[18.541s] DEBUG:colcon.colcon_parallel_executor.executor.parallel:run_until_complete finished with '0'
[18.542s] DEBUG:colcon.colcon_core.event_reactor:joining thread
[18.568s] INFO:colcon.colcon_core.plugin_system:Skipping extension 'colcon_notification.desktop_notification.terminal_notifier': Not used on non-Darwin systems
[18.568s] INFO:colcon.colcon_core.plugin_system:Skipping extension 'colcon_notification.desktop_notification.win32': Not used on non-Windows systems
[18.568s] INFO:colcon.colcon_notification.desktop_notification:Sending desktop notification using 'notify2'
[18.631s] DEBUG:colcon.colcon_core.event_reactor:joined thread
[18.633s] INFO:colcon.colcon_core.shell:Creating prefix script '/home/yzh/chapt4/install/local_setup.ps1'
[18.637s] INFO:colcon.colcon_core.shell:Creating prefix util module '/home/yzh/chapt4/install/_local_setup_util_ps1.py'
[18.645s] INFO:colcon.colcon_core.shell:Creating prefix chain script '/home/yzh/chapt4/install/setup.ps1'
[18.650s] INFO:colcon.colcon_core.shell:Creating prefix script '/home/yzh/chapt4/install/local_setup.sh'
[18.652s] INFO:colcon.colcon_core.shell:Creating prefix util module '/home/yzh/chapt4/install/_local_setup_util_sh.py'
[18.654s] INFO:colcon.colcon_core.shell:Creating prefix chain script '/home/yzh/chapt4/install/setup.sh'
[18.659s] INFO:colcon.colcon_core.shell:Creating prefix script '/home/yzh/chapt4/install/local_setup.bash'
[18.663s] INFO:colcon.colcon_core.shell:Creating prefix chain script '/home/yzh/chapt4/install/setup.bash'
[18.667s] INFO:colcon.colcon_core.shell:Creating prefix script '/home/yzh/chapt4/install/local_setup.zsh'
[18.669s] INFO:colcon.colcon_core.shell:Creating prefix chain script '/home/yzh/chapt4/install/setup.zsh'
