[0.009s] Invoking command in '/home/yzh/桌面/project-ros/ros-study/chapt2/build/Hello': /usr/bin/cmake /home/yzh/桌面/project-ros/ros-study/chapt2 -DCMAKE_INSTALL_PREFIX=/home/yzh/桌面/project-ros/ros-study/chapt2/install/Hello
[0.058s] -- The C compiler identification is GNU 11.4.0
[0.102s] -- The CXX compiler identification is GNU 11.4.0
[0.107s] -- Detecting C compiler ABI info
[0.172s] -- Detecting C compiler ABI info - done
[0.176s] -- Check for working C compiler: /usr/bin/cc - skipped
[0.176s] -- Detecting C compile features
[0.177s] -- Detecting C compile features - done
[0.178s] -- Detecting CXX compiler ABI info
[0.242s] -- Detecting CXX compiler ABI info - done
[0.246s] -- Check for working CXX compiler: /usr/bin/c++ - skipped
[0.246s] -- Detecting CXX compile features
[0.247s] -- Detecting CXX compile features - done
[0.247s] -- Configuring done
[0.248s] [31mCMake Error at CMakeLists.txt:5 (add_executable):
[0.248s]   Cannot find source file:
[0.248s] 
[0.248s]     ./hello.cpp
[0.248s] 
[0.248s]   Tried extensions .c .C .c++ .cc .cpp .cxx .cu .mpp .m .M .mm .ixx .cppm .h
[0.248s]   .hh .h++ .hm .hpp .hxx .in .txx .f .F .for .f77 .f90 .f95 .f03 .hip .ispc
[0.248s] 
[0.248s] [0m
[0.248s] [31mCMake Error at CMakeLists.txt:5 (add_executable):
[0.248s]   No SOURCES given to target: learn
[0.248s] 
[0.248s] [0m
[0.248s] [0mCMake Generate step failed.  Build files cannot be regenerated correctly.[0m
[0.250s] Invoked command in '/home/yzh/桌面/project-ros/ros-study/chapt2/build/Hello' returned '1': /usr/bin/cmake /home/yzh/桌面/project-ros/ros-study/chapt2 -DCMAKE_INSTALL_PREFIX=/home/yzh/桌面/project-ros/ros-study/chapt2/install/Hello
