[0.047s] Invoking command in '/home/yzh/chapt4/build/chapt4_interfaces': CMAKE_PREFIX_PATH=${CMAKE_PREFIX_PATH}:/opt/ros/humble /usr/bin/cmake --build /home/yzh/chapt4/build/chapt4_interfaces -- -j16 -l16
[0.278s] [  2%] Built target chapt4_interfaces__cpp
[0.281s] [ 12%] Built target chapt4_interfaces__rosidl_generator_c
[0.331s] [ 12%] Built target ament_cmake_python_copy_chapt4_interfaces
[0.401s] [ 23%] Built target chapt4_interfaces__rosidl_typesupport_cpp
[0.405s] [ 33%] Built target chapt4_interfaces__rosidl_typesupport_fastrtps_cpp
[0.406s] [ 43%] Built target chapt4_interfaces__rosidl_typesupport_fastrtps_c
[0.411s] [ 61%] Built target chapt4_interfaces__rosidl_typesupport_c
[0.411s] [ 64%] Built target chapt4_interfaces__rosidl_typesupport_introspection_cpp
[0.415s] [ 74%] Built target chapt4_interfaces__rosidl_typesupport_introspection_c
[0.492s] [ 74%] Built target chapt4_interfaces
[0.597s] [ 76%] Built target chapt4_interfaces__py
[0.700s] [ 84%] Built target chapt4_interfaces__rosidl_generator_py
[0.806s] [ 94%] Built target chapt4_interfaces__rosidl_typesupport_introspection_c__pyext
[0.807s] [ 92%] Built target chapt4_interfaces__rosidl_typesupport_c__pyext
[0.807s] [100%] Built target chapt4_interfaces__rosidl_typesupport_fastrtps_c__pyext
[1.128s] running egg_info
[1.130s] writing chapt4_interfaces.egg-info/PKG-INFO
[1.131s] writing dependency_links to chapt4_interfaces.egg-info/dependency_links.txt
[1.132s] writing top-level names to chapt4_interfaces.egg-info/top_level.txt
[1.137s] reading manifest file 'chapt4_interfaces.egg-info/SOURCES.txt'
[1.139s] writing manifest file 'chapt4_interfaces.egg-info/SOURCES.txt'
[1.210s] [100%] Built target ament_cmake_python_build_chapt4_interfaces_egg
[1.248s] Invoked command in '/home/yzh/chapt4/build/chapt4_interfaces' returned '0': CMAKE_PREFIX_PATH=${CMAKE_PREFIX_PATH}:/opt/ros/humble /usr/bin/cmake --build /home/yzh/chapt4/build/chapt4_interfaces -- -j16 -l16
[1.283s] Invoking command in '/home/yzh/chapt4/build/chapt4_interfaces': CMAKE_PREFIX_PATH=${CMAKE_PREFIX_PATH}:/opt/ros/humble /usr/bin/cmake --install /home/yzh/chapt4/build/chapt4_interfaces
[1.312s] -- Install configuration: ""
[1.313s] -- Up-to-date: /home/yzh/chapt4/install/chapt4_interfaces/share/ament_index/resource_index/rosidl_interfaces/chapt4_interfaces
[1.322s] -- Up-to-date: /home/yzh/chapt4/install/chapt4_interfaces/include/chapt4_interfaces/chapt4_interfaces
[1.322s] -- Up-to-date: /home/yzh/chapt4/install/chapt4_interfaces/include/chapt4_interfaces/chapt4_interfaces/srv
[1.322s] -- Up-to-date: /home/yzh/chapt4/install/chapt4_interfaces/include/chapt4_interfaces/chapt4_interfaces/srv/face_detector.h
[1.322s] -- Up-to-date: /home/yzh/chapt4/install/chapt4_interfaces/include/chapt4_interfaces/chapt4_interfaces/srv/patrol.h
[1.322s] -- Up-to-date: /home/yzh/chapt4/install/chapt4_interfaces/include/chapt4_interfaces/chapt4_interfaces/srv/detail
[1.322s] -- Up-to-date: /home/yzh/chapt4/install/chapt4_interfaces/include/chapt4_interfaces/chapt4_interfaces/srv/detail/patrol__type_support.h
[1.322s] -- Up-to-date: /home/yzh/chapt4/install/chapt4_interfaces/include/chapt4_interfaces/chapt4_interfaces/srv/detail/face_detector__functions.h
[1.323s] -- Up-to-date: /home/yzh/chapt4/install/chapt4_interfaces/include/chapt4_interfaces/chapt4_interfaces/srv/detail/patrol__functions.c
[1.323s] -- Up-to-date: /home/yzh/chapt4/install/chapt4_interfaces/include/chapt4_interfaces/chapt4_interfaces/srv/detail/face_detector__functions.c
[1.323s] -- Up-to-date: /home/yzh/chapt4/install/chapt4_interfaces/include/chapt4_interfaces/chapt4_interfaces/srv/detail/face_detector__struct.h
[1.323s] -- Up-to-date: /home/yzh/chapt4/install/chapt4_interfaces/include/chapt4_interfaces/chapt4_interfaces/srv/detail/patrol__struct.h
[1.323s] -- Up-to-date: /home/yzh/chapt4/install/chapt4_interfaces/include/chapt4_interfaces/chapt4_interfaces/srv/detail/face_detector__type_support.h
[1.324s] -- Up-to-date: /home/yzh/chapt4/install/chapt4_interfaces/include/chapt4_interfaces/chapt4_interfaces/srv/detail/patrol__functions.h
[1.324s] -- Up-to-date: /home/yzh/chapt4/install/chapt4_interfaces/include/chapt4_interfaces/chapt4_interfaces/msg
[1.324s] -- Up-to-date: /home/yzh/chapt4/install/chapt4_interfaces/include/chapt4_interfaces/chapt4_interfaces/msg/rosidl_generator_c__visibility_control.h
[1.327s] -- Up-to-date: /home/yzh/chapt4/install/chapt4_interfaces/share/chapt4_interfaces/environment/library_path.sh
[1.327s] -- Up-to-date: /home/yzh/chapt4/install/chapt4_interfaces/share/chapt4_interfaces/environment/library_path.dsv
[1.327s] -- Up-to-date: /home/yzh/chapt4/install/chapt4_interfaces/lib/libchapt4_interfaces__rosidl_generator_c.so
[1.327s] -- Up-to-date: /home/yzh/chapt4/install/chapt4_interfaces/include/chapt4_interfaces/chapt4_interfaces
[1.328s] -- Up-to-date: /home/yzh/chapt4/install/chapt4_interfaces/include/chapt4_interfaces/chapt4_interfaces/srv
[1.328s] -- Up-to-date: /home/yzh/chapt4/install/chapt4_interfaces/include/chapt4_interfaces/chapt4_interfaces/srv/detail
[1.328s] -- Up-to-date: /home/yzh/chapt4/install/chapt4_interfaces/include/chapt4_interfaces/chapt4_interfaces/srv/detail/patrol__rosidl_typesupport_fastrtps_c.h
[1.328s] -- Up-to-date: /home/yzh/chapt4/install/chapt4_interfaces/include/chapt4_interfaces/chapt4_interfaces/srv/detail/face_detector__rosidl_typesupport_fastrtps_c.h
[1.329s] -- Up-to-date: /home/yzh/chapt4/install/chapt4_interfaces/include/chapt4_interfaces/chapt4_interfaces/msg
[1.329s] -- Up-to-date: /home/yzh/chapt4/install/chapt4_interfaces/include/chapt4_interfaces/chapt4_interfaces/msg/rosidl_typesupport_fastrtps_c__visibility_control.h
[1.329s] -- Up-to-date: /home/yzh/chapt4/install/chapt4_interfaces/lib/libchapt4_interfaces__rosidl_typesupport_fastrtps_c.so
[1.329s] -- Up-to-date: /home/yzh/chapt4/install/chapt4_interfaces/include/chapt4_interfaces/chapt4_interfaces
[1.330s] -- Up-to-date: /home/yzh/chapt4/install/chapt4_interfaces/include/chapt4_interfaces/chapt4_interfaces/srv
[1.331s] -- Up-to-date: /home/yzh/chapt4/install/chapt4_interfaces/include/chapt4_interfaces/chapt4_interfaces/srv/face_detector.hpp
[1.331s] -- Up-to-date: /home/yzh/chapt4/install/chapt4_interfaces/include/chapt4_interfaces/chapt4_interfaces/srv/detail
[1.331s] -- Up-to-date: /home/yzh/chapt4/install/chapt4_interfaces/include/chapt4_interfaces/chapt4_interfaces/srv/detail/patrol__traits.hpp
[1.332s] -- Up-to-date: /home/yzh/chapt4/install/chapt4_interfaces/include/chapt4_interfaces/chapt4_interfaces/srv/detail/patrol__struct.hpp
[1.332s] -- Up-to-date: /home/yzh/chapt4/install/chapt4_interfaces/include/chapt4_interfaces/chapt4_interfaces/srv/detail/face_detector__struct.hpp
[1.332s] -- Up-to-date: /home/yzh/chapt4/install/chapt4_interfaces/include/chapt4_interfaces/chapt4_interfaces/srv/detail/face_detector__type_support.hpp
[1.333s] -- Up-to-date: /home/yzh/chapt4/install/chapt4_interfaces/include/chapt4_interfaces/chapt4_interfaces/srv/detail/patrol__type_support.hpp
[1.333s] -- Up-to-date: /home/yzh/chapt4/install/chapt4_interfaces/include/chapt4_interfaces/chapt4_interfaces/srv/detail/patrol__builder.hpp
[1.334s] -- Up-to-date: /home/yzh/chapt4/install/chapt4_interfaces/include/chapt4_interfaces/chapt4_interfaces/srv/detail/face_detector__builder.hpp
[1.334s] -- Up-to-date: /home/yzh/chapt4/install/chapt4_interfaces/include/chapt4_interfaces/chapt4_interfaces/srv/detail/face_detector__traits.hpp
[1.335s] -- Up-to-date: /home/yzh/chapt4/install/chapt4_interfaces/include/chapt4_interfaces/chapt4_interfaces/srv/patrol.hpp
[1.335s] -- Up-to-date: /home/yzh/chapt4/install/chapt4_interfaces/include/chapt4_interfaces/chapt4_interfaces/msg
[1.335s] -- Up-to-date: /home/yzh/chapt4/install/chapt4_interfaces/include/chapt4_interfaces/chapt4_interfaces/msg/rosidl_generator_cpp__visibility_control.hpp
[1.336s] -- Up-to-date: /home/yzh/chapt4/install/chapt4_interfaces/include/chapt4_interfaces/chapt4_interfaces
[1.336s] -- Up-to-date: /home/yzh/chapt4/install/chapt4_interfaces/include/chapt4_interfaces/chapt4_interfaces/srv
[1.336s] -- Up-to-date: /home/yzh/chapt4/install/chapt4_interfaces/include/chapt4_interfaces/chapt4_interfaces/srv/detail
[1.336s] -- Up-to-date: /home/yzh/chapt4/install/chapt4_interfaces/include/chapt4_interfaces/chapt4_interfaces/srv/detail/face_detector__rosidl_typesupport_fastrtps_cpp.hpp
[1.336s] -- Up-to-date: /home/yzh/chapt4/install/chapt4_interfaces/include/chapt4_interfaces/chapt4_interfaces/srv/detail/dds_fastrtps
[1.337s] -- Up-to-date: /home/yzh/chapt4/install/chapt4_interfaces/include/chapt4_interfaces/chapt4_interfaces/srv/detail/patrol__rosidl_typesupport_fastrtps_cpp.hpp
[1.337s] -- Up-to-date: /home/yzh/chapt4/install/chapt4_interfaces/include/chapt4_interfaces/chapt4_interfaces/msg
[1.337s] -- Up-to-date: /home/yzh/chapt4/install/chapt4_interfaces/include/chapt4_interfaces/chapt4_interfaces/msg/rosidl_typesupport_fastrtps_cpp__visibility_control.h
[1.337s] -- Up-to-date: /home/yzh/chapt4/install/chapt4_interfaces/lib/libchapt4_interfaces__rosidl_typesupport_fastrtps_cpp.so
[1.338s] -- Up-to-date: /home/yzh/chapt4/install/chapt4_interfaces/include/chapt4_interfaces/chapt4_interfaces
[1.338s] -- Up-to-date: /home/yzh/chapt4/install/chapt4_interfaces/include/chapt4_interfaces/chapt4_interfaces/srv
[1.340s] -- Up-to-date: /home/yzh/chapt4/install/chapt4_interfaces/include/chapt4_interfaces/chapt4_interfaces/srv/detail
[1.340s] -- Up-to-date: /home/yzh/chapt4/install/chapt4_interfaces/include/chapt4_interfaces/chapt4_interfaces/srv/detail/patrol__rosidl_typesupport_introspection_c.h
[1.340s] -- Up-to-date: /home/yzh/chapt4/install/chapt4_interfaces/include/chapt4_interfaces/chapt4_interfaces/srv/detail/face_detector__type_support.c
[1.341s] -- Up-to-date: /home/yzh/chapt4/install/chapt4_interfaces/include/chapt4_interfaces/chapt4_interfaces/srv/detail/face_detector__rosidl_typesupport_introspection_c.h
[1.341s] -- Up-to-date: /home/yzh/chapt4/install/chapt4_interfaces/include/chapt4_interfaces/chapt4_interfaces/srv/detail/patrol__type_support.c
[1.341s] -- Up-to-date: /home/yzh/chapt4/install/chapt4_interfaces/include/chapt4_interfaces/chapt4_interfaces/msg
[1.342s] -- Up-to-date: /home/yzh/chapt4/install/chapt4_interfaces/include/chapt4_interfaces/chapt4_interfaces/msg/rosidl_typesupport_introspection_c__visibility_control.h
[1.342s] -- Up-to-date: /home/yzh/chapt4/install/chapt4_interfaces/lib/libchapt4_interfaces__rosidl_typesupport_introspection_c.so
[1.342s] -- Up-to-date: /home/yzh/chapt4/install/chapt4_interfaces/lib/libchapt4_interfaces__rosidl_typesupport_c.so
[1.343s] -- Up-to-date: /home/yzh/chapt4/install/chapt4_interfaces/include/chapt4_interfaces/chapt4_interfaces
[1.343s] -- Up-to-date: /home/yzh/chapt4/install/chapt4_interfaces/include/chapt4_interfaces/chapt4_interfaces/srv
[1.343s] -- Up-to-date: /home/yzh/chapt4/install/chapt4_interfaces/include/chapt4_interfaces/chapt4_interfaces/srv/detail
[1.344s] -- Up-to-date: /home/yzh/chapt4/install/chapt4_interfaces/include/chapt4_interfaces/chapt4_interfaces/srv/detail/face_detector__rosidl_typesupport_introspection_cpp.hpp
[1.344s] -- Up-to-date: /home/yzh/chapt4/install/chapt4_interfaces/include/chapt4_interfaces/chapt4_interfaces/srv/detail/patrol__rosidl_typesupport_introspection_cpp.hpp
[1.344s] -- Up-to-date: /home/yzh/chapt4/install/chapt4_interfaces/include/chapt4_interfaces/chapt4_interfaces/srv/detail/face_detector__type_support.cpp
[1.344s] -- Up-to-date: /home/yzh/chapt4/install/chapt4_interfaces/include/chapt4_interfaces/chapt4_interfaces/srv/detail/patrol__type_support.cpp
[1.344s] -- Up-to-date: /home/yzh/chapt4/install/chapt4_interfaces/lib/libchapt4_interfaces__rosidl_typesupport_introspection_cpp.so
[1.344s] -- Up-to-date: /home/yzh/chapt4/install/chapt4_interfaces/lib/libchapt4_interfaces__rosidl_typesupport_cpp.so
[1.344s] -- Up-to-date: /home/yzh/chapt4/install/chapt4_interfaces/share/chapt4_interfaces/environment/pythonpath.sh
[1.345s] -- Up-to-date: /home/yzh/chapt4/install/chapt4_interfaces/share/chapt4_interfaces/environment/pythonpath.dsv
[1.345s] -- Up-to-date: /home/yzh/chapt4/install/chapt4_interfaces/local/lib/python3.10/dist-packages/chapt4_interfaces-0.0.0-py3.10.egg-info
[1.345s] -- Installing: /home/yzh/chapt4/install/chapt4_interfaces/local/lib/python3.10/dist-packages/chapt4_interfaces-0.0.0-py3.10.egg-info/PKG-INFO
[1.346s] -- Installing: /home/yzh/chapt4/install/chapt4_interfaces/local/lib/python3.10/dist-packages/chapt4_interfaces-0.0.0-py3.10.egg-info/dependency_links.txt
[1.346s] -- Installing: /home/yzh/chapt4/install/chapt4_interfaces/local/lib/python3.10/dist-packages/chapt4_interfaces-0.0.0-py3.10.egg-info/SOURCES.txt
[1.346s] -- Installing: /home/yzh/chapt4/install/chapt4_interfaces/local/lib/python3.10/dist-packages/chapt4_interfaces-0.0.0-py3.10.egg-info/top_level.txt
[1.346s] -- Up-to-date: /home/yzh/chapt4/install/chapt4_interfaces/local/lib/python3.10/dist-packages/chapt4_interfaces
[1.347s] -- Up-to-date: /home/yzh/chapt4/install/chapt4_interfaces/local/lib/python3.10/dist-packages/chapt4_interfaces/_chapt4_interfaces_s.ep.rosidl_typesupport_fastrtps_c.c
[1.347s] -- Up-to-date: /home/yzh/chapt4/install/chapt4_interfaces/local/lib/python3.10/dist-packages/chapt4_interfaces/srv
[1.347s] -- Up-to-date: /home/yzh/chapt4/install/chapt4_interfaces/local/lib/python3.10/dist-packages/chapt4_interfaces/srv/_face_detector.py
[1.347s] -- Up-to-date: /home/yzh/chapt4/install/chapt4_interfaces/local/lib/python3.10/dist-packages/chapt4_interfaces/srv/_patrol_s.c
[1.347s] -- Up-to-date: /home/yzh/chapt4/install/chapt4_interfaces/local/lib/python3.10/dist-packages/chapt4_interfaces/srv/_face_detector_s.c
[1.347s] -- Up-to-date: /home/yzh/chapt4/install/chapt4_interfaces/local/lib/python3.10/dist-packages/chapt4_interfaces/srv/__init__.py
[1.347s] -- Up-to-date: /home/yzh/chapt4/install/chapt4_interfaces/local/lib/python3.10/dist-packages/chapt4_interfaces/srv/_patrol.py
[1.348s] -- Up-to-date: /home/yzh/chapt4/install/chapt4_interfaces/local/lib/python3.10/dist-packages/chapt4_interfaces/chapt4_interfaces_s__rosidl_typesupport_introspection_c.cpython-310-x86_64-linux-gnu.so
[1.348s] -- Up-to-date: /home/yzh/chapt4/install/chapt4_interfaces/local/lib/python3.10/dist-packages/chapt4_interfaces/chapt4_interfaces_s__rosidl_typesupport_fastrtps_c.cpython-310-x86_64-linux-gnu.so
[1.349s] -- Up-to-date: /home/yzh/chapt4/install/chapt4_interfaces/local/lib/python3.10/dist-packages/chapt4_interfaces/_chapt4_interfaces_s.ep.rosidl_typesupport_c.c
[1.349s] -- Up-to-date: /home/yzh/chapt4/install/chapt4_interfaces/local/lib/python3.10/dist-packages/chapt4_interfaces/__init__.py
[1.349s] -- Up-to-date: /home/yzh/chapt4/install/chapt4_interfaces/local/lib/python3.10/dist-packages/chapt4_interfaces/libchapt4_interfaces__rosidl_generator_py.so
[1.349s] -- Up-to-date: /home/yzh/chapt4/install/chapt4_interfaces/local/lib/python3.10/dist-packages/chapt4_interfaces/chapt4_interfaces_s__rosidl_typesupport_c.cpython-310-x86_64-linux-gnu.so
[1.350s] -- Up-to-date: /home/yzh/chapt4/install/chapt4_interfaces/local/lib/python3.10/dist-packages/chapt4_interfaces/_chapt4_interfaces_s.ep.rosidl_typesupport_introspection_c.c
[1.443s] Listing '/home/yzh/chapt4/install/chapt4_interfaces/local/lib/python3.10/dist-packages/chapt4_interfaces'...
[1.443s] Listing '/home/yzh/chapt4/install/chapt4_interfaces/local/lib/python3.10/dist-packages/chapt4_interfaces/srv'...
[1.464s] -- Up-to-date: /home/yzh/chapt4/install/chapt4_interfaces/local/lib/python3.10/dist-packages/chapt4_interfaces/chapt4_interfaces_s__rosidl_typesupport_fastrtps_c.cpython-310-x86_64-linux-gnu.so
[1.465s] -- Up-to-date: /home/yzh/chapt4/install/chapt4_interfaces/local/lib/python3.10/dist-packages/chapt4_interfaces/chapt4_interfaces_s__rosidl_typesupport_introspection_c.cpython-310-x86_64-linux-gnu.so
[1.465s] -- Up-to-date: /home/yzh/chapt4/install/chapt4_interfaces/local/lib/python3.10/dist-packages/chapt4_interfaces/chapt4_interfaces_s__rosidl_typesupport_c.cpython-310-x86_64-linux-gnu.so
[1.467s] -- Up-to-date: /home/yzh/chapt4/install/chapt4_interfaces/lib/libchapt4_interfaces__rosidl_generator_py.so
[1.468s] -- Up-to-date: /home/yzh/chapt4/install/chapt4_interfaces/share/chapt4_interfaces/srv/FaceDetector.idl
[1.468s] -- Up-to-date: /home/yzh/chapt4/install/chapt4_interfaces/share/chapt4_interfaces/srv/Patrol.idl
[1.469s] -- Up-to-date: /home/yzh/chapt4/install/chapt4_interfaces/share/chapt4_interfaces/srv/FaceDetector.srv
[1.469s] -- Up-to-date: /home/yzh/chapt4/install/chapt4_interfaces/share/chapt4_interfaces/srv/FaceDetector_Request.msg
[1.470s] -- Up-to-date: /home/yzh/chapt4/install/chapt4_interfaces/share/chapt4_interfaces/srv/FaceDetector_Response.msg
[1.471s] -- Up-to-date: /home/yzh/chapt4/install/chapt4_interfaces/share/chapt4_interfaces/srv/Patrol.srv
[1.471s] -- Up-to-date: /home/yzh/chapt4/install/chapt4_interfaces/share/chapt4_interfaces/srv/Patrol_Request.msg
[1.472s] -- Up-to-date: /home/yzh/chapt4/install/chapt4_interfaces/share/chapt4_interfaces/srv/Patrol_Response.msg
[1.472s] -- Up-to-date: /home/yzh/chapt4/install/chapt4_interfaces/share/ament_index/resource_index/package_run_dependencies/chapt4_interfaces
[1.472s] -- Up-to-date: /home/yzh/chapt4/install/chapt4_interfaces/share/ament_index/resource_index/parent_prefix_path/chapt4_interfaces
[1.473s] -- Up-to-date: /home/yzh/chapt4/install/chapt4_interfaces/share/chapt4_interfaces/environment/ament_prefix_path.sh
[1.473s] -- Up-to-date: /home/yzh/chapt4/install/chapt4_interfaces/share/chapt4_interfaces/environment/ament_prefix_path.dsv
[1.473s] -- Up-to-date: /home/yzh/chapt4/install/chapt4_interfaces/share/chapt4_interfaces/environment/path.sh
[1.474s] -- Up-to-date: /home/yzh/chapt4/install/chapt4_interfaces/share/chapt4_interfaces/environment/path.dsv
[1.474s] -- Up-to-date: /home/yzh/chapt4/install/chapt4_interfaces/share/chapt4_interfaces/local_setup.bash
[1.474s] -- Up-to-date: /home/yzh/chapt4/install/chapt4_interfaces/share/chapt4_interfaces/local_setup.sh
[1.474s] -- Up-to-date: /home/yzh/chapt4/install/chapt4_interfaces/share/chapt4_interfaces/local_setup.zsh
[1.475s] -- Up-to-date: /home/yzh/chapt4/install/chapt4_interfaces/share/chapt4_interfaces/local_setup.dsv
[1.476s] -- Installing: /home/yzh/chapt4/install/chapt4_interfaces/share/chapt4_interfaces/package.dsv
[1.476s] -- Up-to-date: /home/yzh/chapt4/install/chapt4_interfaces/share/ament_index/resource_index/packages/chapt4_interfaces
[1.476s] -- Up-to-date: /home/yzh/chapt4/install/chapt4_interfaces/share/chapt4_interfaces/cmake/export_chapt4_interfaces__rosidl_generator_cExport.cmake
[1.477s] -- Up-to-date: /home/yzh/chapt4/install/chapt4_interfaces/share/chapt4_interfaces/cmake/export_chapt4_interfaces__rosidl_generator_cExport-noconfig.cmake
[1.478s] -- Up-to-date: /home/yzh/chapt4/install/chapt4_interfaces/share/chapt4_interfaces/cmake/export_chapt4_interfaces__rosidl_typesupport_fastrtps_cExport.cmake
[1.479s] -- Up-to-date: /home/yzh/chapt4/install/chapt4_interfaces/share/chapt4_interfaces/cmake/export_chapt4_interfaces__rosidl_typesupport_fastrtps_cExport-noconfig.cmake
[1.480s] -- Up-to-date: /home/yzh/chapt4/install/chapt4_interfaces/share/chapt4_interfaces/cmake/export_chapt4_interfaces__rosidl_generator_cppExport.cmake
[1.480s] -- Up-to-date: /home/yzh/chapt4/install/chapt4_interfaces/share/chapt4_interfaces/cmake/export_chapt4_interfaces__rosidl_typesupport_fastrtps_cppExport.cmake
[1.481s] -- Up-to-date: /home/yzh/chapt4/install/chapt4_interfaces/share/chapt4_interfaces/cmake/export_chapt4_interfaces__rosidl_typesupport_fastrtps_cppExport-noconfig.cmake
[1.481s] -- Up-to-date: /home/yzh/chapt4/install/chapt4_interfaces/share/chapt4_interfaces/cmake/chapt4_interfaces__rosidl_typesupport_introspection_cExport.cmake
[1.481s] -- Up-to-date: /home/yzh/chapt4/install/chapt4_interfaces/share/chapt4_interfaces/cmake/chapt4_interfaces__rosidl_typesupport_introspection_cExport-noconfig.cmake
[1.481s] -- Up-to-date: /home/yzh/chapt4/install/chapt4_interfaces/share/chapt4_interfaces/cmake/chapt4_interfaces__rosidl_typesupport_cExport.cmake
[1.482s] -- Up-to-date: /home/yzh/chapt4/install/chapt4_interfaces/share/chapt4_interfaces/cmake/chapt4_interfaces__rosidl_typesupport_cExport-noconfig.cmake
[1.482s] -- Up-to-date: /home/yzh/chapt4/install/chapt4_interfaces/share/chapt4_interfaces/cmake/chapt4_interfaces__rosidl_typesupport_introspection_cppExport.cmake
[1.482s] -- Up-to-date: /home/yzh/chapt4/install/chapt4_interfaces/share/chapt4_interfaces/cmake/chapt4_interfaces__rosidl_typesupport_introspection_cppExport-noconfig.cmake
[1.482s] -- Up-to-date: /home/yzh/chapt4/install/chapt4_interfaces/share/chapt4_interfaces/cmake/chapt4_interfaces__rosidl_typesupport_cppExport.cmake
[1.483s] -- Up-to-date: /home/yzh/chapt4/install/chapt4_interfaces/share/chapt4_interfaces/cmake/chapt4_interfaces__rosidl_typesupport_cppExport-noconfig.cmake
[1.483s] -- Up-to-date: /home/yzh/chapt4/install/chapt4_interfaces/share/chapt4_interfaces/cmake/export_chapt4_interfaces__rosidl_generator_pyExport.cmake
[1.483s] -- Up-to-date: /home/yzh/chapt4/install/chapt4_interfaces/share/chapt4_interfaces/cmake/export_chapt4_interfaces__rosidl_generator_pyExport-noconfig.cmake
[1.483s] -- Up-to-date: /home/yzh/chapt4/install/chapt4_interfaces/share/chapt4_interfaces/cmake/rosidl_cmake-extras.cmake
[1.484s] -- Up-to-date: /home/yzh/chapt4/install/chapt4_interfaces/share/chapt4_interfaces/cmake/ament_cmake_export_dependencies-extras.cmake
[1.484s] -- Up-to-date: /home/yzh/chapt4/install/chapt4_interfaces/share/chapt4_interfaces/cmake/ament_cmake_export_include_directories-extras.cmake
[1.484s] -- Up-to-date: /home/yzh/chapt4/install/chapt4_interfaces/share/chapt4_interfaces/cmake/ament_cmake_export_libraries-extras.cmake
[1.484s] -- Up-to-date: /home/yzh/chapt4/install/chapt4_interfaces/share/chapt4_interfaces/cmake/ament_cmake_export_targets-extras.cmake
[1.486s] -- Up-to-date: /home/yzh/chapt4/install/chapt4_interfaces/share/chapt4_interfaces/cmake/rosidl_cmake_export_typesupport_targets-extras.cmake
[1.488s] -- Up-to-date: /home/yzh/chapt4/install/chapt4_interfaces/share/chapt4_interfaces/cmake/rosidl_cmake_export_typesupport_libraries-extras.cmake
[1.489s] -- Up-to-date: /home/yzh/chapt4/install/chapt4_interfaces/share/chapt4_interfaces/cmake/chapt4_interfacesConfig.cmake
[1.493s] -- Up-to-date: /home/yzh/chapt4/install/chapt4_interfaces/share/chapt4_interfaces/cmake/chapt4_interfacesConfig-version.cmake
[1.493s] -- Up-to-date: /home/yzh/chapt4/install/chapt4_interfaces/share/chapt4_interfaces/package.xml
[1.493s] Invoked command in '/home/yzh/chapt4/build/chapt4_interfaces' returned '0': CMAKE_PREFIX_PATH=${CMAKE_PREFIX_PATH}:/opt/ros/humble /usr/bin/cmake --install /home/yzh/chapt4/build/chapt4_interfaces
